[2017.05.21-23.59.00:021][  0]Log file open, 05/21/17 17:59:00
[2017.05.21-23.59.00:021][  0]LogInit:Display: Running engine for game: Project
[2017.05.21-23.59.00:021][  0]LogInit:Display: RandInit(586012229) SRandInit(586012229).
[2017.05.21-23.59.00:021][  0]LogTaskGraph: Started task graph with 4 named threads and 5 total threads.
[2017.05.21-23.59.00:021][  0]LogStats: Stats thread started at 0.071644
[2017.05.21-23.59.00:021][  0]LogInit: Version: 4.9.2-2707645+++depot+UE4-Releases+4.9
[2017.05.21-23.59.00:021][  0]LogInit: API Version: 2672455
[2017.05.21-23.59.00:021][  0]LogInit: Compiled (64-bit): Sep 28 2015 10:25:44
[2017.05.21-23.59.00:021][  0]LogInit: Compiled with Visual C++: 18.00.21005.01
[2017.05.21-23.59.00:021][  0]LogInit: Build Configuration: Development
[2017.05.21-23.59.00:021][  0]LogInit: Branch Name: ++depot+UE4-Releases+4.9
[2017.05.21-23.59.00:021][  0]LogInit: Command line: -EpicPortal 
[2017.05.21-23.59.00:021][  0]LogInit: Base directory: C:/Program Files/Epic Games/UE_4.9/Engine/Binaries/Win64/
[2017.05.21-23.59.00:021][  0]LogInit: Rocket: 1
[2017.05.21-23.59.00:037][  0]LogInit: Using libcurl 7.41.0
[2017.05.21-23.59.00:037][  0]LogInit:  - built for x86_64-pc-win32
[2017.05.21-23.59.00:037][  0]LogInit:  - supports SSL with WinSSL
[2017.05.21-23.59.00:037][  0]LogInit:  - other features:
[2017.05.21-23.59.00:037][  0]LogInit:      CURL_VERSION_SSL
[2017.05.21-23.59.00:037][  0]LogInit:      CURL_VERSION_IPV6
[2017.05.21-23.59.00:037][  0]LogInit:      CURL_VERSION_ASYNCHDNS
[2017.05.21-23.59.00:037][  0]LogInit:      CURL_VERSION_LARGEFILE
[2017.05.21-23.59.00:037][  0]LogInit:      CURL_VERSION_IDN
[2017.05.21-23.59.00:037][  0]LogInit:  CurlRequestOptions (configurable via config and command line):
[2017.05.21-23.59.00:037][  0]LogInit:  - bVerifyPeer = true  - Libcurl will verify peer certificate
[2017.05.21-23.59.00:037][  0]LogInit:  - bUseHttpProxy = false  - Libcurl will NOT use HTTP proxy
[2017.05.21-23.59.00:037][  0]LogInit:  - bDontReuseConnections = false  - Libcurl will reuse connections
[2017.05.21-23.59.00:037][  0]LogInit:  - CertBundlePath = nullptr  - Libcurl will use whatever was configured at build time.
[2017.05.21-23.59.00:050][  0]LogInit: Presizing for 0 objects not considered by GC, pre-allocating 0 bytes.
[2017.05.21-23.59.00:060][  0]LogInit: Object subsystem initialized
[2017.05.21-23.59.00:062][  0]LogInit: Selected Device Profile: [Windows]
[2017.05.21-23.59.00:062][  0]LogInit: Applying CVar settings loaded from the selected device profile: [Windows]
[2017.05.21-23.59.00:076][  0]LogInit: Computer: LAPTOP-CAFDGQ8I
[2017.05.21-23.59.00:076][  0]LogInit: User: ericn
[2017.05.21-23.59.00:076][  0]LogInit: CPU Page size=4096, Cores=2
[2017.05.21-23.59.00:076][  0]LogInit: High frequency timer resolution =2.531250 MHz
[2017.05.21-23.59.00:076][  0]LogMemory: Memory total: Physical=7.9GB (8GB approx)
[2017.05.21-23.59.00:076][  0]LogMemory: Platform Memory Stats for Windows
[2017.05.21-23.59.00:076][  0]LogMemory: Process Physical Memory: 54.60 MB used, 54.60 MB peak
[2017.05.21-23.59.00:076][  0]LogMemory: Process Virtual Memory: 55.31 MB used, 55.31 MB peak
[2017.05.21-23.59.00:076][  0]LogMemory: Physical Memory: 3745.71 MB used, 8056.07 MB total
[2017.05.21-23.59.00:076][  0]LogMemory: Virtual Memory: 369.01 MB used, 134217728.00 MB total
[2017.05.21-23.59.00:124][  0]LogTextLocalizationManager: No specific translations for ('en-US') exist, so ('en') translations will be used.
[2017.05.21-23.59.00:981][  0]LogD3D11RHI: Found D3D11 adapter 0: NVIDIA GeForce GTX 960M (Feature Level 11_0)
[2017.05.21-23.59.00:981][  0]LogD3D11RHI: Adapter has 2018MB of dedicated video memory, 0MB of dedicated system memory, and 4028MB of shared system memory, 1 output[s]
[2017.05.21-23.59.00:988][  0]LogD3D11RHI: Found D3D11 adapter 1: Intel(R) HD Graphics 520 (Feature Level 11_0)
[2017.05.21-23.59.00:988][  0]LogD3D11RHI: Adapter has 128MB of dedicated video memory, 0MB of dedicated system memory, and 4028MB of shared system memory, 0 output[s]
[2017.05.21-23.59.00:989][  0]LogD3D11RHI: Found D3D11 adapter 2: Microsoft Basic Render Driver (Feature Level 11_0)
[2017.05.21-23.59.00:990][  0]LogD3D11RHI: Adapter has 0MB of dedicated video memory, 0MB of dedicated system memory, and 4028MB of shared system memory, 0 output[s]
[2017.05.21-23.59.00:990][  0]LogD3D11RHI: Chosen D3D11 Adapter Id = 0
[2017.05.21-23.59.00:996][  0]LogD3D11RHI: !Direct3DDevice
[2017.05.21-23.59.00:997][  0]LogRHI: Texture pool is 1361 MB (70% of 1945 MB)
[2017.05.21-23.59.01:011][  0]LogD3D11RHI: Async texture creation enabled
[2017.05.21-23.59.01:030][  0]LogShaderCompilers: Guid format shader working directory is 15 characters bigger than the processId version (../../../../../../Users/ericn/OneDrive/Documents/GitHub/Project/Project/Intermediate/Shaders/WorkingDirectory/3324/).
[2017.05.21-23.59.01:030][  0]LogShaderCompilers: Cleaned the shader compiler working directory '../../../../../../Users/ericn/OneDrive/Documents/GitHub/Project/Project/Intermediate/Shaders/tmp/95C1E7E44C9155D54881F5939B471973/'.
[2017.05.21-23.59.01:030][  0]LogShaderCompilers:Display: Using Local Shader Compiler.
[2017.05.21-23.59.02:204][  0]LogTemp:Display: Loaded TP AllDesktopTargetPlatform
[2017.05.21-23.59.02:211][  0]LogTemp:Display: Loaded TP WindowsClientTargetPlatform
[2017.05.21-23.59.02:217][  0]LogTemp:Display: Loaded TP WindowsNoEditorTargetPlatform
[2017.05.21-23.59.02:223][  0]LogTemp:Display: Loaded TP WindowsServerTargetPlatform
[2017.05.21-23.59.02:230][  0]LogTemp:Display: Loaded TP WindowsTargetPlatform
[2017.05.21-23.59.02:234][  0]LogTemp:Display: Loaded TP AndroidTargetPlatform
[2017.05.21-23.59.02:238][  0]LogTemp:Display: Loaded TP Android_ASTCTargetPlatform
[2017.05.21-23.59.02:241][  0]LogTemp:Display: Loaded TP Android_ATCTargetPlatform
[2017.05.21-23.59.02:246][  0]LogTemp:Display: Loaded TP Android_DXTTargetPlatform
[2017.05.21-23.59.02:250][  0]LogTemp:Display: Loaded TP Android_ETC1TargetPlatform
[2017.05.21-23.59.02:254][  0]LogTemp:Display: Loaded TP Android_ETC2TargetPlatform
[2017.05.21-23.59.02:258][  0]LogTemp:Display: Loaded TP Android_PVRTCTargetPlatform
[2017.05.21-23.59.02:259][  0]LogTemp:Display: Loaded TP HTML5TargetPlatform
[2017.05.21-23.59.02:279][  0]LogTemp:Display: Loaded TP IOSTargetPlatform
[2017.05.21-23.59.02:283][  0]LogTemp:Display: Loaded TP LinuxNoEditorTargetPlatform
[2017.05.21-23.59.02:287][  0]LogTemp:Display: Loaded TP LinuxServerTargetPlatform
[2017.05.21-23.59.02:291][  0]LogTemp:Display: Loaded TP LinuxTargetPlatform
[2017.05.21-23.59.02:291][  0]LogTargetPlatformManager:Display: Building Assets For Windows
[2017.05.21-23.59.02:385][  0]LogDerivedDataCache:Display: Max Cache Size: 512 MB
[2017.05.21-23.59.02:440][  0]LogDerivedDataCache: Loaded boot cache 0.05s 42MB C:/Users/ericn/AppData/Local/UnrealEngine/4.9/DerivedDataCache/Boot.ddc.
[2017.05.21-23.59.02:441][  0]LogDerivedDataCache:Display: Loaded Boot cache: C:/Users/ericn/AppData/Local/UnrealEngine/4.9/DerivedDataCache/Boot.ddc
[2017.05.21-23.59.02:441][  0]LogDerivedDataCache: FDerivedDataBackendGraph:  Pak pak cache file ../../../../../../Users/ericn/OneDrive/Documents/GitHub/Project/Project/DerivedDataCache/DDC.ddp not found, will not use a pak cache.
[2017.05.21-23.59.02:441][  0]LogDerivedDataCache: Unable to find inner node Pak for hierarchical cache Hierarchy.
[2017.05.21-23.59.02:441][  0]LogDerivedDataCache: FDerivedDataBackendGraph:  CompressedPak pak cache file ../../../../../../Users/ericn/OneDrive/Documents/GitHub/Project/Project/DerivedDataCache/Compressed.ddp not found, will not use a pak cache.
[2017.05.21-23.59.02:441][  0]LogDerivedDataCache: Unable to find inner node CompressedPak for hierarchical cache Hierarchy.
[2017.05.21-23.59.02:586][  0]LogDerivedDataCache:Display: Pak cache opened for reading ../../../Engine/DerivedDataCache/Compressed.ddp.
[2017.05.21-23.59.02:598][  0]LogDerivedDataCache: Using Local data cache path C:/Users/ericn/AppData/Local/UnrealEngine/Common/DerivedDataCache: Writable
[2017.05.21-23.59.02:784][  0]LogInit: Selected Device Profile: [Windows]
[2017.05.21-23.59.02:787][  0]LogContentStreaming: Texture pool size is 0.000000MB
[2017.05.21-23.59.02:931][  0]LogMeshUtilities: No automatic mesh reduction module available
[2017.05.21-23.59.02:931][  0]LogMeshUtilities: No automatic mesh merging module available
[2017.05.21-23.59.03:205][  0]LogInit: WinSock: version 1.1 (2.2), MaxSocks=32767, MaxUdp=65467
[2017.05.21-23.59.03:968][  0]UdpMessaging: Initializing bridge on interface 0.0.0.0:0 to multicast group 230.0.0.1:6666.
[2017.05.21-23.59.04:096][  0]LogAssetRegistry: FAssetRegistry took 0.0115 seconds to start up
[2017.05.21-23.59.04:306][  0]SourceControl: Info Source control is disabled
[2017.05.21-23.59.04:308][  0]SourceControl: Info Source control is disabled
[2017.05.21-23.59.04:326][  0]SourceControl: Info Source control is disabled
[2017.05.21-23.59.04:342][  0]SourceControl: Info Source control is disabled
[2017.05.21-23.59.04:494][  0]LogLinker:Warning: Asset '../../../Engine/Plugins/Runtime/LeapMotionController/Content/LM_PassthroughMaterial.uasset' has been saved with empty engine version. The asset will be loaded but may be incompatible.
[2017.05.21-23.59.04:579][  0]LogObj: 28437 objects as part of root set at end of initial load.
[2017.05.21-23.59.04:579][  0]LogUObjectAllocator: 6072528 out of 0 bytes used by permanent object pool.
[2017.05.21-23.59.04:652][  0]LogEngine: Initializing Engine...
[2017.05.21-23.59.04:655][  0]LogHMD: Can't find Oculus library dev build: is proper Runtime installed? Version: 0.7.0.0
[2017.05.21-23.59.04:655][  0]LogHMD: SteamVR failed to initialize.  Err: 110
[2017.05.21-23.59.04:794][  0]LogAIModule: Creating AISystem for world NewWorld
[2017.05.21-23.59.04:799][  0]LogInit: XAudio2 using 'Speakers (Conexant SmartAudio HD)' : 2 channels at 48 kHz using 32 bits per sample (channel mask 0x3)
[2017.05.21-23.59.04:863][  0]LogInit: FAudioDevice initialized.
[2017.05.21-23.59.04:890][  0]LogDerivedDataCache: Saved boot cache 0.03s 42MB C:/Users/ericn/AppData/Local/UnrealEngine/4.9/DerivedDataCache/Boot.ddc.
[2017.05.21-23.59.04:897][  0]LogInit: Texture streaming: Enabled
[2017.05.21-23.59.04:903][  0]LogAnalytics: Creating configured Analytics provider AnalyticsET
[2017.05.21-23.59.04:903][  0]LogAnalytics: [UEEditor.Rocket.Release] APIServer = http://et2.epicgames.com/ET2/. AppVersion = 4.9.2-2707645+++depot+UE4-Releases+4.9
[2017.05.21-23.59.04:903][  0]LogAnalytics: [UEEditor.Rocket.Release] SetUserId cd6bfa6044883b0d06de64be863c488d|81db3aebfd8c43b0b13c2e2363feaee1|eb334693-2a2a-4861-9755-6aac685e70fb
[2017.05.21-23.59.04:903][  0]LogAnalytics: [UEEditor.Rocket.Release] AnalyticsET::StartSession
[2017.05.21-23.59.04:921][  0]LogWindowsTextInputMethodSystem:Display: IME system now deactivated.
[2017.05.21-23.59.04:951][  0]LogInit: Transaction tracking system initialized
[2017.05.21-23.59.04:985][  0]BlueprintLog: New page: Editor Load
[2017.05.21-23.59.05:087][  0]LocalizationService: Info Localization service is disabled
[2017.05.21-23.59.05:183][  0]LogConsoleResponse:Display: 
[2017.05.21-23.59.05:320][  0]LogCook:Display: Done creating registry. It took  0.00s.
[2017.05.21-23.59.05:386][  0]LogFileCache: Scanning file cache for directory 'C:/Users/ericn/OneDrive/Documents/GitHub/Project/Project/Content/' took 0.01s
[2017.05.21-23.59.05:394][  0]SourceControl: Info Source control is disabled
[2017.05.21-23.59.05:394][  0]Cmd: MAP LOAD FILE="../../../../../../Users/ericn/OneDrive/Documents/GitHub/Project/Project/Content/2DSideScrollerCPP/Maps/2DSideScrollerExampleMap.umap" TEMPLATE=0 SHOWPROGRESS=1 FEATURELEVEL=3
[2017.05.21-23.59.05:394][  0]LightingResults: New page: Lighting Build
[2017.05.21-23.59.05:397][  0]MapCheck: New page: Map Check
[2017.05.21-23.59.05:397][  0]LightingResults: New page: Lighting Build
[2017.05.21-23.59.05:416][  0]LogParticles: Destroying 0 GPU particle simulations for FXSystem 0x0000024B15CBB6A0
[2017.05.21-23.59.05:480][  0]LogAIModule: Creating AISystem for world 2DSideScrollerExampleMap
[2017.05.21-23.59.05:483][  0]LogEditorServer: Finished looking for orphan Actors (0.000 secs)
[2017.05.21-23.59.05:484][  0]Cmd: MAP CHECKDEP NOCLEARLOG
[2017.05.21-23.59.05:545][  0]MapCheck: Info Map check complete: 0 Error(s), 0 Warning(s), took 61.554ms to complete.
[2017.05.21-23.59.05:545][  0]LogFileHelpers: Loading map '2DSideScrollerExampleMap' took 0.152
[2017.05.21-23.59.05:676][  0]LogCollectionManager: Loaded 0 collections in 0.002086 seconds
[2017.05.21-23.59.05:716][  0]LogFileCache: Scanning file cache for directory 'C:/Users/ericn/OneDrive/Documents/GitHub/Project/Project/Saved/Collections/' took 0.01s
[2017.05.21-23.59.05:716][  0]LogFileCache: Scanning file cache for directory 'C:/Users/ericn/OneDrive/Documents/GitHub/Project/Project/Content/Developers/ericn/Collections/' took 0.01s
[2017.05.21-23.59.05:717][  0]LogFileCache: Scanning file cache for directory 'C:/Users/ericn/OneDrive/Documents/GitHub/Project/Project/Content/Collections/' took 0.01s
[2017.05.21-23.59.05:717][  0]LogContentBrowser: Native class hierarchy populated in 0.0074 seconds. Added 1869 classes and 335 folders.
[2017.05.21-23.59.05:722][  0]LogCollectionManager: Rebuilt the GUID cache for 0 collections in 0.000003 seconds
[2017.05.21-23.59.05:731][  0]LogContentBrowser: Native class hierarchy updated for 'WidgetCarousel' in 0.0011 seconds. Added 0 classes and 0 folders.
[2017.05.21-23.59.05:782][  0]LogContentBrowser: Native class hierarchy updated for 'AddContentDialog' in 0.0012 seconds. Added 0 classes and 0 folders.
[2017.05.21-23.59.05:786][  0]LogContentBrowser: Native class hierarchy updated for 'SceneOutliner' in 0.0011 seconds. Added 1 classes and 2 folders.
[2017.05.21-23.59.05:812][  0]LogCrashTracker: Crashtracker disabled due to settings.
[2017.05.21-23.59.05:818][  0]LogUObjectGlobals:Warning: Failed to find object 'Class None.'
[2017.05.21-23.59.05:840][  0]LogLoad: Full Startup: 6.75 seconds (BP compile: 0.02 seconds)
[2017.05.21-23.59.05:893][  0]LogContentStreaming: Texture pool size now 1000 MB
[2017.05.21-23.59.06:019][  0]LogRenderer: Reallocating scene render targets to support 964x440 (Frame:2).
[2017.05.21-23.59.06:217][  2]LogAssetRegistry: Asset discovery search completed in 2.1323 seconds
[2017.05.21-23.59.06:217][  2]LogCollectionManager: Rebuilt the object cache for 0 collections in 0.000001 seconds (found 0 objects)
[2017.05.21-23.59.06:217][  2]LogCollectionManager: Fixed up redirectors for 0 collections in 0.000030 seconds (updated 0 objects)
[2017.05.21-23.59.12:673][221]LogVSAccessor:Warning: Couldn't access Visual Studio
[2017.05.21-23.59.12:677][221]Recompiling Project...
[2017.05.21-23.59.12:678][221]Launching UnrealBuildTool... [C:/Program Files/Epic Games/UE_4.9/Engine/Binaries/DotNET/UnrealBuildTool.exe Project -ModuleWithSuffix Project 8198 Win64 Development -editorrecompile -canskiplink "C:/Users/ericn/OneDrive/Documents/GitHub/Project/Project/Project.uproject" -rocket  -rocket]
[2017.05.21-23.59.12:683][221]Warning: Starting HotReload took  0.0s.
[2017.05.21-23.59.36:733][ 80]CompilerResultsLog: New page: Compilation - May 21, 2017, 11:59:36 AM
[2017.05.21-23.59.36:734][ 80]CompilerResultsLog: Info Compiling game modules for hot reload
[2017.05.21-23.59.36:734][ 80]CompilerResultsLog: Info Performing 6 actions (2 in parallel)
[2017.05.21-23.59.36:734][ 80]CompilerResultsLog: Info PCH.Project.h.cpp
[2017.05.21-23.59.36:734][ 80]CompilerResultsLog: Info Project.cpp
[2017.05.21-23.59.36:734][ 80]CompilerResultsLog: Info ProjectCharacter.cpp
[2017.05.21-23.59.36:734][ 80]CompilerResultsLog: Info ProjectGameMode.cpp
[2017.05.21-23.59.36:734][ 80]CompilerResultsLog: Info Project.generated.cpp
[2017.05.21-23.59.36:734][ 80]CompilerResultsLog: Info [6/6] Link UE4Editor-Project-8198.dll
[2017.05.21-23.59.36:734][ 80]CompilerResultsLog: Info    Creating library C:\Users\ericn\OneDrive\Documents\GitHub\Project\Project\Intermediate/Build/Win64\UE4Editor\Development\UE4Editor-Project-8198.lib and object C:\Users\ericn\OneDrive\Documents\GitHub\Project\Project\Intermediate/Build/Win64\UE4Editor\Development\UE4Editor-Project-8198.exp
[2017.05.21-23.59.36:734][ 80]CompilerResultsLog: Info -------- End Detailed Actions Stats -----------------------------------------------------------
[2017.05.21-23.59.36:734][ 80]CompilerResultsLog: Info Total build time: 23.97 seconds
[2017.05.21-23.59.36:734][ 80]LogMainFrame: MainFrame: Module compiling took 24.061 seconds
[2017.05.21-23.59.36:768][ 80]LogContentBrowser: Native class hierarchy updated for 'Project' in 0.0012 seconds. Added 2 classes and 2 folders.
[2017.05.21-23.59.36:769][ 80]Warning: HotReload successful (0 functions remapped  0 scriptstructs remapped)
[2017.05.21-23.59.36:814][ 80]LogContentBrowser: Native class hierarchy populated in 0.0083 seconds. Added 1870 classes and 337 folders.
[2017.05.21-23.59.41:138][587]LogBlueprintUserMessages: Early PlayInEditor Detection: Level '/Game/2DSideScrollerCPP/Maps/2DSideScrollerExampleMap.2DSideScrollerExampleMap:PersistentLevel' has LevelScriptBlueprint '/Game/2DSideScrollerCPP/Maps/2DSideScrollerExampleMap.2DSideScrollerExampleMap:PersistentLevel.2DSideScrollerExampleMap' with GeneratedClass '/Game/2DSideScrollerCPP/Maps/2DSideScrollerExampleMap.2DSideScrollerExampleMap_C' with ClassGeneratedBy '/Game/2DSideScrollerCPP/Maps/2DSideScrollerExampleMap.2DSideScrollerExampleMap:PersistentLevel.2DSideScrollerExampleMap'
[2017.05.21-23.59.41:138][587]LogPlayLevel: PlayLevel: No blueprints needed recompiling
[2017.05.21-23.59.41:138][587]PIE: New page: PIE session: 2DSideScrollerExampleMap (May 21, 2017, 11:59:41 AM)
[2017.05.21-23.59.41:138][587]LogPlayLevel: Creating play world package: /Game/2DSideScrollerCPP/Maps/UEDPIE_0_2DSideScrollerExampleMap
[2017.05.21-23.59.41:143][587]LogPlayLevel: PIE: StaticDuplicateObject took: (0.004999s)
[2017.05.21-23.59.41:144][587]LogAIModule: Creating AISystem for world 2DSideScrollerExampleMap
[2017.05.21-23.59.41:144][587]LogPlayLevel: PIE: World Init took: (0.000870s)
[2017.05.21-23.59.41:145][587]LogPlayLevel: PIE: Created PIE world by copying editor world from /Game/2DSideScrollerCPP/Maps/2DSideScrollerExampleMap.2DSideScrollerExampleMap to /Game/2DSideScrollerCPP/Maps/UEDPIE_0_2DSideScrollerExampleMap.2DSideScrollerExampleMap (0.006150s)
[2017.05.21-23.59.41:168][587]LogInit: XAudio2 using 'Speakers (Conexant SmartAudio HD)' : 2 channels at 48 kHz using 32 bits per sample (channel mask 0x3)
[2017.05.21-23.59.41:190][587]LogInit: FAudioDevice initialized.
[2017.05.21-23.59.41:236][587]LogWorld: Game class is 'ProjectGameMode'
[2017.05.21-23.59.41:241][587]LogWorld: Bringing World /Game/2DSideScrollerCPP/Maps/UEDPIE_0_2DSideScrollerExampleMap.2DSideScrollerExampleMap up for play (max tick rate 0) at 2017.05.21-17.59.41
[2017.05.21-23.59.41:241][587]LogActor:Warning: GameSession /Game/2DSideScrollerCPP/Maps/UEDPIE_0_2DSideScrollerExampleMap.2DSideScrollerExampleMap:PersistentLevel.GameSession_0 has natively added scene component(s), but none of them were set as the actor's RootComponent - picking one arbitrarily
[2017.05.21-23.59.41:242][587]LogActor:Warning: GameNetworkManager /Game/2DSideScrollerCPP/Maps/UEDPIE_0_2DSideScrollerExampleMap.2DSideScrollerExampleMap:PersistentLevel.GameNetworkManager_0 has natively added scene component(s), but none of them were set as the actor's RootComponent - picking one arbitrarily
[2017.05.21-23.59.41:242][587]LogWorld: Bringing up level for play took: 0.004711
[2017.05.21-23.59.41:306][587]PIE: Info Play in editor start time for /Game/2DSideScrollerCPP/Maps/UEDPIE_0_2DSideScrollerExampleMap -0.765
[2017.05.21-23.59.41:307][587]LogBlueprintUserMessages: Late PlayInEditor Detection: Level '/Game/2DSideScrollerCPP/Maps/2DSideScrollerExampleMap.2DSideScrollerExampleMap:PersistentLevel' has LevelScriptBlueprint '/Game/2DSideScrollerCPP/Maps/2DSideScrollerExampleMap.2DSideScrollerExampleMap:PersistentLevel.2DSideScrollerExampleMap' with GeneratedClass '/Game/2DSideScrollerCPP/Maps/2DSideScrollerExampleMap.2DSideScrollerExampleMap_C' with ClassGeneratedBy '/Game/2DSideScrollerCPP/Maps/2DSideScrollerExampleMap.2DSideScrollerExampleMap:PersistentLevel.2DSideScrollerExampleMap'
[2017.05.21-23.59.52:444][917]LogBlueprintUserMessages: Early EndPlayMap Detection: Level '/Game/2DSideScrollerCPP/Maps/2DSideScrollerExampleMap.2DSideScrollerExampleMap:PersistentLevel' has LevelScriptBlueprint '/Game/2DSideScrollerCPP/Maps/2DSideScrollerExampleMap.2DSideScrollerExampleMap:PersistentLevel.2DSideScrollerExampleMap' with GeneratedClass '/Game/2DSideScrollerCPP/Maps/2DSideScrollerExampleMap.2DSideScrollerExampleMap_C' with ClassGeneratedBy '/Game/2DSideScrollerCPP/Maps/2DSideScrollerExampleMap.2DSideScrollerExampleMap:PersistentLevel.2DSideScrollerExampleMap'
[2017.05.21-23.59.52:476][917]LogBlueprintUserMessages: Late EndPlayMap Detection: Level '/Game/2DSideScrollerCPP/Maps/2DSideScrollerExampleMap.2DSideScrollerExampleMap:PersistentLevel' has LevelScriptBlueprint '/Game/2DSideScrollerCPP/Maps/2DSideScrollerExampleMap.2DSideScrollerExampleMap:PersistentLevel.2DSideScrollerExampleMap' with GeneratedClass '/Game/2DSideScrollerCPP/Maps/2DSideScrollerExampleMap.2DSideScrollerExampleMap_C' with ClassGeneratedBy '/Game/2DSideScrollerCPP/Maps/2DSideScrollerExampleMap.2DSideScrollerExampleMap:PersistentLevel.2DSideScrollerExampleMap'
[2017.05.21-23.59.52:507][918]LogParticles: Destroying 0 GPU particle simulations for FXSystem 0x0000024B2CCA59E0
[2017.05.21-23.59.55:923][325]LogBlueprintUserMessages: Early PlayInEditor Detection: Level '/Game/2DSideScrollerCPP/Maps/2DSideScrollerExampleMap.2DSideScrollerExampleMap:PersistentLevel' has LevelScriptBlueprint '/Game/2DSideScrollerCPP/Maps/2DSideScrollerExampleMap.2DSideScrollerExampleMap:PersistentLevel.2DSideScrollerExampleMap' with GeneratedClass '/Game/2DSideScrollerCPP/Maps/2DSideScrollerExampleMap.2DSideScrollerExampleMap_C' with ClassGeneratedBy '/Game/2DSideScrollerCPP/Maps/2DSideScrollerExampleMap.2DSideScrollerExampleMap:PersistentLevel.2DSideScrollerExampleMap'
[2017.05.21-23.59.55:923][325]LogPlayLevel: PlayLevel: No blueprints needed recompiling
[2017.05.21-23.59.55:924][325]PIE: New page: PIE session: 2DSideScrollerExampleMap (May 21, 2017, 11:59:55 AM)
[2017.05.21-23.59.55:924][325]LogPlayLevel: Creating play world package: /Game/2DSideScrollerCPP/Maps/UEDPIE_0_2DSideScrollerExampleMap
[2017.05.21-23.59.55:927][325]LogPlayLevel: PIE: StaticDuplicateObject took: (0.003591s)
[2017.05.21-23.59.55:928][325]LogAIModule: Creating AISystem for world 2DSideScrollerExampleMap
[2017.05.21-23.59.55:928][325]LogPlayLevel: PIE: World Init took: (0.001192s)
[2017.05.21-23.59.55:929][325]LogPlayLevel: PIE: Created PIE world by copying editor world from /Game/2DSideScrollerCPP/Maps/2DSideScrollerExampleMap.2DSideScrollerExampleMap to /Game/2DSideScrollerCPP/Maps/UEDPIE_0_2DSideScrollerExampleMap.2DSideScrollerExampleMap (0.005062s)
[2017.05.21-23.59.55:953][325]LogInit: XAudio2 using 'Speakers (Conexant SmartAudio HD)' : 2 channels at 48 kHz using 32 bits per sample (channel mask 0x3)
[2017.05.21-23.59.55:974][325]LogInit: FAudioDevice initialized.
[2017.05.21-23.59.56:009][325]LogWorld: Game class is 'ProjectGameMode'
[2017.05.21-23.59.56:014][325]LogWorld: Bringing World /Game/2DSideScrollerCPP/Maps/UEDPIE_0_2DSideScrollerExampleMap.2DSideScrollerExampleMap up for play (max tick rate 0) at 2017.05.21-17.59.56
[2017.05.21-23.59.56:014][325]LogActor:Warning: GameSession /Game/2DSideScrollerCPP/Maps/UEDPIE_0_2DSideScrollerExampleMap.2DSideScrollerExampleMap:PersistentLevel.GameSession_1 has natively added scene component(s), but none of them were set as the actor's RootComponent - picking one arbitrarily
[2017.05.21-23.59.56:014][325]LogActor:Warning: GameNetworkManager /Game/2DSideScrollerCPP/Maps/UEDPIE_0_2DSideScrollerExampleMap.2DSideScrollerExampleMap:PersistentLevel.GameNetworkManager_1 has natively added scene component(s), but none of them were set as the actor's RootComponent - picking one arbitrarily
[2017.05.21-23.59.56:014][325]LogWorld: Bringing up level for play took: 0.005110
[2017.05.21-23.59.56:017][325]PIE: Info Play in editor start time for /Game/2DSideScrollerCPP/Maps/UEDPIE_0_2DSideScrollerExampleMap -0.055
[2017.05.21-23.59.56:017][325]LogBlueprintUserMessages: Late PlayInEditor Detection: Level '/Game/2DSideScrollerCPP/Maps/2DSideScrollerExampleMap.2DSideScrollerExampleMap:PersistentLevel' has LevelScriptBlueprint '/Game/2DSideScrollerCPP/Maps/2DSideScrollerExampleMap.2DSideScrollerExampleMap:PersistentLevel.2DSideScrollerExampleMap' with GeneratedClass '/Game/2DSideScrollerCPP/Maps/2DSideScrollerExampleMap.2DSideScrollerExampleMap_C' with ClassGeneratedBy '/Game/2DSideScrollerCPP/Maps/2DSideScrollerExampleMap.2DSideScrollerExampleMap:PersistentLevel.2DSideScrollerExampleMap'
[2017.05.22-00.00.25:153][817]LogBlueprintUserMessages: Early EndPlayMap Detection: Level '/Game/2DSideScrollerCPP/Maps/2DSideScrollerExampleMap.2DSideScrollerExampleMap:PersistentLevel' has LevelScriptBlueprint '/Game/2DSideScrollerCPP/Maps/2DSideScrollerExampleMap.2DSideScrollerExampleMap:PersistentLevel.2DSideScrollerExampleMap' with GeneratedClass '/Game/2DSideScrollerCPP/Maps/2DSideScrollerExampleMap.2DSideScrollerExampleMap_C' with ClassGeneratedBy '/Game/2DSideScrollerCPP/Maps/2DSideScrollerExampleMap.2DSideScrollerExampleMap:PersistentLevel.2DSideScrollerExampleMap'
[2017.05.22-00.00.25:184][817]LogBlueprintUserMessages: Late EndPlayMap Detection: Level '/Game/2DSideScrollerCPP/Maps/2DSideScrollerExampleMap.2DSideScrollerExampleMap:PersistentLevel' has LevelScriptBlueprint '/Game/2DSideScrollerCPP/Maps/2DSideScrollerExampleMap.2DSideScrollerExampleMap:PersistentLevel.2DSideScrollerExampleMap' with GeneratedClass '/Game/2DSideScrollerCPP/Maps/2DSideScrollerExampleMap.2DSideScrollerExampleMap_C' with ClassGeneratedBy '/Game/2DSideScrollerCPP/Maps/2DSideScrollerExampleMap.2DSideScrollerExampleMap:PersistentLevel.2DSideScrollerExampleMap'
[2017.05.22-00.00.25:214][818]LogParticles: Destroying 0 GPU particle simulations for FXSystem 0x0000024B2CCB42C0
[2017.05.22-00.01.02:931][ 99]LogBlueprintUserMessages: Early PlayInEditor Detection: Level '/Game/2DSideScrollerCPP/Maps/2DSideScrollerExampleMap.2DSideScrollerExampleMap:PersistentLevel' has LevelScriptBlueprint '/Game/2DSideScrollerCPP/Maps/2DSideScrollerExampleMap.2DSideScrollerExampleMap:PersistentLevel.2DSideScrollerExampleMap' with GeneratedClass '/Game/2DSideScrollerCPP/Maps/2DSideScrollerExampleMap.2DSideScrollerExampleMap_C' with ClassGeneratedBy '/Game/2DSideScrollerCPP/Maps/2DSideScrollerExampleMap.2DSideScrollerExampleMap:PersistentLevel.2DSideScrollerExampleMap'
[2017.05.22-00.01.02:931][ 99]LogPlayLevel: PlayLevel: No blueprints needed recompiling
[2017.05.22-00.01.02:931][ 99]PIE: New page: PIE session: 2DSideScrollerExampleMap (May 21, 2017, 12:01:02 PM)
[2017.05.22-00.01.02:931][ 99]LogPlayLevel: Creating play world package: /Game/2DSideScrollerCPP/Maps/UEDPIE_0_2DSideScrollerExampleMap
[2017.05.22-00.01.02:935][ 99]LogPlayLevel: PIE: StaticDuplicateObject took: (0.003807s)
[2017.05.22-00.01.02:936][ 99]LogAIModule: Creating AISystem for world 2DSideScrollerExampleMap
[2017.05.22-00.01.02:936][ 99]LogPlayLevel: PIE: World Init took: (0.000823s)
[2017.05.22-00.01.02:936][ 99]LogPlayLevel: PIE: Created PIE world by copying editor world from /Game/2DSideScrollerCPP/Maps/2DSideScrollerExampleMap.2DSideScrollerExampleMap to /Game/2DSideScrollerCPP/Maps/UEDPIE_0_2DSideScrollerExampleMap.2DSideScrollerExampleMap (0.004898s)
[2017.05.22-00.01.02:963][ 99]LogInit: XAudio2 using 'Speakers (Conexant SmartAudio HD)' : 2 channels at 48 kHz using 32 bits per sample (channel mask 0x3)
[2017.05.22-00.01.02:984][ 99]LogInit: FAudioDevice initialized.
[2017.05.22-00.01.03:017][ 99]LogWorld: Game class is 'ProjectGameMode'
[2017.05.22-00.01.03:022][ 99]LogWorld: Bringing World /Game/2DSideScrollerCPP/Maps/UEDPIE_0_2DSideScrollerExampleMap.2DSideScrollerExampleMap up for play (max tick rate 60) at 2017.05.21-18.01.03
[2017.05.22-00.01.03:022][ 99]LogActor:Warning: GameSession /Game/2DSideScrollerCPP/Maps/UEDPIE_0_2DSideScrollerExampleMap.2DSideScrollerExampleMap:PersistentLevel.GameSession_2 has natively added scene component(s), but none of them were set as the actor's RootComponent - picking one arbitrarily
[2017.05.22-00.01.03:022][ 99]LogActor:Warning: GameNetworkManager /Game/2DSideScrollerCPP/Maps/UEDPIE_0_2DSideScrollerExampleMap.2DSideScrollerExampleMap:PersistentLevel.GameNetworkManager_2 has natively added scene component(s), but none of them were set as the actor's RootComponent - picking one arbitrarily
[2017.05.22-00.01.03:022][ 99]LogWorld: Bringing up level for play took: 0.005033
[2017.05.22-00.01.03:024][ 99]PIE: Info Play in editor start time for /Game/2DSideScrollerCPP/Maps/UEDPIE_0_2DSideScrollerExampleMap 0.952
[2017.05.22-00.01.03:024][ 99]LogBlueprintUserMessages: Late PlayInEditor Detection: Level '/Game/2DSideScrollerCPP/Maps/2DSideScrollerExampleMap.2DSideScrollerExampleMap:PersistentLevel' has LevelScriptBlueprint '/Game/2DSideScrollerCPP/Maps/2DSideScrollerExampleMap.2DSideScrollerExampleMap:PersistentLevel.2DSideScrollerExampleMap' with GeneratedClass '/Game/2DSideScrollerCPP/Maps/2DSideScrollerExampleMap.2DSideScrollerExampleMap_C' with ClassGeneratedBy '/Game/2DSideScrollerCPP/Maps/2DSideScrollerExampleMap.2DSideScrollerExampleMap:PersistentLevel.2DSideScrollerExampleMap'
[2017.05.22-00.01.19:617][771]LogBlueprintUserMessages: Early EndPlayMap Detection: Level '/Game/2DSideScrollerCPP/Maps/2DSideScrollerExampleMap.2DSideScrollerExampleMap:PersistentLevel' has LevelScriptBlueprint '/Game/2DSideScrollerCPP/Maps/2DSideScrollerExampleMap.2DSideScrollerExampleMap:PersistentLevel.2DSideScrollerExampleMap' with GeneratedClass '/Game/2DSideScrollerCPP/Maps/2DSideScrollerExampleMap.2DSideScrollerExampleMap_C' with ClassGeneratedBy '/Game/2DSideScrollerCPP/Maps/2DSideScrollerExampleMap.2DSideScrollerExampleMap:PersistentLevel.2DSideScrollerExampleMap'
[2017.05.22-00.01.19:648][771]LogBlueprintUserMessages: Late EndPlayMap Detection: Level '/Game/2DSideScrollerCPP/Maps/2DSideScrollerExampleMap.2DSideScrollerExampleMap:PersistentLevel' has LevelScriptBlueprint '/Game/2DSideScrollerCPP/Maps/2DSideScrollerExampleMap.2DSideScrollerExampleMap:PersistentLevel.2DSideScrollerExampleMap' with GeneratedClass '/Game/2DSideScrollerCPP/Maps/2DSideScrollerExampleMap.2DSideScrollerExampleMap_C' with ClassGeneratedBy '/Game/2DSideScrollerCPP/Maps/2DSideScrollerExampleMap.2DSideScrollerExampleMap:PersistentLevel.2DSideScrollerExampleMap'
[2017.05.22-00.01.19:675][772]LogParticles: Destroying 0 GPU particle simulations for FXSystem 0x0000024B090F9DA0
[2017.05.22-00.02.05:632][745]LogBlueprintUserMessages: Early PlayInEditor Detection: Level '/Game/2DSideScrollerCPP/Maps/2DSideScrollerExampleMap.2DSideScrollerExampleMap:PersistentLevel' has LevelScriptBlueprint '/Game/2DSideScrollerCPP/Maps/2DSideScrollerExampleMap.2DSideScrollerExampleMap:PersistentLevel.2DSideScrollerExampleMap' with GeneratedClass '/Game/2DSideScrollerCPP/Maps/2DSideScrollerExampleMap.2DSideScrollerExampleMap_C' with ClassGeneratedBy '/Game/2DSideScrollerCPP/Maps/2DSideScrollerExampleMap.2DSideScrollerExampleMap:PersistentLevel.2DSideScrollerExampleMap'
[2017.05.22-00.02.05:632][745]LogPlayLevel: PlayLevel: No blueprints needed recompiling
[2017.05.22-00.02.05:632][745]PIE: New page: PIE session: 2DSideScrollerExampleMap (May 21, 2017, 12:02:05 PM)
[2017.05.22-00.02.05:632][745]LogPlayLevel: Creating play world package: /Game/2DSideScrollerCPP/Maps/UEDPIE_0_2DSideScrollerExampleMap
[2017.05.22-00.02.05:638][745]LogPlayLevel: PIE: StaticDuplicateObject took: (0.005227s)
[2017.05.22-00.02.05:638][745]LogAIModule: Creating AISystem for world 2DSideScrollerExampleMap
[2017.05.22-00.02.05:638][745]LogPlayLevel: PIE: World Init took: (0.000664s)
[2017.05.22-00.02.05:639][745]LogPlayLevel: PIE: Created PIE world by copying editor world from /Game/2DSideScrollerCPP/Maps/2DSideScrollerExampleMap.2DSideScrollerExampleMap to /Game/2DSideScrollerCPP/Maps/UEDPIE_0_2DSideScrollerExampleMap.2DSideScrollerExampleMap (0.006167s)
[2017.05.22-00.02.05:662][745]LogInit: XAudio2 using 'Speakers (Conexant SmartAudio HD)' : 2 channels at 48 kHz using 32 bits per sample (channel mask 0x3)
[2017.05.22-00.02.05:683][745]LogInit: FAudioDevice initialized.
[2017.05.22-00.02.05:718][745]LogWorld: Game class is 'ProjectGameMode'
[2017.05.22-00.02.05:723][745]LogWorld: Bringing World /Game/2DSideScrollerCPP/Maps/UEDPIE_0_2DSideScrollerExampleMap.2DSideScrollerExampleMap up for play (max tick rate 0) at 2017.05.21-18.02.05
[2017.05.22-00.02.05:723][745]LogActor:Warning: GameSession /Game/2DSideScrollerCPP/Maps/UEDPIE_0_2DSideScrollerExampleMap.2DSideScrollerExampleMap:PersistentLevel.GameSession_3 has natively added scene component(s), but none of them were set as the actor's RootComponent - picking one arbitrarily
[2017.05.22-00.02.05:723][745]LogActor:Warning: GameNetworkManager /Game/2DSideScrollerCPP/Maps/UEDPIE_0_2DSideScrollerExampleMap.2DSideScrollerExampleMap:PersistentLevel.GameNetworkManager_3 has natively added scene component(s), but none of them were set as the actor's RootComponent - picking one arbitrarily
[2017.05.22-00.02.05:723][745]LogWorld: Bringing up level for play took: 0.005298
[2017.05.22-00.02.05:725][745]PIE: Info Play in editor start time for /Game/2DSideScrollerCPP/Maps/UEDPIE_0_2DSideScrollerExampleMap -0.347
[2017.05.22-00.02.05:725][745]LogBlueprintUserMessages: Late PlayInEditor Detection: Level '/Game/2DSideScrollerCPP/Maps/2DSideScrollerExampleMap.2DSideScrollerExampleMap:PersistentLevel' has LevelScriptBlueprint '/Game/2DSideScrollerCPP/Maps/2DSideScrollerExampleMap.2DSideScrollerExampleMap:PersistentLevel.2DSideScrollerExampleMap' with GeneratedClass '/Game/2DSideScrollerCPP/Maps/2DSideScrollerExampleMap.2DSideScrollerExampleMap_C' with ClassGeneratedBy '/Game/2DSideScrollerCPP/Maps/2DSideScrollerExampleMap.2DSideScrollerExampleMap:PersistentLevel.2DSideScrollerExampleMap'
[2017.05.22-00.02.09:460][192]LogBlueprintUserMessages: Early EndPlayMap Detection: Level '/Game/2DSideScrollerCPP/Maps/2DSideScrollerExampleMap.2DSideScrollerExampleMap:PersistentLevel' has LevelScriptBlueprint '/Game/2DSideScrollerCPP/Maps/2DSideScrollerExampleMap.2DSideScrollerExampleMap:PersistentLevel.2DSideScrollerExampleMap' with GeneratedClass '/Game/2DSideScrollerCPP/Maps/2DSideScrollerExampleMap.2DSideScrollerExampleMap_C' with ClassGeneratedBy '/Game/2DSideScrollerCPP/Maps/2DSideScrollerExampleMap.2DSideScrollerExampleMap:PersistentLevel.2DSideScrollerExampleMap'
[2017.05.22-00.02.09:495][192]LogBlueprintUserMessages: Late EndPlayMap Detection: Level '/Game/2DSideScrollerCPP/Maps/2DSideScrollerExampleMap.2DSideScrollerExampleMap:PersistentLevel' has LevelScriptBlueprint '/Game/2DSideScrollerCPP/Maps/2DSideScrollerExampleMap.2DSideScrollerExampleMap:PersistentLevel.2DSideScrollerExampleMap' with GeneratedClass '/Game/2DSideScrollerCPP/Maps/2DSideScrollerExampleMap.2DSideScrollerExampleMap_C' with ClassGeneratedBy '/Game/2DSideScrollerCPP/Maps/2DSideScrollerExampleMap.2DSideScrollerExampleMap:PersistentLevel.2DSideScrollerExampleMap'
[2017.05.22-00.02.09:516][192]LogParticles: Destroying 0 GPU particle simulations for FXSystem 0x0000024B12D97CE0
[2017.05.22-00.02.47:019][686]LogBlueprintUserMessages: Early PlayInEditor Detection: Level '/Game/2DSideScrollerCPP/Maps/2DSideScrollerExampleMap.2DSideScrollerExampleMap:PersistentLevel' has LevelScriptBlueprint '/Game/2DSideScrollerCPP/Maps/2DSideScrollerExampleMap.2DSideScrollerExampleMap:PersistentLevel.2DSideScrollerExampleMap' with GeneratedClass '/Game/2DSideScrollerCPP/Maps/2DSideScrollerExampleMap.2DSideScrollerExampleMap_C' with ClassGeneratedBy '/Game/2DSideScrollerCPP/Maps/2DSideScrollerExampleMap.2DSideScrollerExampleMap:PersistentLevel.2DSideScrollerExampleMap'
[2017.05.22-00.02.47:019][686]LogPlayLevel: PlayLevel: No blueprints needed recompiling
[2017.05.22-00.02.47:020][686]PIE: New page: PIE session: 2DSideScrollerExampleMap (May 21, 2017, 12:02:47 PM)
[2017.05.22-00.02.47:020][686]LogPlayLevel: Creating play world package: /Game/2DSideScrollerCPP/Maps/UEDPIE_0_2DSideScrollerExampleMap
[2017.05.22-00.02.47:023][686]LogPlayLevel: PIE: StaticDuplicateObject took: (0.003566s)
[2017.05.22-00.02.47:024][686]LogAIModule: Creating AISystem for world 2DSideScrollerExampleMap
[2017.05.22-00.02.47:024][686]LogPlayLevel: PIE: World Init took: (0.000966s)
[2017.05.22-00.02.47:024][686]LogPlayLevel: PIE: Created PIE world by copying editor world from /Game/2DSideScrollerCPP/Maps/2DSideScrollerExampleMap.2DSideScrollerExampleMap to /Game/2DSideScrollerCPP/Maps/UEDPIE_0_2DSideScrollerExampleMap.2DSideScrollerExampleMap (0.004730s)
[2017.05.22-00.02.47:044][686]LogInit: XAudio2 using 'Speakers (Conexant SmartAudio HD)' : 2 channels at 48 kHz using 32 bits per sample (channel mask 0x3)
[2017.05.22-00.02.47:064][686]LogInit: FAudioDevice initialized.
[2017.05.22-00.02.47:096][686]LogWorld: Game class is 'ProjectGameMode'
[2017.05.22-00.02.47:101][686]LogWorld: Bringing World /Game/2DSideScrollerCPP/Maps/UEDPIE_0_2DSideScrollerExampleMap.2DSideScrollerExampleMap up for play (max tick rate 0) at 2017.05.21-18.02.47
[2017.05.22-00.02.47:101][686]LogActor:Warning: GameSession /Game/2DSideScrollerCPP/Maps/UEDPIE_0_2DSideScrollerExampleMap.2DSideScrollerExampleMap:PersistentLevel.GameSession_4 has natively added scene component(s), but none of them were set as the actor's RootComponent - picking one arbitrarily
[2017.05.22-00.02.47:101][686]LogActor:Warning: GameNetworkManager /Game/2DSideScrollerCPP/Maps/UEDPIE_0_2DSideScrollerExampleMap.2DSideScrollerExampleMap:PersistentLevel.GameNetworkManager_4 has natively added scene component(s), but none of them were set as the actor's RootComponent - picking one arbitrarily
[2017.05.22-00.02.47:101][686]LogWorld: Bringing up level for play took: 0.004742
[2017.05.22-00.02.47:103][686]PIE: Info Play in editor start time for /Game/2DSideScrollerCPP/Maps/UEDPIE_0_2DSideScrollerExampleMap 1.031
[2017.05.22-00.02.47:103][686]LogBlueprintUserMessages: Late PlayInEditor Detection: Level '/Game/2DSideScrollerCPP/Maps/2DSideScrollerExampleMap.2DSideScrollerExampleMap:PersistentLevel' has LevelScriptBlueprint '/Game/2DSideScrollerCPP/Maps/2DSideScrollerExampleMap.2DSideScrollerExampleMap:PersistentLevel.2DSideScrollerExampleMap' with GeneratedClass '/Game/2DSideScrollerCPP/Maps/2DSideScrollerExampleMap.2DSideScrollerExampleMap_C' with ClassGeneratedBy '/Game/2DSideScrollerCPP/Maps/2DSideScrollerExampleMap.2DSideScrollerExampleMap:PersistentLevel.2DSideScrollerExampleMap'
[2017.05.22-00.02.49:088][922]LogBlueprintUserMessages: Early EndPlayMap Detection: Level '/Game/2DSideScrollerCPP/Maps/2DSideScrollerExampleMap.2DSideScrollerExampleMap:PersistentLevel' has LevelScriptBlueprint '/Game/2DSideScrollerCPP/Maps/2DSideScrollerExampleMap.2DSideScrollerExampleMap:PersistentLevel.2DSideScrollerExampleMap' with GeneratedClass '/Game/2DSideScrollerCPP/Maps/2DSideScrollerExampleMap.2DSideScrollerExampleMap_C' with ClassGeneratedBy '/Game/2DSideScrollerCPP/Maps/2DSideScrollerExampleMap.2DSideScrollerExampleMap:PersistentLevel.2DSideScrollerExampleMap'
[2017.05.22-00.02.49:120][922]LogBlueprintUserMessages: Late EndPlayMap Detection: Level '/Game/2DSideScrollerCPP/Maps/2DSideScrollerExampleMap.2DSideScrollerExampleMap:PersistentLevel' has LevelScriptBlueprint '/Game/2DSideScrollerCPP/Maps/2DSideScrollerExampleMap.2DSideScrollerExampleMap:PersistentLevel.2DSideScrollerExampleMap' with GeneratedClass '/Game/2DSideScrollerCPP/Maps/2DSideScrollerExampleMap.2DSideScrollerExampleMap_C' with ClassGeneratedBy '/Game/2DSideScrollerCPP/Maps/2DSideScrollerExampleMap.2DSideScrollerExampleMap:PersistentLevel.2DSideScrollerExampleMap'
[2017.05.22-00.02.49:171][922]LogParticles: Destroying 0 GPU particle simulations for FXSystem 0x0000024B090FB060
[2017.05.22-00.03.15:692][ 95]LogBlueprintUserMessages: Early PlayInEditor Detection: Level '/Game/2DSideScrollerCPP/Maps/2DSideScrollerExampleMap.2DSideScrollerExampleMap:PersistentLevel' has LevelScriptBlueprint '/Game/2DSideScrollerCPP/Maps/2DSideScrollerExampleMap.2DSideScrollerExampleMap:PersistentLevel.2DSideScrollerExampleMap' with GeneratedClass '/Game/2DSideScrollerCPP/Maps/2DSideScrollerExampleMap.2DSideScrollerExampleMap_C' with ClassGeneratedBy '/Game/2DSideScrollerCPP/Maps/2DSideScrollerExampleMap.2DSideScrollerExampleMap:PersistentLevel.2DSideScrollerExampleMap'
[2017.05.22-00.03.15:692][ 95]LogPlayLevel: PlayLevel: No blueprints needed recompiling
[2017.05.22-00.03.15:693][ 95]PIE: New page: PIE session: 2DSideScrollerExampleMap (May 21, 2017, 12:03:15 PM)
[2017.05.22-00.03.15:693][ 95]LogPlayLevel: Creating play world package: /Game/2DSideScrollerCPP/Maps/UEDPIE_0_2DSideScrollerExampleMap
[2017.05.22-00.03.15:696][ 95]LogPlayLevel: PIE: StaticDuplicateObject took: (0.003371s)
[2017.05.22-00.03.15:697][ 95]LogAIModule: Creating AISystem for world 2DSideScrollerExampleMap
[2017.05.22-00.03.15:697][ 95]LogPlayLevel: PIE: World Init took: (0.000967s)
[2017.05.22-00.03.15:697][ 95]LogPlayLevel: PIE: Created PIE world by copying editor world from /Game/2DSideScrollerCPP/Maps/2DSideScrollerExampleMap.2DSideScrollerExampleMap to /Game/2DSideScrollerCPP/Maps/UEDPIE_0_2DSideScrollerExampleMap.2DSideScrollerExampleMap (0.004593s)
[2017.05.22-00.03.15:719][ 95]LogInit: XAudio2 using 'Speakers (Conexant SmartAudio HD)' : 2 channels at 48 kHz using 32 bits per sample (channel mask 0x3)
[2017.05.22-00.03.15:739][ 95]LogInit: FAudioDevice initialized.
[2017.05.22-00.03.15:770][ 95]LogWorld: Game class is 'ProjectGameMode'
[2017.05.22-00.03.15:775][ 95]LogWorld: Bringing World /Game/2DSideScrollerCPP/Maps/UEDPIE_0_2DSideScrollerExampleMap.2DSideScrollerExampleMap up for play (max tick rate 0) at 2017.05.21-18.03.15
[2017.05.22-00.03.15:775][ 95]LogActor:Warning: GameSession /Game/2DSideScrollerCPP/Maps/UEDPIE_0_2DSideScrollerExampleMap.2DSideScrollerExampleMap:PersistentLevel.GameSession_5 has natively added scene component(s), but none of them were set as the actor's RootComponent - picking one arbitrarily
[2017.05.22-00.03.15:775][ 95]LogActor:Warning: GameNetworkManager /Game/2DSideScrollerCPP/Maps/UEDPIE_0_2DSideScrollerExampleMap.2DSideScrollerExampleMap:PersistentLevel.GameNetworkManager_5 has natively added scene component(s), but none of them were set as the actor's RootComponent - picking one arbitrarily
[2017.05.22-00.03.15:775][ 95]LogWorld: Bringing up level for play took: 0.005125
[2017.05.22-00.03.15:777][ 95]PIE: Info Play in editor start time for /Game/2DSideScrollerCPP/Maps/UEDPIE_0_2DSideScrollerExampleMap -0.295
[2017.05.22-00.03.15:777][ 95]LogBlueprintUserMessages: Late PlayInEditor Detection: Level '/Game/2DSideScrollerCPP/Maps/2DSideScrollerExampleMap.2DSideScrollerExampleMap:PersistentLevel' has LevelScriptBlueprint '/Game/2DSideScrollerCPP/Maps/2DSideScrollerExampleMap.2DSideScrollerExampleMap:PersistentLevel.2DSideScrollerExampleMap' with GeneratedClass '/Game/2DSideScrollerCPP/Maps/2DSideScrollerExampleMap.2DSideScrollerExampleMap_C' with ClassGeneratedBy '/Game/2DSideScrollerCPP/Maps/2DSideScrollerExampleMap.2DSideScrollerExampleMap:PersistentLevel.2DSideScrollerExampleMap'
[2017.05.22-00.04.10:887][701]LogBlueprintUserMessages: Early EndPlayMap Detection: Level '/Game/2DSideScrollerCPP/Maps/2DSideScrollerExampleMap.2DSideScrollerExampleMap:PersistentLevel' has LevelScriptBlueprint '/Game/2DSideScrollerCPP/Maps/2DSideScrollerExampleMap.2DSideScrollerExampleMap:PersistentLevel.2DSideScrollerExampleMap' with GeneratedClass '/Game/2DSideScrollerCPP/Maps/2DSideScrollerExampleMap.2DSideScrollerExampleMap_C' with ClassGeneratedBy '/Game/2DSideScrollerCPP/Maps/2DSideScrollerExampleMap.2DSideScrollerExampleMap:PersistentLevel.2DSideScrollerExampleMap'
[2017.05.22-00.04.10:917][701]LogBlueprintUserMessages: Late EndPlayMap Detection: Level '/Game/2DSideScrollerCPP/Maps/2DSideScrollerExampleMap.2DSideScrollerExampleMap:PersistentLevel' has LevelScriptBlueprint '/Game/2DSideScrollerCPP/Maps/2DSideScrollerExampleMap.2DSideScrollerExampleMap:PersistentLevel.2DSideScrollerExampleMap' with GeneratedClass '/Game/2DSideScrollerCPP/Maps/2DSideScrollerExampleMap.2DSideScrollerExampleMap_C' with ClassGeneratedBy '/Game/2DSideScrollerCPP/Maps/2DSideScrollerExampleMap.2DSideScrollerExampleMap:PersistentLevel.2DSideScrollerExampleMap'
[2017.05.22-00.04.10:940][701]LogParticles: Destroying 0 GPU particle simulations for FXSystem 0x0000024B32CA2200
[2017.05.22-00.04.55:666][ 47]LogEditorViewport: Clicking on Actor (context menu): PaperSpriteActor (Background_Sprite)
[2017.05.22-00.05.06:003][263]LogEditorViewport: Clicking on Actor (LMB): PaperSpriteActor (Background_Sprite)
[2017.05.22-00.05.08:376][500]LogEditorViewport: Clicking on Actor (LMB): PaperSpriteActor (Ledge_13)
[2017.05.22-00.05.09:806][627]LogEditorViewport: Clicking on Actor (context menu): PaperSpriteActor (Ledge_13)
[2017.05.22-00.05.12:981][972]LogEditorViewport: Clicking on Actor (LMB): PaperSpriteActor (Background_Sprite)
[2017.05.22-00.05.14:305][ 84]LogEditorViewport: Clicking on Actor (LMB): ProjectCharacter (TP_2DSideScrollerCharacter)
[2017.05.22-00.05.17:931][417]LogEditorViewport: Clicking on Actor (context menu): ProjectCharacter (TP_2DSideScrollerCharacter)
[2017.05.22-00.05.21:359][776]LogEditorViewport: Clicking on Actor (LMB): PaperSpriteActor (Background_Sprite)
[2017.05.22-00.05.42:632][260]LogEditorViewport: Clicking on Actor (LMB): ProjectCharacter (TP_2DSideScrollerCharacter)
[2017.05.22-00.05.45:312][560]LogEditorViewport: Clicking on Actor (LMB): PaperSpriteActor (Background_Sprite)
[2017.05.22-00.11.22:050][992]LogWindowsTextInputMethodSystem:Display: IME system now deactivated.
[2017.05.22-00.11.22:359][993]Cmd: QUIT_EDITOR
[2017.05.22-00.11.22:856][993]LogExit: Preparing to exit.
[2017.05.22-00.11.23:432][993]LogExit: Editor shut down
[2017.05.22-00.11.23:433][993]LogExit: Transaction tracking system shut down
[2017.05.22-00.11.23:434][993]LogParticles: Destroying 0 GPU particle simulations for FXSystem 0x0000024B06D96A20
[2017.05.22-00.11.23:434][993]LogParticles: Destroying 0 GPU particle simulations for FXSystem 0x0000024B01713C40
[2017.05.22-00.11.23:435][993]LogParticles: Destroying 0 GPU particle simulations for FXSystem 0x0000024B0879F560
[2017.05.22-00.11.23:435][993]LogParticles: Destroying 0 GPU particle simulations for FXSystem 0x0000024B090F98A0
[2017.05.22-00.11.23:568][993]LogExit: Object subsystem successfully closed.
[2017.05.22-00.11.23:580][993]LogD3D11RHI: Shutdown
[2017.05.22-00.11.23:580][993]LogD3D11RHI: CleanupD3DDevice
[2017.05.22-00.11.23:664][993]LogD3D11RHI: ~FD3D11DynamicRHI
[2017.05.22-00.11.23:687][993]LogModuleManager: Shutting down and abandoning module CrashTracker (198)
[2017.05.22-00.11.23:687][993]LogModuleManager: Shutting down and abandoning module SceneOutliner (197)
[2017.05.22-00.11.23:687][993]LogModuleManager: Shutting down and abandoning module SuperSearch (196)
[2017.05.22-00.11.23:687][993]LogModuleManager: Shutting down and abandoning module WidgetCarousel (195)
[2017.05.22-00.11.23:687][993]LogModuleManager: Shutting down and abandoning module AddContentDialog (194)
[2017.05.22-00.11.23:688][993]LogModuleManager: Shutting down and abandoning module EditorWidgets (193)
[2017.05.22-00.11.23:688][993]LogModuleManager: Shutting down and abandoning module CollectionManager (192)
[2017.05.22-00.11.23:688][993]LogModuleManager: Shutting down and abandoning module StatsViewer (191)
[2017.05.22-00.11.23:688][993]LogModuleManager: Shutting down and abandoning module FoliageEdit (190)
[2017.05.22-00.11.23:688][993]LogModuleManager: Shutting down and abandoning module LandscapeEditor (189)
[2017.05.22-00.11.23:688][993]LogModuleManager: Shutting down and abandoning module ActorPickerMode (188)
[2017.05.22-00.11.23:688][993]LogModuleManager: Shutting down and abandoning module GeometryMode (187)
[2017.05.22-00.11.23:688][993]LogModuleManager: Shutting down and abandoning module TextureAlignMode (186)
[2017.05.22-00.11.23:688][993]LogModuleManager: Shutting down and abandoning module BspMode (185)
[2017.05.22-00.11.23:688][993]LogModuleManager: Shutting down and abandoning module PlacementMode (184)
[2017.05.22-00.11.23:688][993]LogModuleManager: Shutting down and abandoning module AutomationWorker (183)
[2017.05.22-00.11.23:688][993]LogModuleManager: Shutting down and abandoning module CharacterAI (182)
[2017.05.22-00.11.23:688][993]LogModuleManager: Shutting down and abandoning module SmartSnapping (181)
[2017.05.22-00.11.23:688][993]LogModuleManager: Shutting down and abandoning module ViewportSnapping (180)
[2017.05.22-00.11.23:688][993]LogModuleManager: Shutting down and abandoning module LogVisualizer (179)
[2017.05.22-00.11.23:688][993]LogModuleManager: Shutting down and abandoning module GameProjectGeneration (178)
[2017.05.22-00.11.23:688][993]LogModuleManager: Shutting down and abandoning module IntroTutorials (177)
[2017.05.22-00.11.23:689][993]LogModuleManager: Shutting down and abandoning module EditorLiveStreaming (176)
[2017.05.22-00.11.23:689][993]LogModuleManager: Shutting down and abandoning module IOSPlatformEditor (175)
[2017.05.22-00.11.23:689][993]LogModuleManager: Shutting down and abandoning module HTML5PlatformEditor (174)
[2017.05.22-00.11.23:689][993]LogModuleManager: Shutting down and abandoning module AndroidDeviceDetection (173)
[2017.05.22-00.11.24:309][993]LogModuleManager: Shutting down and abandoning module AndroidPlatformEditor (172)
[2017.05.22-00.11.24:309][993]LogModuleManager: Shutting down and abandoning module IOSRuntimeSettings (171)
[2017.05.22-00.11.24:309][993]LogModuleManager: Shutting down and abandoning module AndroidRuntimeSettings (170)
[2017.05.22-00.11.24:309][993]LogModuleManager: Shutting down and abandoning module MergeActors (169)
[2017.05.22-00.11.24:309][993]LogModuleManager: Shutting down and abandoning module SizeMap (168)
[2017.05.22-00.11.24:309][993]LogModuleManager: Shutting down and abandoning module TreeMap (167)
[2017.05.22-00.11.24:309][993]LogModuleManager: Shutting down and abandoning module ReferenceViewer (166)
[2017.05.22-00.11.24:309][993]LogModuleManager: Shutting down and abandoning module LocalizationService (165)
[2017.05.22-00.11.24:309][993]LogModuleManager: Shutting down and abandoning module LocalizationDashboard (164)
[2017.05.22-00.11.24:309][993]LogModuleManager: Shutting down and abandoning module HardwareTargeting (163)
[2017.05.22-00.11.24:309][993]LogModuleManager: Shutting down and abandoning module DeviceProfileEditor (162)
[2017.05.22-00.11.24:309][993]LogModuleManager: Shutting down and abandoning module UndoHistory (161)
[2017.05.22-00.11.24:309][993]LogModuleManager: Shutting down and abandoning module GameplayTagsEditor (160)
[2017.05.22-00.11.24:309][993]LogModuleManager: Shutting down and abandoning module UserFeedback (159)
[2017.05.22-00.11.24:309][993]LogModuleManager: Shutting down and abandoning module XmlParser (158)
[2017.05.22-00.11.24:309][993]LogModuleManager: Shutting down and abandoning module Blutility (157)
[2017.05.22-00.11.24:309][993]LogModuleManager: Shutting down and abandoning module ProjectTargetPlatformEditor (156)
[2017.05.22-00.11.24:310][993]LogModuleManager: Shutting down and abandoning module ProjectSettingsViewer (155)
[2017.05.22-00.11.24:310][993]LogModuleManager: Shutting down and abandoning module InputBindingEditor (154)
[2017.05.22-00.11.24:310][993]LogModuleManager: Shutting down and abandoning module EditorSettingsViewer (153)
[2017.05.22-00.11.24:310][993]LogModuleManager: Shutting down and abandoning module SettingsEditor (152)
[2017.05.22-00.11.24:310][993]LogModuleManager: Shutting down and abandoning module ProjectLauncher (151)
[2017.05.22-00.11.24:310][993]LogModuleManager: Shutting down and abandoning module SessionFrontend (150)
[2017.05.22-00.11.24:310][993]LogModuleManager: Shutting down and abandoning module ProfilerClient (149)
[2017.05.22-00.11.24:310][993]LogModuleManager: Shutting down and abandoning module TargetDeviceServices (148)
[2017.05.22-00.11.24:310][993]LogModuleManager: Shutting down and abandoning module DeviceManager (147)
[2017.05.22-00.11.24:310][993]LogModuleManager: Shutting down and abandoning module AutomationController (146)
[2017.05.22-00.11.24:310][993]LogModuleManager: Shutting down and abandoning module AutomationWindow (145)
[2017.05.22-00.11.24:310][993]LogModuleManager: Shutting down and abandoning module Layers (144)
[2017.05.22-00.11.24:310][993]LogModuleManager: Shutting down and abandoning module ComponentVisualizers (143)
[2017.05.22-00.11.24:310][993]LogModuleManager: Shutting down and abandoning module DetailCustomizations (142)
[2017.05.22-00.11.24:310][993]LogModuleManager: Shutting down and abandoning module PackagesDialog (141)
[2017.05.22-00.11.24:310][993]LogModuleManager: Shutting down and abandoning module Persona (140)
[2017.05.22-00.11.24:310][993]LogModuleManager: Shutting down and abandoning module Kismet (139)
[2017.05.22-00.11.24:310][993]LogModuleManager: Shutting down and abandoning module GraphEditor (138)
[2017.05.22-00.11.24:310][993]LogModuleManager: Shutting down and abandoning module ClassViewer (137)
[2017.05.22-00.11.24:310][993]LogModuleManager: Shutting down and abandoning module Toolbox (136)
[2017.05.22-00.11.24:310][993]LogModuleManager: Shutting down and abandoning module ModuleUI (135)
[2017.05.22-00.11.24:310][993]LogModuleManager: Shutting down and abandoning module MovieSceneTools (134)
[2017.05.22-00.11.24:310][993]LogModuleManager: Shutting down and abandoning module OutputLog (133)
[2017.05.22-00.11.24:310][993]LogModuleManager: Shutting down and abandoning module GammaUI (132)
[2017.05.22-00.11.24:310][993]LogModuleManager: Shutting down and abandoning module Documentation (131)
[2017.05.22-00.11.24:310][993]LogModuleManager: Shutting down and abandoning module GameLiveStreaming (130)
[2017.05.22-00.11.24:310][993]LogModuleManager: Shutting down and abandoning module StreamingPauseRendering (129)
[2017.05.22-00.11.24:310][993]LogModuleManager: Shutting down and abandoning module AnalyticsET (128)
[2017.05.22-00.11.24:310][993]LogModuleManager: Shutting down and abandoning module Analytics (127)
[2017.05.22-00.11.24:310][993]LogModuleManager: Shutting down and abandoning module AITestSuite (126)
[2017.05.22-00.11.24:310][993]LogModuleManager: Shutting down and abandoning module GameplayDebugger (125)
[2017.05.22-00.11.24:310][993]LogModuleManager: Shutting down and abandoning module AIModule (124)
[2017.05.22-00.11.24:310][993]LogModuleManager: Shutting down and abandoning module ProfilerService (123)
[2017.05.22-00.11.24:388][993]LogModuleManager: Shutting down and abandoning module TaskGraph (122)
[2017.05.22-00.11.24:389][993]LogModuleManager: Shutting down and abandoning module SlateRemote (121)
[2017.05.22-00.11.24:389][993]LogModuleManager: Shutting down and abandoning module SteamVRController (120)
[2017.05.22-00.11.24:389][993]LogModuleManager: Shutting down and abandoning module SteamVR (119)
[2017.05.22-00.11.24:389][993]LogModuleManager: Shutting down and abandoning module ProceduralMeshComponent (118)
[2017.05.22-00.11.24:389][993]LogModuleManager: Shutting down and abandoning module OculusRift (117)
[2017.05.22-00.11.24:389][993]LogModuleManager: Shutting down and abandoning module OculusLibrary (116)
[2017.05.22-00.11.24:389][993]LogModuleManager: Shutting down and abandoning module LeapMotionController (115)
[2017.05.22-00.11.24:422][993]LogModuleManager: Shutting down and abandoning module CustomMeshComponent (114)
[2017.05.22-00.11.24:422][993]LogModuleManager: Shutting down and abandoning module CableComponent (113)
[2017.05.22-00.11.24:422][993]LogModuleManager: Shutting down and abandoning module ArchVisCharacter (112)
[2017.05.22-00.11.24:422][993]LogModuleManager: Shutting down and abandoning module MessagingDebugger (111)
[2017.05.22-00.11.24:423][993]LogModuleManager: Shutting down and abandoning module MediaPlayerEditor (110)
[2017.05.22-00.11.24:423][993]LogModuleManager: Shutting down and abandoning module HTML5Networking (109)
[2017.05.22-00.11.24:423][993]LogModuleManager: Shutting down and abandoning module SpeedTreeImporter (108)
[2017.05.22-00.11.24:423][993]LogModuleManager: Shutting down and abandoning module PluginBrowser (107)
[2017.05.22-00.11.24:423][993]LogModuleManager: Shutting down and abandoning module EpicSurvey (106)
[2017.05.22-00.11.24:423][993]LogModuleManager: Shutting down and abandoning module DesktopPlatform (105)
[2017.05.22-00.11.24:423][993]LogModuleManager: Shutting down and abandoning module VisualStudioSourceCodeAccess (104)
[2017.05.22-00.11.24:423][993]LogModuleManager: Shutting down and abandoning module UObjectPlugin (103)
[2017.05.22-00.11.24:423][993]LogModuleManager: Shutting down and abandoning module SubversionSourceControl (102)
[2017.05.22-00.11.24:423][993]LogModuleManager: Shutting down and abandoning module PerforceSourceControl (101)
[2017.05.22-00.11.24:423][993]LogModuleManager: Shutting down and abandoning module SourceControl (100)
[2017.05.22-00.11.24:423][993]LogModuleManager: Shutting down and abandoning module GitSourceControl (99)
[2017.05.22-00.11.24:423][993]LogModuleManager: Shutting down and abandoning module LightPropagationVolumeEditor (98)
[2017.05.22-00.11.24:423][993]LogModuleManager: Shutting down and abandoning module PaperTiledImporter (97)
[2017.05.22-00.11.24:423][993]LogModuleManager: Shutting down and abandoning module PaperSpriteSheetImporter (96)
[2017.05.22-00.11.24:423][993]LogModuleManager: Shutting down and abandoning module MeshPaint (95)
[2017.05.22-00.11.24:423][993]LogModuleManager: Shutting down and abandoning module SlateReflector (94)
[2017.05.22-00.11.24:423][993]LogModuleManager: Shutting down and abandoning module HotReload (93)
[2017.05.22-00.11.24:423][993]LogModuleManager: Shutting down and abandoning module MainFrame (92)
[2017.05.22-00.11.24:423][993]LogModuleManager: Shutting down and abandoning module LevelEditor (91)
[2017.05.22-00.11.24:424][993]LogModuleManager: Shutting down and abandoning module DirectoryWatcher (90)
[2017.05.22-00.11.24:424][993]LogModuleManager: Shutting down and abandoning module AssetRegistry (89)
[2017.05.22-00.11.24:490][993]LogModuleManager: Shutting down and abandoning module ContentBrowser (88)
[2017.05.22-00.11.24:491][993]LogModuleManager: Shutting down and abandoning module Paper2DEditor (87)
[2017.05.22-00.11.24:491][993]LogModuleManager: Shutting down and abandoning module Project (86)
[2017.05.22-00.11.24:491][993]LogModuleManager: Shutting down and abandoning module UdpMessaging (85)
[2017.05.22-00.11.24:592][993]LogModuleManager: Shutting down and abandoning module LightPropagationVolumeRuntime (84)
[2017.05.22-00.11.24:592][993]LogModuleManager: Shutting down and abandoning module Paper2D (83)
[2017.05.22-00.11.24:592][993]LogModuleManager: Shutting down and abandoning module WindowsMoviePlayer (82)
[2017.05.22-00.11.24:597][993]LogModuleManager: Shutting down and abandoning module Media (81)
[2017.05.22-00.11.24:598][993]LogModuleManager: Shutting down and abandoning module WmfMedia (80)
[2017.05.22-00.11.24:598][993]LogModuleManager: Shutting down and abandoning module OnlineBlueprintSupport (79)
[2017.05.22-00.11.24:598][993]LogModuleManager: Shutting down and abandoning module GameplayTasksEditor (78)
[2017.05.22-00.11.24:598][993]LogModuleManager: Shutting down and abandoning module PropertyEditor (77)
[2017.05.22-00.11.24:598][993]LogModuleManager: Shutting down and abandoning module BehaviorTreeEditor (76)
[2017.05.22-00.11.24:598][993]LogModuleManager: Shutting down and abandoning module FunctionalTesting (75)
[2017.05.22-00.11.24:598][993]LogModuleManager: Shutting down and abandoning module CollisionAnalyzer (74)
[2017.05.22-00.11.24:598][993]LogModuleManager: Shutting down and abandoning module WorkspaceMenuStructure (73)
[2017.05.22-00.11.24:598][993]LogModuleManager: Shutting down and abandoning module MessageLog (72)
[2017.05.22-00.11.24:598][993]LogModuleManager: Shutting down and abandoning module Sequencer (71)
[2017.05.22-00.11.24:598][993]LogModuleManager: Shutting down and abandoning module AssetTools (70)
[2017.05.22-00.11.24:598][993]LogModuleManager: Shutting down and abandoning module UMGEditor (69)
[2017.05.22-00.11.24:598][993]LogModuleManager: Shutting down and abandoning module UMG (68)
[2017.05.22-00.11.24:598][993]LogModuleManager: Shutting down and abandoning module Slate (67)
[2017.05.22-00.11.24:599][993]LogModuleManager: Shutting down and abandoning module EditorStyle (66)
[2017.05.22-00.11.24:605][993]LogModuleManager: Shutting down and abandoning module SessionServices (65)
[2017.05.22-00.11.24:605][993]LogModuleManager: Shutting down and abandoning module SourceCodeAccess (64)
[2017.05.22-00.11.24:605][993]LogModuleManager: Shutting down and abandoning module HeadMountedDisplay (63)
[2017.05.22-00.11.24:605][993]LogModuleManager: Shutting down and abandoning module XAudio2 (62)
[2017.05.22-00.11.24:605][993]LogModuleManager: Shutting down and abandoning module Networking (60)
[2017.05.22-00.11.24:605][993]LogModuleManager: Shutting down and abandoning module Core (59)
[2017.05.22-00.11.24:605][993]LogModuleManager: Shutting down and abandoning module KismetCompiler (58)
[2017.05.22-00.11.24:605][993]LogModuleManager: Shutting down and abandoning module PhysXFormats (57)
[2017.05.22-00.11.24:605][993]LogModuleManager: Shutting down and abandoning module MeshUtilities (56)
[2017.05.22-00.11.24:605][993]LogModuleManager: Shutting down and abandoning module CookingStats (55)
[2017.05.22-00.11.24:606][993]LogModuleManager: Shutting down and abandoning module DerivedDataCache (54)
[2017.05.22-00.11.24:614][993]LogDerivedDataCache: Shutdown
[2017.05.22-00.11.24:614][993]LogModuleManager: Shutting down and abandoning module ShaderFormatOpenGL (53)
[2017.05.22-00.11.24:614][993]LogModuleManager: Shutting down and abandoning module ShaderFormatD3D (52)
[2017.05.22-00.11.24:614][993]LogModuleManager: Shutting down and abandoning module MetalShaderFormat (51)
[2017.05.22-00.11.24:614][993]LogModuleManager: Shutting down and abandoning module TextureFormatUncompressed (50)
[2017.05.22-00.11.24:614][993]LogModuleManager: Shutting down and abandoning module TextureFormatPVR (49)
[2017.05.22-00.11.24:614][993]LogModuleManager: Shutting down and abandoning module TextureFormatIntelISPCTexComp (48)
[2017.05.22-00.11.24:614][993]LogModuleManager: Shutting down and abandoning module TextureFormatDXT (47)
[2017.05.22-00.11.24:614][993]LogModuleManager: Shutting down and abandoning module ImageWrapper (46)
[2017.05.22-00.11.24:614][993]LogModuleManager: Shutting down and abandoning module TextureFormatASTC (45)
[2017.05.22-00.11.24:614][993]LogModuleManager: Shutting down and abandoning module TextureFormatAndroid (44)
[2017.05.22-00.11.24:614][993]LogModuleManager: Shutting down and abandoning module AudioFormatOpus (43)
[2017.05.22-00.11.24:614][993]LogModuleManager: Shutting down and abandoning module AudioFormatOgg (42)
[2017.05.22-00.11.24:614][993]LogModuleManager: Shutting down and abandoning module AudioFormatADPCM (41)
[2017.05.22-00.11.24:614][993]LogModuleManager: Shutting down and abandoning module LinuxTargetPlatform (40)
[2017.05.22-00.11.24:614][993]LogModuleManager: Shutting down and abandoning module LinuxServerTargetPlatform (39)
[2017.05.22-00.11.24:614][993]LogModuleManager: Shutting down and abandoning module LinuxNoEditorTargetPlatform (38)
[2017.05.22-00.11.24:614][993]LogModuleManager: Shutting down and abandoning module Messaging (37)
[2017.05.22-00.11.24:614][993]LogModuleManager: Shutting down and abandoning module IOSTargetPlatform (36)
[2017.05.22-00.11.24:614][993]LogModuleManager: Shutting down and abandoning module HTML5TargetPlatform (35)
[2017.05.22-00.11.24:615][993]LogModuleManager: Shutting down and abandoning module Android_PVRTCTargetPlatform (34)
[2017.05.22-00.11.24:615][993]LogModuleManager: Shutting down and abandoning module Android_ETC2TargetPlatform (33)
[2017.05.22-00.11.24:615][993]LogModuleManager: Shutting down and abandoning module Android_ETC1TargetPlatform (32)
[2017.05.22-00.11.24:615][993]LogModuleManager: Shutting down and abandoning module Android_DXTTargetPlatform (31)
[2017.05.22-00.11.24:615][993]LogModuleManager: Shutting down and abandoning module Android_ATCTargetPlatform (30)
[2017.05.22-00.11.24:615][993]LogModuleManager: Shutting down and abandoning module Android_ASTCTargetPlatform (29)
[2017.05.22-00.11.24:615][993]LogModuleManager: Shutting down and abandoning module AndroidTargetPlatform (28)
[2017.05.22-00.11.24:615][993]LogModuleManager: Shutting down and abandoning module WindowsTargetPlatform (27)
[2017.05.22-00.11.24:615][993]LogModuleManager: Shutting down and abandoning module WindowsServerTargetPlatform (26)
[2017.05.22-00.11.24:615][993]LogModuleManager: Shutting down and abandoning module WindowsNoEditorTargetPlatform (25)
[2017.05.22-00.11.24:615][993]LogModuleManager: Shutting down and abandoning module WindowsClientTargetPlatform (24)
[2017.05.22-00.11.24:615][993]LogModuleManager: Shutting down and abandoning module AllDesktopTargetPlatform (23)
[2017.05.22-00.11.24:615][993]LogModuleManager: Shutting down and abandoning module TargetPlatform (22)
[2017.05.22-00.11.24:615][993]LogModuleManager: Shutting down and abandoning module InputCore (21)
[2017.05.22-00.11.24:615][993]LogModuleManager: Shutting down and abandoning module Settings (20)
[2017.05.22-00.11.24:615][993]LogModuleManager: Shutting down and abandoning module OnlineSubsystem (18)
[2017.05.22-00.11.24:615][993]LogModuleManager: Shutting down and abandoning module HTTP (17)
[2017.05.22-00.11.26:619][993]LogModuleManager: Shutting down and abandoning module XMPP (16)
[2017.05.22-00.11.26:619][993]LogModuleManager: Shutting down and abandoning module ExampleDeviceProfileSelector (15)
[2017.05.22-00.11.26:619][993]LogModuleManager: Shutting down and abandoning module TextureCompressor (14)
[2017.05.22-00.11.26:619][993]LogModuleManager: Shutting down and abandoning module ShaderCore (13)
[2017.05.22-00.11.26:619][993]LogModuleManager: Shutting down and abandoning module Landscape (12)
[2017.05.22-00.11.26:619][993]LogModuleManager: Shutting down and abandoning module SlateRHIRenderer (11)
[2017.05.22-00.11.26:621][993]LogModuleManager: Shutting down and abandoning module OpenGLDrv (10)
[2017.05.22-00.11.26:621][993]LogModuleManager: Shutting down and abandoning module D3D11RHI (9)
[2017.05.22-00.11.26:621][993]LogModuleManager: Shutting down and abandoning module AnimGraphRuntime (8)
[2017.05.22-00.11.26:621][993]LogModuleManager: Shutting down and abandoning module Renderer (7)
[2017.05.22-00.11.26:621][993]LogModuleManager: Shutting down and abandoning module Engine (6)
[2017.05.22-00.11.26:621][993]LogModuleManager: Shutting down and abandoning module CoreUObject (5)
[2017.05.22-00.11.26:621][993]LogModuleManager: Shutting down and abandoning module NetworkFile (4)
[2017.05.22-00.11.26:621][993]LogModuleManager: Shutting down and abandoning module StreamingFile (3)
[2017.05.22-00.11.26:621][993]LogModuleManager: Shutting down and abandoning module SandboxFile (2)
[2017.05.22-00.11.26:621][993]LogModuleManager: Shutting down and abandoning module PakFile (1)
[2017.05.22-00.11.26:622][993]LogExit: Exiting.
[2017.05.22-00.11.26:623][993]Log file closed, 05/21/17 18:11:26
