[2017.05.25-15.28.44:226][  0]Log file open, 05/25/17 09:28:44
[2017.05.25-15.28.44:226][  0]LogInit:Display: Running engine for game: Project
[2017.05.25-15.28.44:226][  0]LogInit:Display: RandInit(-937566967) SRandInit(-937566967).
[2017.05.25-15.28.44:226][  0]LogTaskGraph: Started task graph with 4 named threads and 5 total threads.
[2017.05.25-15.28.44:226][  0]LogStats: Stats thread started at 0.067971
[2017.05.25-15.28.44:226][  0]LogInit: Version: 4.9.2-2707645+++depot+UE4-Releases+4.9
[2017.05.25-15.28.44:226][  0]LogInit: API Version: 2672455
[2017.05.25-15.28.44:226][  0]LogInit: Compiled (64-bit): Sep 28 2015 10:25:44
[2017.05.25-15.28.44:226][  0]LogInit: Compiled with Visual C++: 18.00.21005.01
[2017.05.25-15.28.44:226][  0]LogInit: Build Configuration: Development
[2017.05.25-15.28.44:226][  0]LogInit: Branch Name: ++depot+UE4-Releases+4.9
[2017.05.25-15.28.44:226][  0]LogInit: Command line: -EpicPortal 
[2017.05.25-15.28.44:226][  0]LogInit: Base directory: C:/Program Files/Epic Games/UE_4.9/Engine/Binaries/Win64/
[2017.05.25-15.28.44:226][  0]LogInit: Rocket: 1
[2017.05.25-15.28.44:239][  0]LogInit: Using libcurl 7.41.0
[2017.05.25-15.28.44:239][  0]LogInit:  - built for x86_64-pc-win32
[2017.05.25-15.28.44:239][  0]LogInit:  - supports SSL with WinSSL
[2017.05.25-15.28.44:239][  0]LogInit:  - other features:
[2017.05.25-15.28.44:239][  0]LogInit:      CURL_VERSION_SSL
[2017.05.25-15.28.44:239][  0]LogInit:      CURL_VERSION_IPV6
[2017.05.25-15.28.44:239][  0]LogInit:      CURL_VERSION_ASYNCHDNS
[2017.05.25-15.28.44:239][  0]LogInit:      CURL_VERSION_LARGEFILE
[2017.05.25-15.28.44:239][  0]LogInit:      CURL_VERSION_IDN
[2017.05.25-15.28.44:239][  0]LogInit:  CurlRequestOptions (configurable via config and command line):
[2017.05.25-15.28.44:239][  0]LogInit:  - bVerifyPeer = true  - Libcurl will verify peer certificate
[2017.05.25-15.28.44:239][  0]LogInit:  - bUseHttpProxy = false  - Libcurl will NOT use HTTP proxy
[2017.05.25-15.28.44:239][  0]LogInit:  - bDontReuseConnections = false  - Libcurl will reuse connections
[2017.05.25-15.28.44:239][  0]LogInit:  - CertBundlePath = nullptr  - Libcurl will use whatever was configured at build time.
[2017.05.25-15.28.44:247][  0]LogInit: Presizing for 0 objects not considered by GC, pre-allocating 0 bytes.
[2017.05.25-15.28.44:254][  0]LogInit: Object subsystem initialized
[2017.05.25-15.28.44:255][  0]LogInit: Selected Device Profile: [Windows]
[2017.05.25-15.28.44:255][  0]LogInit: Applying CVar settings loaded from the selected device profile: [Windows]
[2017.05.25-15.28.44:264][  0]LogInit: Computer: LAPTOP-CAFDGQ8I
[2017.05.25-15.28.44:264][  0]LogInit: User: ericn
[2017.05.25-15.28.44:264][  0]LogInit: CPU Page size=4096, Cores=2
[2017.05.25-15.28.44:264][  0]LogInit: High frequency timer resolution =2.531250 MHz
[2017.05.25-15.28.44:264][  0]LogMemory: Memory total: Physical=7.9GB (8GB approx)
[2017.05.25-15.28.44:264][  0]LogMemory: Platform Memory Stats for Windows
[2017.05.25-15.28.44:264][  0]LogMemory: Process Physical Memory: 54.45 MB used, 54.45 MB peak
[2017.05.25-15.28.44:264][  0]LogMemory: Process Virtual Memory: 57.14 MB used, 57.14 MB peak
[2017.05.25-15.28.44:264][  0]LogMemory: Physical Memory: 4442.29 MB used, 8056.07 MB total
[2017.05.25-15.28.44:264][  0]LogMemory: Virtual Memory: 370.95 MB used, 134217728.00 MB total
[2017.05.25-15.28.44:307][  0]LogTextLocalizationManager: No specific translations for ('en-US') exist, so ('en') translations will be used.
[2017.05.25-15.28.45:131][  0]LogD3D11RHI: Found D3D11 adapter 0: NVIDIA GeForce GTX 960M (Feature Level 11_0)
[2017.05.25-15.28.45:131][  0]LogD3D11RHI: Adapter has 2018MB of dedicated video memory, 0MB of dedicated system memory, and 4028MB of shared system memory, 1 output[s]
[2017.05.25-15.28.45:140][  0]LogD3D11RHI: Found D3D11 adapter 1: Intel(R) HD Graphics 520 (Feature Level 11_0)
[2017.05.25-15.28.45:140][  0]LogD3D11RHI: Adapter has 128MB of dedicated video memory, 0MB of dedicated system memory, and 4028MB of shared system memory, 0 output[s]
[2017.05.25-15.28.45:141][  0]LogD3D11RHI: Found D3D11 adapter 2: Microsoft Basic Render Driver (Feature Level 11_0)
[2017.05.25-15.28.45:142][  0]LogD3D11RHI: Adapter has 0MB of dedicated video memory, 0MB of dedicated system memory, and 4028MB of shared system memory, 0 output[s]
[2017.05.25-15.28.45:142][  0]LogD3D11RHI: Chosen D3D11 Adapter Id = 0
[2017.05.25-15.28.45:148][  0]LogD3D11RHI: !Direct3DDevice
[2017.05.25-15.28.45:148][  0]LogRHI: Texture pool is 1361 MB (70% of 1945 MB)
[2017.05.25-15.28.45:165][  0]LogD3D11RHI: Async texture creation enabled
[2017.05.25-15.28.45:177][  0]LogShaderCompilers: Guid format shader working directory is 14 characters bigger than the processId version (../../../../../../Users/ericn/OneDrive/Documents/GitHub/Project2/Project/Intermediate/Shaders/WorkingDirectory/10104/).
[2017.05.25-15.28.45:177][  0]LogShaderCompilers: Cleaned the shader compiler working directory '../../../../../../Users/ericn/OneDrive/Documents/GitHub/Project2/Project/Intermediate/Shaders/tmp/085008D84E6905E16F7DE2BA31AC2D91/'.
[2017.05.25-15.28.45:177][  0]LogShaderCompilers:Display: Using Local Shader Compiler.
[2017.05.25-15.28.46:335][  0]LogTemp:Display: Loaded TP AllDesktopTargetPlatform
[2017.05.25-15.28.46:341][  0]LogTemp:Display: Loaded TP WindowsClientTargetPlatform
[2017.05.25-15.28.46:347][  0]LogTemp:Display: Loaded TP WindowsNoEditorTargetPlatform
[2017.05.25-15.28.46:354][  0]LogTemp:Display: Loaded TP WindowsServerTargetPlatform
[2017.05.25-15.28.46:359][  0]LogTemp:Display: Loaded TP WindowsTargetPlatform
[2017.05.25-15.28.46:363][  0]LogTemp:Display: Loaded TP AndroidTargetPlatform
[2017.05.25-15.28.46:367][  0]LogTemp:Display: Loaded TP Android_ASTCTargetPlatform
[2017.05.25-15.28.46:371][  0]LogTemp:Display: Loaded TP Android_ATCTargetPlatform
[2017.05.25-15.28.46:375][  0]LogTemp:Display: Loaded TP Android_DXTTargetPlatform
[2017.05.25-15.28.46:380][  0]LogTemp:Display: Loaded TP Android_ETC1TargetPlatform
[2017.05.25-15.28.46:384][  0]LogTemp:Display: Loaded TP Android_ETC2TargetPlatform
[2017.05.25-15.28.46:388][  0]LogTemp:Display: Loaded TP Android_PVRTCTargetPlatform
[2017.05.25-15.28.46:389][  0]LogTemp:Display: Loaded TP HTML5TargetPlatform
[2017.05.25-15.28.46:408][  0]LogTemp:Display: Loaded TP IOSTargetPlatform
[2017.05.25-15.28.46:412][  0]LogTemp:Display: Loaded TP LinuxNoEditorTargetPlatform
[2017.05.25-15.28.46:416][  0]LogTemp:Display: Loaded TP LinuxServerTargetPlatform
[2017.05.25-15.28.46:421][  0]LogTemp:Display: Loaded TP LinuxTargetPlatform
[2017.05.25-15.28.46:421][  0]LogTargetPlatformManager:Display: Building Assets For Windows
[2017.05.25-15.28.46:540][  0]LogDerivedDataCache:Display: Max Cache Size: 512 MB
[2017.05.25-15.28.46:596][  0]LogDerivedDataCache: Loaded boot cache 0.06s 42MB C:/Users/ericn/AppData/Local/UnrealEngine/4.9/DerivedDataCache/Boot.ddc.
[2017.05.25-15.28.46:596][  0]LogDerivedDataCache:Display: Loaded Boot cache: C:/Users/ericn/AppData/Local/UnrealEngine/4.9/DerivedDataCache/Boot.ddc
[2017.05.25-15.28.46:596][  0]LogDerivedDataCache: FDerivedDataBackendGraph:  Pak pak cache file ../../../../../../Users/ericn/OneDrive/Documents/GitHub/Project2/Project/DerivedDataCache/DDC.ddp not found, will not use a pak cache.
[2017.05.25-15.28.46:596][  0]LogDerivedDataCache: Unable to find inner node Pak for hierarchical cache Hierarchy.
[2017.05.25-15.28.46:596][  0]LogDerivedDataCache: FDerivedDataBackendGraph:  CompressedPak pak cache file ../../../../../../Users/ericn/OneDrive/Documents/GitHub/Project2/Project/DerivedDataCache/Compressed.ddp not found, will not use a pak cache.
[2017.05.25-15.28.46:596][  0]LogDerivedDataCache: Unable to find inner node CompressedPak for hierarchical cache Hierarchy.
[2017.05.25-15.28.46:746][  0]LogDerivedDataCache:Display: Pak cache opened for reading ../../../Engine/DerivedDataCache/Compressed.ddp.
[2017.05.25-15.28.46:758][  0]LogDerivedDataCache: Using Local data cache path C:/Users/ericn/AppData/Local/UnrealEngine/Common/DerivedDataCache: Writable
[2017.05.25-15.28.46:995][  0]LogInit: Selected Device Profile: [Windows]
[2017.05.25-15.28.46:998][  0]LogContentStreaming: Texture pool size is 0.000000MB
[2017.05.25-15.28.47:126][  0]LogMeshUtilities: No automatic mesh reduction module available
[2017.05.25-15.28.47:126][  0]LogMeshUtilities: No automatic mesh merging module available
[2017.05.25-15.28.47:388][  0]LogInit: WinSock: version 1.1 (2.2), MaxSocks=32767, MaxUdp=65467
[2017.05.25-15.28.48:268][  0]UdpMessaging: Initializing bridge on interface 0.0.0.0:0 to multicast group 230.0.0.1:6666.
[2017.05.25-15.28.48:463][  0]LogAssetRegistry: FAssetRegistry took 0.0114 seconds to start up
[2017.05.25-15.28.48:671][  0]SourceControl: Info Source control is disabled
[2017.05.25-15.28.48:672][  0]SourceControl: Info Source control is disabled
[2017.05.25-15.28.48:691][  0]SourceControl: Info Source control is disabled
[2017.05.25-15.28.48:707][  0]SourceControl: Info Source control is disabled
[2017.05.25-15.28.48:888][  0]LogLinker:Warning: Asset '../../../Engine/Plugins/Runtime/LeapMotionController/Content/LM_PassthroughMaterial.uasset' has been saved with empty engine version. The asset will be loaded but may be incompatible.
[2017.05.25-15.28.48:986][  0]LogObj: 28455 objects as part of root set at end of initial load.
[2017.05.25-15.28.48:986][  0]LogUObjectAllocator: 6088736 out of 0 bytes used by permanent object pool.
[2017.05.25-15.28.49:060][  0]LogEngine: Initializing Engine...
[2017.05.25-15.28.49:063][  0]LogHMD: Can't find Oculus library dev build: is proper Runtime installed? Version: 0.7.0.0
[2017.05.25-15.28.49:077][  0]LogHMD: SteamVR failed to initialize.  Err: 110
[2017.05.25-15.28.49:218][  0]LogAIModule: Creating AISystem for world NewWorld
[2017.05.25-15.28.49:223][  0]LogInit: XAudio2 using 'Speakers (Conexant SmartAudio HD)' : 2 channels at 48 kHz using 32 bits per sample (channel mask 0x3)
[2017.05.25-15.28.49:289][  0]LogInit: FAudioDevice initialized.
[2017.05.25-15.28.49:317][  0]LogDerivedDataCache: Saved boot cache 0.03s 42MB C:/Users/ericn/AppData/Local/UnrealEngine/4.9/DerivedDataCache/Boot.ddc.
[2017.05.25-15.28.49:322][  0]LogInit: Texture streaming: Enabled
[2017.05.25-15.28.49:328][  0]LogAnalytics: Creating configured Analytics provider AnalyticsET
[2017.05.25-15.28.49:328][  0]LogAnalytics: [UEEditor.Rocket.Release] APIServer = http://et2.epicgames.com/ET2/. AppVersion = 4.9.2-2707645+++depot+UE4-Releases+4.9
[2017.05.25-15.28.49:328][  0]LogAnalytics: [UEEditor.Rocket.Release] SetUserId cd6bfa6044883b0d06de64be863c488d|81db3aebfd8c43b0b13c2e2363feaee1|eb334693-2a2a-4861-9755-6aac685e70fb
[2017.05.25-15.28.49:328][  0]LogAnalytics: [UEEditor.Rocket.Release] AnalyticsET::StartSession
[2017.05.25-15.28.49:346][  0]LogWindowsTextInputMethodSystem:Display: IME system now deactivated.
[2017.05.25-15.28.49:375][  0]LogInit: Transaction tracking system initialized
[2017.05.25-15.28.49:408][  0]BlueprintLog: New page: Editor Load
[2017.05.25-15.28.49:593][  0]LocalizationService: Info Localization service is disabled
[2017.05.25-15.28.49:729][  0]LogConsoleResponse:Display: 
[2017.05.25-15.28.49:882][  0]LogFileCache: Scanning file cache for directory 'C:/Users/ericn/OneDrive/Documents/GitHub/Project2/Project/Content/' took 0.01s
[2017.05.25-15.28.49:882][  0]LogCook:Display: Done creating registry. It took  0.00s.
[2017.05.25-15.28.49:964][  0]SourceControl: Info Source control is disabled
[2017.05.25-15.28.49:964][  0]Cmd: MAP LOAD FILE="../../../../../../Users/ericn/OneDrive/Documents/GitHub/Project2/Project/Content/2DSideScrollerCPP/Maps/2DSideScrollerExampleMap.umap" TEMPLATE=0 SHOWPROGRESS=1 FEATURELEVEL=3
[2017.05.25-15.28.49:965][  0]LightingResults: New page: Lighting Build
[2017.05.25-15.28.49:968][  0]MapCheck: New page: Map Check
[2017.05.25-15.28.49:968][  0]LightingResults: New page: Lighting Build
[2017.05.25-15.28.49:988][  0]LogParticles: Destroying 0 GPU particle simulations for FXSystem 0x000002112672F420
[2017.05.25-15.28.50:046][  0]LogAIModule: Creating AISystem for world 2DSideScrollerExampleMap
[2017.05.25-15.28.50:053][  0]LogEditorServer: Finished looking for orphan Actors (0.000 secs)
[2017.05.25-15.28.50:054][  0]Cmd: MAP CHECKDEP NOCLEARLOG
[2017.05.25-15.28.50:125][  0]MapCheck: Info Map check complete: 0 Error(s), 0 Warning(s), took 70.886ms to complete.
[2017.05.25-15.28.50:125][  0]LogFileHelpers: Loading map '2DSideScrollerExampleMap' took 0.161
[2017.05.25-15.28.50:424][  0]LogCollectionManager: Loaded 0 collections in 0.016365 seconds
[2017.05.25-15.28.50:511][  0]LogFileCache: Scanning file cache for directory 'C:/Users/ericn/OneDrive/Documents/GitHub/Project2/Project/Saved/Collections/' took 0.01s
[2017.05.25-15.28.50:511][  0]LogFileCache: Scanning file cache for directory 'C:/Users/ericn/OneDrive/Documents/GitHub/Project2/Project/Content/Developers/ericn/Collections/' took 0.01s
[2017.05.25-15.28.50:511][  0]LogFileCache: Scanning file cache for directory 'C:/Users/ericn/OneDrive/Documents/GitHub/Project2/Project/Content/Collections/' took 0.01s
[2017.05.25-15.28.50:511][  0]LogContentBrowser: Native class hierarchy populated in 0.0319 seconds. Added 1873 classes and 335 folders.
[2017.05.25-15.28.50:534][  0]LogCollectionManager: Rebuilt the GUID cache for 0 collections in 0.000003 seconds
[2017.05.25-15.28.50:553][  0]LogContentBrowser: Native class hierarchy updated for 'WidgetCarousel' in 0.0019 seconds. Added 0 classes and 0 folders.
[2017.05.25-15.28.50:705][  0]LogContentBrowser: Native class hierarchy updated for 'AddContentDialog' in 0.0013 seconds. Added 0 classes and 0 folders.
[2017.05.25-15.28.50:719][  0]LogContentBrowser: Native class hierarchy updated for 'SceneOutliner' in 0.0021 seconds. Added 1 classes and 2 folders.
[2017.05.25-15.28.50:789][  0]LogCrashTracker: Crashtracker disabled due to settings.
[2017.05.25-15.28.50:801][  0]LogUObjectGlobals:Warning: Failed to find object 'Class None.'
[2017.05.25-15.28.50:824][  0]LogLoad: Full Startup: 7.63 seconds (BP compile: 0.01 seconds)
[2017.05.25-15.28.50:889][  0]LogContentStreaming: Texture pool size now 1000 MB
[2017.05.25-15.28.51:068][  0]LogRenderer: Reallocating scene render targets to support 964x440 (Frame:2).
[2017.05.25-15.28.51:892][  3]LogAssetRegistry: Asset discovery search completed in 3.4407 seconds
[2017.05.25-15.28.51:892][  3]LogCollectionManager: Rebuilt the object cache for 0 collections in 0.000001 seconds (found 0 objects)
[2017.05.25-15.28.51:892][  3]LogCollectionManager: Fixed up redirectors for 0 collections in 0.000027 seconds (updated 0 objects)
[2017.05.25-15.28.57:007][434]LogBlueprintUserMessages: Early PlayInEditor Detection: Level '/Game/2DSideScrollerCPP/Maps/2DSideScrollerExampleMap.2DSideScrollerExampleMap:PersistentLevel' has LevelScriptBlueprint '/Game/2DSideScrollerCPP/Maps/2DSideScrollerExampleMap.2DSideScrollerExampleMap:PersistentLevel.2DSideScrollerExampleMap' with GeneratedClass '/Game/2DSideScrollerCPP/Maps/2DSideScrollerExampleMap.2DSideScrollerExampleMap_C' with ClassGeneratedBy '/Game/2DSideScrollerCPP/Maps/2DSideScrollerExampleMap.2DSideScrollerExampleMap:PersistentLevel.2DSideScrollerExampleMap'
[2017.05.25-15.28.57:007][434]LogPlayLevel: PlayLevel: No blueprints needed recompiling
[2017.05.25-15.28.57:009][434]PIE: New page: PIE session: 2DSideScrollerExampleMap (May 25, 2017, 3:28:57 AM)
[2017.05.25-15.28.57:009][434]LogPlayLevel: Creating play world package: /Game/2DSideScrollerCPP/Maps/UEDPIE_0_2DSideScrollerExampleMap
[2017.05.25-15.28.57:014][434]LogPlayLevel: PIE: StaticDuplicateObject took: (0.004632s)
[2017.05.25-15.28.57:015][434]LogAIModule: Creating AISystem for world 2DSideScrollerExampleMap
[2017.05.25-15.28.57:015][434]LogPlayLevel: PIE: World Init took: (0.000789s)
[2017.05.25-15.28.57:015][434]LogPlayLevel: PIE: Created PIE world by copying editor world from /Game/2DSideScrollerCPP/Maps/2DSideScrollerExampleMap.2DSideScrollerExampleMap to /Game/2DSideScrollerCPP/Maps/UEDPIE_0_2DSideScrollerExampleMap.2DSideScrollerExampleMap (0.005735s)
[2017.05.25-15.28.57:042][434]LogInit: XAudio2 using 'Speakers (Conexant SmartAudio HD)' : 2 channels at 48 kHz using 32 bits per sample (channel mask 0x3)
[2017.05.25-15.28.57:062][434]LogInit: FAudioDevice initialized.
[2017.05.25-15.28.57:116][434]LogWorld: Game class is 'ProjectGameMode'
[2017.05.25-15.28.57:123][434]LogWorld: Bringing World /Game/2DSideScrollerCPP/Maps/UEDPIE_0_2DSideScrollerExampleMap.2DSideScrollerExampleMap up for play (max tick rate 0) at 2017.05.25-09.28.57
[2017.05.25-15.28.57:123][434]LogActor:Warning: GameSession /Game/2DSideScrollerCPP/Maps/UEDPIE_0_2DSideScrollerExampleMap.2DSideScrollerExampleMap:PersistentLevel.GameSession_0 has natively added scene component(s), but none of them were set as the actor's RootComponent - picking one arbitrarily
[2017.05.25-15.28.57:123][434]LogActor:Warning: GameNetworkManager /Game/2DSideScrollerCPP/Maps/UEDPIE_0_2DSideScrollerExampleMap.2DSideScrollerExampleMap:PersistentLevel.GameNetworkManager_0 has natively added scene component(s), but none of them were set as the actor's RootComponent - picking one arbitrarily
[2017.05.25-15.28.57:124][434]LogWorld: Bringing up level for play took: 0.005742
[2017.05.25-15.28.57:145][434]PIE: Info Play in editor start time for /Game/2DSideScrollerCPP/Maps/UEDPIE_0_2DSideScrollerExampleMap -0.382
[2017.05.25-15.28.57:145][434]LogBlueprintUserMessages: Late PlayInEditor Detection: Level '/Game/2DSideScrollerCPP/Maps/2DSideScrollerExampleMap.2DSideScrollerExampleMap:PersistentLevel' has LevelScriptBlueprint '/Game/2DSideScrollerCPP/Maps/2DSideScrollerExampleMap.2DSideScrollerExampleMap:PersistentLevel.2DSideScrollerExampleMap' with GeneratedClass '/Game/2DSideScrollerCPP/Maps/2DSideScrollerExampleMap.2DSideScrollerExampleMap_C' with ClassGeneratedBy '/Game/2DSideScrollerCPP/Maps/2DSideScrollerExampleMap.2DSideScrollerExampleMap:PersistentLevel.2DSideScrollerExampleMap'
[2017.05.25-15.29.23:173][545]LogBlueprintUserMessages: Early EndPlayMap Detection: Level '/Game/2DSideScrollerCPP/Maps/2DSideScrollerExampleMap.2DSideScrollerExampleMap:PersistentLevel' has LevelScriptBlueprint '/Game/2DSideScrollerCPP/Maps/2DSideScrollerExampleMap.2DSideScrollerExampleMap:PersistentLevel.2DSideScrollerExampleMap' with GeneratedClass '/Game/2DSideScrollerCPP/Maps/2DSideScrollerExampleMap.2DSideScrollerExampleMap_C' with ClassGeneratedBy '/Game/2DSideScrollerCPP/Maps/2DSideScrollerExampleMap.2DSideScrollerExampleMap:PersistentLevel.2DSideScrollerExampleMap'
[2017.05.25-15.29.23:219][545]LogBlueprintUserMessages: Late EndPlayMap Detection: Level '/Game/2DSideScrollerCPP/Maps/2DSideScrollerExampleMap.2DSideScrollerExampleMap:PersistentLevel' has LevelScriptBlueprint '/Game/2DSideScrollerCPP/Maps/2DSideScrollerExampleMap.2DSideScrollerExampleMap:PersistentLevel.2DSideScrollerExampleMap' with GeneratedClass '/Game/2DSideScrollerCPP/Maps/2DSideScrollerExampleMap.2DSideScrollerExampleMap_C' with ClassGeneratedBy '/Game/2DSideScrollerCPP/Maps/2DSideScrollerExampleMap.2DSideScrollerExampleMap:PersistentLevel.2DSideScrollerExampleMap'
[2017.05.25-15.29.23:238][545]LogParticles: Destroying 0 GPU particle simulations for FXSystem 0x000002113A0642C0
[2017.05.25-15.29.26:658][934]LogWindowsTextInputMethodSystem:Display: IME system now deactivated.
[2017.05.25-15.29.26:948][935]Cmd: QUIT_EDITOR
[2017.05.25-15.29.28:234][935]LogExit: Preparing to exit.
[2017.05.25-15.29.29:367][935]LogExit: Editor shut down
[2017.05.25-15.29.29:367][935]LogExit: Transaction tracking system shut down
[2017.05.25-15.29.29:369][935]LogParticles: Destroying 0 GPU particle simulations for FXSystem 0x0000021126981E40
[2017.05.25-15.29.29:369][935]LogParticles: Destroying 0 GPU particle simulations for FXSystem 0x00000211195CA160
[2017.05.25-15.29.29:495][935]LogExit: Object subsystem successfully closed.
[2017.05.25-15.29.29:515][935]LogD3D11RHI: Shutdown
[2017.05.25-15.29.29:515][935]LogD3D11RHI: CleanupD3DDevice
[2017.05.25-15.29.29:569][935]LogD3D11RHI: ~FD3D11DynamicRHI
[2017.05.25-15.29.29:591][935]LogModuleManager: Shutting down and abandoning module CrashTracker (198)
[2017.05.25-15.29.29:591][935]LogModuleManager: Shutting down and abandoning module SceneOutliner (197)
[2017.05.25-15.29.29:593][935]LogModuleManager: Shutting down and abandoning module SuperSearch (196)
[2017.05.25-15.29.29:593][935]LogModuleManager: Shutting down and abandoning module WidgetCarousel (195)
[2017.05.25-15.29.29:593][935]LogModuleManager: Shutting down and abandoning module AddContentDialog (194)
[2017.05.25-15.29.29:594][935]LogModuleManager: Shutting down and abandoning module EditorWidgets (193)
[2017.05.25-15.29.29:595][935]LogModuleManager: Shutting down and abandoning module CollectionManager (192)
[2017.05.25-15.29.29:595][935]LogModuleManager: Shutting down and abandoning module StatsViewer (191)
[2017.05.25-15.29.29:595][935]LogModuleManager: Shutting down and abandoning module FoliageEdit (190)
[2017.05.25-15.29.29:595][935]LogModuleManager: Shutting down and abandoning module LandscapeEditor (189)
[2017.05.25-15.29.29:595][935]LogModuleManager: Shutting down and abandoning module ActorPickerMode (188)
[2017.05.25-15.29.29:595][935]LogModuleManager: Shutting down and abandoning module GeometryMode (187)
[2017.05.25-15.29.29:595][935]LogModuleManager: Shutting down and abandoning module TextureAlignMode (186)
[2017.05.25-15.29.29:595][935]LogModuleManager: Shutting down and abandoning module BspMode (185)
[2017.05.25-15.29.29:595][935]LogModuleManager: Shutting down and abandoning module PlacementMode (184)
[2017.05.25-15.29.29:595][935]LogModuleManager: Shutting down and abandoning module AutomationWorker (183)
[2017.05.25-15.29.29:595][935]LogModuleManager: Shutting down and abandoning module CharacterAI (182)
[2017.05.25-15.29.29:595][935]LogModuleManager: Shutting down and abandoning module SmartSnapping (181)
[2017.05.25-15.29.29:595][935]LogModuleManager: Shutting down and abandoning module ViewportSnapping (180)
[2017.05.25-15.29.29:595][935]LogModuleManager: Shutting down and abandoning module LogVisualizer (179)
[2017.05.25-15.29.29:595][935]LogModuleManager: Shutting down and abandoning module GameProjectGeneration (178)
[2017.05.25-15.29.29:595][935]LogModuleManager: Shutting down and abandoning module IntroTutorials (177)
[2017.05.25-15.29.29:595][935]LogModuleManager: Shutting down and abandoning module EditorLiveStreaming (176)
[2017.05.25-15.29.29:595][935]LogModuleManager: Shutting down and abandoning module IOSPlatformEditor (175)
[2017.05.25-15.29.29:595][935]LogModuleManager: Shutting down and abandoning module HTML5PlatformEditor (174)
[2017.05.25-15.29.29:595][935]LogModuleManager: Shutting down and abandoning module AndroidDeviceDetection (173)
[2017.05.25-15.29.29:797][935]LogModuleManager: Shutting down and abandoning module AndroidPlatformEditor (172)
[2017.05.25-15.29.29:797][935]LogModuleManager: Shutting down and abandoning module IOSRuntimeSettings (171)
[2017.05.25-15.29.29:797][935]LogModuleManager: Shutting down and abandoning module AndroidRuntimeSettings (170)
[2017.05.25-15.29.29:797][935]LogModuleManager: Shutting down and abandoning module MergeActors (169)
[2017.05.25-15.29.29:797][935]LogModuleManager: Shutting down and abandoning module SizeMap (168)
[2017.05.25-15.29.29:797][935]LogModuleManager: Shutting down and abandoning module TreeMap (167)
[2017.05.25-15.29.29:798][935]LogModuleManager: Shutting down and abandoning module ReferenceViewer (166)
[2017.05.25-15.29.29:798][935]LogModuleManager: Shutting down and abandoning module LocalizationService (165)
[2017.05.25-15.29.29:798][935]LogModuleManager: Shutting down and abandoning module LocalizationDashboard (164)
[2017.05.25-15.29.29:798][935]LogModuleManager: Shutting down and abandoning module HardwareTargeting (163)
[2017.05.25-15.29.29:798][935]LogModuleManager: Shutting down and abandoning module DeviceProfileEditor (162)
[2017.05.25-15.29.29:798][935]LogModuleManager: Shutting down and abandoning module UndoHistory (161)
[2017.05.25-15.29.29:798][935]LogModuleManager: Shutting down and abandoning module GameplayTagsEditor (160)
[2017.05.25-15.29.29:798][935]LogModuleManager: Shutting down and abandoning module UserFeedback (159)
[2017.05.25-15.29.29:799][935]LogModuleManager: Shutting down and abandoning module XmlParser (158)
[2017.05.25-15.29.29:799][935]LogModuleManager: Shutting down and abandoning module Blutility (157)
[2017.05.25-15.29.29:799][935]LogModuleManager: Shutting down and abandoning module ProjectTargetPlatformEditor (156)
[2017.05.25-15.29.29:799][935]LogModuleManager: Shutting down and abandoning module ProjectSettingsViewer (155)
[2017.05.25-15.29.29:799][935]LogModuleManager: Shutting down and abandoning module InputBindingEditor (154)
[2017.05.25-15.29.29:799][935]LogModuleManager: Shutting down and abandoning module EditorSettingsViewer (153)
[2017.05.25-15.29.29:799][935]LogModuleManager: Shutting down and abandoning module SettingsEditor (152)
[2017.05.25-15.29.29:800][935]LogModuleManager: Shutting down and abandoning module ProjectLauncher (151)
[2017.05.25-15.29.29:800][935]LogModuleManager: Shutting down and abandoning module SessionFrontend (150)
[2017.05.25-15.29.29:800][935]LogModuleManager: Shutting down and abandoning module ProfilerClient (149)
[2017.05.25-15.29.29:800][935]LogModuleManager: Shutting down and abandoning module TargetDeviceServices (148)
[2017.05.25-15.29.29:800][935]LogModuleManager: Shutting down and abandoning module DeviceManager (147)
[2017.05.25-15.29.29:800][935]LogModuleManager: Shutting down and abandoning module AutomationController (146)
[2017.05.25-15.29.29:800][935]LogModuleManager: Shutting down and abandoning module AutomationWindow (145)
[2017.05.25-15.29.29:800][935]LogModuleManager: Shutting down and abandoning module Layers (144)
[2017.05.25-15.29.29:800][935]LogModuleManager: Shutting down and abandoning module ComponentVisualizers (143)
[2017.05.25-15.29.29:800][935]LogModuleManager: Shutting down and abandoning module DetailCustomizations (142)
[2017.05.25-15.29.29:800][935]LogModuleManager: Shutting down and abandoning module PackagesDialog (141)
[2017.05.25-15.29.29:800][935]LogModuleManager: Shutting down and abandoning module Persona (140)
[2017.05.25-15.29.29:801][935]LogModuleManager: Shutting down and abandoning module Kismet (139)
[2017.05.25-15.29.29:801][935]LogModuleManager: Shutting down and abandoning module GraphEditor (138)
[2017.05.25-15.29.29:801][935]LogModuleManager: Shutting down and abandoning module ClassViewer (137)
[2017.05.25-15.29.29:801][935]LogModuleManager: Shutting down and abandoning module Toolbox (136)
[2017.05.25-15.29.29:801][935]LogModuleManager: Shutting down and abandoning module ModuleUI (135)
[2017.05.25-15.29.29:801][935]LogModuleManager: Shutting down and abandoning module MovieSceneTools (134)
[2017.05.25-15.29.29:801][935]LogModuleManager: Shutting down and abandoning module OutputLog (133)
[2017.05.25-15.29.29:801][935]LogModuleManager: Shutting down and abandoning module GammaUI (132)
[2017.05.25-15.29.29:801][935]LogModuleManager: Shutting down and abandoning module Documentation (131)
[2017.05.25-15.29.29:801][935]LogModuleManager: Shutting down and abandoning module GameLiveStreaming (130)
[2017.05.25-15.29.29:801][935]LogModuleManager: Shutting down and abandoning module StreamingPauseRendering (129)
[2017.05.25-15.29.29:801][935]LogModuleManager: Shutting down and abandoning module AnalyticsET (128)
[2017.05.25-15.29.29:801][935]LogModuleManager: Shutting down and abandoning module Analytics (127)
[2017.05.25-15.29.29:801][935]LogModuleManager: Shutting down and abandoning module AITestSuite (126)
[2017.05.25-15.29.29:801][935]LogModuleManager: Shutting down and abandoning module GameplayDebugger (125)
[2017.05.25-15.29.29:801][935]LogModuleManager: Shutting down and abandoning module AIModule (124)
[2017.05.25-15.29.29:801][935]LogModuleManager: Shutting down and abandoning module ProfilerService (123)
[2017.05.25-15.29.29:840][935]LogModuleManager: Shutting down and abandoning module TaskGraph (122)
[2017.05.25-15.29.29:840][935]LogModuleManager: Shutting down and abandoning module SlateRemote (121)
[2017.05.25-15.29.29:840][935]LogModuleManager: Shutting down and abandoning module SteamVRController (120)
[2017.05.25-15.29.29:841][935]LogModuleManager: Shutting down and abandoning module SteamVR (119)
[2017.05.25-15.29.29:841][935]LogModuleManager: Shutting down and abandoning module ProceduralMeshComponent (118)
[2017.05.25-15.29.29:841][935]LogModuleManager: Shutting down and abandoning module OculusRift (117)
[2017.05.25-15.29.29:841][935]LogModuleManager: Shutting down and abandoning module OculusLibrary (116)
[2017.05.25-15.29.29:841][935]LogModuleManager: Shutting down and abandoning module LeapMotionController (115)
[2017.05.25-15.29.29:877][935]LogModuleManager: Shutting down and abandoning module CustomMeshComponent (114)
[2017.05.25-15.29.29:877][935]LogModuleManager: Shutting down and abandoning module CableComponent (113)
[2017.05.25-15.29.29:877][935]LogModuleManager: Shutting down and abandoning module ArchVisCharacter (112)
[2017.05.25-15.29.29:877][935]LogModuleManager: Shutting down and abandoning module MessagingDebugger (111)
[2017.05.25-15.29.29:877][935]LogModuleManager: Shutting down and abandoning module MediaPlayerEditor (110)
[2017.05.25-15.29.29:877][935]LogModuleManager: Shutting down and abandoning module HTML5Networking (109)
[2017.05.25-15.29.29:877][935]LogModuleManager: Shutting down and abandoning module SpeedTreeImporter (108)
[2017.05.25-15.29.29:877][935]LogModuleManager: Shutting down and abandoning module PluginBrowser (107)
[2017.05.25-15.29.29:878][935]LogModuleManager: Shutting down and abandoning module EpicSurvey (106)
[2017.05.25-15.29.29:878][935]LogModuleManager: Shutting down and abandoning module DesktopPlatform (105)
[2017.05.25-15.29.29:878][935]LogModuleManager: Shutting down and abandoning module VisualStudioSourceCodeAccess (104)
[2017.05.25-15.29.29:878][935]LogModuleManager: Shutting down and abandoning module UObjectPlugin (103)
[2017.05.25-15.29.29:878][935]LogModuleManager: Shutting down and abandoning module SubversionSourceControl (102)
[2017.05.25-15.29.29:878][935]LogModuleManager: Shutting down and abandoning module PerforceSourceControl (101)
[2017.05.25-15.29.29:878][935]LogModuleManager: Shutting down and abandoning module SourceControl (100)
[2017.05.25-15.29.29:878][935]LogModuleManager: Shutting down and abandoning module GitSourceControl (99)
[2017.05.25-15.29.29:878][935]LogModuleManager: Shutting down and abandoning module LightPropagationVolumeEditor (98)
[2017.05.25-15.29.29:878][935]LogModuleManager: Shutting down and abandoning module PaperTiledImporter (97)
[2017.05.25-15.29.29:878][935]LogModuleManager: Shutting down and abandoning module PaperSpriteSheetImporter (96)
[2017.05.25-15.29.29:878][935]LogModuleManager: Shutting down and abandoning module MeshPaint (95)
[2017.05.25-15.29.29:878][935]LogModuleManager: Shutting down and abandoning module SlateReflector (94)
[2017.05.25-15.29.29:878][935]LogModuleManager: Shutting down and abandoning module HotReload (93)
[2017.05.25-15.29.29:878][935]LogModuleManager: Shutting down and abandoning module MainFrame (92)
[2017.05.25-15.29.29:878][935]LogModuleManager: Shutting down and abandoning module LevelEditor (91)
[2017.05.25-15.29.29:879][935]LogModuleManager: Shutting down and abandoning module DirectoryWatcher (90)
[2017.05.25-15.29.29:880][935]LogModuleManager: Shutting down and abandoning module AssetRegistry (89)
[2017.05.25-15.29.29:913][935]LogModuleManager: Shutting down and abandoning module ContentBrowser (88)
[2017.05.25-15.29.29:914][935]LogModuleManager: Shutting down and abandoning module Paper2DEditor (87)
[2017.05.25-15.29.29:914][935]LogModuleManager: Shutting down and abandoning module Project (86)
[2017.05.25-15.29.29:914][935]LogModuleManager: Shutting down and abandoning module UdpMessaging (85)
[2017.05.25-15.29.30:015][935]LogModuleManager: Shutting down and abandoning module LightPropagationVolumeRuntime (84)
[2017.05.25-15.29.30:015][935]LogModuleManager: Shutting down and abandoning module Paper2D (83)
[2017.05.25-15.29.30:015][935]LogModuleManager: Shutting down and abandoning module WindowsMoviePlayer (82)
[2017.05.25-15.29.30:022][935]LogModuleManager: Shutting down and abandoning module Media (81)
[2017.05.25-15.29.30:022][935]LogModuleManager: Shutting down and abandoning module WmfMedia (80)
[2017.05.25-15.29.30:022][935]LogModuleManager: Shutting down and abandoning module OnlineBlueprintSupport (79)
[2017.05.25-15.29.30:022][935]LogModuleManager: Shutting down and abandoning module GameplayTasksEditor (78)
[2017.05.25-15.29.30:022][935]LogModuleManager: Shutting down and abandoning module PropertyEditor (77)
[2017.05.25-15.29.30:022][935]LogModuleManager: Shutting down and abandoning module BehaviorTreeEditor (76)
[2017.05.25-15.29.30:022][935]LogModuleManager: Shutting down and abandoning module FunctionalTesting (75)
[2017.05.25-15.29.30:022][935]LogModuleManager: Shutting down and abandoning module CollisionAnalyzer (74)
[2017.05.25-15.29.30:022][935]LogModuleManager: Shutting down and abandoning module WorkspaceMenuStructure (73)
[2017.05.25-15.29.30:022][935]LogModuleManager: Shutting down and abandoning module MessageLog (72)
[2017.05.25-15.29.30:022][935]LogModuleManager: Shutting down and abandoning module Sequencer (71)
[2017.05.25-15.29.30:022][935]LogModuleManager: Shutting down and abandoning module AssetTools (70)
[2017.05.25-15.29.30:023][935]LogModuleManager: Shutting down and abandoning module UMGEditor (69)
[2017.05.25-15.29.30:023][935]LogModuleManager: Shutting down and abandoning module UMG (68)
[2017.05.25-15.29.30:023][935]LogModuleManager: Shutting down and abandoning module Slate (67)
[2017.05.25-15.29.30:023][935]LogModuleManager: Shutting down and abandoning module EditorStyle (66)
[2017.05.25-15.29.30:030][935]LogModuleManager: Shutting down and abandoning module SessionServices (65)
[2017.05.25-15.29.30:030][935]LogModuleManager: Shutting down and abandoning module SourceCodeAccess (64)
[2017.05.25-15.29.30:030][935]LogModuleManager: Shutting down and abandoning module HeadMountedDisplay (63)
[2017.05.25-15.29.30:030][935]LogModuleManager: Shutting down and abandoning module XAudio2 (62)
[2017.05.25-15.29.30:030][935]LogModuleManager: Shutting down and abandoning module Networking (60)
[2017.05.25-15.29.30:030][935]LogModuleManager: Shutting down and abandoning module Core (59)
[2017.05.25-15.29.30:030][935]LogModuleManager: Shutting down and abandoning module KismetCompiler (58)
[2017.05.25-15.29.30:030][935]LogModuleManager: Shutting down and abandoning module PhysXFormats (57)
[2017.05.25-15.29.30:030][935]LogModuleManager: Shutting down and abandoning module MeshUtilities (56)
[2017.05.25-15.29.30:030][935]LogModuleManager: Shutting down and abandoning module CookingStats (55)
[2017.05.25-15.29.30:032][935]LogModuleManager: Shutting down and abandoning module DerivedDataCache (54)
[2017.05.25-15.29.30:294][935]LogDerivedDataCache: Shutdown
[2017.05.25-15.29.30:294][935]LogModuleManager: Shutting down and abandoning module ShaderFormatOpenGL (53)
[2017.05.25-15.29.30:294][935]LogModuleManager: Shutting down and abandoning module ShaderFormatD3D (52)
[2017.05.25-15.29.30:294][935]LogModuleManager: Shutting down and abandoning module MetalShaderFormat (51)
[2017.05.25-15.29.30:294][935]LogModuleManager: Shutting down and abandoning module TextureFormatUncompressed (50)
[2017.05.25-15.29.30:294][935]LogModuleManager: Shutting down and abandoning module TextureFormatPVR (49)
[2017.05.25-15.29.30:294][935]LogModuleManager: Shutting down and abandoning module TextureFormatIntelISPCTexComp (48)
[2017.05.25-15.29.30:294][935]LogModuleManager: Shutting down and abandoning module TextureFormatDXT (47)
[2017.05.25-15.29.30:294][935]LogModuleManager: Shutting down and abandoning module ImageWrapper (46)
[2017.05.25-15.29.30:294][935]LogModuleManager: Shutting down and abandoning module TextureFormatASTC (45)
[2017.05.25-15.29.30:294][935]LogModuleManager: Shutting down and abandoning module TextureFormatAndroid (44)
[2017.05.25-15.29.30:294][935]LogModuleManager: Shutting down and abandoning module AudioFormatOpus (43)
[2017.05.25-15.29.30:294][935]LogModuleManager: Shutting down and abandoning module AudioFormatOgg (42)
[2017.05.25-15.29.30:294][935]LogModuleManager: Shutting down and abandoning module AudioFormatADPCM (41)
[2017.05.25-15.29.30:294][935]LogModuleManager: Shutting down and abandoning module LinuxTargetPlatform (40)
[2017.05.25-15.29.30:294][935]LogModuleManager: Shutting down and abandoning module LinuxServerTargetPlatform (39)
[2017.05.25-15.29.30:294][935]LogModuleManager: Shutting down and abandoning module LinuxNoEditorTargetPlatform (38)
[2017.05.25-15.29.30:294][935]LogModuleManager: Shutting down and abandoning module Messaging (37)
[2017.05.25-15.29.30:294][935]LogModuleManager: Shutting down and abandoning module IOSTargetPlatform (36)
[2017.05.25-15.29.30:294][935]LogModuleManager: Shutting down and abandoning module HTML5TargetPlatform (35)
[2017.05.25-15.29.30:294][935]LogModuleManager: Shutting down and abandoning module Android_PVRTCTargetPlatform (34)
[2017.05.25-15.29.30:294][935]LogModuleManager: Shutting down and abandoning module Android_ETC2TargetPlatform (33)
[2017.05.25-15.29.30:294][935]LogModuleManager: Shutting down and abandoning module Android_ETC1TargetPlatform (32)
[2017.05.25-15.29.30:294][935]LogModuleManager: Shutting down and abandoning module Android_DXTTargetPlatform (31)
[2017.05.25-15.29.30:294][935]LogModuleManager: Shutting down and abandoning module Android_ATCTargetPlatform (30)
[2017.05.25-15.29.30:294][935]LogModuleManager: Shutting down and abandoning module Android_ASTCTargetPlatform (29)
[2017.05.25-15.29.30:294][935]LogModuleManager: Shutting down and abandoning module AndroidTargetPlatform (28)
[2017.05.25-15.29.30:294][935]LogModuleManager: Shutting down and abandoning module WindowsTargetPlatform (27)
[2017.05.25-15.29.30:294][935]LogModuleManager: Shutting down and abandoning module WindowsServerTargetPlatform (26)
[2017.05.25-15.29.30:294][935]LogModuleManager: Shutting down and abandoning module WindowsNoEditorTargetPlatform (25)
[2017.05.25-15.29.30:294][935]LogModuleManager: Shutting down and abandoning module WindowsClientTargetPlatform (24)
[2017.05.25-15.29.30:294][935]LogModuleManager: Shutting down and abandoning module AllDesktopTargetPlatform (23)
[2017.05.25-15.29.30:294][935]LogModuleManager: Shutting down and abandoning module TargetPlatform (22)
[2017.05.25-15.29.30:294][935]LogModuleManager: Shutting down and abandoning module InputCore (21)
[2017.05.25-15.29.30:294][935]LogModuleManager: Shutting down and abandoning module Settings (20)
[2017.05.25-15.29.30:294][935]LogModuleManager: Shutting down and abandoning module OnlineSubsystem (18)
[2017.05.25-15.29.30:294][935]LogModuleManager: Shutting down and abandoning module HTTP (17)
[2017.05.25-15.29.32:299][935]LogModuleManager: Shutting down and abandoning module XMPP (16)
[2017.05.25-15.29.32:299][935]LogModuleManager: Shutting down and abandoning module ExampleDeviceProfileSelector (15)
[2017.05.25-15.29.32:299][935]LogModuleManager: Shutting down and abandoning module TextureCompressor (14)
[2017.05.25-15.29.32:299][935]LogModuleManager: Shutting down and abandoning module ShaderCore (13)
[2017.05.25-15.29.32:299][935]LogModuleManager: Shutting down and abandoning module Landscape (12)
[2017.05.25-15.29.32:299][935]LogModuleManager: Shutting down and abandoning module SlateRHIRenderer (11)
[2017.05.25-15.29.32:300][935]LogModuleManager: Shutting down and abandoning module OpenGLDrv (10)
[2017.05.25-15.29.32:300][935]LogModuleManager: Shutting down and abandoning module D3D11RHI (9)
[2017.05.25-15.29.32:300][935]LogModuleManager: Shutting down and abandoning module AnimGraphRuntime (8)
[2017.05.25-15.29.32:300][935]LogModuleManager: Shutting down and abandoning module Renderer (7)
[2017.05.25-15.29.32:300][935]LogModuleManager: Shutting down and abandoning module Engine (6)
[2017.05.25-15.29.32:300][935]LogModuleManager: Shutting down and abandoning module CoreUObject (5)
[2017.05.25-15.29.32:300][935]LogModuleManager: Shutting down and abandoning module NetworkFile (4)
[2017.05.25-15.29.32:300][935]LogModuleManager: Shutting down and abandoning module StreamingFile (3)
[2017.05.25-15.29.32:300][935]LogModuleManager: Shutting down and abandoning module SandboxFile (2)
[2017.05.25-15.29.32:300][935]LogModuleManager: Shutting down and abandoning module PakFile (1)
[2017.05.25-15.29.32:300][935]LogExit: Exiting.
[2017.05.25-15.29.32:302][935]Log file closed, 05/25/17 09:29:32
