[2017.05.21-23.51.39:557][  0]Log file open, 05/21/17 17:51:39
[2017.05.21-23.51.39:557][  0]LogInit:Display: Running engine for game: Project
[2017.05.21-23.51.39:557][  0]LogInit:Display: RandInit(1049182638) SRandInit(1049182638).
[2017.05.21-23.51.39:557][  0]LogTaskGraph: Started task graph with 4 named threads and 5 total threads.
[2017.05.21-23.51.39:557][  0]LogStats: Stats thread started at 0.094651
[2017.05.21-23.51.39:557][  0]LogInit: Version: 4.9.2-2707645+++depot+UE4-Releases+4.9
[2017.05.21-23.51.39:557][  0]LogInit: API Version: 2672455
[2017.05.21-23.51.39:557][  0]LogInit: Compiled (64-bit): Sep 28 2015 10:25:44
[2017.05.21-23.51.39:557][  0]LogInit: Compiled with Visual C++: 18.00.21005.01
[2017.05.21-23.51.39:557][  0]LogInit: Build Configuration: Development
[2017.05.21-23.51.39:557][  0]LogInit: Branch Name: ++depot+UE4-Releases+4.9
[2017.05.21-23.51.39:557][  0]LogInit: Command line: -EpicPortal 
[2017.05.21-23.51.39:557][  0]LogInit: Base directory: C:/Program Files/Epic Games/UE_4.9/Engine/Binaries/Win64/
[2017.05.21-23.51.39:557][  0]LogInit: Rocket: 1
[2017.05.21-23.51.39:567][  0]LogInit: Using libcurl 7.41.0
[2017.05.21-23.51.39:567][  0]LogInit:  - built for x86_64-pc-win32
[2017.05.21-23.51.39:567][  0]LogInit:  - supports SSL with WinSSL
[2017.05.21-23.51.39:567][  0]LogInit:  - other features:
[2017.05.21-23.51.39:567][  0]LogInit:      CURL_VERSION_SSL
[2017.05.21-23.51.39:567][  0]LogInit:      CURL_VERSION_IPV6
[2017.05.21-23.51.39:567][  0]LogInit:      CURL_VERSION_ASYNCHDNS
[2017.05.21-23.51.39:567][  0]LogInit:      CURL_VERSION_LARGEFILE
[2017.05.21-23.51.39:567][  0]LogInit:      CURL_VERSION_IDN
[2017.05.21-23.51.39:568][  0]LogInit:  CurlRequestOptions (configurable via config and command line):
[2017.05.21-23.51.39:568][  0]LogInit:  - bVerifyPeer = true  - Libcurl will verify peer certificate
[2017.05.21-23.51.39:568][  0]LogInit:  - bUseHttpProxy = false  - Libcurl will NOT use HTTP proxy
[2017.05.21-23.51.39:568][  0]LogInit:  - bDontReuseConnections = false  - Libcurl will reuse connections
[2017.05.21-23.51.39:568][  0]LogInit:  - CertBundlePath = nullptr  - Libcurl will use whatever was configured at build time.
[2017.05.21-23.51.39:577][  0]LogInit: Presizing for 0 objects not considered by GC, pre-allocating 0 bytes.
[2017.05.21-23.51.39:585][  0]LogInit: Object subsystem initialized
[2017.05.21-23.51.39:587][  0]LogInit: Selected Device Profile: [Windows]
[2017.05.21-23.51.39:587][  0]LogInit: Applying CVar settings loaded from the selected device profile: [Windows]
[2017.05.21-23.51.39:599][  0]LogInit: Computer: DEBBIELAPTOP
[2017.05.21-23.51.39:599][  0]LogInit: User: Jacob
[2017.05.21-23.51.39:599][  0]LogInit: CPU Page size=4096, Cores=2
[2017.05.21-23.51.39:599][  0]LogInit: High frequency timer resolution =2.338337 MHz
[2017.05.21-23.51.39:599][  0]LogMemory: Memory total: Physical=5.9GB (6GB approx)
[2017.05.21-23.51.39:599][  0]LogMemory: Platform Memory Stats for Windows
[2017.05.21-23.51.39:599][  0]LogMemory: Process Physical Memory: 54.53 MB used, 54.53 MB peak
[2017.05.21-23.51.39:599][  0]LogMemory: Process Virtual Memory: 55.59 MB used, 55.59 MB peak
[2017.05.21-23.51.39:599][  0]LogMemory: Physical Memory: 4250.18 MB used, 6048.76 MB total
[2017.05.21-23.51.39:599][  0]LogMemory: Virtual Memory: 369.13 MB used, 134217728.00 MB total
[2017.05.21-23.51.39:629][  0]LogTextLocalizationManager: No specific translations for ('en-US') exist, so ('en') translations will be used.
[2017.05.21-23.51.40:620][  0]LogD3D11RHI: Found D3D11 adapter 0: Intel(R) HD Graphics Family (Feature Level 11_0)
[2017.05.21-23.51.40:620][  0]LogD3D11RHI: Adapter has 112MB of dedicated video memory, 0MB of dedicated system memory, and 2048MB of shared system memory, 1 output[s]
[2017.05.21-23.51.40:621][  0]LogD3D11RHI: Found D3D11 adapter 1: Microsoft Basic Render Driver (Feature Level 11_0)
[2017.05.21-23.51.40:621][  0]LogD3D11RHI: Adapter has 0MB of dedicated video memory, 0MB of dedicated system memory, and 3024MB of shared system memory, 0 output[s]
[2017.05.21-23.51.40:621][  0]LogD3D11RHI: Chosen D3D11 Adapter Id = 0
[2017.05.21-23.51.40:627][  0]LogD3D11RHI: !Direct3DDevice
[2017.05.21-23.51.40:627][  0]LogRHI: Texture pool is 795 MB (70% of 1136 MB)
[2017.05.21-23.51.40:634][  0]LogD3D11RHI: Async texture creation enabled
[2017.05.21-23.51.40:638][  0]LogShaderCompilers: Guid format shader working directory is 15 characters bigger than the processId version (../../../../../../Users/Jacob/Documents/GitHub/Project/Project/Intermediate/Shaders/WorkingDirectory/6512/).
[2017.05.21-23.51.40:638][  0]LogShaderCompilers: Cleaned the shader compiler working directory '../../../../../../Users/Jacob/Documents/GitHub/Project/Project/Intermediate/Shaders/tmp/C0EDCE7245351433A94F97A2C9FA92EE/'.
[2017.05.21-23.51.40:638][  0]LogShaderCompilers:Display: Using Local Shader Compiler.
[2017.05.21-23.51.42:006][  0]LogTemp:Display: Loaded TP AllDesktopTargetPlatform
[2017.05.21-23.51.42:014][  0]LogTemp:Display: Loaded TP WindowsClientTargetPlatform
[2017.05.21-23.51.42:021][  0]LogTemp:Display: Loaded TP WindowsNoEditorTargetPlatform
[2017.05.21-23.51.42:028][  0]LogTemp:Display: Loaded TP WindowsServerTargetPlatform
[2017.05.21-23.51.42:035][  0]LogTemp:Display: Loaded TP WindowsTargetPlatform
[2017.05.21-23.51.42:039][  0]LogTemp:Display: Loaded TP AndroidTargetPlatform
[2017.05.21-23.51.42:044][  0]LogTemp:Display: Loaded TP Android_ASTCTargetPlatform
[2017.05.21-23.51.42:050][  0]LogTemp:Display: Loaded TP Android_ATCTargetPlatform
[2017.05.21-23.51.42:055][  0]LogTemp:Display: Loaded TP Android_DXTTargetPlatform
[2017.05.21-23.51.42:059][  0]LogTemp:Display: Loaded TP Android_ETC1TargetPlatform
[2017.05.21-23.51.42:064][  0]LogTemp:Display: Loaded TP Android_ETC2TargetPlatform
[2017.05.21-23.51.42:069][  0]LogTemp:Display: Loaded TP Android_PVRTCTargetPlatform
[2017.05.21-23.51.42:070][  0]LogTemp:Display: Loaded TP HTML5TargetPlatform
[2017.05.21-23.51.42:090][  0]LogTemp:Display: Loaded TP IOSTargetPlatform
[2017.05.21-23.51.42:094][  0]LogTemp:Display: Loaded TP LinuxNoEditorTargetPlatform
[2017.05.21-23.51.42:099][  0]LogTemp:Display: Loaded TP LinuxServerTargetPlatform
[2017.05.21-23.51.42:103][  0]LogTemp:Display: Loaded TP LinuxTargetPlatform
[2017.05.21-23.51.42:103][  0]LogTargetPlatformManager:Display: Building Assets For Windows
[2017.05.21-23.51.42:210][  0]LogDerivedDataCache:Display: Max Cache Size: 512 MB
[2017.05.21-23.51.42:284][  0]LogDerivedDataCache: Loaded boot cache 0.07s 44MB C:/Users/Jacob/AppData/Local/UnrealEngine/4.9/DerivedDataCache/Boot.ddc.
[2017.05.21-23.51.42:284][  0]LogDerivedDataCache:Display: Loaded Boot cache: C:/Users/Jacob/AppData/Local/UnrealEngine/4.9/DerivedDataCache/Boot.ddc
[2017.05.21-23.51.42:284][  0]LogDerivedDataCache: FDerivedDataBackendGraph:  Pak pak cache file ../../../../../../Users/Jacob/Documents/GitHub/Project/Project/DerivedDataCache/DDC.ddp not found, will not use a pak cache.
[2017.05.21-23.51.42:284][  0]LogDerivedDataCache: Unable to find inner node Pak for hierarchical cache Hierarchy.
[2017.05.21-23.51.42:284][  0]LogDerivedDataCache: FDerivedDataBackendGraph:  CompressedPak pak cache file ../../../../../../Users/Jacob/Documents/GitHub/Project/Project/DerivedDataCache/Compressed.ddp not found, will not use a pak cache.
[2017.05.21-23.51.42:284][  0]LogDerivedDataCache: Unable to find inner node CompressedPak for hierarchical cache Hierarchy.
[2017.05.21-23.51.42:471][  0]LogDerivedDataCache:Display: Pak cache opened for reading ../../../Engine/DerivedDataCache/Compressed.ddp.
[2017.05.21-23.51.42:484][  0]LogDerivedDataCache: Using Local data cache path C:/Users/Jacob/AppData/Local/UnrealEngine/Common/DerivedDataCache: Writable
[2017.05.21-23.51.42:701][  0]LogInit: Selected Device Profile: [Windows]
[2017.05.21-23.51.42:704][  0]LogContentStreaming: Texture pool size is 0.000000MB
[2017.05.21-23.51.42:874][  0]LogMeshUtilities: No automatic mesh reduction module available
[2017.05.21-23.51.42:874][  0]LogMeshUtilities: No automatic mesh merging module available
[2017.05.21-23.51.43:243][  0]LogInit: WinSock: version 1.1 (2.2), MaxSocks=32767, MaxUdp=65467
[2017.05.21-23.51.44:084][  0]UdpMessaging: Initializing bridge on interface 0.0.0.0:0 to multicast group 230.0.0.1:6666.
[2017.05.21-23.51.44:311][  0]LogAssetRegistry: FAssetRegistry took 0.0106 seconds to start up
[2017.05.21-23.51.44:536][  0]SourceControl: Info Source control is disabled
[2017.05.21-23.51.44:537][  0]SourceControl: Info Source control is disabled
[2017.05.21-23.51.44:552][  0]SourceControl: Info Source control is disabled
[2017.05.21-23.51.44:570][  0]SourceControl: Info Source control is disabled
[2017.05.21-23.51.44:772][  0]LogLinker:Warning: Asset '../../../Engine/Plugins/Runtime/LeapMotionController/Content/LM_PassthroughMaterial.uasset' has been saved with empty engine version. The asset will be loaded but may be incompatible.
[2017.05.21-23.51.44:883][  0]LogObj: 28437 objects as part of root set at end of initial load.
[2017.05.21-23.51.44:883][  0]LogUObjectAllocator: 6072528 out of 0 bytes used by permanent object pool.
[2017.05.21-23.51.44:957][  0]LogEngine: Initializing Engine...
[2017.05.21-23.51.44:961][  0]LogHMD: Can't find Oculus library dev build: is proper Runtime installed? Version: 0.7.0.0
[2017.05.21-23.51.44:962][  0]LogHMD: SteamVR failed to initialize.  Err: 110
[2017.05.21-23.51.45:131][  0]LogAIModule: Creating AISystem for world NewWorld
[2017.05.21-23.51.45:135][  0]LogInit: XAudio2 using 'Speakers / Headphones (Realtek High Definition Audio)' : 2 channels at 48 kHz using 32 bits per sample (channel mask 0x3)
[2017.05.21-23.51.45:285][  0]LogInit: FAudioDevice initialized.
[2017.05.21-23.51.45:317][  0]LogDerivedDataCache: Saved boot cache 0.03s 44MB C:/Users/Jacob/AppData/Local/UnrealEngine/4.9/DerivedDataCache/Boot.ddc.
[2017.05.21-23.51.45:324][  0]LogInit: Texture streaming: Enabled
[2017.05.21-23.51.45:333][  0]LogAnalytics: Creating configured Analytics provider AnalyticsET
[2017.05.21-23.51.45:333][  0]LogAnalytics: [UEEditor.Rocket.Release] APIServer = http://et2.epicgames.com/ET2/. AppVersion = 4.9.2-2707645+++depot+UE4-Releases+4.9
[2017.05.21-23.51.45:333][  0]LogAnalytics: [UEEditor.Rocket.Release] SetUserId 0c7004ae4fbf476c46248ea3aa897ba2|5c8a094fc4fb4ccf912a58e8b050ae6e|dd076934-77e4-46bc-8f3f-9384319b48ea
[2017.05.21-23.51.45:333][  0]LogAnalytics: [UEEditor.Rocket.Release] AnalyticsET::StartSession
[2017.05.21-23.51.45:363][  0]LogWindowsTextInputMethodSystem:Display: IME system now deactivated.
[2017.05.21-23.51.45:363][  0]LogWindowsTextInputMethodSystem:Display: IME system now deactivated.
[2017.05.21-23.51.45:420][  0]LogInit: Transaction tracking system initialized
[2017.05.21-23.51.45:476][  0]BlueprintLog: New page: Editor Load
[2017.05.21-23.51.45:666][  0]LocalizationService: Info Localization service is disabled
[2017.05.21-23.51.45:812][  0]LogConsoleResponse:Display: 
[2017.05.21-23.51.46:041][  0]LogCook:Display: Done creating registry. It took  0.00s.
[2017.05.21-23.51.46:150][  0]LogFileCache: Scanning file cache for directory 'C:/Users/Jacob/Documents/GitHub/Project/Project/Content/' took 0.02s
[2017.05.21-23.51.46:150][  0]SourceControl: Info Source control is disabled
[2017.05.21-23.51.46:150][  0]Cmd: MAP LOAD FILE="../../../../../../Users/Jacob/Documents/GitHub/Project/Project/Content/2DSideScrollerCPP/Maps/2DSideScrollerExampleMap.umap" TEMPLATE=0 SHOWPROGRESS=1 FEATURELEVEL=3
[2017.05.21-23.51.46:151][  0]LightingResults: New page: Lighting Build
[2017.05.21-23.51.46:157][  0]MapCheck: New page: Map Check
[2017.05.21-23.51.46:157][  0]LightingResults: New page: Lighting Build
[2017.05.21-23.51.46:190][  0]LogParticles: Destroying 0 GPU particle simulations for FXSystem 0x0000015B501E2480
[2017.05.21-23.51.46:923][  0]LogAIModule: Creating AISystem for world 2DSideScrollerExampleMap
[2017.05.21-23.51.46:929][  0]LogEditorServer: Finished looking for orphan Actors (0.000 secs)
[2017.05.21-23.51.46:930][  0]Cmd: MAP CHECKDEP NOCLEARLOG
[2017.05.21-23.51.47:015][  0]MapCheck: Info Map check complete: 0 Error(s), 0 Warning(s), took 85.122ms to complete.
[2017.05.21-23.51.47:015][  0]LogFileHelpers: Loading map '2DSideScrollerExampleMap' took 0.865
[2017.05.21-23.51.47:489][  0]LogCollectionManager: Loaded 0 collections in 0.005757 seconds
[2017.05.21-23.51.47:540][  0]LogFileCache: Scanning file cache for directory 'C:/Users/Jacob/Documents/GitHub/Project/Project/Saved/Collections/' took 0.01s
[2017.05.21-23.51.47:540][  0]LogFileCache: Scanning file cache for directory 'C:/Users/Jacob/Documents/GitHub/Project/Project/Content/Developers/Jacob/Collections/' took 0.01s
[2017.05.21-23.51.47:540][  0]LogFileCache: Scanning file cache for directory 'C:/Users/Jacob/Documents/GitHub/Project/Project/Content/Collections/' took 0.01s
[2017.05.21-23.51.47:540][  0]LogContentBrowser: Native class hierarchy populated in 0.0164 seconds. Added 1869 classes and 335 folders.
[2017.05.21-23.51.47:549][  0]LogCollectionManager: Rebuilt the GUID cache for 0 collections in 0.000003 seconds
[2017.05.21-23.51.47:565][  0]LogContentBrowser: Native class hierarchy updated for 'WidgetCarousel' in 0.0023 seconds. Added 0 classes and 0 folders.
[2017.05.21-23.51.48:699][  0]LogContentBrowser: Native class hierarchy updated for 'AddContentDialog' in 0.0023 seconds. Added 0 classes and 0 folders.
[2017.05.21-23.51.48:710][  0]LogContentBrowser: Native class hierarchy updated for 'SceneOutliner' in 0.0030 seconds. Added 1 classes and 2 folders.
[2017.05.21-23.51.48:788][  0]LogCrashTracker: Crashtracker disabled due to settings.
[2017.05.21-23.51.48:796][  0]LogUObjectGlobals:Warning: Failed to find object 'Class None.'
[2017.05.21-23.51.48:818][  0]LogLoad: Full Startup: 10.50 seconds (BP compile: 0.00 seconds)
[2017.05.21-23.51.49:011][  0]LogContentStreaming: Texture pool size now 1000 MB
[2017.05.21-23.51.49:198][  0]LogRenderer: Reallocating scene render targets to support 964x436 (Frame:2).
[2017.05.21-23.52.01:228][642]LogAssetRegistry: Asset discovery search completed in 16.9275 seconds
[2017.05.21-23.52.01:229][642]LogCollectionManager: Rebuilt the object cache for 0 collections in 0.000002 seconds (found 0 objects)
[2017.05.21-23.52.01:229][642]LogCollectionManager: Fixed up redirectors for 0 collections in 0.000041 seconds (updated 0 objects)
[2017.05.21-23.52.12:644][306]LogBlueprintUserMessages: Early PlayInEditor Detection: Level '/Game/2DSideScrollerCPP/Maps/2DSideScrollerExampleMap.2DSideScrollerExampleMap:PersistentLevel' has LevelScriptBlueprint '/Game/2DSideScrollerCPP/Maps/2DSideScrollerExampleMap.2DSideScrollerExampleMap:PersistentLevel.2DSideScrollerExampleMap' with GeneratedClass '/Game/2DSideScrollerCPP/Maps/2DSideScrollerExampleMap.2DSideScrollerExampleMap_C' with ClassGeneratedBy '/Game/2DSideScrollerCPP/Maps/2DSideScrollerExampleMap.2DSideScrollerExampleMap:PersistentLevel.2DSideScrollerExampleMap'
[2017.05.21-23.52.12:644][306]LogPlayLevel: PlayLevel: No blueprints needed recompiling
[2017.05.21-23.52.12:645][306]PIE: New page: PIE session: 2DSideScrollerExampleMap (May 21, 2017, 11:52:12 AM)
[2017.05.21-23.52.12:645][306]LogPlayLevel: Creating play world package: /Game/2DSideScrollerCPP/Maps/UEDPIE_0_2DSideScrollerExampleMap
[2017.05.21-23.52.12:652][306]LogPlayLevel: PIE: StaticDuplicateObject took: (0.006959s)
[2017.05.21-23.52.12:654][306]LogAIModule: Creating AISystem for world 2DSideScrollerExampleMap
[2017.05.21-23.52.12:656][306]LogPlayLevel: PIE: World Init took: (0.003055s)
[2017.05.21-23.52.12:656][306]LogPlayLevel: PIE: Created PIE world by copying editor world from /Game/2DSideScrollerCPP/Maps/2DSideScrollerExampleMap.2DSideScrollerExampleMap to /Game/2DSideScrollerCPP/Maps/UEDPIE_0_2DSideScrollerExampleMap.2DSideScrollerExampleMap (0.010539s)
[2017.05.21-23.52.12:702][306]LogInit: XAudio2 using 'Speakers / Headphones (Realtek High Definition Audio)' : 2 channels at 48 kHz using 32 bits per sample (channel mask 0x3)
[2017.05.21-23.52.12:726][306]LogInit: FAudioDevice initialized.
[2017.05.21-23.52.12:788][306]LogWorld: Game class is 'ProjectGameMode'
[2017.05.21-23.52.12:806][306]LogWorld: Bringing World /Game/2DSideScrollerCPP/Maps/UEDPIE_0_2DSideScrollerExampleMap.2DSideScrollerExampleMap up for play (max tick rate 60) at 2017.05.21-17.52.12
[2017.05.21-23.52.12:806][306]LogActor:Warning: GameSession /Game/2DSideScrollerCPP/Maps/UEDPIE_0_2DSideScrollerExampleMap.2DSideScrollerExampleMap:PersistentLevel.GameSession_0 has natively added scene component(s), but none of them were set as the actor's RootComponent - picking one arbitrarily
[2017.05.21-23.52.12:807][306]LogActor:Warning: GameNetworkManager /Game/2DSideScrollerCPP/Maps/UEDPIE_0_2DSideScrollerExampleMap.2DSideScrollerExampleMap:PersistentLevel.GameNetworkManager_0 has natively added scene component(s), but none of them were set as the actor's RootComponent - picking one arbitrarily
[2017.05.21-23.52.12:808][306]LogWorld: Bringing up level for play took: 0.017220
[2017.05.21-23.52.12:823][306]PIE: Info Play in editor start time for /Game/2DSideScrollerCPP/Maps/UEDPIE_0_2DSideScrollerExampleMap 0.129
[2017.05.21-23.52.12:824][306]LogBlueprintUserMessages: Late PlayInEditor Detection: Level '/Game/2DSideScrollerCPP/Maps/2DSideScrollerExampleMap.2DSideScrollerExampleMap:PersistentLevel' has LevelScriptBlueprint '/Game/2DSideScrollerCPP/Maps/2DSideScrollerExampleMap.2DSideScrollerExampleMap:PersistentLevel.2DSideScrollerExampleMap' with GeneratedClass '/Game/2DSideScrollerCPP/Maps/2DSideScrollerExampleMap.2DSideScrollerExampleMap_C' with ClassGeneratedBy '/Game/2DSideScrollerCPP/Maps/2DSideScrollerExampleMap.2DSideScrollerExampleMap:PersistentLevel.2DSideScrollerExampleMap'
[2017.05.21-23.52.15:491][426]LogBlueprintUserMessages: Early EndPlayMap Detection: Level '/Game/2DSideScrollerCPP/Maps/2DSideScrollerExampleMap.2DSideScrollerExampleMap:PersistentLevel' has LevelScriptBlueprint '/Game/2DSideScrollerCPP/Maps/2DSideScrollerExampleMap.2DSideScrollerExampleMap:PersistentLevel.2DSideScrollerExampleMap' with GeneratedClass '/Game/2DSideScrollerCPP/Maps/2DSideScrollerExampleMap.2DSideScrollerExampleMap_C' with ClassGeneratedBy '/Game/2DSideScrollerCPP/Maps/2DSideScrollerExampleMap.2DSideScrollerExampleMap:PersistentLevel.2DSideScrollerExampleMap'
[2017.05.21-23.52.15:543][426]LogBlueprintUserMessages: Late EndPlayMap Detection: Level '/Game/2DSideScrollerCPP/Maps/2DSideScrollerExampleMap.2DSideScrollerExampleMap:PersistentLevel' has LevelScriptBlueprint '/Game/2DSideScrollerCPP/Maps/2DSideScrollerExampleMap.2DSideScrollerExampleMap:PersistentLevel.2DSideScrollerExampleMap' with GeneratedClass '/Game/2DSideScrollerCPP/Maps/2DSideScrollerExampleMap.2DSideScrollerExampleMap_C' with ClassGeneratedBy '/Game/2DSideScrollerCPP/Maps/2DSideScrollerExampleMap.2DSideScrollerExampleMap:PersistentLevel.2DSideScrollerExampleMap'
[2017.05.21-23.52.15:581][426]LogParticles: Destroying 0 GPU particle simulations for FXSystem 0x0000015B41D6AE80
[2017.05.21-23.52.18:246][572]LogLinker:Warning: Asset '../../../Engine/Content/ArtTools/RenderToTexture/Macros/RenderToTextureMacros.uasset' has been saved with empty engine version. The asset will be loaded but may be incompatible.
[2017.05.21-23.52.19:071][572]LogContentBrowser: Native class hierarchy updated for 'BlueprintGraph' in 0.0017 seconds. Added 107 classes and 0 folders.
[2017.05.21-23.52.56:297][ 45]LogSlate:Warning: Prevented a slow task dialog from being summoned while a context menu was open
[2017.05.21-23.53.10:204][643]BlueprintLog: New page: Compile 2DSideScrollerExampleMap
[2017.05.21-23.53.10:328][643]BlueprintEditorCompileResults: Info [0092.01] Compile of 2DSideScrollerExampleMap successful! [in 123 ms]
[2017.05.21-23.53.24:069][276]BlueprintLog: New page: Compile 2DSideScrollerExampleMap
[2017.05.21-23.53.24:180][276]BlueprintEditorCompileResults: Info [0105.86] Compile of 2DSideScrollerExampleMap successful! [in 110 ms]
[2017.05.21-23.53.25:984][363]BlueprintLog: New page: Compile 2DSideScrollerExampleMap
[2017.05.21-23.53.26:086][363]BlueprintEditorCompileResults: Info [0107.77] Compile of 2DSideScrollerExampleMap successful! [in 100 ms]
[2017.05.21-23.53.34:303][754]BlueprintLog: New page: Compile 2DSideScrollerExampleMap
[2017.05.21-23.53.34:413][754]BlueprintEditorCompileResults: Info [0116.09] Compile of 2DSideScrollerExampleMap successful! [in 109 ms]
[2017.05.21-23.53.37:022][855]LogSavePackage: Save=109.916580ms
[2017.05.21-23.53.37:022][855]LogSavePackage: Moving '../../../../../../Users/Jacob/Documents/GitHub/Project/Project/Saved/2DSideScrollerExampleMapBBFFE3414CBB3A7A5D06E4B87C9C103E.tmp' to '../../../../../../Users/Jacob/Documents/GitHub/Project/Project/Content/2DSideScrollerCPP/Maps/2DSideScrollerExampleMap.umap'
[2017.05.21-23.53.37:032][855]LogSavePackage: Total save time: 121.980704ms
[2017.05.21-23.53.37:032][855]LogSavePackage:Warning: Finished SavePackage ../../../../../../Users/Jacob/Documents/GitHub/Project/Project/Content/2DSideScrollerCPP/Maps/2DSideScrollerExampleMap.umap
[2017.05.21-23.53.37:098][855]LogFileHelpers: Saving map '2DSideScrollerExampleMap' took 0.321
[2017.05.21-23.53.39:655][978]LogBlueprintUserMessages: Early PlayInEditor Detection: Level '/Game/2DSideScrollerCPP/Maps/2DSideScrollerExampleMap.2DSideScrollerExampleMap:PersistentLevel' has LevelScriptBlueprint '/Game/2DSideScrollerCPP/Maps/2DSideScrollerExampleMap.2DSideScrollerExampleMap:PersistentLevel.2DSideScrollerExampleMap' with GeneratedClass '/Game/2DSideScrollerCPP/Maps/2DSideScrollerExampleMap.2DSideScrollerExampleMap_C' with ClassGeneratedBy '/Game/2DSideScrollerCPP/Maps/2DSideScrollerExampleMap.2DSideScrollerExampleMap:PersistentLevel.2DSideScrollerExampleMap'
[2017.05.21-23.53.39:655][978]LogPlayLevel: PlayLevel: No blueprints needed recompiling
[2017.05.21-23.53.39:655][978]PIE: New page: PIE session: 2DSideScrollerExampleMap (May 21, 2017, 11:53:39 AM)
[2017.05.21-23.53.39:655][978]LogPlayLevel: Creating play world package: /Game/2DSideScrollerCPP/Maps/UEDPIE_0_2DSideScrollerExampleMap
[2017.05.21-23.53.39:659][978]LogPlayLevel: PIE: StaticDuplicateObject took: (0.003644s)
[2017.05.21-23.53.39:659][978]LogAIModule: Creating AISystem for world 2DSideScrollerExampleMap
[2017.05.21-23.53.39:660][978]LogPlayLevel: PIE: World Init took: (0.000839s)
[2017.05.21-23.53.39:660][978]LogPlayLevel: PIE: Created PIE world by copying editor world from /Game/2DSideScrollerCPP/Maps/2DSideScrollerExampleMap.2DSideScrollerExampleMap to /Game/2DSideScrollerCPP/Maps/UEDPIE_0_2DSideScrollerExampleMap.2DSideScrollerExampleMap (0.004751s)
[2017.05.21-23.53.39:703][978]LogParticles: Destroying 0 GPU particle simulations for FXSystem 0x0000015B41D69120
[2017.05.21-23.53.39:709][978]LogInit: XAudio2 using 'Speakers / Headphones (Realtek High Definition Audio)' : 2 channels at 48 kHz using 32 bits per sample (channel mask 0x3)
[2017.05.21-23.53.39:726][978]LogInit: FAudioDevice initialized.
[2017.05.21-23.53.39:779][978]LogWorld: Game class is 'ProjectGameMode'
[2017.05.21-23.53.39:807][978]LogWorld: Bringing World /Game/2DSideScrollerCPP/Maps/UEDPIE_0_2DSideScrollerExampleMap.2DSideScrollerExampleMap up for play (max tick rate 60) at 2017.05.21-17.53.39
[2017.05.21-23.53.39:807][978]LogActor:Warning: GameSession /Game/2DSideScrollerCPP/Maps/UEDPIE_0_2DSideScrollerExampleMap.2DSideScrollerExampleMap:PersistentLevel.GameSession_1 has natively added scene component(s), but none of them were set as the actor's RootComponent - picking one arbitrarily
[2017.05.21-23.53.39:808][978]LogActor:Warning: GameNetworkManager /Game/2DSideScrollerCPP/Maps/UEDPIE_0_2DSideScrollerExampleMap.2DSideScrollerExampleMap:PersistentLevel.GameNetworkManager_1 has natively added scene component(s), but none of them were set as the actor's RootComponent - picking one arbitrarily
[2017.05.21-23.53.39:809][978]LogWorld: Bringing up level for play took: 0.027035
[2017.05.21-23.53.39:815][978]PIE: Info Play in editor start time for /Game/2DSideScrollerCPP/Maps/UEDPIE_0_2DSideScrollerExampleMap 1.121
[2017.05.21-23.53.39:815][978]LogBlueprintUserMessages: Late PlayInEditor Detection: Level '/Game/2DSideScrollerCPP/Maps/2DSideScrollerExampleMap.2DSideScrollerExampleMap:PersistentLevel' has LevelScriptBlueprint '/Game/2DSideScrollerCPP/Maps/2DSideScrollerExampleMap.2DSideScrollerExampleMap:PersistentLevel.2DSideScrollerExampleMap' with GeneratedClass '/Game/2DSideScrollerCPP/Maps/2DSideScrollerExampleMap.2DSideScrollerExampleMap_C' with ClassGeneratedBy '/Game/2DSideScrollerCPP/Maps/2DSideScrollerExampleMap.2DSideScrollerExampleMap:PersistentLevel.2DSideScrollerExampleMap'
[2017.05.21-23.53.42:692][ 98]LogWindowsTextInputMethodSystem:Display: IME system now deactivated.
[2017.05.21-23.53.42:693][ 98]LogWindowsTextInputMethodSystem:Display: IME system now deactivated.
[2017.05.21-23.53.42:961][ 98]LogBlueprintUserMessages: Early EndPlayMap Detection: Level '/Game/2DSideScrollerCPP/Maps/2DSideScrollerExampleMap.2DSideScrollerExampleMap:PersistentLevel' has LevelScriptBlueprint '/Game/2DSideScrollerCPP/Maps/2DSideScrollerExampleMap.2DSideScrollerExampleMap:PersistentLevel.2DSideScrollerExampleMap' with GeneratedClass '/Game/2DSideScrollerCPP/Maps/2DSideScrollerExampleMap.2DSideScrollerExampleMap_C' with ClassGeneratedBy '/Game/2DSideScrollerCPP/Maps/2DSideScrollerExampleMap.2DSideScrollerExampleMap:PersistentLevel.2DSideScrollerExampleMap'
[2017.05.21-23.53.43:001][ 98]LogBlueprintUserMessages: Late EndPlayMap Detection: Level '/Game/2DSideScrollerCPP/Maps/2DSideScrollerExampleMap.2DSideScrollerExampleMap:PersistentLevel' has LevelScriptBlueprint '/Game/2DSideScrollerCPP/Maps/2DSideScrollerExampleMap.2DSideScrollerExampleMap:PersistentLevel.2DSideScrollerExampleMap' with GeneratedClass '/Game/2DSideScrollerCPP/Maps/2DSideScrollerExampleMap.2DSideScrollerExampleMap_C' with ClassGeneratedBy '/Game/2DSideScrollerCPP/Maps/2DSideScrollerExampleMap.2DSideScrollerExampleMap:PersistentLevel.2DSideScrollerExampleMap'
[2017.05.21-23.53.43:095][ 98]LogParticles: Destroying 0 GPU particle simulations for FXSystem 0x0000015B7709C2C0
[2017.05.21-23.53.43:259][ 99]Cmd: QUIT_EDITOR
[2017.05.21-23.53.44:404][ 99]LogExit: Preparing to exit.
[2017.05.21-23.53.45:431][ 99]LogParticles: Destroying 0 GPU particle simulations for FXSystem 0x0000015B50BBA160
[2017.05.21-23.53.45:431][ 99]LogExit: Editor shut down
[2017.05.21-23.53.45:431][ 99]LogExit: Transaction tracking system shut down
[2017.05.21-23.53.45:433][ 99]LogParticles: Destroying 0 GPU particle simulations for FXSystem 0x0000015B41FC5440
[2017.05.21-23.53.45:434][ 99]LogParticles: Destroying 0 GPU particle simulations for FXSystem 0x0000015B4F168720
[2017.05.21-23.53.45:711][ 99]LogExit: Object subsystem successfully closed.
[2017.05.21-23.53.45:723][ 99]LogD3D11RHI: Shutdown
[2017.05.21-23.53.45:723][ 99]LogD3D11RHI: CleanupD3DDevice
[2017.05.21-23.53.45:840][ 99]LogD3D11RHI: ~FD3D11DynamicRHI
[2017.05.21-23.53.45:880][ 99]LogModuleManager: Shutting down and abandoning module BlueprintGraph (199)
[2017.05.21-23.53.45:880][ 99]LogModuleManager: Shutting down and abandoning module CrashTracker (198)
[2017.05.21-23.53.45:880][ 99]LogModuleManager: Shutting down and abandoning module SceneOutliner (197)
[2017.05.21-23.53.45:880][ 99]LogModuleManager: Shutting down and abandoning module SuperSearch (196)
[2017.05.21-23.53.45:880][ 99]LogModuleManager: Shutting down and abandoning module WidgetCarousel (195)
[2017.05.21-23.53.45:880][ 99]LogModuleManager: Shutting down and abandoning module AddContentDialog (194)
[2017.05.21-23.53.45:882][ 99]LogModuleManager: Shutting down and abandoning module EditorWidgets (193)
[2017.05.21-23.53.45:882][ 99]LogModuleManager: Shutting down and abandoning module CollectionManager (192)
[2017.05.21-23.53.45:882][ 99]LogModuleManager: Shutting down and abandoning module StatsViewer (191)
[2017.05.21-23.53.45:882][ 99]LogModuleManager: Shutting down and abandoning module FoliageEdit (190)
[2017.05.21-23.53.45:882][ 99]LogModuleManager: Shutting down and abandoning module LandscapeEditor (189)
[2017.05.21-23.53.45:882][ 99]LogModuleManager: Shutting down and abandoning module ActorPickerMode (188)
[2017.05.21-23.53.45:882][ 99]LogModuleManager: Shutting down and abandoning module GeometryMode (187)
[2017.05.21-23.53.45:883][ 99]LogModuleManager: Shutting down and abandoning module TextureAlignMode (186)
[2017.05.21-23.53.45:883][ 99]LogModuleManager: Shutting down and abandoning module BspMode (185)
[2017.05.21-23.53.45:883][ 99]LogModuleManager: Shutting down and abandoning module PlacementMode (184)
[2017.05.21-23.53.45:883][ 99]LogModuleManager: Shutting down and abandoning module AutomationWorker (183)
[2017.05.21-23.53.45:883][ 99]LogModuleManager: Shutting down and abandoning module CharacterAI (182)
[2017.05.21-23.53.45:883][ 99]LogModuleManager: Shutting down and abandoning module SmartSnapping (181)
[2017.05.21-23.53.45:883][ 99]LogModuleManager: Shutting down and abandoning module ViewportSnapping (180)
[2017.05.21-23.53.45:883][ 99]LogModuleManager: Shutting down and abandoning module LogVisualizer (179)
[2017.05.21-23.53.45:883][ 99]LogModuleManager: Shutting down and abandoning module GameProjectGeneration (178)
[2017.05.21-23.53.45:883][ 99]LogModuleManager: Shutting down and abandoning module IntroTutorials (177)
[2017.05.21-23.53.45:883][ 99]LogModuleManager: Shutting down and abandoning module EditorLiveStreaming (176)
[2017.05.21-23.53.45:883][ 99]LogModuleManager: Shutting down and abandoning module IOSPlatformEditor (175)
[2017.05.21-23.53.45:883][ 99]LogModuleManager: Shutting down and abandoning module HTML5PlatformEditor (174)
[2017.05.21-23.53.45:883][ 99]LogModuleManager: Shutting down and abandoning module AndroidDeviceDetection (173)
[2017.05.21-23.53.46:460][ 99]LogModuleManager: Shutting down and abandoning module AndroidPlatformEditor (172)
[2017.05.21-23.53.46:460][ 99]LogModuleManager: Shutting down and abandoning module IOSRuntimeSettings (171)
[2017.05.21-23.53.46:460][ 99]LogModuleManager: Shutting down and abandoning module AndroidRuntimeSettings (170)
[2017.05.21-23.53.46:460][ 99]LogModuleManager: Shutting down and abandoning module MergeActors (169)
[2017.05.21-23.53.46:461][ 99]LogModuleManager: Shutting down and abandoning module SizeMap (168)
[2017.05.21-23.53.46:461][ 99]LogModuleManager: Shutting down and abandoning module TreeMap (167)
[2017.05.21-23.53.46:461][ 99]LogModuleManager: Shutting down and abandoning module ReferenceViewer (166)
[2017.05.21-23.53.46:461][ 99]LogModuleManager: Shutting down and abandoning module LocalizationService (165)
[2017.05.21-23.53.46:461][ 99]LogModuleManager: Shutting down and abandoning module LocalizationDashboard (164)
[2017.05.21-23.53.46:461][ 99]LogModuleManager: Shutting down and abandoning module HardwareTargeting (163)
[2017.05.21-23.53.46:461][ 99]LogModuleManager: Shutting down and abandoning module DeviceProfileEditor (162)
[2017.05.21-23.53.46:461][ 99]LogModuleManager: Shutting down and abandoning module UndoHistory (161)
[2017.05.21-23.53.46:461][ 99]LogModuleManager: Shutting down and abandoning module GameplayTagsEditor (160)
[2017.05.21-23.53.46:461][ 99]LogModuleManager: Shutting down and abandoning module UserFeedback (159)
[2017.05.21-23.53.46:461][ 99]LogModuleManager: Shutting down and abandoning module XmlParser (158)
[2017.05.21-23.53.46:461][ 99]LogModuleManager: Shutting down and abandoning module Blutility (157)
[2017.05.21-23.53.46:461][ 99]LogModuleManager: Shutting down and abandoning module ProjectTargetPlatformEditor (156)
[2017.05.21-23.53.46:461][ 99]LogModuleManager: Shutting down and abandoning module ProjectSettingsViewer (155)
[2017.05.21-23.53.46:461][ 99]LogModuleManager: Shutting down and abandoning module InputBindingEditor (154)
[2017.05.21-23.53.46:461][ 99]LogModuleManager: Shutting down and abandoning module EditorSettingsViewer (153)
[2017.05.21-23.53.46:461][ 99]LogModuleManager: Shutting down and abandoning module SettingsEditor (152)
[2017.05.21-23.53.46:461][ 99]LogModuleManager: Shutting down and abandoning module ProjectLauncher (151)
[2017.05.21-23.53.46:461][ 99]LogModuleManager: Shutting down and abandoning module SessionFrontend (150)
[2017.05.21-23.53.46:462][ 99]LogModuleManager: Shutting down and abandoning module ProfilerClient (149)
[2017.05.21-23.53.46:462][ 99]LogModuleManager: Shutting down and abandoning module TargetDeviceServices (148)
[2017.05.21-23.53.46:462][ 99]LogModuleManager: Shutting down and abandoning module DeviceManager (147)
[2017.05.21-23.53.46:462][ 99]LogModuleManager: Shutting down and abandoning module AutomationController (146)
[2017.05.21-23.53.46:462][ 99]LogModuleManager: Shutting down and abandoning module AutomationWindow (145)
[2017.05.21-23.53.46:462][ 99]LogModuleManager: Shutting down and abandoning module Layers (144)
[2017.05.21-23.53.46:462][ 99]LogModuleManager: Shutting down and abandoning module ComponentVisualizers (143)
[2017.05.21-23.53.46:462][ 99]LogModuleManager: Shutting down and abandoning module DetailCustomizations (142)
[2017.05.21-23.53.46:462][ 99]LogModuleManager: Shutting down and abandoning module PackagesDialog (141)
[2017.05.21-23.53.46:462][ 99]LogModuleManager: Shutting down and abandoning module Persona (140)
[2017.05.21-23.53.46:463][ 99]LogModuleManager: Shutting down and abandoning module Kismet (139)
[2017.05.21-23.53.46:463][ 99]LogModuleManager: Shutting down and abandoning module GraphEditor (138)
[2017.05.21-23.53.46:463][ 99]LogModuleManager: Shutting down and abandoning module ClassViewer (137)
[2017.05.21-23.53.46:465][ 99]LogModuleManager: Shutting down and abandoning module Toolbox (136)
[2017.05.21-23.53.46:465][ 99]LogModuleManager: Shutting down and abandoning module ModuleUI (135)
[2017.05.21-23.53.46:465][ 99]LogModuleManager: Shutting down and abandoning module MovieSceneTools (134)
[2017.05.21-23.53.46:465][ 99]LogModuleManager: Shutting down and abandoning module OutputLog (133)
[2017.05.21-23.53.46:465][ 99]LogModuleManager: Shutting down and abandoning module GammaUI (132)
[2017.05.21-23.53.46:465][ 99]LogModuleManager: Shutting down and abandoning module Documentation (131)
[2017.05.21-23.53.46:465][ 99]LogModuleManager: Shutting down and abandoning module GameLiveStreaming (130)
[2017.05.21-23.53.46:465][ 99]LogModuleManager: Shutting down and abandoning module StreamingPauseRendering (129)
[2017.05.21-23.53.46:465][ 99]LogModuleManager: Shutting down and abandoning module AnalyticsET (128)
[2017.05.21-23.53.46:465][ 99]LogModuleManager: Shutting down and abandoning module Analytics (127)
[2017.05.21-23.53.46:465][ 99]LogModuleManager: Shutting down and abandoning module AITestSuite (126)
[2017.05.21-23.53.46:465][ 99]LogModuleManager: Shutting down and abandoning module GameplayDebugger (125)
[2017.05.21-23.53.46:465][ 99]LogModuleManager: Shutting down and abandoning module AIModule (124)
[2017.05.21-23.53.46:465][ 99]LogModuleManager: Shutting down and abandoning module ProfilerService (123)
[2017.05.21-23.53.46:608][ 99]LogModuleManager: Shutting down and abandoning module TaskGraph (122)
[2017.05.21-23.53.46:608][ 99]LogModuleManager: Shutting down and abandoning module SlateRemote (121)
[2017.05.21-23.53.46:608][ 99]LogModuleManager: Shutting down and abandoning module SteamVRController (120)
[2017.05.21-23.53.46:608][ 99]LogModuleManager: Shutting down and abandoning module SteamVR (119)
[2017.05.21-23.53.46:608][ 99]LogModuleManager: Shutting down and abandoning module ProceduralMeshComponent (118)
[2017.05.21-23.53.46:608][ 99]LogModuleManager: Shutting down and abandoning module OculusRift (117)
[2017.05.21-23.53.46:608][ 99]LogModuleManager: Shutting down and abandoning module OculusLibrary (116)
[2017.05.21-23.53.46:608][ 99]LogModuleManager: Shutting down and abandoning module LeapMotionController (115)
[2017.05.21-23.53.46:651][ 99]LogModuleManager: Shutting down and abandoning module CustomMeshComponent (114)
[2017.05.21-23.53.46:651][ 99]LogModuleManager: Shutting down and abandoning module CableComponent (113)
[2017.05.21-23.53.46:651][ 99]LogModuleManager: Shutting down and abandoning module ArchVisCharacter (112)
[2017.05.21-23.53.46:651][ 99]LogModuleManager: Shutting down and abandoning module MessagingDebugger (111)
[2017.05.21-23.53.46:651][ 99]LogModuleManager: Shutting down and abandoning module MediaPlayerEditor (110)
[2017.05.21-23.53.46:651][ 99]LogModuleManager: Shutting down and abandoning module HTML5Networking (109)
[2017.05.21-23.53.46:652][ 99]LogModuleManager: Shutting down and abandoning module SpeedTreeImporter (108)
[2017.05.21-23.53.46:652][ 99]LogModuleManager: Shutting down and abandoning module PluginBrowser (107)
[2017.05.21-23.53.46:652][ 99]LogModuleManager: Shutting down and abandoning module EpicSurvey (106)
[2017.05.21-23.53.46:652][ 99]LogModuleManager: Shutting down and abandoning module DesktopPlatform (105)
[2017.05.21-23.53.46:652][ 99]LogModuleManager: Shutting down and abandoning module VisualStudioSourceCodeAccess (104)
[2017.05.21-23.53.46:652][ 99]LogModuleManager: Shutting down and abandoning module UObjectPlugin (103)
[2017.05.21-23.53.46:652][ 99]LogModuleManager: Shutting down and abandoning module SubversionSourceControl (102)
[2017.05.21-23.53.46:652][ 99]LogModuleManager: Shutting down and abandoning module PerforceSourceControl (101)
[2017.05.21-23.53.46:652][ 99]LogModuleManager: Shutting down and abandoning module SourceControl (100)
[2017.05.21-23.53.46:652][ 99]LogModuleManager: Shutting down and abandoning module GitSourceControl (99)
[2017.05.21-23.53.46:652][ 99]LogModuleManager: Shutting down and abandoning module LightPropagationVolumeEditor (98)
[2017.05.21-23.53.46:652][ 99]LogModuleManager: Shutting down and abandoning module PaperTiledImporter (97)
[2017.05.21-23.53.46:652][ 99]LogModuleManager: Shutting down and abandoning module PaperSpriteSheetImporter (96)
[2017.05.21-23.53.46:652][ 99]LogModuleManager: Shutting down and abandoning module MeshPaint (95)
[2017.05.21-23.53.46:652][ 99]LogModuleManager: Shutting down and abandoning module SlateReflector (94)
[2017.05.21-23.53.46:652][ 99]LogModuleManager: Shutting down and abandoning module HotReload (93)
[2017.05.21-23.53.46:652][ 99]LogModuleManager: Shutting down and abandoning module MainFrame (92)
[2017.05.21-23.53.46:652][ 99]LogModuleManager: Shutting down and abandoning module LevelEditor (91)
[2017.05.21-23.53.46:654][ 99]LogModuleManager: Shutting down and abandoning module DirectoryWatcher (90)
[2017.05.21-23.53.46:655][ 99]LogModuleManager: Shutting down and abandoning module AssetRegistry (89)
[2017.05.21-23.53.46:837][ 99]LogModuleManager: Shutting down and abandoning module ContentBrowser (88)
[2017.05.21-23.53.46:838][ 99]LogModuleManager: Shutting down and abandoning module Paper2DEditor (87)
[2017.05.21-23.53.46:838][ 99]LogModuleManager: Shutting down and abandoning module Project (86)
[2017.05.21-23.53.46:838][ 99]LogModuleManager: Shutting down and abandoning module UdpMessaging (85)
[2017.05.21-23.53.46:939][ 99]LogModuleManager: Shutting down and abandoning module LightPropagationVolumeRuntime (84)
[2017.05.21-23.53.46:939][ 99]LogModuleManager: Shutting down and abandoning module Paper2D (83)
[2017.05.21-23.53.46:939][ 99]LogModuleManager: Shutting down and abandoning module WindowsMoviePlayer (82)
[2017.05.21-23.53.46:943][ 99]LogModuleManager: Shutting down and abandoning module Media (81)
[2017.05.21-23.53.46:943][ 99]LogModuleManager: Shutting down and abandoning module WmfMedia (80)
[2017.05.21-23.53.46:943][ 99]LogModuleManager: Shutting down and abandoning module OnlineBlueprintSupport (79)
[2017.05.21-23.53.46:943][ 99]LogModuleManager: Shutting down and abandoning module GameplayTasksEditor (78)
[2017.05.21-23.53.46:943][ 99]LogModuleManager: Shutting down and abandoning module PropertyEditor (77)
[2017.05.21-23.53.46:943][ 99]LogModuleManager: Shutting down and abandoning module BehaviorTreeEditor (76)
[2017.05.21-23.53.46:943][ 99]LogModuleManager: Shutting down and abandoning module FunctionalTesting (75)
[2017.05.21-23.53.46:943][ 99]LogModuleManager: Shutting down and abandoning module CollisionAnalyzer (74)
[2017.05.21-23.53.46:943][ 99]LogModuleManager: Shutting down and abandoning module WorkspaceMenuStructure (73)
[2017.05.21-23.53.46:943][ 99]LogModuleManager: Shutting down and abandoning module MessageLog (72)
[2017.05.21-23.53.46:943][ 99]LogModuleManager: Shutting down and abandoning module Sequencer (71)
[2017.05.21-23.53.46:943][ 99]LogModuleManager: Shutting down and abandoning module AssetTools (70)
[2017.05.21-23.53.46:943][ 99]LogModuleManager: Shutting down and abandoning module UMGEditor (69)
[2017.05.21-23.53.46:943][ 99]LogModuleManager: Shutting down and abandoning module UMG (68)
[2017.05.21-23.53.46:943][ 99]LogModuleManager: Shutting down and abandoning module Slate (67)
[2017.05.21-23.53.46:943][ 99]LogModuleManager: Shutting down and abandoning module EditorStyle (66)
[2017.05.21-23.53.46:948][ 99]LogModuleManager: Shutting down and abandoning module SessionServices (65)
[2017.05.21-23.53.46:948][ 99]LogModuleManager: Shutting down and abandoning module SourceCodeAccess (64)
[2017.05.21-23.53.46:948][ 99]LogModuleManager: Shutting down and abandoning module HeadMountedDisplay (63)
[2017.05.21-23.53.46:948][ 99]LogModuleManager: Shutting down and abandoning module XAudio2 (62)
[2017.05.21-23.53.46:948][ 99]LogModuleManager: Shutting down and abandoning module Networking (60)
[2017.05.21-23.53.46:948][ 99]LogModuleManager: Shutting down and abandoning module Core (59)
[2017.05.21-23.53.46:948][ 99]LogModuleManager: Shutting down and abandoning module KismetCompiler (58)
[2017.05.21-23.53.46:948][ 99]LogModuleManager: Shutting down and abandoning module PhysXFormats (57)
[2017.05.21-23.53.46:948][ 99]LogModuleManager: Shutting down and abandoning module MeshUtilities (56)
[2017.05.21-23.53.46:948][ 99]LogModuleManager: Shutting down and abandoning module CookingStats (55)
[2017.05.21-23.53.46:948][ 99]LogModuleManager: Shutting down and abandoning module DerivedDataCache (54)
[2017.05.21-23.53.46:971][ 99]LogDerivedDataCache: Shutdown
[2017.05.21-23.53.46:971][ 99]LogModuleManager: Shutting down and abandoning module ShaderFormatOpenGL (53)
[2017.05.21-23.53.46:971][ 99]LogModuleManager: Shutting down and abandoning module ShaderFormatD3D (52)
[2017.05.21-23.53.46:971][ 99]LogModuleManager: Shutting down and abandoning module MetalShaderFormat (51)
[2017.05.21-23.53.46:971][ 99]LogModuleManager: Shutting down and abandoning module TextureFormatUncompressed (50)
[2017.05.21-23.53.46:971][ 99]LogModuleManager: Shutting down and abandoning module TextureFormatPVR (49)
[2017.05.21-23.53.46:971][ 99]LogModuleManager: Shutting down and abandoning module TextureFormatIntelISPCTexComp (48)
[2017.05.21-23.53.46:971][ 99]LogModuleManager: Shutting down and abandoning module TextureFormatDXT (47)
[2017.05.21-23.53.46:971][ 99]LogModuleManager: Shutting down and abandoning module ImageWrapper (46)
[2017.05.21-23.53.46:971][ 99]LogModuleManager: Shutting down and abandoning module TextureFormatASTC (45)
[2017.05.21-23.53.46:971][ 99]LogModuleManager: Shutting down and abandoning module TextureFormatAndroid (44)
[2017.05.21-23.53.46:971][ 99]LogModuleManager: Shutting down and abandoning module AudioFormatOpus (43)
[2017.05.21-23.53.46:971][ 99]LogModuleManager: Shutting down and abandoning module AudioFormatOgg (42)
[2017.05.21-23.53.46:971][ 99]LogModuleManager: Shutting down and abandoning module AudioFormatADPCM (41)
[2017.05.21-23.53.46:971][ 99]LogModuleManager: Shutting down and abandoning module LinuxTargetPlatform (40)
[2017.05.21-23.53.46:971][ 99]LogModuleManager: Shutting down and abandoning module LinuxServerTargetPlatform (39)
[2017.05.21-23.53.46:971][ 99]LogModuleManager: Shutting down and abandoning module LinuxNoEditorTargetPlatform (38)
[2017.05.21-23.53.46:971][ 99]LogModuleManager: Shutting down and abandoning module Messaging (37)
[2017.05.21-23.53.46:971][ 99]LogModuleManager: Shutting down and abandoning module IOSTargetPlatform (36)
[2017.05.21-23.53.46:971][ 99]LogModuleManager: Shutting down and abandoning module HTML5TargetPlatform (35)
[2017.05.21-23.53.46:971][ 99]LogModuleManager: Shutting down and abandoning module Android_PVRTCTargetPlatform (34)
[2017.05.21-23.53.46:971][ 99]LogModuleManager: Shutting down and abandoning module Android_ETC2TargetPlatform (33)
[2017.05.21-23.53.46:971][ 99]LogModuleManager: Shutting down and abandoning module Android_ETC1TargetPlatform (32)
[2017.05.21-23.53.46:971][ 99]LogModuleManager: Shutting down and abandoning module Android_DXTTargetPlatform (31)
[2017.05.21-23.53.46:971][ 99]LogModuleManager: Shutting down and abandoning module Android_ATCTargetPlatform (30)
[2017.05.21-23.53.46:972][ 99]LogModuleManager: Shutting down and abandoning module Android_ASTCTargetPlatform (29)
[2017.05.21-23.53.46:972][ 99]LogModuleManager: Shutting down and abandoning module AndroidTargetPlatform (28)
[2017.05.21-23.53.46:972][ 99]LogModuleManager: Shutting down and abandoning module WindowsTargetPlatform (27)
[2017.05.21-23.53.46:972][ 99]LogModuleManager: Shutting down and abandoning module WindowsServerTargetPlatform (26)
[2017.05.21-23.53.46:972][ 99]LogModuleManager: Shutting down and abandoning module WindowsNoEditorTargetPlatform (25)
[2017.05.21-23.53.46:972][ 99]LogModuleManager: Shutting down and abandoning module WindowsClientTargetPlatform (24)
[2017.05.21-23.53.46:972][ 99]LogModuleManager: Shutting down and abandoning module AllDesktopTargetPlatform (23)
[2017.05.21-23.53.46:972][ 99]LogModuleManager: Shutting down and abandoning module TargetPlatform (22)
[2017.05.21-23.53.46:972][ 99]LogModuleManager: Shutting down and abandoning module InputCore (21)
[2017.05.21-23.53.46:972][ 99]LogModuleManager: Shutting down and abandoning module Settings (20)
[2017.05.21-23.53.46:972][ 99]LogModuleManager: Shutting down and abandoning module OnlineSubsystem (18)
[2017.05.21-23.53.46:972][ 99]LogModuleManager: Shutting down and abandoning module HTTP (17)
[2017.05.21-23.53.47:976][ 99]LogModuleManager: Shutting down and abandoning module XMPP (16)
[2017.05.21-23.53.47:976][ 99]LogModuleManager: Shutting down and abandoning module ExampleDeviceProfileSelector (15)
[2017.05.21-23.53.47:976][ 99]LogModuleManager: Shutting down and abandoning module TextureCompressor (14)
[2017.05.21-23.53.47:978][ 99]LogModuleManager: Shutting down and abandoning module ShaderCore (13)
[2017.05.21-23.53.47:978][ 99]LogModuleManager: Shutting down and abandoning module Landscape (12)
[2017.05.21-23.53.47:978][ 99]LogModuleManager: Shutting down and abandoning module SlateRHIRenderer (11)
[2017.05.21-23.53.47:981][ 99]LogModuleManager: Shutting down and abandoning module OpenGLDrv (10)
[2017.05.21-23.53.47:981][ 99]LogModuleManager: Shutting down and abandoning module D3D11RHI (9)
[2017.05.21-23.53.47:982][ 99]LogModuleManager: Shutting down and abandoning module AnimGraphRuntime (8)
[2017.05.21-23.53.47:982][ 99]LogModuleManager: Shutting down and abandoning module Renderer (7)
[2017.05.21-23.53.47:982][ 99]LogModuleManager: Shutting down and abandoning module Engine (6)
[2017.05.21-23.53.47:982][ 99]LogModuleManager: Shutting down and abandoning module CoreUObject (5)
[2017.05.21-23.53.47:982][ 99]LogModuleManager: Shutting down and abandoning module NetworkFile (4)
[2017.05.21-23.53.47:982][ 99]LogModuleManager: Shutting down and abandoning module StreamingFile (3)
[2017.05.21-23.53.47:982][ 99]LogModuleManager: Shutting down and abandoning module SandboxFile (2)
[2017.05.21-23.53.47:982][ 99]LogModuleManager: Shutting down and abandoning module PakFile (1)
[2017.05.21-23.53.47:983][ 99]LogExit: Exiting.
[2017.05.21-23.53.48:044][ 99]Log file closed, 05/21/17 17:53:48
