[2017.05.23-15.00.49:197][  0]Log file open, 05/23/17 09:00:49
[2017.05.23-15.00.49:197][  0]LogInit:Display: Running engine for game: Project
[2017.05.23-15.00.49:197][  0]LogInit:Display: RandInit(-9606590) SRandInit(-9606589).
[2017.05.23-15.00.49:197][  0]LogTaskGraph: Started task graph with 4 named threads and 5 total threads.
[2017.05.23-15.00.49:197][  0]LogStats: Stats thread started at 0.282033
[2017.05.23-15.00.49:197][  0]LogInit:Warning: Incompatible or missing module: UE4Editor-Project.dll
[2017.05.23-15.00.59:391][  0]Running C:/Program Files/Epic Games/UE_4.9/Engine/Binaries/DotNET/UnrealBuildTool.exe Project Development Win64 -project="C:/Users/Jacob/Documents/GitHub/Project2/Project/Project.uproject" -rocket -editorrecompile -progress -noubtmakefiles
[2017.05.23-15.02.07:776][  0]@progress push 5%
[2017.05.23-15.02.09:584][  0]Parsing headers for ProjectEditor
[2017.05.23-15.02.09:685][  0]  Running UnrealHeaderTool "C:/Users/Jacob/Documents/GitHub/Project2/Project/Project.uproject" "C:\Users\Jacob\Documents\GitHub\Project2\Project\Intermediate\Build\Win64\ProjectEditor\Development\UnrealHeaderTool.manifest" -LogCmds="loginit warning, logexit warning, logdatabase error" -rocket -installed
[2017.05.23-15.02.23:810][  0]Reflection code generated for ProjectEditor in 14.1681908 seconds
[2017.05.23-15.02.24:211][  0]@progress pop
[2017.05.23-15.02.27:524][  0]Performing 11 actions (2 in parallel)
[2017.05.23-15.02.27:626][  0][2/11] Resource PCLaunch.rc
[2017.05.23-15.02.27:726][  0]PCH.Project.h.cpp
[2017.05.23-15.02.28:431][  0][3/11] Resource ModuleVersionResource.rc.inl
[2017.05.23-15.02.53:601][  0]Project.generated.cpp
[2017.05.23-15.02.53:601][  0]ProjectCharacter.cpp
[2017.05.23-15.02.54:705][  0]ProjectGameMode.cpp
[2017.05.23-15.02.55:209][  0]Asteroid1.cpp
[2017.05.23-15.02.55:510][  0]CharacterTest.cpp
[2017.05.23-15.02.55:711][  0]Comet.cpp
[2017.05.23-15.02.55:912][  0]Project.cpp
[2017.05.23-15.02.56:214][  0][11/11] Link UE4Editor-Project.dll
[2017.05.23-15.02.57:824][  0]   Creating library C:\Users\Jacob\Documents\GitHub\Project2\Project\Intermediate/Build/Win64\UE4Editor\Development\UE4Editor-Project.lib and object C:\Users\Jacob\Documents\GitHub\Project2\Project\Intermediate/Build/Win64\UE4Editor\Development\UE4Editor-Project.exp
[2017.05.23-15.02.58:827][  0]-------- End Detailed Actions Stats -----------------------------------------------------------
[2017.05.23-15.02.58:827][  0]Total build time: 118.62 seconds
[2017.05.23-15.02.59:419][  0]LogInit: Version: 4.9.2-2707645+++depot+UE4-Releases+4.9
[2017.05.23-15.02.59:419][  0]LogInit: API Version: 2672455
[2017.05.23-15.02.59:419][  0]LogInit: Compiled (64-bit): Sep 28 2015 10:25:44
[2017.05.23-15.02.59:419][  0]LogInit: Compiled with Visual C++: 18.00.21005.01
[2017.05.23-15.02.59:419][  0]LogInit: Build Configuration: Development
[2017.05.23-15.02.59:419][  0]LogInit: Branch Name: ++depot+UE4-Releases+4.9
[2017.05.23-15.02.59:419][  0]LogInit: Command line:  
[2017.05.23-15.02.59:419][  0]LogInit: Base directory: C:/Program Files/Epic Games/UE_4.9/Engine/Binaries/Win64/
[2017.05.23-15.02.59:419][  0]LogInit: Rocket: 1
[2017.05.23-15.02.59:431][  0]LogInit: Using libcurl 7.41.0
[2017.05.23-15.02.59:431][  0]LogInit:  - built for x86_64-pc-win32
[2017.05.23-15.02.59:431][  0]LogInit:  - supports SSL with WinSSL
[2017.05.23-15.02.59:431][  0]LogInit:  - other features:
[2017.05.23-15.02.59:431][  0]LogInit:      CURL_VERSION_SSL
[2017.05.23-15.02.59:431][  0]LogInit:      CURL_VERSION_IPV6
[2017.05.23-15.02.59:431][  0]LogInit:      CURL_VERSION_ASYNCHDNS
[2017.05.23-15.02.59:431][  0]LogInit:      CURL_VERSION_LARGEFILE
[2017.05.23-15.02.59:431][  0]LogInit:      CURL_VERSION_IDN
[2017.05.23-15.02.59:431][  0]LogInit:  CurlRequestOptions (configurable via config and command line):
[2017.05.23-15.02.59:431][  0]LogInit:  - bVerifyPeer = true  - Libcurl will verify peer certificate
[2017.05.23-15.02.59:431][  0]LogInit:  - bUseHttpProxy = false  - Libcurl will NOT use HTTP proxy
[2017.05.23-15.02.59:431][  0]LogInit:  - bDontReuseConnections = false  - Libcurl will reuse connections
[2017.05.23-15.02.59:431][  0]LogInit:  - CertBundlePath = nullptr  - Libcurl will use whatever was configured at build time.
[2017.05.23-15.02.59:440][  0]LogInit: Presizing for 0 objects not considered by GC, pre-allocating 0 bytes.
[2017.05.23-15.02.59:449][  0]LogInit: Object subsystem initialized
[2017.05.23-15.02.59:451][  0]LogInit: Selected Device Profile: [Windows]
[2017.05.23-15.02.59:451][  0]LogInit: Applying CVar settings loaded from the selected device profile: [Windows]
[2017.05.23-15.02.59:475][  0]LogInit: Computer: DEBBIELAPTOP
[2017.05.23-15.02.59:475][  0]LogInit: User: Jacob
[2017.05.23-15.02.59:475][  0]LogInit: CPU Page size=4096, Cores=2
[2017.05.23-15.02.59:475][  0]LogInit: High frequency timer resolution =2.338337 MHz
[2017.05.23-15.02.59:475][  0]LogMemory: Memory total: Physical=5.9GB (6GB approx)
[2017.05.23-15.02.59:475][  0]LogMemory: Platform Memory Stats for Windows
[2017.05.23-15.02.59:475][  0]LogMemory: Process Physical Memory: 59.96 MB used, 59.96 MB peak
[2017.05.23-15.02.59:475][  0]LogMemory: Process Virtual Memory: 58.21 MB used, 58.21 MB peak
[2017.05.23-15.02.59:475][  0]LogMemory: Physical Memory: 3910.11 MB used, 6048.76 MB total
[2017.05.23-15.02.59:475][  0]LogMemory: Virtual Memory: 423.37 MB used, 134217728.00 MB total
[2017.05.23-15.02.59:507][  0]LogTextLocalizationManager: No specific translations for ('en-US') exist, so ('en') translations will be used.
[2017.05.23-15.03.00:555][  0]LogD3D11RHI: Found D3D11 adapter 0: Intel(R) HD Graphics Family (Feature Level 11_0)
[2017.05.23-15.03.00:555][  0]LogD3D11RHI: Adapter has 112MB of dedicated video memory, 0MB of dedicated system memory, and 2048MB of shared system memory, 1 output[s]
[2017.05.23-15.03.00:557][  0]LogD3D11RHI: Found D3D11 adapter 1: Microsoft Basic Render Driver (Feature Level 11_0)
[2017.05.23-15.03.00:557][  0]LogD3D11RHI: Adapter has 0MB of dedicated video memory, 0MB of dedicated system memory, and 3024MB of shared system memory, 0 output[s]
[2017.05.23-15.03.00:557][  0]LogD3D11RHI: Chosen D3D11 Adapter Id = 0
[2017.05.23-15.03.00:564][  0]LogD3D11RHI: !Direct3DDevice
[2017.05.23-15.03.00:564][  0]LogRHI: Texture pool is 795 MB (70% of 1136 MB)
[2017.05.23-15.03.00:571][  0]LogD3D11RHI: Async texture creation enabled
[2017.05.23-15.03.00:575][  0]LogShaderCompilers: Guid format shader working directory is 14 characters bigger than the processId version (../../../../../../Users/Jacob/Documents/GitHub/Project2/Project/Intermediate/Shaders/WorkingDirectory/13268/).
[2017.05.23-15.03.00:575][  0]LogShaderCompilers: Cleaned the shader compiler working directory '../../../../../../Users/Jacob/Documents/GitHub/Project2/Project/Intermediate/Shaders/tmp/0F68F0F340D2581BD913C1917847CEC6/'.
[2017.05.23-15.03.00:575][  0]LogShaderCompilers:Display: Using Local Shader Compiler.
[2017.05.23-15.03.02:852][  0]LogTemp:Display: Loaded TP AllDesktopTargetPlatform
[2017.05.23-15.03.02:860][  0]LogTemp:Display: Loaded TP WindowsClientTargetPlatform
[2017.05.23-15.03.02:867][  0]LogTemp:Display: Loaded TP WindowsNoEditorTargetPlatform
[2017.05.23-15.03.02:874][  0]LogTemp:Display: Loaded TP WindowsServerTargetPlatform
[2017.05.23-15.03.02:884][  0]LogTemp:Display: Loaded TP WindowsTargetPlatform
[2017.05.23-15.03.02:892][  0]LogTemp:Display: Loaded TP AndroidTargetPlatform
[2017.05.23-15.03.02:896][  0]LogTemp:Display: Loaded TP Android_ASTCTargetPlatform
[2017.05.23-15.03.02:901][  0]LogTemp:Display: Loaded TP Android_ATCTargetPlatform
[2017.05.23-15.03.02:906][  0]LogTemp:Display: Loaded TP Android_DXTTargetPlatform
[2017.05.23-15.03.02:910][  0]LogTemp:Display: Loaded TP Android_ETC1TargetPlatform
[2017.05.23-15.03.02:915][  0]LogTemp:Display: Loaded TP Android_ETC2TargetPlatform
[2017.05.23-15.03.02:919][  0]LogTemp:Display: Loaded TP Android_PVRTCTargetPlatform
[2017.05.23-15.03.02:920][  0]LogTemp:Display: Loaded TP HTML5TargetPlatform
[2017.05.23-15.03.02:942][  0]LogTemp:Display: Loaded TP IOSTargetPlatform
[2017.05.23-15.03.02:946][  0]LogTemp:Display: Loaded TP LinuxNoEditorTargetPlatform
[2017.05.23-15.03.02:951][  0]LogTemp:Display: Loaded TP LinuxServerTargetPlatform
[2017.05.23-15.03.02:962][  0]LogTemp:Display: Loaded TP LinuxTargetPlatform
[2017.05.23-15.03.02:962][  0]LogTargetPlatformManager:Display: Building Assets For Windows
[2017.05.23-15.03.03:235][  0]LogDerivedDataCache:Display: Max Cache Size: 512 MB
[2017.05.23-15.03.03:310][  0]LogDerivedDataCache: Loaded boot cache 0.07s 42MB C:/Users/Jacob/AppData/Local/UnrealEngine/4.9/DerivedDataCache/Boot.ddc.
[2017.05.23-15.03.03:310][  0]LogDerivedDataCache:Display: Loaded Boot cache: C:/Users/Jacob/AppData/Local/UnrealEngine/4.9/DerivedDataCache/Boot.ddc
[2017.05.23-15.03.03:310][  0]LogDerivedDataCache: FDerivedDataBackendGraph:  Pak pak cache file ../../../../../../Users/Jacob/Documents/GitHub/Project2/Project/DerivedDataCache/DDC.ddp not found, will not use a pak cache.
[2017.05.23-15.03.03:310][  0]LogDerivedDataCache: Unable to find inner node Pak for hierarchical cache Hierarchy.
[2017.05.23-15.03.03:310][  0]LogDerivedDataCache: FDerivedDataBackendGraph:  CompressedPak pak cache file ../../../../../../Users/Jacob/Documents/GitHub/Project2/Project/DerivedDataCache/Compressed.ddp not found, will not use a pak cache.
[2017.05.23-15.03.03:310][  0]LogDerivedDataCache: Unable to find inner node CompressedPak for hierarchical cache Hierarchy.
[2017.05.23-15.03.03:493][  0]LogDerivedDataCache:Display: Pak cache opened for reading ../../../Engine/DerivedDataCache/Compressed.ddp.
[2017.05.23-15.03.03:505][  0]LogDerivedDataCache: Using Local data cache path C:/Users/Jacob/AppData/Local/UnrealEngine/Common/DerivedDataCache: Writable
[2017.05.23-15.03.09:005][  0]LogInit: Selected Device Profile: [Windows]
[2017.05.23-15.03.09:008][  0]LogContentStreaming: Texture pool size is 0.000000MB
[2017.05.23-15.03.09:176][  0]LogMeshUtilities: No automatic mesh reduction module available
[2017.05.23-15.03.09:176][  0]LogMeshUtilities: No automatic mesh merging module available
[2017.05.23-15.03.09:799][  0]LogInit: WinSock: version 1.1 (2.2), MaxSocks=32767, MaxUdp=65467
[2017.05.23-15.03.32:878][  0]UdpMessaging: Initializing bridge on interface 0.0.0.0:0 to multicast group 230.0.0.1:6666.
[2017.05.23-15.03.33:553][  0]LogAssetRegistry: FAssetRegistry took 0.0115 seconds to start up
[2017.05.23-15.03.33:909][  0]SourceControl: Info Source control is disabled
[2017.05.23-15.03.33:911][  0]SourceControl: Info Source control is disabled
[2017.05.23-15.03.33:929][  0]SourceControl: Info Source control is disabled
[2017.05.23-15.03.33:949][  0]SourceControl: Info Source control is disabled
[2017.05.23-15.03.34:870][  0]LogLinker:Warning: Asset '../../../Engine/Plugins/Runtime/LeapMotionController/Content/LM_PassthroughMaterial.uasset' has been saved with empty engine version. The asset will be loaded but may be incompatible.
[2017.05.23-15.03.34:991][  0]LogObj: 28453 objects as part of root set at end of initial load.
[2017.05.23-15.03.34:991][  0]LogUObjectAllocator: 6087384 out of 0 bytes used by permanent object pool.
[2017.05.23-15.03.35:115][  0]LogEngine: Initializing Engine...
[2017.05.23-15.03.35:119][  0]LogHMD: Can't find Oculus library dev build: is proper Runtime installed? Version: 0.7.0.0
[2017.05.23-15.03.35:148][  0]LogHMD: SteamVR failed to initialize.  Err: 110
[2017.05.23-15.03.35:396][  0]LogAIModule: Creating AISystem for world NewWorld
[2017.05.23-15.03.35:400][  0]LogInit: XAudio2 using 'Speakers / Headphones (Realtek High Definition Audio)' : 2 channels at 48 kHz using 32 bits per sample (channel mask 0x3)
[2017.05.23-15.03.35:883][  0]LogInit: FAudioDevice initialized.
[2017.05.23-15.03.35:936][  0]LogDerivedDataCache: Saved boot cache 0.05s 42MB C:/Users/Jacob/AppData/Local/UnrealEngine/4.9/DerivedDataCache/Boot.ddc.
[2017.05.23-15.03.35:951][  0]LogInit: Texture streaming: Enabled
[2017.05.23-15.03.35:966][  0]LogAnalytics: Creating configured Analytics provider AnalyticsET
[2017.05.23-15.03.35:966][  0]LogAnalytics: [UEEditor.Rocket.Release] APIServer = http://et2.epicgames.com/ET2/. AppVersion = 4.9.2-2707645+++depot+UE4-Releases+4.9
[2017.05.23-15.03.35:966][  0]LogAnalytics: [UEEditor.Rocket.Release] SetUserId 0c7004ae4fbf476c46248ea3aa897ba2|5c8a094fc4fb4ccf912a58e8b050ae6e|dd076934-77e4-46bc-8f3f-9384319b48ea
[2017.05.23-15.03.35:966][  0]LogAnalytics: [UEEditor.Rocket.Release] AnalyticsET::StartSession
[2017.05.23-15.03.36:400][  0]LogInit: Transaction tracking system initialized
[2017.05.23-15.03.36:449][  0]BlueprintLog: New page: Editor Load
[2017.05.23-15.03.36:785][  0]LocalizationService: Info Localization service is disabled
[2017.05.23-15.03.37:143][  0]LogConsoleResponse:Display: 
[2017.05.23-15.03.37:397][  0]LogFileCache: Scanning file cache for directory 'C:/Users/Jacob/Documents/GitHub/Project2/Project/Content/' took 0.01s
[2017.05.23-15.03.37:397][  0]LogCook:Display: Done creating registry. It took  0.00s.
[2017.05.23-15.03.37:789][  0]SourceControl: Info Source control is disabled
[2017.05.23-15.03.37:789][  0]Cmd: MAP LOAD FILE="../../../../../../Users/Jacob/Documents/GitHub/Project2/Project/Content/2DSideScrollerCPP/Maps/2DSideScrollerExampleMap.umap" TEMPLATE=0 SHOWPROGRESS=1 FEATURELEVEL=3
[2017.05.23-15.03.37:790][  0]LightingResults: New page: Lighting Build
[2017.05.23-15.03.37:796][  0]MapCheck: New page: Map Check
[2017.05.23-15.03.37:796][  0]LightingResults: New page: Lighting Build
[2017.05.23-15.03.37:828][  0]LogParticles: Destroying 0 GPU particle simulations for FXSystem 0x000002DB65A0F6A0
[2017.05.23-15.03.38:707][  0]LogAIModule: Creating AISystem for world 2DSideScrollerExampleMap
[2017.05.23-15.03.38:711][  0]LogEditorServer: Finished looking for orphan Actors (0.000 secs)
[2017.05.23-15.03.38:711][  0]Cmd: MAP CHECKDEP NOCLEARLOG
[2017.05.23-15.03.38:810][  0]MapCheck: Info Map check complete: 0 Error(s), 0 Warning(s), took 98.213ms to complete.
[2017.05.23-15.03.38:810][  0]LogFileHelpers: Loading map '2DSideScrollerExampleMap' took 1.021
[2017.05.23-15.03.39:347][  0]LogCollectionManager: Loaded 0 collections in 0.009531 seconds
[2017.05.23-15.03.39:409][  0]LogFileCache: Scanning file cache for directory 'C:/Users/Jacob/Documents/GitHub/Project2/Project/Saved/Collections/' took 0.01s
[2017.05.23-15.03.39:409][  0]LogFileCache: Scanning file cache for directory 'C:/Users/Jacob/Documents/GitHub/Project2/Project/Content/Developers/Jacob/Collections/' took 0.01s
[2017.05.23-15.03.39:409][  0]LogFileCache: Scanning file cache for directory 'C:/Users/Jacob/Documents/GitHub/Project2/Project/Content/Collections/' took 0.01s
[2017.05.23-15.03.39:409][  0]LogContentBrowser: Native class hierarchy populated in 0.0248 seconds. Added 1872 classes and 335 folders.
[2017.05.23-15.03.39:423][  0]LogCollectionManager: Rebuilt the GUID cache for 0 collections in 0.000006 seconds
[2017.05.23-15.03.39:454][  0]LogContentBrowser: Native class hierarchy updated for 'WidgetCarousel' in 0.0014 seconds. Added 0 classes and 0 folders.
[2017.05.23-15.03.42:444][  0]LogContentBrowser: Native class hierarchy updated for 'AddContentDialog' in 0.0070 seconds. Added 0 classes and 0 folders.
[2017.05.23-15.03.42:469][  0]LogContentBrowser: Native class hierarchy updated for 'SceneOutliner' in 0.0071 seconds. Added 1 classes and 2 folders.
[2017.05.23-15.03.42:637][  0]LogCrashTracker: Crashtracker disabled due to settings.
[2017.05.23-15.03.42:653][  0]LogUObjectGlobals:Warning: Failed to find object 'Class None.'
[2017.05.23-15.03.42:678][  0]LogLoad: Full Startup: 175.94 seconds (BP compile: 0.17 seconds)
[2017.05.23-15.03.43:001][  0]LogContentStreaming: Texture pool size now 1000 MB
[2017.05.23-15.03.43:136][  0]LogRenderer: Reallocating scene render targets to support 964x436 (Frame:2).
[2017.05.23-15.04.12:796][343]LogAssetRegistry: Asset discovery search completed in 39.2545 seconds
[2017.05.23-15.04.12:796][343]LogCollectionManager: Rebuilt the object cache for 0 collections in 0.000002 seconds (found 0 objects)
[2017.05.23-15.04.12:796][343]LogCollectionManager: Fixed up redirectors for 0 collections in 0.000050 seconds (updated 0 objects)
[2017.05.23-15.04.32:148][446]LogBlueprintUserMessages: Early PlayInEditor Detection: Level '/Game/2DSideScrollerCPP/Maps/2DSideScrollerExampleMap.2DSideScrollerExampleMap:PersistentLevel' has LevelScriptBlueprint '/Game/2DSideScrollerCPP/Maps/2DSideScrollerExampleMap.2DSideScrollerExampleMap:PersistentLevel.2DSideScrollerExampleMap' with GeneratedClass '/Game/2DSideScrollerCPP/Maps/2DSideScrollerExampleMap.2DSideScrollerExampleMap_C' with ClassGeneratedBy '/Game/2DSideScrollerCPP/Maps/2DSideScrollerExampleMap.2DSideScrollerExampleMap:PersistentLevel.2DSideScrollerExampleMap'
[2017.05.23-15.04.32:148][446]LogPlayLevel: PlayLevel: No blueprints needed recompiling
[2017.05.23-15.04.32:206][446]PIE: New page: PIE session: 2DSideScrollerExampleMap (May 23, 2017, 3:04:32 AM)
[2017.05.23-15.04.32:206][446]LogPlayLevel: Creating play world package: /Game/2DSideScrollerCPP/Maps/UEDPIE_0_2DSideScrollerExampleMap
[2017.05.23-15.04.32:212][446]LogPlayLevel: PIE: StaticDuplicateObject took: (0.005861s)
[2017.05.23-15.04.32:213][446]LogAIModule: Creating AISystem for world 2DSideScrollerExampleMap
[2017.05.23-15.04.32:213][446]LogPlayLevel: PIE: World Init took: (0.001144s)
[2017.05.23-15.04.32:214][446]LogPlayLevel: PIE: Created PIE world by copying editor world from /Game/2DSideScrollerCPP/Maps/2DSideScrollerExampleMap.2DSideScrollerExampleMap to /Game/2DSideScrollerCPP/Maps/UEDPIE_0_2DSideScrollerExampleMap.2DSideScrollerExampleMap (0.007388s)
[2017.05.23-15.04.32:252][446]LogInit: XAudio2 using 'Speakers / Headphones (Realtek High Definition Audio)' : 2 channels at 48 kHz using 32 bits per sample (channel mask 0x3)
[2017.05.23-15.04.32:269][446]LogInit: FAudioDevice initialized.
[2017.05.23-15.04.32:416][446]LogWorld: Game class is 'ProjectGameMode'
[2017.05.23-15.04.32:427][446]LogWorld: Bringing World /Game/2DSideScrollerCPP/Maps/UEDPIE_0_2DSideScrollerExampleMap.2DSideScrollerExampleMap up for play (max tick rate 60) at 2017.05.23-09.04.32
[2017.05.23-15.04.32:427][446]LogActor:Warning: GameSession /Game/2DSideScrollerCPP/Maps/UEDPIE_0_2DSideScrollerExampleMap.2DSideScrollerExampleMap:PersistentLevel.GameSession_0 has natively added scene component(s), but none of them were set as the actor's RootComponent - picking one arbitrarily
[2017.05.23-15.04.32:427][446]LogActor:Warning: GameNetworkManager /Game/2DSideScrollerCPP/Maps/UEDPIE_0_2DSideScrollerExampleMap.2DSideScrollerExampleMap:PersistentLevel.GameNetworkManager_0 has natively added scene component(s), but none of them were set as the actor's RootComponent - picking one arbitrarily
[2017.05.23-15.04.32:428][446]LogWorld: Bringing up level for play took: 0.009706
[2017.05.23-15.04.32:528][446]PIE: Info Play in editor start time for /Game/2DSideScrollerCPP/Maps/UEDPIE_0_2DSideScrollerExampleMap 1.068
[2017.05.23-15.04.32:529][446]LogBlueprintUserMessages: Late PlayInEditor Detection: Level '/Game/2DSideScrollerCPP/Maps/2DSideScrollerExampleMap.2DSideScrollerExampleMap:PersistentLevel' has LevelScriptBlueprint '/Game/2DSideScrollerCPP/Maps/2DSideScrollerExampleMap.2DSideScrollerExampleMap:PersistentLevel.2DSideScrollerExampleMap' with GeneratedClass '/Game/2DSideScrollerCPP/Maps/2DSideScrollerExampleMap.2DSideScrollerExampleMap_C' with ClassGeneratedBy '/Game/2DSideScrollerCPP/Maps/2DSideScrollerExampleMap.2DSideScrollerExampleMap:PersistentLevel.2DSideScrollerExampleMap'
[2017.05.23-15.04.34:499][520]LogBlueprintUserMessages: Early EndPlayMap Detection: Level '/Game/2DSideScrollerCPP/Maps/2DSideScrollerExampleMap.2DSideScrollerExampleMap:PersistentLevel' has LevelScriptBlueprint '/Game/2DSideScrollerCPP/Maps/2DSideScrollerExampleMap.2DSideScrollerExampleMap:PersistentLevel.2DSideScrollerExampleMap' with GeneratedClass '/Game/2DSideScrollerCPP/Maps/2DSideScrollerExampleMap.2DSideScrollerExampleMap_C' with ClassGeneratedBy '/Game/2DSideScrollerCPP/Maps/2DSideScrollerExampleMap.2DSideScrollerExampleMap:PersistentLevel.2DSideScrollerExampleMap'
[2017.05.23-15.04.34:598][520]LogBlueprintUserMessages: Late EndPlayMap Detection: Level '/Game/2DSideScrollerCPP/Maps/2DSideScrollerExampleMap.2DSideScrollerExampleMap:PersistentLevel' has LevelScriptBlueprint '/Game/2DSideScrollerCPP/Maps/2DSideScrollerExampleMap.2DSideScrollerExampleMap:PersistentLevel.2DSideScrollerExampleMap' with GeneratedClass '/Game/2DSideScrollerCPP/Maps/2DSideScrollerExampleMap.2DSideScrollerExampleMap_C' with ClassGeneratedBy '/Game/2DSideScrollerCPP/Maps/2DSideScrollerExampleMap.2DSideScrollerExampleMap:PersistentLevel.2DSideScrollerExampleMap'
[2017.05.23-15.04.34:638][520]LogParticles: Destroying 0 GPU particle simulations for FXSystem 0x000002DB7CAFEDE0
[2017.05.23-15.04.50:550][769]LogWindowsTextInputMethodSystem:Display: IME system now deactivated.
[2017.05.23-15.04.50:550][769]LogWindowsTextInputMethodSystem:Display: IME system now deactivated.
[2017.05.23-15.04.51:023][770]Cmd: QUIT_EDITOR
[2017.05.23-15.04.51:447][770]LogExit: Preparing to exit.
[2017.05.23-15.04.52:014][770]LogExit: Editor shut down
[2017.05.23-15.04.52:015][770]LogExit: Transaction tracking system shut down
[2017.05.23-15.04.52:019][770]LogParticles: Destroying 0 GPU particle simulations for FXSystem 0x000002DB65C189A0
[2017.05.23-15.04.52:019][770]LogParticles: Destroying 0 GPU particle simulations for FXSystem 0x000002DB5716ACA0
[2017.05.23-15.04.52:373][770]LogExit: Object subsystem successfully closed.
[2017.05.23-15.04.52:385][770]LogD3D11RHI: Shutdown
[2017.05.23-15.04.52:385][770]LogD3D11RHI: CleanupD3DDevice
[2017.05.23-15.04.52:453][770]LogD3D11RHI: ~FD3D11DynamicRHI
[2017.05.23-15.04.52:513][770]LogModuleManager: Shutting down and abandoning module CrashTracker (198)
[2017.05.23-15.04.52:513][770]LogModuleManager: Shutting down and abandoning module SceneOutliner (197)
[2017.05.23-15.04.52:514][770]LogModuleManager: Shutting down and abandoning module SuperSearch (196)
[2017.05.23-15.04.52:514][770]LogModuleManager: Shutting down and abandoning module WidgetCarousel (195)
[2017.05.23-15.04.52:514][770]LogModuleManager: Shutting down and abandoning module AddContentDialog (194)
[2017.05.23-15.04.52:515][770]LogModuleManager: Shutting down and abandoning module EditorWidgets (193)
[2017.05.23-15.04.52:515][770]LogModuleManager: Shutting down and abandoning module CollectionManager (192)
[2017.05.23-15.04.52:515][770]LogModuleManager: Shutting down and abandoning module StatsViewer (191)
[2017.05.23-15.04.52:515][770]LogModuleManager: Shutting down and abandoning module FoliageEdit (190)
[2017.05.23-15.04.52:515][770]LogModuleManager: Shutting down and abandoning module LandscapeEditor (189)
[2017.05.23-15.04.52:516][770]LogModuleManager: Shutting down and abandoning module ActorPickerMode (188)
[2017.05.23-15.04.52:516][770]LogModuleManager: Shutting down and abandoning module GeometryMode (187)
[2017.05.23-15.04.52:516][770]LogModuleManager: Shutting down and abandoning module TextureAlignMode (186)
[2017.05.23-15.04.52:516][770]LogModuleManager: Shutting down and abandoning module BspMode (185)
[2017.05.23-15.04.52:516][770]LogModuleManager: Shutting down and abandoning module PlacementMode (184)
[2017.05.23-15.04.52:516][770]LogModuleManager: Shutting down and abandoning module AutomationWorker (183)
[2017.05.23-15.04.52:516][770]LogModuleManager: Shutting down and abandoning module CharacterAI (182)
[2017.05.23-15.04.52:516][770]LogModuleManager: Shutting down and abandoning module SmartSnapping (181)
[2017.05.23-15.04.52:516][770]LogModuleManager: Shutting down and abandoning module ViewportSnapping (180)
[2017.05.23-15.04.52:516][770]LogModuleManager: Shutting down and abandoning module LogVisualizer (179)
[2017.05.23-15.04.52:516][770]LogModuleManager: Shutting down and abandoning module GameProjectGeneration (178)
[2017.05.23-15.04.52:516][770]LogModuleManager: Shutting down and abandoning module IntroTutorials (177)
[2017.05.23-15.04.52:516][770]LogModuleManager: Shutting down and abandoning module EditorLiveStreaming (176)
[2017.05.23-15.04.52:516][770]LogModuleManager: Shutting down and abandoning module IOSPlatformEditor (175)
[2017.05.23-15.04.52:516][770]LogModuleManager: Shutting down and abandoning module HTML5PlatformEditor (174)
[2017.05.23-15.04.52:516][770]LogModuleManager: Shutting down and abandoning module AndroidDeviceDetection (173)
[2017.05.23-15.04.53:290][770]LogModuleManager: Shutting down and abandoning module AndroidPlatformEditor (172)
[2017.05.23-15.04.53:290][770]LogModuleManager: Shutting down and abandoning module IOSRuntimeSettings (171)
[2017.05.23-15.04.53:290][770]LogModuleManager: Shutting down and abandoning module AndroidRuntimeSettings (170)
[2017.05.23-15.04.53:290][770]LogModuleManager: Shutting down and abandoning module MergeActors (169)
[2017.05.23-15.04.53:290][770]LogModuleManager: Shutting down and abandoning module SizeMap (168)
[2017.05.23-15.04.53:290][770]LogModuleManager: Shutting down and abandoning module TreeMap (167)
[2017.05.23-15.04.53:290][770]LogModuleManager: Shutting down and abandoning module ReferenceViewer (166)
[2017.05.23-15.04.53:290][770]LogModuleManager: Shutting down and abandoning module LocalizationService (165)
[2017.05.23-15.04.53:290][770]LogModuleManager: Shutting down and abandoning module LocalizationDashboard (164)
[2017.05.23-15.04.53:291][770]LogModuleManager: Shutting down and abandoning module HardwareTargeting (163)
[2017.05.23-15.04.53:291][770]LogModuleManager: Shutting down and abandoning module DeviceProfileEditor (162)
[2017.05.23-15.04.53:291][770]LogModuleManager: Shutting down and abandoning module UndoHistory (161)
[2017.05.23-15.04.53:291][770]LogModuleManager: Shutting down and abandoning module GameplayTagsEditor (160)
[2017.05.23-15.04.53:291][770]LogModuleManager: Shutting down and abandoning module UserFeedback (159)
[2017.05.23-15.04.53:291][770]LogModuleManager: Shutting down and abandoning module XmlParser (158)
[2017.05.23-15.04.53:291][770]LogModuleManager: Shutting down and abandoning module Blutility (157)
[2017.05.23-15.04.53:291][770]LogModuleManager: Shutting down and abandoning module ProjectTargetPlatformEditor (156)
[2017.05.23-15.04.53:291][770]LogModuleManager: Shutting down and abandoning module ProjectSettingsViewer (155)
[2017.05.23-15.04.53:291][770]LogModuleManager: Shutting down and abandoning module InputBindingEditor (154)
[2017.05.23-15.04.53:292][770]LogModuleManager: Shutting down and abandoning module EditorSettingsViewer (153)
[2017.05.23-15.04.53:292][770]LogModuleManager: Shutting down and abandoning module SettingsEditor (152)
[2017.05.23-15.04.53:292][770]LogModuleManager: Shutting down and abandoning module ProjectLauncher (151)
[2017.05.23-15.04.53:292][770]LogModuleManager: Shutting down and abandoning module SessionFrontend (150)
[2017.05.23-15.04.53:292][770]LogModuleManager: Shutting down and abandoning module ProfilerClient (149)
[2017.05.23-15.04.53:293][770]LogModuleManager: Shutting down and abandoning module TargetDeviceServices (148)
[2017.05.23-15.04.53:293][770]LogModuleManager: Shutting down and abandoning module DeviceManager (147)
[2017.05.23-15.04.53:294][770]LogModuleManager: Shutting down and abandoning module AutomationController (146)
[2017.05.23-15.04.53:294][770]LogModuleManager: Shutting down and abandoning module AutomationWindow (145)
[2017.05.23-15.04.53:294][770]LogModuleManager: Shutting down and abandoning module Layers (144)
[2017.05.23-15.04.53:294][770]LogModuleManager: Shutting down and abandoning module ComponentVisualizers (143)
[2017.05.23-15.04.53:294][770]LogModuleManager: Shutting down and abandoning module DetailCustomizations (142)
[2017.05.23-15.04.53:294][770]LogModuleManager: Shutting down and abandoning module PackagesDialog (141)
[2017.05.23-15.04.53:294][770]LogModuleManager: Shutting down and abandoning module Persona (140)
[2017.05.23-15.04.53:295][770]LogModuleManager: Shutting down and abandoning module Kismet (139)
[2017.05.23-15.04.53:295][770]LogModuleManager: Shutting down and abandoning module GraphEditor (138)
[2017.05.23-15.04.53:295][770]LogModuleManager: Shutting down and abandoning module ClassViewer (137)
[2017.05.23-15.04.53:295][770]LogModuleManager: Shutting down and abandoning module Toolbox (136)
[2017.05.23-15.04.53:295][770]LogModuleManager: Shutting down and abandoning module ModuleUI (135)
[2017.05.23-15.04.53:295][770]LogModuleManager: Shutting down and abandoning module MovieSceneTools (134)
[2017.05.23-15.04.53:295][770]LogModuleManager: Shutting down and abandoning module OutputLog (133)
[2017.05.23-15.04.53:295][770]LogModuleManager: Shutting down and abandoning module GammaUI (132)
[2017.05.23-15.04.53:296][770]LogModuleManager: Shutting down and abandoning module Documentation (131)
[2017.05.23-15.04.53:296][770]LogModuleManager: Shutting down and abandoning module GameLiveStreaming (130)
[2017.05.23-15.04.53:296][770]LogModuleManager: Shutting down and abandoning module StreamingPauseRendering (129)
[2017.05.23-15.04.53:296][770]LogModuleManager: Shutting down and abandoning module AnalyticsET (128)
[2017.05.23-15.04.53:296][770]LogModuleManager: Shutting down and abandoning module Analytics (127)
[2017.05.23-15.04.53:296][770]LogModuleManager: Shutting down and abandoning module AITestSuite (126)
[2017.05.23-15.04.53:296][770]LogModuleManager: Shutting down and abandoning module GameplayDebugger (125)
[2017.05.23-15.04.53:296][770]LogModuleManager: Shutting down and abandoning module AIModule (124)
[2017.05.23-15.04.53:296][770]LogModuleManager: Shutting down and abandoning module ProfilerService (123)
[2017.05.23-15.04.53:452][770]LogModuleManager: Shutting down and abandoning module TaskGraph (122)
[2017.05.23-15.04.53:452][770]LogModuleManager: Shutting down and abandoning module SlateRemote (121)
[2017.05.23-15.04.53:452][770]LogModuleManager: Shutting down and abandoning module SteamVRController (120)
[2017.05.23-15.04.53:452][770]LogModuleManager: Shutting down and abandoning module SteamVR (119)
[2017.05.23-15.04.53:452][770]LogModuleManager: Shutting down and abandoning module ProceduralMeshComponent (118)
[2017.05.23-15.04.53:452][770]LogModuleManager: Shutting down and abandoning module OculusRift (117)
[2017.05.23-15.04.53:452][770]LogModuleManager: Shutting down and abandoning module OculusLibrary (116)
[2017.05.23-15.04.53:452][770]LogModuleManager: Shutting down and abandoning module LeapMotionController (115)
[2017.05.23-15.04.53:539][770]LogModuleManager: Shutting down and abandoning module CustomMeshComponent (114)
[2017.05.23-15.04.53:539][770]LogModuleManager: Shutting down and abandoning module CableComponent (113)
[2017.05.23-15.04.53:539][770]LogModuleManager: Shutting down and abandoning module ArchVisCharacter (112)
[2017.05.23-15.04.53:539][770]LogModuleManager: Shutting down and abandoning module MessagingDebugger (111)
[2017.05.23-15.04.53:540][770]LogModuleManager: Shutting down and abandoning module MediaPlayerEditor (110)
[2017.05.23-15.04.53:540][770]LogModuleManager: Shutting down and abandoning module HTML5Networking (109)
[2017.05.23-15.04.53:540][770]LogModuleManager: Shutting down and abandoning module SpeedTreeImporter (108)
[2017.05.23-15.04.53:540][770]LogModuleManager: Shutting down and abandoning module PluginBrowser (107)
[2017.05.23-15.04.53:540][770]LogModuleManager: Shutting down and abandoning module EpicSurvey (106)
[2017.05.23-15.04.53:540][770]LogModuleManager: Shutting down and abandoning module VisualStudioSourceCodeAccess (105)
[2017.05.23-15.04.53:540][770]LogModuleManager: Shutting down and abandoning module UObjectPlugin (104)
[2017.05.23-15.04.53:540][770]LogModuleManager: Shutting down and abandoning module SubversionSourceControl (103)
[2017.05.23-15.04.53:540][770]LogModuleManager: Shutting down and abandoning module PerforceSourceControl (102)
[2017.05.23-15.04.53:540][770]LogModuleManager: Shutting down and abandoning module SourceControl (101)
[2017.05.23-15.04.53:540][770]LogModuleManager: Shutting down and abandoning module GitSourceControl (100)
[2017.05.23-15.04.53:540][770]LogModuleManager: Shutting down and abandoning module LightPropagationVolumeEditor (99)
[2017.05.23-15.04.53:540][770]LogModuleManager: Shutting down and abandoning module PaperTiledImporter (98)
[2017.05.23-15.04.53:540][770]LogModuleManager: Shutting down and abandoning module PaperSpriteSheetImporter (97)
[2017.05.23-15.04.53:540][770]LogModuleManager: Shutting down and abandoning module MeshPaint (96)
[2017.05.23-15.04.53:540][770]LogModuleManager: Shutting down and abandoning module SlateReflector (95)
[2017.05.23-15.04.53:540][770]LogModuleManager: Shutting down and abandoning module HotReload (94)
[2017.05.23-15.04.53:541][770]LogModuleManager: Shutting down and abandoning module MainFrame (93)
[2017.05.23-15.04.53:541][770]LogModuleManager: Shutting down and abandoning module LevelEditor (92)
[2017.05.23-15.04.53:544][770]LogModuleManager: Shutting down and abandoning module DirectoryWatcher (91)
[2017.05.23-15.04.53:545][770]LogModuleManager: Shutting down and abandoning module AssetRegistry (90)
[2017.05.23-15.04.53:691][770]LogModuleManager: Shutting down and abandoning module ContentBrowser (89)
[2017.05.23-15.04.53:692][770]LogModuleManager: Shutting down and abandoning module Paper2DEditor (88)
[2017.05.23-15.04.53:692][770]LogModuleManager: Shutting down and abandoning module Project (87)
[2017.05.23-15.04.53:692][770]LogModuleManager: Shutting down and abandoning module UdpMessaging (86)
[2017.05.23-15.04.53:793][770]LogModuleManager: Shutting down and abandoning module LightPropagationVolumeRuntime (85)
[2017.05.23-15.04.53:793][770]LogModuleManager: Shutting down and abandoning module Paper2D (84)
[2017.05.23-15.04.53:793][770]LogModuleManager: Shutting down and abandoning module WindowsMoviePlayer (83)
[2017.05.23-15.04.53:800][770]LogModuleManager: Shutting down and abandoning module Media (82)
[2017.05.23-15.04.53:801][770]LogModuleManager: Shutting down and abandoning module WmfMedia (81)
[2017.05.23-15.04.53:802][770]LogModuleManager: Shutting down and abandoning module OnlineBlueprintSupport (80)
[2017.05.23-15.04.53:802][770]LogModuleManager: Shutting down and abandoning module GameplayTasksEditor (79)
[2017.05.23-15.04.53:802][770]LogModuleManager: Shutting down and abandoning module PropertyEditor (78)
[2017.05.23-15.04.53:802][770]LogModuleManager: Shutting down and abandoning module BehaviorTreeEditor (77)
[2017.05.23-15.04.53:802][770]LogModuleManager: Shutting down and abandoning module FunctionalTesting (76)
[2017.05.23-15.04.53:802][770]LogModuleManager: Shutting down and abandoning module CollisionAnalyzer (75)
[2017.05.23-15.04.53:802][770]LogModuleManager: Shutting down and abandoning module WorkspaceMenuStructure (74)
[2017.05.23-15.04.53:802][770]LogModuleManager: Shutting down and abandoning module MessageLog (73)
[2017.05.23-15.04.53:803][770]LogModuleManager: Shutting down and abandoning module Sequencer (72)
[2017.05.23-15.04.53:803][770]LogModuleManager: Shutting down and abandoning module AssetTools (71)
[2017.05.23-15.04.53:803][770]LogModuleManager: Shutting down and abandoning module UMGEditor (70)
[2017.05.23-15.04.53:803][770]LogModuleManager: Shutting down and abandoning module UMG (69)
[2017.05.23-15.04.53:803][770]LogModuleManager: Shutting down and abandoning module Slate (68)
[2017.05.23-15.04.53:803][770]LogModuleManager: Shutting down and abandoning module EditorStyle (67)
[2017.05.23-15.04.53:813][770]LogModuleManager: Shutting down and abandoning module SessionServices (66)
[2017.05.23-15.04.53:813][770]LogModuleManager: Shutting down and abandoning module SourceCodeAccess (65)
[2017.05.23-15.04.53:813][770]LogModuleManager: Shutting down and abandoning module HeadMountedDisplay (64)
[2017.05.23-15.04.53:813][770]LogModuleManager: Shutting down and abandoning module XAudio2 (63)
[2017.05.23-15.04.53:813][770]LogModuleManager: Shutting down and abandoning module Networking (61)
[2017.05.23-15.04.53:813][770]LogModuleManager: Shutting down and abandoning module Core (60)
[2017.05.23-15.04.53:813][770]LogModuleManager: Shutting down and abandoning module KismetCompiler (59)
[2017.05.23-15.04.53:814][770]LogModuleManager: Shutting down and abandoning module PhysXFormats (58)
[2017.05.23-15.04.53:814][770]LogModuleManager: Shutting down and abandoning module MeshUtilities (57)
[2017.05.23-15.04.53:814][770]LogModuleManager: Shutting down and abandoning module CookingStats (56)
[2017.05.23-15.04.53:815][770]LogModuleManager: Shutting down and abandoning module DerivedDataCache (55)
[2017.05.23-15.04.53:835][770]LogDerivedDataCache: Shutdown
[2017.05.23-15.04.53:835][770]LogModuleManager: Shutting down and abandoning module ShaderFormatOpenGL (54)
[2017.05.23-15.04.53:836][770]LogModuleManager: Shutting down and abandoning module ShaderFormatD3D (53)
[2017.05.23-15.04.53:836][770]LogModuleManager: Shutting down and abandoning module MetalShaderFormat (52)
[2017.05.23-15.04.53:836][770]LogModuleManager: Shutting down and abandoning module TextureFormatUncompressed (51)
[2017.05.23-15.04.53:836][770]LogModuleManager: Shutting down and abandoning module TextureFormatPVR (50)
[2017.05.23-15.04.53:836][770]LogModuleManager: Shutting down and abandoning module TextureFormatIntelISPCTexComp (49)
[2017.05.23-15.04.53:836][770]LogModuleManager: Shutting down and abandoning module TextureFormatDXT (48)
[2017.05.23-15.04.53:836][770]LogModuleManager: Shutting down and abandoning module ImageWrapper (47)
[2017.05.23-15.04.53:836][770]LogModuleManager: Shutting down and abandoning module TextureFormatASTC (46)
[2017.05.23-15.04.53:836][770]LogModuleManager: Shutting down and abandoning module TextureFormatAndroid (45)
[2017.05.23-15.04.53:836][770]LogModuleManager: Shutting down and abandoning module AudioFormatOpus (44)
[2017.05.23-15.04.53:836][770]LogModuleManager: Shutting down and abandoning module AudioFormatOgg (43)
[2017.05.23-15.04.53:836][770]LogModuleManager: Shutting down and abandoning module AudioFormatADPCM (42)
[2017.05.23-15.04.53:836][770]LogModuleManager: Shutting down and abandoning module LinuxTargetPlatform (41)
[2017.05.23-15.04.53:836][770]LogModuleManager: Shutting down and abandoning module LinuxServerTargetPlatform (40)
[2017.05.23-15.04.53:836][770]LogModuleManager: Shutting down and abandoning module LinuxNoEditorTargetPlatform (39)
[2017.05.23-15.04.53:836][770]LogModuleManager: Shutting down and abandoning module Messaging (38)
[2017.05.23-15.04.53:836][770]LogModuleManager: Shutting down and abandoning module IOSTargetPlatform (37)
[2017.05.23-15.04.53:836][770]LogModuleManager: Shutting down and abandoning module HTML5TargetPlatform (36)
[2017.05.23-15.04.53:836][770]LogModuleManager: Shutting down and abandoning module Android_PVRTCTargetPlatform (35)
[2017.05.23-15.04.53:836][770]LogModuleManager: Shutting down and abandoning module Android_ETC2TargetPlatform (34)
[2017.05.23-15.04.53:836][770]LogModuleManager: Shutting down and abandoning module Android_ETC1TargetPlatform (33)
[2017.05.23-15.04.53:836][770]LogModuleManager: Shutting down and abandoning module Android_DXTTargetPlatform (32)
[2017.05.23-15.04.53:836][770]LogModuleManager: Shutting down and abandoning module Android_ATCTargetPlatform (31)
[2017.05.23-15.04.53:836][770]LogModuleManager: Shutting down and abandoning module Android_ASTCTargetPlatform (30)
[2017.05.23-15.04.53:836][770]LogModuleManager: Shutting down and abandoning module AndroidTargetPlatform (29)
[2017.05.23-15.04.53:836][770]LogModuleManager: Shutting down and abandoning module WindowsTargetPlatform (28)
[2017.05.23-15.04.53:837][770]LogModuleManager: Shutting down and abandoning module WindowsServerTargetPlatform (27)
[2017.05.23-15.04.53:837][770]LogModuleManager: Shutting down and abandoning module WindowsNoEditorTargetPlatform (26)
[2017.05.23-15.04.53:837][770]LogModuleManager: Shutting down and abandoning module WindowsClientTargetPlatform (25)
[2017.05.23-15.04.53:837][770]LogModuleManager: Shutting down and abandoning module AllDesktopTargetPlatform (24)
[2017.05.23-15.04.53:837][770]LogModuleManager: Shutting down and abandoning module TargetPlatform (23)
[2017.05.23-15.04.53:837][770]LogModuleManager: Shutting down and abandoning module InputCore (22)
[2017.05.23-15.04.53:837][770]LogModuleManager: Shutting down and abandoning module Settings (21)
[2017.05.23-15.04.53:837][770]LogModuleManager: Shutting down and abandoning module OnlineSubsystem (19)
[2017.05.23-15.04.53:837][770]LogModuleManager: Shutting down and abandoning module HTTP (18)
[2017.05.23-15.04.54:838][770]LogModuleManager: Shutting down and abandoning module XMPP (17)
[2017.05.23-15.04.54:839][770]LogModuleManager: Shutting down and abandoning module ExampleDeviceProfileSelector (16)
[2017.05.23-15.04.54:839][770]LogModuleManager: Shutting down and abandoning module DesktopPlatform (15)
[2017.05.23-15.04.54:839][770]LogModuleManager: Shutting down and abandoning module TextureCompressor (14)
[2017.05.23-15.04.54:839][770]LogModuleManager: Shutting down and abandoning module ShaderCore (13)
[2017.05.23-15.04.54:839][770]LogModuleManager: Shutting down and abandoning module Landscape (12)
[2017.05.23-15.04.54:839][770]LogModuleManager: Shutting down and abandoning module SlateRHIRenderer (11)
[2017.05.23-15.04.54:842][770]LogModuleManager: Shutting down and abandoning module OpenGLDrv (10)
[2017.05.23-15.04.54:842][770]LogModuleManager: Shutting down and abandoning module D3D11RHI (9)
[2017.05.23-15.04.54:842][770]LogModuleManager: Shutting down and abandoning module AnimGraphRuntime (8)
[2017.05.23-15.04.54:842][770]LogModuleManager: Shutting down and abandoning module Renderer (7)
[2017.05.23-15.04.54:842][770]LogModuleManager: Shutting down and abandoning module Engine (6)
[2017.05.23-15.04.54:842][770]LogModuleManager: Shutting down and abandoning module CoreUObject (5)
[2017.05.23-15.04.54:842][770]LogModuleManager: Shutting down and abandoning module NetworkFile (4)
[2017.05.23-15.04.54:843][770]LogModuleManager: Shutting down and abandoning module StreamingFile (3)
[2017.05.23-15.04.54:843][770]LogModuleManager: Shutting down and abandoning module SandboxFile (2)
[2017.05.23-15.04.54:843][770]LogModuleManager: Shutting down and abandoning module PakFile (1)
[2017.05.23-15.04.54:844][770]LogExit: Exiting.
[2017.05.23-15.04.54:848][770]Log file closed, 05/23/17 09:04:54
