[2017.05.21-23.01.17:686][  0]Log file open, 05/21/17 17:01:17
[2017.05.21-23.01.17:686][  0]LogInit:Display: Running engine for game: Project
[2017.05.21-23.01.17:686][  0]LogInit:Display: RandInit(411626307) SRandInit(411626307).
[2017.05.21-23.01.17:686][  0]LogTaskGraph: Started task graph with 4 named threads and 5 total threads.
[2017.05.21-23.01.17:686][  0]LogStats: Stats thread started at 0.119178
[2017.05.21-23.01.17:686][  0]LogInit:Warning: Incompatible or missing module: UE4Editor-Project.dll
[2017.05.21-23.01.57:289][  0]Running C:/Program Files/Epic Games/UE_4.9/Engine/Binaries/DotNET/UnrealBuildTool.exe Project Development Win64 -project="C:/Users/ericn/OneDrive/Documents/GitHub/Project/Project/Project.uproject" -rocket -editorrecompile -progress -noubtmakefiles
[2017.05.21-23.02.05:307][  0]@progress push 5%
[2017.05.21-23.02.06:412][  0]Parsing headers for ProjectEditor
[2017.05.21-23.02.06:513][  0]  Running UnrealHeaderTool "C:/Users/ericn/OneDrive/Documents/GitHub/Project/Project/Project.uproject" "C:\Users\ericn\OneDrive\Documents\GitHub\Project\Project\Intermediate\Build\Win64\ProjectEditor\Development\UnrealHeaderTool.manifest" -LogCmds="loginit warning, logexit warning, logdatabase error" -rocket -installed
[2017.05.21-23.02.16:048][  0]Reflection code generated for ProjectEditor in 9.585097 seconds
[2017.05.21-23.02.16:349][  0]@progress pop
[2017.05.21-23.02.19:058][  0]Performing 8 actions (2 in parallel)
[2017.05.21-23.02.19:059][  0][2/8] Resource PCLaunch.rc
[2017.05.21-23.02.19:059][  0]PCH.Project.h.cpp
[2017.05.21-23.02.19:260][  0][3/8] Resource ModuleVersionResource.rc.inl
[2017.05.21-23.02.30:922][  0]ProjectCharacter.cpp
[2017.05.21-23.02.30:922][  0]Project.generated.cpp
[2017.05.21-23.02.31:223][  0]ProjectGameMode.cpp
[2017.05.21-23.02.31:424][  0]Project.cpp
[2017.05.21-23.02.31:624][  0][8/8] Link UE4Editor-Project.dll
[2017.05.21-23.02.31:725][  0]   Creating library C:\Users\ericn\OneDrive\Documents\GitHub\Project\Project\Intermediate/Build/Win64\UE4Editor\Development\UE4Editor-Project.lib and object C:\Users\ericn\OneDrive\Documents\GitHub\Project\Project\Intermediate/Build/Win64\UE4Editor\Development\UE4Editor-Project.exp
[2017.05.21-23.02.32:227][  0]-------- End Detailed Actions Stats -----------------------------------------------------------
[2017.05.21-23.02.32:227][  0]Total build time: 34.63 seconds
[2017.05.21-23.02.32:700][  0]LogInit: Version: 4.9.2-2707645+++depot+UE4-Releases+4.9
[2017.05.21-23.02.32:700][  0]LogInit: API Version: 2672455
[2017.05.21-23.02.32:700][  0]LogInit: Compiled (64-bit): Sep 28 2015 10:25:44
[2017.05.21-23.02.32:700][  0]LogInit: Compiled with Visual C++: 18.00.21005.01
[2017.05.21-23.02.32:700][  0]LogInit: Build Configuration: Development
[2017.05.21-23.02.32:700][  0]LogInit: Branch Name: ++depot+UE4-Releases+4.9
[2017.05.21-23.02.32:700][  0]LogInit: Command line:  
[2017.05.21-23.02.32:700][  0]LogInit: Base directory: C:/Program Files/Epic Games/UE_4.9/Engine/Binaries/Win64/
[2017.05.21-23.02.32:700][  0]LogInit: Rocket: 1
[2017.05.21-23.02.32:725][  0]LogInit: Using libcurl 7.41.0
[2017.05.21-23.02.32:725][  0]LogInit:  - built for x86_64-pc-win32
[2017.05.21-23.02.32:725][  0]LogInit:  - supports SSL with WinSSL
[2017.05.21-23.02.32:725][  0]LogInit:  - other features:
[2017.05.21-23.02.32:725][  0]LogInit:      CURL_VERSION_SSL
[2017.05.21-23.02.32:725][  0]LogInit:      CURL_VERSION_IPV6
[2017.05.21-23.02.32:725][  0]LogInit:      CURL_VERSION_ASYNCHDNS
[2017.05.21-23.02.32:725][  0]LogInit:      CURL_VERSION_LARGEFILE
[2017.05.21-23.02.32:725][  0]LogInit:      CURL_VERSION_IDN
[2017.05.21-23.02.32:725][  0]LogInit:  CurlRequestOptions (configurable via config and command line):
[2017.05.21-23.02.32:725][  0]LogInit:  - bVerifyPeer = true  - Libcurl will verify peer certificate
[2017.05.21-23.02.32:725][  0]LogInit:  - bUseHttpProxy = false  - Libcurl will NOT use HTTP proxy
[2017.05.21-23.02.32:725][  0]LogInit:  - bDontReuseConnections = false  - Libcurl will reuse connections
[2017.05.21-23.02.32:725][  0]LogInit:  - CertBundlePath = nullptr  - Libcurl will use whatever was configured at build time.
[2017.05.21-23.02.32:769][  0]LogInit: Presizing for 0 objects not considered by GC, pre-allocating 0 bytes.
[2017.05.21-23.02.32:776][  0]LogInit: Object subsystem initialized
[2017.05.21-23.02.32:777][  0]LogInit: Selected Device Profile: [Windows]
[2017.05.21-23.02.32:777][  0]LogInit: Applying CVar settings loaded from the selected device profile: [Windows]
[2017.05.21-23.02.32:789][  0]LogInit: Computer: LAPTOP-CAFDGQ8I
[2017.05.21-23.02.32:789][  0]LogInit: User: ericn
[2017.05.21-23.02.32:789][  0]LogInit: CPU Page size=4096, Cores=2
[2017.05.21-23.02.32:789][  0]LogInit: High frequency timer resolution =2.531250 MHz
[2017.05.21-23.02.32:789][  0]LogMemory: Memory total: Physical=7.9GB (8GB approx)
[2017.05.21-23.02.32:789][  0]LogMemory: Platform Memory Stats for Windows
[2017.05.21-23.02.32:789][  0]LogMemory: Process Physical Memory: 58.60 MB used, 58.60 MB peak
[2017.05.21-23.02.32:789][  0]LogMemory: Process Virtual Memory: 57.70 MB used, 57.70 MB peak
[2017.05.21-23.02.32:789][  0]LogMemory: Physical Memory: 3603.04 MB used, 8056.07 MB total
[2017.05.21-23.02.32:789][  0]LogMemory: Virtual Memory: 422.89 MB used, 134217728.00 MB total
[2017.05.21-23.02.33:276][  0]LogTextLocalizationManager: No specific translations for ('en-US') exist, so ('en') translations will be used.
[2017.05.21-23.02.34:614][  0]LogD3D11RHI: Found D3D11 adapter 0: NVIDIA GeForce GTX 960M (Feature Level 11_0)
[2017.05.21-23.02.34:614][  0]LogD3D11RHI: Adapter has 2018MB of dedicated video memory, 0MB of dedicated system memory, and 4028MB of shared system memory, 1 output[s]
[2017.05.21-23.02.34:621][  0]LogD3D11RHI: Found D3D11 adapter 1: Intel(R) HD Graphics 520 (Feature Level 11_0)
[2017.05.21-23.02.34:621][  0]LogD3D11RHI: Adapter has 128MB of dedicated video memory, 0MB of dedicated system memory, and 4028MB of shared system memory, 0 output[s]
[2017.05.21-23.02.34:623][  0]LogD3D11RHI: Found D3D11 adapter 2: Microsoft Basic Render Driver (Feature Level 11_0)
[2017.05.21-23.02.34:623][  0]LogD3D11RHI: Adapter has 0MB of dedicated video memory, 0MB of dedicated system memory, and 4028MB of shared system memory, 0 output[s]
[2017.05.21-23.02.34:623][  0]LogD3D11RHI: Chosen D3D11 Adapter Id = 0
[2017.05.21-23.02.34:630][  0]LogD3D11RHI: !Direct3DDevice
[2017.05.21-23.02.34:630][  0]LogRHI: Texture pool is 1361 MB (70% of 1945 MB)
[2017.05.21-23.02.34:646][  0]LogD3D11RHI: Async texture creation enabled
[2017.05.21-23.02.34:685][  0]LogShaderCompilers: Guid format shader working directory is 15 characters bigger than the processId version (../../../../../../Users/ericn/OneDrive/Documents/GitHub/Project/Project/Intermediate/Shaders/WorkingDirectory/7700/).
[2017.05.21-23.02.34:685][  0]LogShaderCompilers: Cleaned the shader compiler working directory '../../../../../../Users/ericn/OneDrive/Documents/GitHub/Project/Project/Intermediate/Shaders/tmp/384515684C851BDA324A8BBE7E5443F3/'.
[2017.05.21-23.02.34:687][  0]LogShaderCompilers:Display: Using Local Shader Compiler.
[2017.05.21-23.02.36:230][  0]LogTemp:Display: Loaded TP AllDesktopTargetPlatform
[2017.05.21-23.02.36:235][  0]LogTemp:Display: Loaded TP WindowsClientTargetPlatform
[2017.05.21-23.02.36:241][  0]LogTemp:Display: Loaded TP WindowsNoEditorTargetPlatform
[2017.05.21-23.02.36:258][  0]LogTemp:Display: Loaded TP WindowsServerTargetPlatform
[2017.05.21-23.02.36:274][  0]LogTemp:Display: Loaded TP WindowsTargetPlatform
[2017.05.21-23.02.36:291][  0]LogTemp:Display: Loaded TP AndroidTargetPlatform
[2017.05.21-23.02.36:306][  0]LogTemp:Display: Loaded TP Android_ASTCTargetPlatform
[2017.05.21-23.02.36:321][  0]LogTemp:Display: Loaded TP Android_ATCTargetPlatform
[2017.05.21-23.02.36:337][  0]LogTemp:Display: Loaded TP Android_DXTTargetPlatform
[2017.05.21-23.02.36:354][  0]LogTemp:Display: Loaded TP Android_ETC1TargetPlatform
[2017.05.21-23.02.36:370][  0]LogTemp:Display: Loaded TP Android_ETC2TargetPlatform
[2017.05.21-23.02.36:388][  0]LogTemp:Display: Loaded TP Android_PVRTCTargetPlatform
[2017.05.21-23.02.36:398][  0]LogTemp:Display: Loaded TP HTML5TargetPlatform
[2017.05.21-23.02.36:460][  0]LogTemp:Display: Loaded TP IOSTargetPlatform
[2017.05.21-23.02.36:475][  0]LogTemp:Display: Loaded TP LinuxNoEditorTargetPlatform
[2017.05.21-23.02.36:491][  0]LogTemp:Display: Loaded TP LinuxServerTargetPlatform
[2017.05.21-23.02.36:507][  0]LogTemp:Display: Loaded TP LinuxTargetPlatform
[2017.05.21-23.02.36:507][  0]LogTargetPlatformManager:Display: Building Assets For Windows
[2017.05.21-23.02.36:890][  0]LogDerivedDataCache:Display: Max Cache Size: 512 MB
[2017.05.21-23.02.37:090][  0]LogDerivedDataCache: Loaded boot cache 0.20s 44MB C:/Users/ericn/AppData/Local/UnrealEngine/4.9/DerivedDataCache/Boot.ddc.
[2017.05.21-23.02.37:090][  0]LogDerivedDataCache:Display: Loaded Boot cache: C:/Users/ericn/AppData/Local/UnrealEngine/4.9/DerivedDataCache/Boot.ddc
[2017.05.21-23.02.37:090][  0]LogDerivedDataCache: FDerivedDataBackendGraph:  Pak pak cache file ../../../../../../Users/ericn/OneDrive/Documents/GitHub/Project/Project/DerivedDataCache/DDC.ddp not found, will not use a pak cache.
[2017.05.21-23.02.37:090][  0]LogDerivedDataCache: Unable to find inner node Pak for hierarchical cache Hierarchy.
[2017.05.21-23.02.37:091][  0]LogDerivedDataCache: FDerivedDataBackendGraph:  CompressedPak pak cache file ../../../../../../Users/ericn/OneDrive/Documents/GitHub/Project/Project/DerivedDataCache/Compressed.ddp not found, will not use a pak cache.
[2017.05.21-23.02.37:091][  0]LogDerivedDataCache: Unable to find inner node CompressedPak for hierarchical cache Hierarchy.
[2017.05.21-23.02.37:243][  0]LogDerivedDataCache:Display: Pak cache opened for reading ../../../Engine/DerivedDataCache/Compressed.ddp.
[2017.05.21-23.02.37:257][  0]LogDerivedDataCache: Using Local data cache path C:/Users/ericn/AppData/Local/UnrealEngine/Common/DerivedDataCache: Writable
[2017.05.21-23.02.38:192][  0]LogInit: Selected Device Profile: [Windows]
[2017.05.21-23.02.38:211][  0]LogContentStreaming: Texture pool size is 0.000000MB
[2017.05.21-23.02.38:524][  0]LogMeshUtilities: No automatic mesh reduction module available
[2017.05.21-23.02.38:524][  0]LogMeshUtilities: No automatic mesh merging module available
[2017.05.21-23.02.39:350][  0]LogInit: WinSock: version 1.1 (2.2), MaxSocks=32767, MaxUdp=65467
[2017.05.21-23.02.42:228][  0]UdpMessaging: Initializing bridge on interface 0.0.0.0:0 to multicast group 230.0.0.1:6666.
[2017.05.21-23.02.42:504][  0]LogAssetRegistry: FAssetRegistry took 0.0153 seconds to start up
[2017.05.21-23.02.42:942][  0]SourceControl: Info Source control is disabled
[2017.05.21-23.02.42:944][  0]SourceControl: Info Source control is disabled
[2017.05.21-23.02.42:962][  0]SourceControl: Info Source control is disabled
[2017.05.21-23.02.42:990][  0]SourceControl: Info Source control is disabled
[2017.05.21-23.02.43:220][  0]LogLinker:Warning: Asset '../../../Engine/Plugins/Runtime/LeapMotionController/Content/LM_PassthroughMaterial.uasset' has been saved with empty engine version. The asset will be loaded but may be incompatible.
[2017.05.21-23.02.43:361][  0]LogObj: 28487 objects as part of root set at end of initial load.
[2017.05.21-23.02.43:361][  0]LogUObjectAllocator: 6088824 out of 0 bytes used by permanent object pool.
[2017.05.21-23.02.43:514][  0]LogEngine: Initializing Engine...
[2017.05.21-23.02.43:522][  0]LogHMD: Can't find Oculus library dev build: is proper Runtime installed? Version: 0.7.0.0
[2017.05.21-23.02.43:533][  0]LogHMD: SteamVR failed to initialize.  Err: 110
[2017.05.21-23.02.43:724][  0]LogAIModule: Creating AISystem for world NewWorld
[2017.05.21-23.02.43:750][  0]LogInit: XAudio2 using 'Speakers (Conexant SmartAudio HD)' : 2 channels at 48 kHz using 32 bits per sample (channel mask 0x3)
[2017.05.21-23.02.43:820][  0]LogInit: FAudioDevice initialized.
[2017.05.21-23.02.43:852][  0]LogDerivedDataCache: Saved boot cache 0.03s 44MB C:/Users/ericn/AppData/Local/UnrealEngine/4.9/DerivedDataCache/Boot.ddc.
[2017.05.21-23.02.43:858][  0]LogInit: Texture streaming: Enabled
[2017.05.21-23.02.43:888][  0]LogAnalytics: Creating configured Analytics provider AnalyticsET
[2017.05.21-23.02.43:888][  0]LogAnalytics: [UEEditor.Rocket.Release] APIServer = http://et2.epicgames.com/ET2/. AppVersion = 4.9.2-2707645+++depot+UE4-Releases+4.9
[2017.05.21-23.02.43:889][  0]LogAnalytics: [UEEditor.Rocket.Release] SetUserId cd6bfa6044883b0d06de64be863c488d|81db3aebfd8c43b0b13c2e2363feaee1|eb334693-2a2a-4861-9755-6aac685e70fb
[2017.05.21-23.02.43:889][  0]LogAnalytics: [UEEditor.Rocket.Release] AnalyticsET::StartSession
[2017.05.21-23.02.43:921][  0]LogWindowsTextInputMethodSystem:Display: IME system now deactivated.
[2017.05.21-23.02.44:016][  0]LogInit: Transaction tracking system initialized
[2017.05.21-23.02.44:268][  0]BlueprintLog: New page: Editor Load
[2017.05.21-23.02.44:790][  0]LocalizationService: Info Localization service is disabled
[2017.05.21-23.02.45:096][  0]LogConsoleResponse:Display: 
[2017.05.21-23.02.45:281][  0]LogFileCache: Scanning file cache for directory 'C:/Users/ericn/OneDrive/Documents/GitHub/Project/Project/Content/' took 0.01s
[2017.05.21-23.02.45:281][  0]LogCook:Display: Done creating registry. It took  0.00s.
[2017.05.21-23.02.45:491][  0]SourceControl: Info Source control is disabled
[2017.05.21-23.02.45:493][  0]Cmd: MAP LOAD FILE="../../../../../../Users/ericn/OneDrive/Documents/GitHub/Project/Project/Content/2DSideScrollerCPP/Maps/2DSideScrollerExampleMap.umap" TEMPLATE=0 SHOWPROGRESS=1 FEATURELEVEL=3
[2017.05.21-23.02.45:494][  0]LightingResults: New page: Lighting Build
[2017.05.21-23.02.45:502][  0]MapCheck: New page: Map Check
[2017.05.21-23.02.45:502][  0]LightingResults: New page: Lighting Build
[2017.05.21-23.02.45:529][  0]LogParticles: Destroying 0 GPU particle simulations for FXSystem 0x0000011527682AC0
[2017.05.21-23.02.45:582][  0]LogAIModule: Creating AISystem for world 2DSideScrollerExampleMap
[2017.05.21-23.02.45:596][  0]LogEditorServer: Finished looking for orphan Actors (0.000 secs)
[2017.05.21-23.02.45:598][  0]Cmd: MAP CHECKDEP NOCLEARLOG
[2017.05.21-23.02.45:664][  0]MapCheck: Info Map check complete: 0 Error(s), 0 Warning(s), took 65.407ms to complete.
[2017.05.21-23.02.45:664][  0]LogFileHelpers: Loading map '2DSideScrollerExampleMap' took 0.172
[2017.05.21-23.02.45:868][  0]LogCollectionManager: Loaded 0 collections in 0.003118 seconds
[2017.05.21-23.02.45:928][  0]LogFileCache: Scanning file cache for directory 'C:/Users/ericn/OneDrive/Documents/GitHub/Project/Project/Saved/Collections/' took 0.01s
[2017.05.21-23.02.45:928][  0]LogFileCache: Scanning file cache for directory 'C:/Users/ericn/OneDrive/Documents/GitHub/Project/Project/Content/Developers/ericn/Collections/' took 0.01s
[2017.05.21-23.02.45:928][  0]LogFileCache: Scanning file cache for directory 'C:/Users/ericn/OneDrive/Documents/GitHub/Project/Project/Content/Collections/' took 0.01s
[2017.05.21-23.02.45:928][  0]LogContentBrowser: Native class hierarchy populated in 0.0162 seconds. Added 1869 classes and 335 folders.
[2017.05.21-23.02.45:946][  0]LogCollectionManager: Rebuilt the GUID cache for 0 collections in 0.000003 seconds
[2017.05.21-23.02.45:965][  0]LogContentBrowser: Native class hierarchy updated for 'WidgetCarousel' in 0.0016 seconds. Added 0 classes and 0 folders.
[2017.05.21-23.02.46:158][  0]LogContentBrowser: Native class hierarchy updated for 'AddContentDialog' in 0.0015 seconds. Added 0 classes and 0 folders.
[2017.05.21-23.02.46:200][  0]LogContentBrowser: Native class hierarchy updated for 'SceneOutliner' in 0.0026 seconds. Added 1 classes and 2 folders.
[2017.05.21-23.02.46:312][  0]LogCrashTracker: Crashtracker disabled due to settings.
[2017.05.21-23.02.46:340][  0]LogUObjectGlobals:Warning: Failed to find object 'Class None.'
[2017.05.21-23.02.46:368][  0]LogLoad: Full Startup: 89.77 seconds (BP compile: 0.08 seconds)
[2017.05.21-23.02.46:482][  0]LogContentStreaming: Texture pool size now 1000 MB
[2017.05.21-23.02.46:649][  0]LogRenderer: Reallocating scene render targets to support 964x440 (Frame:2).
[2017.05.21-23.02.46:879][  4]LogAssetRegistry: Asset discovery search completed in 4.3881 seconds
[2017.05.21-23.02.46:879][  4]LogCollectionManager: Rebuilt the object cache for 0 collections in 0.000001 seconds (found 0 objects)
[2017.05.21-23.02.46:881][  4]LogCollectionManager: Fixed up redirectors for 0 collections in 0.000041 seconds (updated 0 objects)
[2017.05.21-23.02.52:577][631]LogWindowsTextInputMethodSystem:Display: IME system now deactivated.
[2017.05.21-23.02.52:890][632]Cmd: QUIT_EDITOR
[2017.05.21-23.02.53:196][632]LogExit: Preparing to exit.
[2017.05.21-23.02.54:460][632]LogParticles: Destroying 0 GPU particle simulations for FXSystem 0x0000011517815A80
[2017.05.21-23.02.54:466][632]LogExit: Editor shut down
[2017.05.21-23.02.54:466][632]LogExit: Transaction tracking system shut down
[2017.05.21-23.02.54:469][632]LogParticles: Destroying 0 GPU particle simulations for FXSystem 0x0000011516CC6E80
[2017.05.21-23.02.54:469][632]LogParticles: Destroying 0 GPU particle simulations for FXSystem 0x0000011525CBEB60
[2017.05.21-23.02.54:652][632]LogExit: Object subsystem successfully closed.
[2017.05.21-23.02.54:676][632]LogD3D11RHI: Shutdown
[2017.05.21-23.02.54:676][632]LogD3D11RHI: CleanupD3DDevice
[2017.05.21-23.02.54:739][632]LogD3D11RHI: ~FD3D11DynamicRHI
[2017.05.21-23.02.54:774][632]LogModuleManager: Shutting down and abandoning module CrashTracker (198)
[2017.05.21-23.02.54:774][632]LogModuleManager: Shutting down and abandoning module SceneOutliner (197)
[2017.05.21-23.02.54:774][632]LogModuleManager: Shutting down and abandoning module SuperSearch (196)
[2017.05.21-23.02.54:774][632]LogModuleManager: Shutting down and abandoning module WidgetCarousel (195)
[2017.05.21-23.02.54:774][632]LogModuleManager: Shutting down and abandoning module AddContentDialog (194)
[2017.05.21-23.02.54:775][632]LogModuleManager: Shutting down and abandoning module EditorWidgets (193)
[2017.05.21-23.02.54:775][632]LogModuleManager: Shutting down and abandoning module CollectionManager (192)
[2017.05.21-23.02.54:776][632]LogModuleManager: Shutting down and abandoning module StatsViewer (191)
[2017.05.21-23.02.54:776][632]LogModuleManager: Shutting down and abandoning module FoliageEdit (190)
[2017.05.21-23.02.54:776][632]LogModuleManager: Shutting down and abandoning module LandscapeEditor (189)
[2017.05.21-23.02.54:777][632]LogModuleManager: Shutting down and abandoning module ActorPickerMode (188)
[2017.05.21-23.02.54:777][632]LogModuleManager: Shutting down and abandoning module GeometryMode (187)
[2017.05.21-23.02.54:777][632]LogModuleManager: Shutting down and abandoning module TextureAlignMode (186)
[2017.05.21-23.02.54:777][632]LogModuleManager: Shutting down and abandoning module BspMode (185)
[2017.05.21-23.02.54:777][632]LogModuleManager: Shutting down and abandoning module PlacementMode (184)
[2017.05.21-23.02.54:777][632]LogModuleManager: Shutting down and abandoning module AutomationWorker (183)
[2017.05.21-23.02.54:777][632]LogModuleManager: Shutting down and abandoning module CharacterAI (182)
[2017.05.21-23.02.54:777][632]LogModuleManager: Shutting down and abandoning module SmartSnapping (181)
[2017.05.21-23.02.54:777][632]LogModuleManager: Shutting down and abandoning module ViewportSnapping (180)
[2017.05.21-23.02.54:777][632]LogModuleManager: Shutting down and abandoning module LogVisualizer (179)
[2017.05.21-23.02.54:778][632]LogModuleManager: Shutting down and abandoning module GameProjectGeneration (178)
[2017.05.21-23.02.54:778][632]LogModuleManager: Shutting down and abandoning module IntroTutorials (177)
[2017.05.21-23.02.54:778][632]LogModuleManager: Shutting down and abandoning module EditorLiveStreaming (176)
[2017.05.21-23.02.54:778][632]LogModuleManager: Shutting down and abandoning module IOSPlatformEditor (175)
[2017.05.21-23.02.54:778][632]LogModuleManager: Shutting down and abandoning module HTML5PlatformEditor (174)
[2017.05.21-23.02.54:778][632]LogModuleManager: Shutting down and abandoning module AndroidDeviceDetection (173)
[2017.05.21-23.02.55:511][632]LogModuleManager: Shutting down and abandoning module AndroidPlatformEditor (172)
[2017.05.21-23.02.55:511][632]LogModuleManager: Shutting down and abandoning module IOSRuntimeSettings (171)
[2017.05.21-23.02.55:511][632]LogModuleManager: Shutting down and abandoning module AndroidRuntimeSettings (170)
[2017.05.21-23.02.55:511][632]LogModuleManager: Shutting down and abandoning module MergeActors (169)
[2017.05.21-23.02.55:512][632]LogModuleManager: Shutting down and abandoning module SizeMap (168)
[2017.05.21-23.02.55:512][632]LogModuleManager: Shutting down and abandoning module TreeMap (167)
[2017.05.21-23.02.55:512][632]LogModuleManager: Shutting down and abandoning module ReferenceViewer (166)
[2017.05.21-23.02.55:512][632]LogModuleManager: Shutting down and abandoning module LocalizationService (165)
[2017.05.21-23.02.55:513][632]LogModuleManager: Shutting down and abandoning module LocalizationDashboard (164)
[2017.05.21-23.02.55:513][632]LogModuleManager: Shutting down and abandoning module HardwareTargeting (163)
[2017.05.21-23.02.55:513][632]LogModuleManager: Shutting down and abandoning module DeviceProfileEditor (162)
[2017.05.21-23.02.55:513][632]LogModuleManager: Shutting down and abandoning module UndoHistory (161)
[2017.05.21-23.02.55:513][632]LogModuleManager: Shutting down and abandoning module GameplayTagsEditor (160)
[2017.05.21-23.02.55:513][632]LogModuleManager: Shutting down and abandoning module UserFeedback (159)
[2017.05.21-23.02.55:513][632]LogModuleManager: Shutting down and abandoning module XmlParser (158)
[2017.05.21-23.02.55:513][632]LogModuleManager: Shutting down and abandoning module Blutility (157)
[2017.05.21-23.02.55:513][632]LogModuleManager: Shutting down and abandoning module ProjectTargetPlatformEditor (156)
[2017.05.21-23.02.55:513][632]LogModuleManager: Shutting down and abandoning module ProjectSettingsViewer (155)
[2017.05.21-23.02.55:513][632]LogModuleManager: Shutting down and abandoning module InputBindingEditor (154)
[2017.05.21-23.02.55:514][632]LogModuleManager: Shutting down and abandoning module EditorSettingsViewer (153)
[2017.05.21-23.02.55:514][632]LogModuleManager: Shutting down and abandoning module SettingsEditor (152)
[2017.05.21-23.02.55:514][632]LogModuleManager: Shutting down and abandoning module ProjectLauncher (151)
[2017.05.21-23.02.55:514][632]LogModuleManager: Shutting down and abandoning module SessionFrontend (150)
[2017.05.21-23.02.55:514][632]LogModuleManager: Shutting down and abandoning module ProfilerClient (149)
[2017.05.21-23.02.55:514][632]LogModuleManager: Shutting down and abandoning module TargetDeviceServices (148)
[2017.05.21-23.02.55:514][632]LogModuleManager: Shutting down and abandoning module DeviceManager (147)
[2017.05.21-23.02.55:514][632]LogModuleManager: Shutting down and abandoning module AutomationController (146)
[2017.05.21-23.02.55:515][632]LogModuleManager: Shutting down and abandoning module AutomationWindow (145)
[2017.05.21-23.02.55:515][632]LogModuleManager: Shutting down and abandoning module Layers (144)
[2017.05.21-23.02.55:517][632]LogModuleManager: Shutting down and abandoning module ComponentVisualizers (143)
[2017.05.21-23.02.55:517][632]LogModuleManager: Shutting down and abandoning module DetailCustomizations (142)
[2017.05.21-23.02.55:520][632]LogModuleManager: Shutting down and abandoning module PackagesDialog (141)
[2017.05.21-23.02.55:520][632]LogModuleManager: Shutting down and abandoning module Persona (140)
[2017.05.21-23.02.55:520][632]LogModuleManager: Shutting down and abandoning module Kismet (139)
[2017.05.21-23.02.55:521][632]LogModuleManager: Shutting down and abandoning module GraphEditor (138)
[2017.05.21-23.02.55:524][632]LogModuleManager: Shutting down and abandoning module ClassViewer (137)
[2017.05.21-23.02.55:524][632]LogModuleManager: Shutting down and abandoning module Toolbox (136)
[2017.05.21-23.02.55:524][632]LogModuleManager: Shutting down and abandoning module ModuleUI (135)
[2017.05.21-23.02.55:525][632]LogModuleManager: Shutting down and abandoning module MovieSceneTools (134)
[2017.05.21-23.02.55:525][632]LogModuleManager: Shutting down and abandoning module OutputLog (133)
[2017.05.21-23.02.55:525][632]LogModuleManager: Shutting down and abandoning module GammaUI (132)
[2017.05.21-23.02.55:526][632]LogModuleManager: Shutting down and abandoning module Documentation (131)
[2017.05.21-23.02.55:526][632]LogModuleManager: Shutting down and abandoning module GameLiveStreaming (130)
[2017.05.21-23.02.55:526][632]LogModuleManager: Shutting down and abandoning module StreamingPauseRendering (129)
[2017.05.21-23.02.55:526][632]LogModuleManager: Shutting down and abandoning module AnalyticsET (128)
[2017.05.21-23.02.55:526][632]LogModuleManager: Shutting down and abandoning module Analytics (127)
[2017.05.21-23.02.55:526][632]LogModuleManager: Shutting down and abandoning module AITestSuite (126)
[2017.05.21-23.02.55:526][632]LogModuleManager: Shutting down and abandoning module GameplayDebugger (125)
[2017.05.21-23.02.55:526][632]LogModuleManager: Shutting down and abandoning module AIModule (124)
[2017.05.21-23.02.55:526][632]LogModuleManager: Shutting down and abandoning module ProfilerService (123)
[2017.05.21-23.02.55:675][632]LogModuleManager: Shutting down and abandoning module TaskGraph (122)
[2017.05.21-23.02.55:676][632]LogModuleManager: Shutting down and abandoning module SlateRemote (121)
[2017.05.21-23.02.55:676][632]LogModuleManager: Shutting down and abandoning module SteamVRController (120)
[2017.05.21-23.02.55:676][632]LogModuleManager: Shutting down and abandoning module SteamVR (119)
[2017.05.21-23.02.55:676][632]LogModuleManager: Shutting down and abandoning module ProceduralMeshComponent (118)
[2017.05.21-23.02.55:676][632]LogModuleManager: Shutting down and abandoning module OculusRift (117)
[2017.05.21-23.02.55:676][632]LogModuleManager: Shutting down and abandoning module OculusLibrary (116)
[2017.05.21-23.02.55:676][632]LogModuleManager: Shutting down and abandoning module LeapMotionController (115)
[2017.05.21-23.02.55:699][632]LogModuleManager: Shutting down and abandoning module CustomMeshComponent (114)
[2017.05.21-23.02.55:699][632]LogModuleManager: Shutting down and abandoning module CableComponent (113)
[2017.05.21-23.02.55:699][632]LogModuleManager: Shutting down and abandoning module ArchVisCharacter (112)
[2017.05.21-23.02.55:699][632]LogModuleManager: Shutting down and abandoning module MessagingDebugger (111)
[2017.05.21-23.02.55:700][632]LogModuleManager: Shutting down and abandoning module MediaPlayerEditor (110)
[2017.05.21-23.02.55:701][632]LogModuleManager: Shutting down and abandoning module HTML5Networking (109)
[2017.05.21-23.02.55:701][632]LogModuleManager: Shutting down and abandoning module SpeedTreeImporter (108)
[2017.05.21-23.02.55:701][632]LogModuleManager: Shutting down and abandoning module PluginBrowser (107)
[2017.05.21-23.02.55:701][632]LogModuleManager: Shutting down and abandoning module EpicSurvey (106)
[2017.05.21-23.02.55:701][632]LogModuleManager: Shutting down and abandoning module VisualStudioSourceCodeAccess (105)
[2017.05.21-23.02.55:701][632]LogModuleManager: Shutting down and abandoning module UObjectPlugin (104)
[2017.05.21-23.02.55:701][632]LogModuleManager: Shutting down and abandoning module SubversionSourceControl (103)
[2017.05.21-23.02.55:701][632]LogModuleManager: Shutting down and abandoning module PerforceSourceControl (102)
[2017.05.21-23.02.55:701][632]LogModuleManager: Shutting down and abandoning module SourceControl (101)
[2017.05.21-23.02.55:701][632]LogModuleManager: Shutting down and abandoning module GitSourceControl (100)
[2017.05.21-23.02.55:701][632]LogModuleManager: Shutting down and abandoning module LightPropagationVolumeEditor (99)
[2017.05.21-23.02.55:701][632]LogModuleManager: Shutting down and abandoning module PaperTiledImporter (98)
[2017.05.21-23.02.55:701][632]LogModuleManager: Shutting down and abandoning module PaperSpriteSheetImporter (97)
[2017.05.21-23.02.55:701][632]LogModuleManager: Shutting down and abandoning module MeshPaint (96)
[2017.05.21-23.02.55:701][632]LogModuleManager: Shutting down and abandoning module SlateReflector (95)
[2017.05.21-23.02.55:702][632]LogModuleManager: Shutting down and abandoning module HotReload (94)
[2017.05.21-23.02.55:702][632]LogModuleManager: Shutting down and abandoning module MainFrame (93)
[2017.05.21-23.02.55:702][632]LogModuleManager: Shutting down and abandoning module LevelEditor (92)
[2017.05.21-23.02.55:704][632]LogModuleManager: Shutting down and abandoning module DirectoryWatcher (91)
[2017.05.21-23.02.55:706][632]LogModuleManager: Shutting down and abandoning module AssetRegistry (90)
[2017.05.21-23.02.55:807][632]LogModuleManager: Shutting down and abandoning module ContentBrowser (89)
[2017.05.21-23.02.55:807][632]LogModuleManager: Shutting down and abandoning module Paper2DEditor (88)
[2017.05.21-23.02.55:809][632]LogModuleManager: Shutting down and abandoning module Project (87)
[2017.05.21-23.02.55:809][632]LogModuleManager: Shutting down and abandoning module UdpMessaging (86)
[2017.05.21-23.02.55:910][632]LogModuleManager: Shutting down and abandoning module LightPropagationVolumeRuntime (85)
[2017.05.21-23.02.55:910][632]LogModuleManager: Shutting down and abandoning module Paper2D (84)
[2017.05.21-23.02.55:910][632]LogModuleManager: Shutting down and abandoning module WindowsMoviePlayer (83)
[2017.05.21-23.02.55:912][632]LogModuleManager: Shutting down and abandoning module Media (82)
[2017.05.21-23.02.55:912][632]LogModuleManager: Shutting down and abandoning module WmfMedia (81)
[2017.05.21-23.02.55:912][632]LogModuleManager: Shutting down and abandoning module OnlineBlueprintSupport (80)
[2017.05.21-23.02.55:912][632]LogModuleManager: Shutting down and abandoning module GameplayTasksEditor (79)
[2017.05.21-23.02.55:912][632]LogModuleManager: Shutting down and abandoning module PropertyEditor (78)
[2017.05.21-23.02.55:913][632]LogModuleManager: Shutting down and abandoning module BehaviorTreeEditor (77)
[2017.05.21-23.02.55:914][632]LogModuleManager: Shutting down and abandoning module FunctionalTesting (76)
[2017.05.21-23.02.55:914][632]LogModuleManager: Shutting down and abandoning module CollisionAnalyzer (75)
[2017.05.21-23.02.55:914][632]LogModuleManager: Shutting down and abandoning module WorkspaceMenuStructure (74)
[2017.05.21-23.02.55:914][632]LogModuleManager: Shutting down and abandoning module MessageLog (73)
[2017.05.21-23.02.55:914][632]LogModuleManager: Shutting down and abandoning module Sequencer (72)
[2017.05.21-23.02.55:914][632]LogModuleManager: Shutting down and abandoning module AssetTools (71)
[2017.05.21-23.02.55:916][632]LogModuleManager: Shutting down and abandoning module UMGEditor (70)
[2017.05.21-23.02.55:917][632]LogModuleManager: Shutting down and abandoning module UMG (69)
[2017.05.21-23.02.55:917][632]LogModuleManager: Shutting down and abandoning module Slate (68)
[2017.05.21-23.02.55:917][632]LogModuleManager: Shutting down and abandoning module EditorStyle (67)
[2017.05.21-23.02.55:919][632]LogModuleManager: Shutting down and abandoning module SessionServices (66)
[2017.05.21-23.02.55:919][632]LogModuleManager: Shutting down and abandoning module SourceCodeAccess (65)
[2017.05.21-23.02.55:919][632]LogModuleManager: Shutting down and abandoning module HeadMountedDisplay (64)
[2017.05.21-23.02.55:919][632]LogModuleManager: Shutting down and abandoning module XAudio2 (63)
[2017.05.21-23.02.55:919][632]LogModuleManager: Shutting down and abandoning module Networking (61)
[2017.05.21-23.02.55:919][632]LogModuleManager: Shutting down and abandoning module Core (60)
[2017.05.21-23.02.55:919][632]LogModuleManager: Shutting down and abandoning module KismetCompiler (59)
[2017.05.21-23.02.55:919][632]LogModuleManager: Shutting down and abandoning module PhysXFormats (58)
[2017.05.21-23.02.55:919][632]LogModuleManager: Shutting down and abandoning module MeshUtilities (57)
[2017.05.21-23.02.55:920][632]LogModuleManager: Shutting down and abandoning module CookingStats (56)
[2017.05.21-23.02.55:920][632]LogModuleManager: Shutting down and abandoning module DerivedDataCache (55)
[2017.05.21-23.02.56:363][632]LogDerivedDataCache: Shutdown
[2017.05.21-23.02.56:363][632]LogModuleManager: Shutting down and abandoning module ShaderFormatOpenGL (54)
[2017.05.21-23.02.56:364][632]LogModuleManager: Shutting down and abandoning module ShaderFormatD3D (53)
[2017.05.21-23.02.56:364][632]LogModuleManager: Shutting down and abandoning module MetalShaderFormat (52)
[2017.05.21-23.02.56:364][632]LogModuleManager: Shutting down and abandoning module TextureFormatUncompressed (51)
[2017.05.21-23.02.56:364][632]LogModuleManager: Shutting down and abandoning module TextureFormatPVR (50)
[2017.05.21-23.02.56:364][632]LogModuleManager: Shutting down and abandoning module TextureFormatIntelISPCTexComp (49)
[2017.05.21-23.02.56:364][632]LogModuleManager: Shutting down and abandoning module TextureFormatDXT (48)
[2017.05.21-23.02.56:364][632]LogModuleManager: Shutting down and abandoning module ImageWrapper (47)
[2017.05.21-23.02.56:364][632]LogModuleManager: Shutting down and abandoning module TextureFormatASTC (46)
[2017.05.21-23.02.56:364][632]LogModuleManager: Shutting down and abandoning module TextureFormatAndroid (45)
[2017.05.21-23.02.56:364][632]LogModuleManager: Shutting down and abandoning module AudioFormatOpus (44)
[2017.05.21-23.02.56:364][632]LogModuleManager: Shutting down and abandoning module AudioFormatOgg (43)
[2017.05.21-23.02.56:364][632]LogModuleManager: Shutting down and abandoning module AudioFormatADPCM (42)
[2017.05.21-23.02.56:364][632]LogModuleManager: Shutting down and abandoning module LinuxTargetPlatform (41)
[2017.05.21-23.02.56:364][632]LogModuleManager: Shutting down and abandoning module LinuxServerTargetPlatform (40)
[2017.05.21-23.02.56:364][632]LogModuleManager: Shutting down and abandoning module LinuxNoEditorTargetPlatform (39)
[2017.05.21-23.02.56:364][632]LogModuleManager: Shutting down and abandoning module Messaging (38)
[2017.05.21-23.02.56:364][632]LogModuleManager: Shutting down and abandoning module IOSTargetPlatform (37)
[2017.05.21-23.02.56:364][632]LogModuleManager: Shutting down and abandoning module HTML5TargetPlatform (36)
[2017.05.21-23.02.56:364][632]LogModuleManager: Shutting down and abandoning module Android_PVRTCTargetPlatform (35)
[2017.05.21-23.02.56:364][632]LogModuleManager: Shutting down and abandoning module Android_ETC2TargetPlatform (34)
[2017.05.21-23.02.56:364][632]LogModuleManager: Shutting down and abandoning module Android_ETC1TargetPlatform (33)
[2017.05.21-23.02.56:364][632]LogModuleManager: Shutting down and abandoning module Android_DXTTargetPlatform (32)
[2017.05.21-23.02.56:365][632]LogModuleManager: Shutting down and abandoning module Android_ATCTargetPlatform (31)
[2017.05.21-23.02.56:365][632]LogModuleManager: Shutting down and abandoning module Android_ASTCTargetPlatform (30)
[2017.05.21-23.02.56:365][632]LogModuleManager: Shutting down and abandoning module AndroidTargetPlatform (29)
[2017.05.21-23.02.56:365][632]LogModuleManager: Shutting down and abandoning module WindowsTargetPlatform (28)
[2017.05.21-23.02.56:365][632]LogModuleManager: Shutting down and abandoning module WindowsServerTargetPlatform (27)
[2017.05.21-23.02.56:365][632]LogModuleManager: Shutting down and abandoning module WindowsNoEditorTargetPlatform (26)
[2017.05.21-23.02.56:365][632]LogModuleManager: Shutting down and abandoning module WindowsClientTargetPlatform (25)
[2017.05.21-23.02.56:365][632]LogModuleManager: Shutting down and abandoning module AllDesktopTargetPlatform (24)
[2017.05.21-23.02.56:365][632]LogModuleManager: Shutting down and abandoning module TargetPlatform (23)
[2017.05.21-23.02.56:365][632]LogModuleManager: Shutting down and abandoning module InputCore (22)
[2017.05.21-23.02.56:365][632]LogModuleManager: Shutting down and abandoning module Settings (21)
[2017.05.21-23.02.56:365][632]LogModuleManager: Shutting down and abandoning module OnlineSubsystem (19)
[2017.05.21-23.02.56:365][632]LogModuleManager: Shutting down and abandoning module HTTP (18)
[2017.05.21-23.02.58:369][632]LogModuleManager: Shutting down and abandoning module XMPP (17)
[2017.05.21-23.02.58:371][632]LogModuleManager: Shutting down and abandoning module ExampleDeviceProfileSelector (16)
[2017.05.21-23.02.58:371][632]LogModuleManager: Shutting down and abandoning module DesktopPlatform (15)
[2017.05.21-23.02.58:371][632]LogModuleManager: Shutting down and abandoning module TextureCompressor (14)
[2017.05.21-23.02.58:371][632]LogModuleManager: Shutting down and abandoning module ShaderCore (13)
[2017.05.21-23.02.58:371][632]LogModuleManager: Shutting down and abandoning module Landscape (12)
[2017.05.21-23.02.58:371][632]LogModuleManager: Shutting down and abandoning module SlateRHIRenderer (11)
[2017.05.21-23.02.58:372][632]LogModuleManager: Shutting down and abandoning module OpenGLDrv (10)
[2017.05.21-23.02.58:372][632]LogModuleManager: Shutting down and abandoning module D3D11RHI (9)
[2017.05.21-23.02.58:372][632]LogModuleManager: Shutting down and abandoning module AnimGraphRuntime (8)
[2017.05.21-23.02.58:372][632]LogModuleManager: Shutting down and abandoning module Renderer (7)
[2017.05.21-23.02.58:372][632]LogModuleManager: Shutting down and abandoning module Engine (6)
[2017.05.21-23.02.58:372][632]LogModuleManager: Shutting down and abandoning module CoreUObject (5)
[2017.05.21-23.02.58:372][632]LogModuleManager: Shutting down and abandoning module NetworkFile (4)
[2017.05.21-23.02.58:372][632]LogModuleManager: Shutting down and abandoning module StreamingFile (3)
[2017.05.21-23.02.58:372][632]LogModuleManager: Shutting down and abandoning module SandboxFile (2)
[2017.05.21-23.02.58:372][632]LogModuleManager: Shutting down and abandoning module PakFile (1)
[2017.05.21-23.02.58:373][632]LogExit: Exiting.
[2017.05.21-23.02.58:389][632]Log file closed, 05/21/17 17:02:58
