[2017.05.22-00.02.46:208][  0]Log file open, 05/21/17 18:02:46
[2017.05.22-00.02.46:208][  0]LogInit:Display: Running engine for game: Project
[2017.05.22-00.02.46:208][  0]LogInit:Display: RandInit(-1687095873) SRandInit(-1687095873).
[2017.05.22-00.02.46:208][  0]LogTaskGraph: Started task graph with 4 named threads and 5 total threads.
[2017.05.22-00.02.46:208][  0]LogStats: Stats thread started at 0.088493
[2017.05.22-00.02.46:208][  0]LogInit: Version: 4.9.2-2707645+++depot+UE4-Releases+4.9
[2017.05.22-00.02.46:208][  0]LogInit: API Version: 2672455
[2017.05.22-00.02.46:208][  0]LogInit: Compiled (64-bit): Sep 28 2015 10:25:44
[2017.05.22-00.02.46:208][  0]LogInit: Compiled with Visual C++: 18.00.21005.01
[2017.05.22-00.02.46:208][  0]LogInit: Build Configuration: Development
[2017.05.22-00.02.46:208][  0]LogInit: Branch Name: ++depot+UE4-Releases+4.9
[2017.05.22-00.02.46:208][  0]LogInit: Command line: -EpicPortal 
[2017.05.22-00.02.46:208][  0]LogInit: Base directory: C:/Program Files/Epic Games/UE_4.9/Engine/Binaries/Win64/
[2017.05.22-00.02.46:208][  0]LogInit: Rocket: 1
[2017.05.22-00.02.46:218][  0]LogInit: Using libcurl 7.41.0
[2017.05.22-00.02.46:218][  0]LogInit:  - built for x86_64-pc-win32
[2017.05.22-00.02.46:218][  0]LogInit:  - supports SSL with WinSSL
[2017.05.22-00.02.46:218][  0]LogInit:  - other features:
[2017.05.22-00.02.46:218][  0]LogInit:      CURL_VERSION_SSL
[2017.05.22-00.02.46:219][  0]LogInit:      CURL_VERSION_IPV6
[2017.05.22-00.02.46:219][  0]LogInit:      CURL_VERSION_ASYNCHDNS
[2017.05.22-00.02.46:219][  0]LogInit:      CURL_VERSION_LARGEFILE
[2017.05.22-00.02.46:219][  0]LogInit:      CURL_VERSION_IDN
[2017.05.22-00.02.46:219][  0]LogInit:  CurlRequestOptions (configurable via config and command line):
[2017.05.22-00.02.46:219][  0]LogInit:  - bVerifyPeer = true  - Libcurl will verify peer certificate
[2017.05.22-00.02.46:219][  0]LogInit:  - bUseHttpProxy = false  - Libcurl will NOT use HTTP proxy
[2017.05.22-00.02.46:219][  0]LogInit:  - bDontReuseConnections = false  - Libcurl will reuse connections
[2017.05.22-00.02.46:219][  0]LogInit:  - CertBundlePath = nullptr  - Libcurl will use whatever was configured at build time.
[2017.05.22-00.02.46:228][  0]LogInit: Presizing for 0 objects not considered by GC, pre-allocating 0 bytes.
[2017.05.22-00.02.46:237][  0]LogInit: Object subsystem initialized
[2017.05.22-00.02.46:239][  0]LogInit: Selected Device Profile: [Windows]
[2017.05.22-00.02.46:239][  0]LogInit: Applying CVar settings loaded from the selected device profile: [Windows]
[2017.05.22-00.02.46:251][  0]LogInit: Computer: DEBBIELAPTOP
[2017.05.22-00.02.46:251][  0]LogInit: User: Jacob
[2017.05.22-00.02.46:251][  0]LogInit: CPU Page size=4096, Cores=2
[2017.05.22-00.02.46:251][  0]LogInit: High frequency timer resolution =2.338337 MHz
[2017.05.22-00.02.46:251][  0]LogMemory: Memory total: Physical=5.9GB (6GB approx)
[2017.05.22-00.02.46:251][  0]LogMemory: Platform Memory Stats for Windows
[2017.05.22-00.02.46:251][  0]LogMemory: Process Physical Memory: 54.44 MB used, 54.44 MB peak
[2017.05.22-00.02.46:251][  0]LogMemory: Process Virtual Memory: 55.43 MB used, 55.43 MB peak
[2017.05.22-00.02.46:251][  0]LogMemory: Physical Memory: 4202.82 MB used, 6048.76 MB total
[2017.05.22-00.02.46:251][  0]LogMemory: Virtual Memory: 369.13 MB used, 134217728.00 MB total
[2017.05.22-00.02.46:284][  0]LogTextLocalizationManager: No specific translations for ('en-US') exist, so ('en') translations will be used.
[2017.05.22-00.02.47:295][  0]LogD3D11RHI: Found D3D11 adapter 0: Intel(R) HD Graphics Family (Feature Level 11_0)
[2017.05.22-00.02.47:295][  0]LogD3D11RHI: Adapter has 112MB of dedicated video memory, 0MB of dedicated system memory, and 2048MB of shared system memory, 1 output[s]
[2017.05.22-00.02.47:296][  0]LogD3D11RHI: Found D3D11 adapter 1: Microsoft Basic Render Driver (Feature Level 11_0)
[2017.05.22-00.02.47:296][  0]LogD3D11RHI: Adapter has 0MB of dedicated video memory, 0MB of dedicated system memory, and 3024MB of shared system memory, 0 output[s]
[2017.05.22-00.02.47:296][  0]LogD3D11RHI: Chosen D3D11 Adapter Id = 0
[2017.05.22-00.02.47:303][  0]LogD3D11RHI: !Direct3DDevice
[2017.05.22-00.02.47:303][  0]LogRHI: Texture pool is 795 MB (70% of 1136 MB)
[2017.05.22-00.02.47:310][  0]LogD3D11RHI: Async texture creation enabled
[2017.05.22-00.02.47:315][  0]LogShaderCompilers: Guid format shader working directory is 15 characters bigger than the processId version (../../../../../../Users/Jacob/Documents/GitHub/Project/Project/Intermediate/Shaders/WorkingDirectory/5256/).
[2017.05.22-00.02.47:315][  0]LogShaderCompilers: Cleaned the shader compiler working directory '../../../../../../Users/Jacob/Documents/GitHub/Project/Project/Intermediate/Shaders/tmp/1110BC1D47832AB6C347DEA58B6CF53B/'.
[2017.05.22-00.02.47:315][  0]LogShaderCompilers:Display: Using Local Shader Compiler.
[2017.05.22-00.02.49:949][  0]LogTemp:Display: Loaded TP AllDesktopTargetPlatform
[2017.05.22-00.02.49:957][  0]LogTemp:Display: Loaded TP WindowsClientTargetPlatform
[2017.05.22-00.02.49:963][  0]LogTemp:Display: Loaded TP WindowsNoEditorTargetPlatform
[2017.05.22-00.02.49:970][  0]LogTemp:Display: Loaded TP WindowsServerTargetPlatform
[2017.05.22-00.02.49:978][  0]LogTemp:Display: Loaded TP WindowsTargetPlatform
[2017.05.22-00.02.49:982][  0]LogTemp:Display: Loaded TP AndroidTargetPlatform
[2017.05.22-00.02.49:987][  0]LogTemp:Display: Loaded TP Android_ASTCTargetPlatform
[2017.05.22-00.02.49:991][  0]LogTemp:Display: Loaded TP Android_ATCTargetPlatform
[2017.05.22-00.02.49:995][  0]LogTemp:Display: Loaded TP Android_DXTTargetPlatform
[2017.05.22-00.02.49:999][  0]LogTemp:Display: Loaded TP Android_ETC1TargetPlatform
[2017.05.22-00.02.50:004][  0]LogTemp:Display: Loaded TP Android_ETC2TargetPlatform
[2017.05.22-00.02.50:009][  0]LogTemp:Display: Loaded TP Android_PVRTCTargetPlatform
[2017.05.22-00.02.50:011][  0]LogTemp:Display: Loaded TP HTML5TargetPlatform
[2017.05.22-00.02.50:030][  0]LogTemp:Display: Loaded TP IOSTargetPlatform
[2017.05.22-00.02.50:034][  0]LogTemp:Display: Loaded TP LinuxNoEditorTargetPlatform
[2017.05.22-00.02.50:039][  0]LogTemp:Display: Loaded TP LinuxServerTargetPlatform
[2017.05.22-00.02.50:044][  0]LogTemp:Display: Loaded TP LinuxTargetPlatform
[2017.05.22-00.02.50:044][  0]LogTargetPlatformManager:Display: Building Assets For Windows
[2017.05.22-00.02.50:149][  0]LogDerivedDataCache:Display: Max Cache Size: 512 MB
[2017.05.22-00.02.50:214][  0]LogDerivedDataCache: Loaded boot cache 0.07s 42MB C:/Users/Jacob/AppData/Local/UnrealEngine/4.9/DerivedDataCache/Boot.ddc.
[2017.05.22-00.02.50:214][  0]LogDerivedDataCache:Display: Loaded Boot cache: C:/Users/Jacob/AppData/Local/UnrealEngine/4.9/DerivedDataCache/Boot.ddc
[2017.05.22-00.02.50:215][  0]LogDerivedDataCache: FDerivedDataBackendGraph:  Pak pak cache file ../../../../../../Users/Jacob/Documents/GitHub/Project/Project/DerivedDataCache/DDC.ddp not found, will not use a pak cache.
[2017.05.22-00.02.50:215][  0]LogDerivedDataCache: Unable to find inner node Pak for hierarchical cache Hierarchy.
[2017.05.22-00.02.50:215][  0]LogDerivedDataCache: FDerivedDataBackendGraph:  CompressedPak pak cache file ../../../../../../Users/Jacob/Documents/GitHub/Project/Project/DerivedDataCache/Compressed.ddp not found, will not use a pak cache.
[2017.05.22-00.02.50:215][  0]LogDerivedDataCache: Unable to find inner node CompressedPak for hierarchical cache Hierarchy.
[2017.05.22-00.02.50:390][  0]LogDerivedDataCache:Display: Pak cache opened for reading ../../../Engine/DerivedDataCache/Compressed.ddp.
[2017.05.22-00.02.50:403][  0]LogDerivedDataCache: Using Local data cache path C:/Users/Jacob/AppData/Local/UnrealEngine/Common/DerivedDataCache: Writable
[2017.05.22-00.02.50:619][  0]LogInit: Selected Device Profile: [Windows]
[2017.05.22-00.02.50:622][  0]LogContentStreaming: Texture pool size is 0.000000MB
[2017.05.22-00.02.50:786][  0]LogMeshUtilities: No automatic mesh reduction module available
[2017.05.22-00.02.50:786][  0]LogMeshUtilities: No automatic mesh merging module available
[2017.05.22-00.02.51:278][  0]LogInit: WinSock: version 1.1 (2.2), MaxSocks=32767, MaxUdp=65467
[2017.05.22-00.02.53:693][  0]UdpMessaging: Initializing bridge on interface 0.0.0.0:0 to multicast group 230.0.0.1:6666.
[2017.05.22-00.02.53:944][  0]LogAssetRegistry: FAssetRegistry took 0.0108 seconds to start up
[2017.05.22-00.02.54:262][  0]SourceControl: Info Source control is disabled
[2017.05.22-00.02.54:263][  0]SourceControl: Info Source control is disabled
[2017.05.22-00.02.54:284][  0]SourceControl: Info Source control is disabled
[2017.05.22-00.02.54:304][  0]SourceControl: Info Source control is disabled
[2017.05.22-00.02.54:554][  0]LogLinker:Warning: Asset '../../../Engine/Plugins/Runtime/LeapMotionController/Content/LM_PassthroughMaterial.uasset' has been saved with empty engine version. The asset will be loaded but may be incompatible.
[2017.05.22-00.02.54:680][  0]LogObj: 28437 objects as part of root set at end of initial load.
[2017.05.22-00.02.54:680][  0]LogUObjectAllocator: 6072528 out of 0 bytes used by permanent object pool.
[2017.05.22-00.02.54:774][  0]LogEngine: Initializing Engine...
[2017.05.22-00.02.54:777][  0]LogHMD: Can't find Oculus library dev build: is proper Runtime installed? Version: 0.7.0.0
[2017.05.22-00.02.54:778][  0]LogHMD: SteamVR failed to initialize.  Err: 110
[2017.05.22-00.02.54:956][  0]LogAIModule: Creating AISystem for world NewWorld
[2017.05.22-00.02.54:960][  0]LogInit: XAudio2 using 'Speakers / Headphones (Realtek High Definition Audio)' : 2 channels at 48 kHz using 32 bits per sample (channel mask 0x3)
[2017.05.22-00.02.55:112][  0]LogInit: FAudioDevice initialized.
[2017.05.22-00.02.55:147][  0]LogDerivedDataCache: Saved boot cache 0.04s 42MB C:/Users/Jacob/AppData/Local/UnrealEngine/4.9/DerivedDataCache/Boot.ddc.
[2017.05.22-00.02.55:157][  0]LogInit: Texture streaming: Enabled
[2017.05.22-00.02.55:164][  0]LogAnalytics: Creating configured Analytics provider AnalyticsET
[2017.05.22-00.02.55:164][  0]LogAnalytics: [UEEditor.Rocket.Release] APIServer = http://et2.epicgames.com/ET2/. AppVersion = 4.9.2-2707645+++depot+UE4-Releases+4.9
[2017.05.22-00.02.55:164][  0]LogAnalytics: [UEEditor.Rocket.Release] SetUserId 0c7004ae4fbf476c46248ea3aa897ba2|5c8a094fc4fb4ccf912a58e8b050ae6e|dd076934-77e4-46bc-8f3f-9384319b48ea
[2017.05.22-00.02.55:164][  0]LogAnalytics: [UEEditor.Rocket.Release] AnalyticsET::StartSession
[2017.05.22-00.02.55:184][  0]LogWindowsTextInputMethodSystem:Display: IME system now deactivated.
[2017.05.22-00.02.55:184][  0]LogWindowsTextInputMethodSystem:Display: IME system now deactivated.
[2017.05.22-00.02.55:236][  0]LogInit: Transaction tracking system initialized
[2017.05.22-00.02.55:290][  0]BlueprintLog: New page: Editor Load
[2017.05.22-00.02.55:461][  0]LocalizationService: Info Localization service is disabled
[2017.05.22-00.02.55:601][  0]LogConsoleResponse:Display: 
[2017.05.22-00.02.55:800][  0]LogCook:Display: Done creating registry. It took  0.00s.
[2017.05.22-00.02.55:849][  0]LogFileCache: Scanning file cache for directory 'C:/Users/Jacob/Documents/GitHub/Project/Project/Content/' took 0.01s
[2017.05.22-00.02.55:909][  0]SourceControl: Info Source control is disabled
[2017.05.22-00.02.55:909][  0]Cmd: MAP LOAD FILE="../../../../../../Users/Jacob/Documents/GitHub/Project/Project/Content/2DSideScrollerCPP/Maps/2DSideScrollerExampleMap.umap" TEMPLATE=0 SHOWPROGRESS=1 FEATURELEVEL=3
[2017.05.22-00.02.55:910][  0]LightingResults: New page: Lighting Build
[2017.05.22-00.02.55:914][  0]MapCheck: New page: Map Check
[2017.05.22-00.02.55:915][  0]LightingResults: New page: Lighting Build
[2017.05.22-00.02.55:946][  0]LogParticles: Destroying 0 GPU particle simulations for FXSystem 0x000001DB9C43E480
[2017.05.22-00.02.56:047][  0]LogAIModule: Creating AISystem for world 2DSideScrollerExampleMap
[2017.05.22-00.02.56:051][  0]LogEditorServer: Finished looking for orphan Actors (0.000 secs)
[2017.05.22-00.02.56:052][  0]Cmd: MAP CHECKDEP NOCLEARLOG
[2017.05.22-00.02.56:167][  0]MapCheck: Info Map check complete: 0 Error(s), 0 Warning(s), took 115.047ms to complete.
[2017.05.22-00.02.56:167][  0]LogFileHelpers: Loading map '2DSideScrollerExampleMap' took 0.258
[2017.05.22-00.02.56:311][  0]LogCollectionManager: Loaded 0 collections in 0.004185 seconds
[2017.05.22-00.02.56:360][  0]LogFileCache: Scanning file cache for directory 'C:/Users/Jacob/Documents/GitHub/Project/Project/Saved/Collections/' took 0.01s
[2017.05.22-00.02.56:360][  0]LogFileCache: Scanning file cache for directory 'C:/Users/Jacob/Documents/GitHub/Project/Project/Content/Developers/Jacob/Collections/' took 0.01s
[2017.05.22-00.02.56:360][  0]LogFileCache: Scanning file cache for directory 'C:/Users/Jacob/Documents/GitHub/Project/Project/Content/Collections/' took 0.01s
[2017.05.22-00.02.56:360][  0]LogContentBrowser: Native class hierarchy populated in 0.0154 seconds. Added 1869 classes and 335 folders.
[2017.05.22-00.02.56:373][  0]LogCollectionManager: Rebuilt the GUID cache for 0 collections in 0.000006 seconds
[2017.05.22-00.02.56:386][  0]LogContentBrowser: Native class hierarchy updated for 'WidgetCarousel' in 0.0013 seconds. Added 0 classes and 0 folders.
[2017.05.22-00.02.56:460][  0]LogContentBrowser: Native class hierarchy updated for 'AddContentDialog' in 0.0020 seconds. Added 0 classes and 0 folders.
[2017.05.22-00.02.56:471][  0]LogContentBrowser: Native class hierarchy updated for 'SceneOutliner' in 0.0027 seconds. Added 1 classes and 2 folders.
[2017.05.22-00.02.56:533][  0]LogCrashTracker: Crashtracker disabled due to settings.
[2017.05.22-00.02.56:541][  0]LogUObjectGlobals:Warning: Failed to find object 'Class None.'
[2017.05.22-00.02.56:563][  0]LogLoad: Full Startup: 11.66 seconds (BP compile: 0.02 seconds)
[2017.05.22-00.02.56:658][  0]LogContentStreaming: Texture pool size now 1000 MB
[2017.05.22-00.02.56:825][  0]LogRenderer: Reallocating scene render targets to support 964x436 (Frame:2).
[2017.05.22-00.02.57:374][  5]LogAssetRegistry: Asset discovery search completed in 3.4400 seconds
[2017.05.22-00.02.57:374][  5]LogCollectionManager: Rebuilt the object cache for 0 collections in 0.000000 seconds (found 0 objects)
[2017.05.22-00.02.57:374][  5]LogCollectionManager: Fixed up redirectors for 0 collections in 0.000027 seconds (updated 0 objects)
[2017.05.22-00.03.05:828][122]LogBlueprintUserMessages: Early PlayInEditor Detection: Level '/Game/2DSideScrollerCPP/Maps/2DSideScrollerExampleMap.2DSideScrollerExampleMap:PersistentLevel' has LevelScriptBlueprint '/Game/2DSideScrollerCPP/Maps/2DSideScrollerExampleMap.2DSideScrollerExampleMap:PersistentLevel.2DSideScrollerExampleMap' with GeneratedClass '/Game/2DSideScrollerCPP/Maps/2DSideScrollerExampleMap.2DSideScrollerExampleMap_C' with ClassGeneratedBy '/Game/2DSideScrollerCPP/Maps/2DSideScrollerExampleMap.2DSideScrollerExampleMap:PersistentLevel.2DSideScrollerExampleMap'
[2017.05.22-00.03.05:828][122]LogPlayLevel: PlayLevel: No blueprints needed recompiling
[2017.05.22-00.03.05:829][122]PIE: New page: PIE session: 2DSideScrollerExampleMap (May 21, 2017, 12:03:05 PM)
[2017.05.22-00.03.05:829][122]LogPlayLevel: Creating play world package: /Game/2DSideScrollerCPP/Maps/UEDPIE_0_2DSideScrollerExampleMap
[2017.05.22-00.03.05:841][122]LogPlayLevel: PIE: StaticDuplicateObject took: (0.012526s)
[2017.05.22-00.03.05:843][122]LogAIModule: Creating AISystem for world 2DSideScrollerExampleMap
[2017.05.22-00.03.05:843][122]LogPlayLevel: PIE: World Init took: (0.001750s)
[2017.05.22-00.03.05:844][122]LogPlayLevel: PIE: Created PIE world by copying editor world from /Game/2DSideScrollerCPP/Maps/2DSideScrollerExampleMap.2DSideScrollerExampleMap to /Game/2DSideScrollerCPP/Maps/UEDPIE_0_2DSideScrollerExampleMap.2DSideScrollerExampleMap (0.014802s)
[2017.05.22-00.03.05:879][122]LogInit: XAudio2 using 'Speakers / Headphones (Realtek High Definition Audio)' : 2 channels at 48 kHz using 32 bits per sample (channel mask 0x3)
[2017.05.22-00.03.05:892][122]LogInit: FAudioDevice initialized.
[2017.05.22-00.03.05:976][122]LogWorld: Game class is 'ProjectGameMode'
[2017.05.22-00.03.06:005][122]LogWorld: Bringing World /Game/2DSideScrollerCPP/Maps/UEDPIE_0_2DSideScrollerExampleMap.2DSideScrollerExampleMap up for play (max tick rate 60) at 2017.05.21-18.03.06
[2017.05.22-00.03.06:005][122]LogActor:Warning: GameSession /Game/2DSideScrollerCPP/Maps/UEDPIE_0_2DSideScrollerExampleMap.2DSideScrollerExampleMap:PersistentLevel.GameSession_0 has natively added scene component(s), but none of them were set as the actor's RootComponent - picking one arbitrarily
[2017.05.22-00.03.06:006][122]LogActor:Warning: GameNetworkManager /Game/2DSideScrollerCPP/Maps/UEDPIE_0_2DSideScrollerExampleMap.2DSideScrollerExampleMap:PersistentLevel.GameNetworkManager_0 has natively added scene component(s), but none of them were set as the actor's RootComponent - picking one arbitrarily
[2017.05.22-00.03.06:008][122]LogWorld: Bringing up level for play took: 0.028734
[2017.05.22-00.03.06:025][122]PIE: Info Play in editor start time for /Game/2DSideScrollerCPP/Maps/UEDPIE_0_2DSideScrollerExampleMap -0.67
[2017.05.22-00.03.06:025][122]LogBlueprintUserMessages: Late PlayInEditor Detection: Level '/Game/2DSideScrollerCPP/Maps/2DSideScrollerExampleMap.2DSideScrollerExampleMap:PersistentLevel' has LevelScriptBlueprint '/Game/2DSideScrollerCPP/Maps/2DSideScrollerExampleMap.2DSideScrollerExampleMap:PersistentLevel.2DSideScrollerExampleMap' with GeneratedClass '/Game/2DSideScrollerCPP/Maps/2DSideScrollerExampleMap.2DSideScrollerExampleMap_C' with ClassGeneratedBy '/Game/2DSideScrollerCPP/Maps/2DSideScrollerExampleMap.2DSideScrollerExampleMap:PersistentLevel.2DSideScrollerExampleMap'
[2017.05.22-00.03.26:808][ 52]LogBlueprintUserMessages: Early EndPlayMap Detection: Level '/Game/2DSideScrollerCPP/Maps/2DSideScrollerExampleMap.2DSideScrollerExampleMap:PersistentLevel' has LevelScriptBlueprint '/Game/2DSideScrollerCPP/Maps/2DSideScrollerExampleMap.2DSideScrollerExampleMap:PersistentLevel.2DSideScrollerExampleMap' with GeneratedClass '/Game/2DSideScrollerCPP/Maps/2DSideScrollerExampleMap.2DSideScrollerExampleMap_C' with ClassGeneratedBy '/Game/2DSideScrollerCPP/Maps/2DSideScrollerExampleMap.2DSideScrollerExampleMap:PersistentLevel.2DSideScrollerExampleMap'
[2017.05.22-00.03.26:858][ 52]LogBlueprintUserMessages: Late EndPlayMap Detection: Level '/Game/2DSideScrollerCPP/Maps/2DSideScrollerExampleMap.2DSideScrollerExampleMap:PersistentLevel' has LevelScriptBlueprint '/Game/2DSideScrollerCPP/Maps/2DSideScrollerExampleMap.2DSideScrollerExampleMap:PersistentLevel.2DSideScrollerExampleMap' with GeneratedClass '/Game/2DSideScrollerCPP/Maps/2DSideScrollerExampleMap.2DSideScrollerExampleMap_C' with ClassGeneratedBy '/Game/2DSideScrollerCPP/Maps/2DSideScrollerExampleMap.2DSideScrollerExampleMap:PersistentLevel.2DSideScrollerExampleMap'
[2017.05.22-00.03.26:884][ 52]LogParticles: Destroying 0 GPU particle simulations for FXSystem 0x000001DB8D303880
[2017.05.22-00.03.36:851][632]LogBlueprintUserMessages: Early PlayInEditor Detection: Level '/Game/2DSideScrollerCPP/Maps/2DSideScrollerExampleMap.2DSideScrollerExampleMap:PersistentLevel' has LevelScriptBlueprint '/Game/2DSideScrollerCPP/Maps/2DSideScrollerExampleMap.2DSideScrollerExampleMap:PersistentLevel.2DSideScrollerExampleMap' with GeneratedClass '/Game/2DSideScrollerCPP/Maps/2DSideScrollerExampleMap.2DSideScrollerExampleMap_C' with ClassGeneratedBy '/Game/2DSideScrollerCPP/Maps/2DSideScrollerExampleMap.2DSideScrollerExampleMap:PersistentLevel.2DSideScrollerExampleMap'
[2017.05.22-00.03.36:851][632]LogPlayLevel: PlayLevel: No blueprints needed recompiling
[2017.05.22-00.03.36:852][632]PIE: New page: PIE session: 2DSideScrollerExampleMap (May 21, 2017, 12:03:36 PM)
[2017.05.22-00.03.36:852][632]LogPlayLevel: Creating play world package: /Game/2DSideScrollerCPP/Maps/UEDPIE_0_2DSideScrollerExampleMap
[2017.05.22-00.03.36:866][632]LogPlayLevel: PIE: StaticDuplicateObject took: (0.014386s)
[2017.05.22-00.03.36:868][632]LogAIModule: Creating AISystem for world 2DSideScrollerExampleMap
[2017.05.22-00.03.36:868][632]LogPlayLevel: PIE: World Init took: (0.001802s)
[2017.05.22-00.03.36:868][632]LogPlayLevel: PIE: Created PIE world by copying editor world from /Game/2DSideScrollerCPP/Maps/2DSideScrollerExampleMap.2DSideScrollerExampleMap to /Game/2DSideScrollerCPP/Maps/UEDPIE_0_2DSideScrollerExampleMap.2DSideScrollerExampleMap (0.016698s)
[2017.05.22-00.03.36:923][632]LogInit: XAudio2 using 'Speakers / Headphones (Realtek High Definition Audio)' : 2 channels at 48 kHz using 32 bits per sample (channel mask 0x3)
[2017.05.22-00.03.36:938][632]LogInit: FAudioDevice initialized.
[2017.05.22-00.03.36:976][632]LogWorld: Game class is 'ProjectGameMode'
[2017.05.22-00.03.36:984][632]LogWorld: Bringing World /Game/2DSideScrollerCPP/Maps/UEDPIE_0_2DSideScrollerExampleMap.2DSideScrollerExampleMap up for play (max tick rate 60) at 2017.05.21-18.03.36
[2017.05.22-00.03.36:985][632]LogActor:Warning: GameSession /Game/2DSideScrollerCPP/Maps/UEDPIE_0_2DSideScrollerExampleMap.2DSideScrollerExampleMap:PersistentLevel.GameSession_1 has natively added scene component(s), but none of them were set as the actor's RootComponent - picking one arbitrarily
[2017.05.22-00.03.36:985][632]LogActor:Warning: GameNetworkManager /Game/2DSideScrollerCPP/Maps/UEDPIE_0_2DSideScrollerExampleMap.2DSideScrollerExampleMap:PersistentLevel.GameNetworkManager_1 has natively added scene component(s), but none of them were set as the actor's RootComponent - picking one arbitrarily
[2017.05.22-00.03.36:986][632]LogWorld: Bringing up level for play took: 0.009943
[2017.05.22-00.03.36:991][632]PIE: Info Play in editor start time for /Game/2DSideScrollerCPP/Maps/UEDPIE_0_2DSideScrollerExampleMap 0.297
[2017.05.22-00.03.36:991][632]LogBlueprintUserMessages: Late PlayInEditor Detection: Level '/Game/2DSideScrollerCPP/Maps/2DSideScrollerExampleMap.2DSideScrollerExampleMap:PersistentLevel' has LevelScriptBlueprint '/Game/2DSideScrollerCPP/Maps/2DSideScrollerExampleMap.2DSideScrollerExampleMap:PersistentLevel.2DSideScrollerExampleMap' with GeneratedClass '/Game/2DSideScrollerCPP/Maps/2DSideScrollerExampleMap.2DSideScrollerExampleMap_C' with ClassGeneratedBy '/Game/2DSideScrollerCPP/Maps/2DSideScrollerExampleMap.2DSideScrollerExampleMap:PersistentLevel.2DSideScrollerExampleMap'
[2017.05.22-00.04.43:757][594]Running C:/Program Files/Epic Games/UE_4.9/Engine/Binaries/DotNET/UnrealBuildTool.exe  -projectfiles -project="C:/Users/Jacob/Documents/GitHub/Project/Project/Project.uproject" -game -rocket -progress
[2017.05.22-00.04.44:162][594]Discovering modules, targets and source code for game...
[2017.05.22-00.05.00:519][594]LogVSAccessor:Warning: Couldn't access Visual Studio
[2017.05.22-00.05.00:528][594]Recompiling Project...
[2017.05.22-00.05.00:529][594]Launching UnrealBuildTool... [C:/Program Files/Epic Games/UE_4.9/Engine/Binaries/DotNET/UnrealBuildTool.exe Project -ModuleWithSuffix Project 609 Win64 Development -editorrecompile -canskiplink "C:/Users/Jacob/Documents/GitHub/Project/Project/Project.uproject" -rocket  -rocket]
[2017.05.22-00.06.03:616][594]CompilerResultsLog: New page: Compilation - May 21, 2017, 12:06:03 PM
[2017.05.22-00.06.03:616][594]CompilerResultsLog: Info Creating makefile for hot reloading Project (.uproject file is newer)
[2017.05.22-00.06.03:617][594]CompilerResultsLog: Info Compiling game modules for hot reload
[2017.05.22-00.06.03:617][594]CompilerResultsLog: Info Parsing headers for ProjectEditor
[2017.05.22-00.06.03:617][594]CompilerResultsLog: Info   Running UnrealHeaderTool "C:/Users/Jacob/Documents/GitHub/Project/Project/Project.uproject" "C:\Users\Jacob\Documents\GitHub\Project\Project\Intermediate\Build\Win64\ProjectEditor\Development\UnrealHeaderTool.manifest" -LogCmds="loginit warning, logexit warning, logdatabase error" -rocket -installed
[2017.05.22-00.06.03:617][594]CompilerResultsLog: Info Reflection code generated for ProjectEditor in 12.9507106 seconds
[2017.05.22-00.06.03:617][594]CompilerResultsLog: Info Performing 7 actions (2 in parallel)
[2017.05.22-00.06.03:617][594]CompilerResultsLog: Info PCH.Project.h.cpp
[2017.05.22-00.06.03:617][594]CompilerResultsLog: Info Project.cpp
[2017.05.22-00.06.03:617][594]CompilerResultsLog: Info Asteroid1.cpp
[2017.05.22-00.06.03:617][594]CompilerResultsLog: Info ProjectGameMode.cpp
[2017.05.22-00.06.03:617][594]CompilerResultsLog: Info ProjectCharacter.cpp
[2017.05.22-00.06.03:617][594]CompilerResultsLog: Info Project.generated.cpp
[2017.05.22-00.06.03:617][594]CompilerResultsLog: Info [7/7] Link UE4Editor-Project-609.dll
[2017.05.22-00.06.03:617][594]CompilerResultsLog: Info    Creating library C:\Users\Jacob\Documents\GitHub\Project\Project\Intermediate/Build/Win64\UE4Editor\Development\UE4Editor-Project-609.lib and object C:\Users\Jacob\Documents\GitHub\Project\Project\Intermediate/Build/Win64\UE4Editor\Development\UE4Editor-Project-609.exp
[2017.05.22-00.06.03:618][594]CompilerResultsLog: Info -------- End Detailed Actions Stats -----------------------------------------------------------
[2017.05.22-00.06.03:618][594]CompilerResultsLog: Info Total build time: 62.94 seconds
[2017.05.22-00.06.03:618][594]LogMainFrame: MainFrame: Module compiling took 63.099 seconds
[2017.05.22-00.06.03:730][594]LogClass: Could not find existing class Asteroid1 in package /Script/Project for HotReload, assuming new class
[2017.05.22-00.06.03:736][594]LogContentBrowser: Native class hierarchy updated for 'Project' in 0.0013 seconds. Added 3 classes and 2 folders.
[2017.05.22-00.06.03:739][594]Warning: HotReload successful (0 functions remapped  0 scriptstructs remapped)
[2017.05.22-00.06.03:809][594]LogContentBrowser: Native class hierarchy populated in 0.0100 seconds. Added 1871 classes and 337 folders.
[2017.05.22-00.06.03:810][594]Warning: HotReload operation took 63.3s.
[2017.05.22-00.06.04:324][594]LogHotReload: New module detected: UE4Editor-Project-609.dll
[2017.05.22-00.06.04:380][595]LogHotReload: Starting Hot-Reload from IDE
[2017.05.22-00.06.04:422][595]LogContentBrowser: Native class hierarchy updated for 'Project' in 0.0029 seconds. Added 3 classes and 2 folders.
[2017.05.22-00.06.04:424][595]Warning: HotReload successful (0 functions remapped  0 scriptstructs remapped)
[2017.05.22-00.06.04:438][595]LogContentBrowser: Native class hierarchy populated in 0.0139 seconds. Added 1871 classes and 337 folders.
[2017.05.22-00.07.17:847][344]LogVSAccessor:Warning: Couldn't goto line number '0' in 'C:/Users/Jacob/Documents/GitHub/Project/Project/Source/Project/Asteroid1.h'
[2017.05.22-00.07.19:028][344]LogVSAccessor:Warning: Couldn't goto line number '0' in 'C:/Users/Jacob/Documents/GitHub/Project/Project/Source/Project/Asteroid1.cpp'
[2017.05.22-00.13.08:585][369]LogBlueprintUserMessages: Early EndPlayMap Detection: Level '/Game/2DSideScrollerCPP/Maps/2DSideScrollerExampleMap.2DSideScrollerExampleMap:PersistentLevel' has LevelScriptBlueprint '/Game/2DSideScrollerCPP/Maps/2DSideScrollerExampleMap.2DSideScrollerExampleMap:PersistentLevel.2DSideScrollerExampleMap' with GeneratedClass '/Game/2DSideScrollerCPP/Maps/2DSideScrollerExampleMap.2DSideScrollerExampleMap_C' with ClassGeneratedBy '/Game/2DSideScrollerCPP/Maps/2DSideScrollerExampleMap.2DSideScrollerExampleMap:PersistentLevel.2DSideScrollerExampleMap'
[2017.05.22-00.13.08:653][369]LogBlueprintUserMessages: Late EndPlayMap Detection: Level '/Game/2DSideScrollerCPP/Maps/2DSideScrollerExampleMap.2DSideScrollerExampleMap:PersistentLevel' has LevelScriptBlueprint '/Game/2DSideScrollerCPP/Maps/2DSideScrollerExampleMap.2DSideScrollerExampleMap:PersistentLevel.2DSideScrollerExampleMap' with GeneratedClass '/Game/2DSideScrollerCPP/Maps/2DSideScrollerExampleMap.2DSideScrollerExampleMap_C' with ClassGeneratedBy '/Game/2DSideScrollerCPP/Maps/2DSideScrollerExampleMap.2DSideScrollerExampleMap:PersistentLevel.2DSideScrollerExampleMap'
[2017.05.22-00.13.08:747][370]LogParticles: Destroying 0 GPU particle simulations for FXSystem 0x000001DB8D22E8E0
[2017.05.22-00.13.09:773][421]LogBlueprintUserMessages: Early PlayInEditor Detection: Level '/Game/2DSideScrollerCPP/Maps/2DSideScrollerExampleMap.2DSideScrollerExampleMap:PersistentLevel' has LevelScriptBlueprint '/Game/2DSideScrollerCPP/Maps/2DSideScrollerExampleMap.2DSideScrollerExampleMap:PersistentLevel.2DSideScrollerExampleMap' with GeneratedClass '/Game/2DSideScrollerCPP/Maps/2DSideScrollerExampleMap.2DSideScrollerExampleMap_C' with ClassGeneratedBy '/Game/2DSideScrollerCPP/Maps/2DSideScrollerExampleMap.2DSideScrollerExampleMap:PersistentLevel.2DSideScrollerExampleMap'
[2017.05.22-00.13.09:773][421]LogPlayLevel: PlayLevel: No blueprints needed recompiling
[2017.05.22-00.13.09:774][421]PIE: New page: PIE session: 2DSideScrollerExampleMap (May 21, 2017, 12:13:09 PM)
[2017.05.22-00.13.09:774][421]LogPlayLevel: Creating play world package: /Game/2DSideScrollerCPP/Maps/UEDPIE_0_2DSideScrollerExampleMap
[2017.05.22-00.13.09:803][421]LogPlayLevel: PIE: StaticDuplicateObject took: (0.028995s)
[2017.05.22-00.13.09:805][421]LogAIModule: Creating AISystem for world 2DSideScrollerExampleMap
[2017.05.22-00.13.09:805][421]LogPlayLevel: PIE: World Init took: (0.002131s)
[2017.05.22-00.13.09:805][421]LogPlayLevel: PIE: Created PIE world by copying editor world from /Game/2DSideScrollerCPP/Maps/2DSideScrollerExampleMap.2DSideScrollerExampleMap to /Game/2DSideScrollerCPP/Maps/UEDPIE_0_2DSideScrollerExampleMap.2DSideScrollerExampleMap (0.031441s)
[2017.05.22-00.13.09:851][421]LogInit: XAudio2 using 'Speakers / Headphones (Realtek High Definition Audio)' : 2 channels at 48 kHz using 32 bits per sample (channel mask 0x3)
[2017.05.22-00.13.09:876][421]LogInit: FAudioDevice initialized.
[2017.05.22-00.13.09:928][421]LogWorld: Game class is 'ProjectGameMode'
[2017.05.22-00.13.09:936][421]LogWorld: Bringing World /Game/2DSideScrollerCPP/Maps/UEDPIE_0_2DSideScrollerExampleMap.2DSideScrollerExampleMap up for play (max tick rate 0) at 2017.05.21-18.13.09
[2017.05.22-00.13.09:936][421]LogActor:Warning: GameSession /Game/2DSideScrollerCPP/Maps/UEDPIE_0_2DSideScrollerExampleMap.2DSideScrollerExampleMap:PersistentLevel.GameSession_2 has natively added scene component(s), but none of them were set as the actor's RootComponent - picking one arbitrarily
[2017.05.22-00.13.09:937][421]LogActor:Warning: GameNetworkManager /Game/2DSideScrollerCPP/Maps/UEDPIE_0_2DSideScrollerExampleMap.2DSideScrollerExampleMap:PersistentLevel.GameNetworkManager_2 has natively added scene component(s), but none of them were set as the actor's RootComponent - picking one arbitrarily
[2017.05.22-00.13.09:937][421]LogWorld: Bringing up level for play took: 0.008309
[2017.05.22-00.13.09:942][421]PIE: Info Play in editor start time for /Game/2DSideScrollerCPP/Maps/UEDPIE_0_2DSideScrollerExampleMap -0.752
[2017.05.22-00.13.09:943][421]LogBlueprintUserMessages: Late PlayInEditor Detection: Level '/Game/2DSideScrollerCPP/Maps/2DSideScrollerExampleMap.2DSideScrollerExampleMap:PersistentLevel' has LevelScriptBlueprint '/Game/2DSideScrollerCPP/Maps/2DSideScrollerExampleMap.2DSideScrollerExampleMap:PersistentLevel.2DSideScrollerExampleMap' with GeneratedClass '/Game/2DSideScrollerCPP/Maps/2DSideScrollerExampleMap.2DSideScrollerExampleMap_C' with ClassGeneratedBy '/Game/2DSideScrollerCPP/Maps/2DSideScrollerExampleMap.2DSideScrollerExampleMap:PersistentLevel.2DSideScrollerExampleMap'
[2017.05.22-00.13.19:004][798]LogBlueprintUserMessages: Early EndPlayMap Detection: Level '/Game/2DSideScrollerCPP/Maps/2DSideScrollerExampleMap.2DSideScrollerExampleMap:PersistentLevel' has LevelScriptBlueprint '/Game/2DSideScrollerCPP/Maps/2DSideScrollerExampleMap.2DSideScrollerExampleMap:PersistentLevel.2DSideScrollerExampleMap' with GeneratedClass '/Game/2DSideScrollerCPP/Maps/2DSideScrollerExampleMap.2DSideScrollerExampleMap_C' with ClassGeneratedBy '/Game/2DSideScrollerCPP/Maps/2DSideScrollerExampleMap.2DSideScrollerExampleMap:PersistentLevel.2DSideScrollerExampleMap'
[2017.05.22-00.13.19:053][798]LogBlueprintUserMessages: Late EndPlayMap Detection: Level '/Game/2DSideScrollerCPP/Maps/2DSideScrollerExampleMap.2DSideScrollerExampleMap:PersistentLevel' has LevelScriptBlueprint '/Game/2DSideScrollerCPP/Maps/2DSideScrollerExampleMap.2DSideScrollerExampleMap:PersistentLevel.2DSideScrollerExampleMap' with GeneratedClass '/Game/2DSideScrollerCPP/Maps/2DSideScrollerExampleMap.2DSideScrollerExampleMap_C' with ClassGeneratedBy '/Game/2DSideScrollerCPP/Maps/2DSideScrollerExampleMap.2DSideScrollerExampleMap:PersistentLevel.2DSideScrollerExampleMap'
[2017.05.22-00.13.19:117][799]LogParticles: Destroying 0 GPU particle simulations for FXSystem 0x000001DB8D22CC20
[2017.05.22-00.28.34:004][800]LogVSAccessor:Warning: Couldn't get Visual Studio COM object
[2017.05.22-00.28.34:004][800]LogVSAccessor:Warning: Couldn't access Visual Studio
[2017.05.22-00.28.34:019][800]Recompiling Project...
[2017.05.22-00.28.34:019][800]Launching UnrealBuildTool... [C:/Program Files/Epic Games/UE_4.9/Engine/Binaries/DotNET/UnrealBuildTool.exe Project -ModuleWithSuffix Project 7830 Win64 Development -editorrecompile -canskiplink "C:/Users/Jacob/Documents/GitHub/Project/Project/Project.uproject" -rocket  -rocket]
[2017.05.22-00.28.34:028][800]Warning: Starting HotReload took  1.0s.
[2017.05.22-00.28.53:832][678]LogSavePackage: Save=331.695984ms
[2017.05.22-00.28.53:832][678]LogSavePackage: Moving '../../../../../../Users/Jacob/Documents/GitHub/Project/Project/Saved/2DSideScrollerExampleMap566D6D67476DC0BCF4E20D9181FCB2D7.tmp' to '../../../../../../Users/Jacob/Documents/GitHub/Project/Project/Content/2DSideScrollerCPP/Maps/2DSideScrollerExampleMap.umap'
[2017.05.22-00.28.53:847][678]LogSavePackage: Total save time: 363.328725ms
[2017.05.22-00.28.53:847][678]LogSavePackage:Warning: Finished SavePackage ../../../../../../Users/Jacob/Documents/GitHub/Project/Project/Content/2DSideScrollerCPP/Maps/2DSideScrollerExampleMap.umap
[2017.05.22-00.28.57:328][866]LogBlueprintUserMessages: Early PlayInEditor Detection: Level '/Game/2DSideScrollerCPP/Maps/2DSideScrollerExampleMap.2DSideScrollerExampleMap:PersistentLevel' has LevelScriptBlueprint '/Game/2DSideScrollerCPP/Maps/2DSideScrollerExampleMap.2DSideScrollerExampleMap:PersistentLevel.2DSideScrollerExampleMap' with GeneratedClass '/Game/2DSideScrollerCPP/Maps/2DSideScrollerExampleMap.2DSideScrollerExampleMap_C' with ClassGeneratedBy '/Game/2DSideScrollerCPP/Maps/2DSideScrollerExampleMap.2DSideScrollerExampleMap:PersistentLevel.2DSideScrollerExampleMap'
[2017.05.22-00.28.57:328][866]LogPlayLevel: PlayLevel: No blueprints needed recompiling
[2017.05.22-00.28.57:328][866]PIE: New page: PIE session: 2DSideScrollerExampleMap (May 21, 2017, 12:28:57 PM)
[2017.05.22-00.28.57:328][866]LogPlayLevel: Creating play world package: /Game/2DSideScrollerCPP/Maps/UEDPIE_0_2DSideScrollerExampleMap
[2017.05.22-00.28.57:336][866]LogPlayLevel: PIE: StaticDuplicateObject took: (0.007500s)
[2017.05.22-00.28.57:338][866]LogAIModule: Creating AISystem for world 2DSideScrollerExampleMap
[2017.05.22-00.28.57:339][866]LogPlayLevel: PIE: World Init took: (0.002640s)
[2017.05.22-00.28.57:339][866]LogPlayLevel: PIE: Created PIE world by copying editor world from /Game/2DSideScrollerCPP/Maps/2DSideScrollerExampleMap.2DSideScrollerExampleMap to /Game/2DSideScrollerCPP/Maps/UEDPIE_0_2DSideScrollerExampleMap.2DSideScrollerExampleMap (0.010476s)
[2017.05.22-00.28.57:372][866]LogInit: XAudio2 using 'Speakers / Headphones (Realtek High Definition Audio)' : 2 channels at 48 kHz using 32 bits per sample (channel mask 0x3)
[2017.05.22-00.28.57:389][866]LogInit: FAudioDevice initialized.
[2017.05.22-00.28.57:430][866]LogWorld: Game class is 'ProjectGameMode'
[2017.05.22-00.28.57:437][866]LogWorld: Bringing World /Game/2DSideScrollerCPP/Maps/UEDPIE_0_2DSideScrollerExampleMap.2DSideScrollerExampleMap up for play (max tick rate 60) at 2017.05.21-18.28.57
[2017.05.22-00.28.57:437][866]LogActor:Warning: GameSession /Game/2DSideScrollerCPP/Maps/UEDPIE_0_2DSideScrollerExampleMap.2DSideScrollerExampleMap:PersistentLevel.GameSession_3 has natively added scene component(s), but none of them were set as the actor's RootComponent - picking one arbitrarily
[2017.05.22-00.28.57:437][866]LogActor:Warning: GameNetworkManager /Game/2DSideScrollerCPP/Maps/UEDPIE_0_2DSideScrollerExampleMap.2DSideScrollerExampleMap:PersistentLevel.GameNetworkManager_3 has natively added scene component(s), but none of them were set as the actor's RootComponent - picking one arbitrarily
[2017.05.22-00.28.57:437][866]LogWorld: Bringing up level for play took: 0.006795
[2017.05.22-00.28.57:440][866]PIE: Info Play in editor start time for /Game/2DSideScrollerCPP/Maps/UEDPIE_0_2DSideScrollerExampleMap 0.745
[2017.05.22-00.28.57:440][866]LogBlueprintUserMessages: Late PlayInEditor Detection: Level '/Game/2DSideScrollerCPP/Maps/2DSideScrollerExampleMap.2DSideScrollerExampleMap:PersistentLevel' has LevelScriptBlueprint '/Game/2DSideScrollerCPP/Maps/2DSideScrollerExampleMap.2DSideScrollerExampleMap:PersistentLevel.2DSideScrollerExampleMap' with GeneratedClass '/Game/2DSideScrollerCPP/Maps/2DSideScrollerExampleMap.2DSideScrollerExampleMap_C' with ClassGeneratedBy '/Game/2DSideScrollerCPP/Maps/2DSideScrollerExampleMap.2DSideScrollerExampleMap:PersistentLevel.2DSideScrollerExampleMap'
[2017.05.22-00.29.47:680][939]CompilerResultsLog: New page: Compilation - May 21, 2017, 12:29:47 PM
[2017.05.22-00.29.47:680][939]CompilerResultsLog: Info Compiling game modules for hot reload
[2017.05.22-00.29.47:680][939]CompilerResultsLog: Info Parsing headers for ProjectEditor
[2017.05.22-00.29.47:680][939]CompilerResultsLog: Info   Running UnrealHeaderTool "C:/Users/Jacob/Documents/GitHub/Project/Project/Project.uproject" "C:\Users\Jacob\Documents\GitHub\Project\Project\Intermediate\Build\Win64\ProjectEditor\Development\UnrealHeaderTool.manifest" -LogCmds="loginit warning, logexit warning, logdatabase error" -rocket -installed
[2017.05.22-00.29.47:681][939]CompilerResultsLog: Info Reflection code generated for ProjectEditor in 62.5934452 seconds
[2017.05.22-00.29.47:681][939]CompilerResultsLog: Info Performing 3 actions (2 in parallel)
[2017.05.22-00.29.47:681][939]CompilerResultsLog: Info Project.generated.cpp
[2017.05.22-00.29.47:681][939]CompilerResultsLog: Info Asteroid1.cpp
[2017.05.22-00.29.47:681][939]CompilerResultsLog: Info [3/3] Link UE4Editor-Project-7830.dll
[2017.05.22-00.29.47:681][939]CompilerResultsLog: Info    Creating library C:\Users\Jacob\Documents\GitHub\Project\Project\Intermediate/Build/Win64\UE4Editor\Development\UE4Editor-Project-7830.lib and object C:\Users\Jacob\Documents\GitHub\Project\Project\Intermediate/Build/Win64\UE4Editor\Development\UE4Editor-Project-7830.exp
[2017.05.22-00.29.47:681][939]CompilerResultsLog: Info -------- End Detailed Actions Stats -----------------------------------------------------------
[2017.05.22-00.29.47:681][939]CompilerResultsLog: Info Total build time: 73.24 seconds
[2017.05.22-00.29.47:681][939]LogMainFrame: MainFrame: Module compiling took 73.677 seconds
[2017.05.22-00.29.47:883][939]LogClass: Could not find existing class Asteroid1 in package /Script/Project for HotReload, assuming new class
[2017.05.22-00.29.47:894][939]LogHotReload: Re-instancing Asteroid1 after hot-reload.
[2017.05.22-00.29.48:189][939]LogContentBrowser: Native class hierarchy updated for 'Project' in 0.0068 seconds. Added 3 classes and 2 folders.
[2017.05.22-00.29.48:197][939]Warning: HotReload successful (0 functions remapped  0 scriptstructs remapped)
[2017.05.22-00.29.48:269][939]LogContentBrowser: Native class hierarchy populated in 0.0137 seconds. Added 1871 classes and 337 folders.
[2017.05.22-00.29.54:945][237]LogSavePackage: Save=88.340988ms
[2017.05.22-00.29.54:945][237]LogSavePackage: Moving '../../../../../../Users/Jacob/Documents/GitHub/Project/Project/Saved/2DSideScrollerExampleMapDC2C47114096917DE3DDEEA0ED9ED7B8.tmp' to '../../../../../../Users/Jacob/Documents/GitHub/Project/Project/Content/2DSideScrollerCPP/Maps/2DSideScrollerExampleMap.umap'
[2017.05.22-00.29.54:948][237]LogSavePackage: Total save time: 93.364645ms
[2017.05.22-00.29.54:948][237]LogSavePackage:Warning: Finished SavePackage ../../../../../../Users/Jacob/Documents/GitHub/Project/Project/Content/2DSideScrollerCPP/Maps/2DSideScrollerExampleMap.umap
[2017.05.22-00.29.56:343][298]LogBlueprintUserMessages: Early EndPlayMap Detection: Level '/Game/2DSideScrollerCPP/Maps/2DSideScrollerExampleMap.2DSideScrollerExampleMap:PersistentLevel' has LevelScriptBlueprint '/Game/2DSideScrollerCPP/Maps/2DSideScrollerExampleMap.2DSideScrollerExampleMap:PersistentLevel.2DSideScrollerExampleMap' with GeneratedClass '/Game/2DSideScrollerCPP/Maps/2DSideScrollerExampleMap.2DSideScrollerExampleMap_C' with ClassGeneratedBy '/Game/2DSideScrollerCPP/Maps/2DSideScrollerExampleMap.2DSideScrollerExampleMap:PersistentLevel.2DSideScrollerExampleMap'
[2017.05.22-00.29.56:384][298]LogBlueprintUserMessages: Late EndPlayMap Detection: Level '/Game/2DSideScrollerCPP/Maps/2DSideScrollerExampleMap.2DSideScrollerExampleMap:PersistentLevel' has LevelScriptBlueprint '/Game/2DSideScrollerCPP/Maps/2DSideScrollerExampleMap.2DSideScrollerExampleMap:PersistentLevel.2DSideScrollerExampleMap' with GeneratedClass '/Game/2DSideScrollerCPP/Maps/2DSideScrollerExampleMap.2DSideScrollerExampleMap_C' with ClassGeneratedBy '/Game/2DSideScrollerCPP/Maps/2DSideScrollerExampleMap.2DSideScrollerExampleMap:PersistentLevel.2DSideScrollerExampleMap'
[2017.05.22-00.29.56:440][298]LogParticles: Destroying 0 GPU particle simulations for FXSystem 0x000001DB95358180
[2017.05.22-00.29.58:349][406]LogBlueprintUserMessages: Early PlayInEditor Detection: Level '/Game/2DSideScrollerCPP/Maps/2DSideScrollerExampleMap.2DSideScrollerExampleMap:PersistentLevel' has LevelScriptBlueprint '/Game/2DSideScrollerCPP/Maps/2DSideScrollerExampleMap.2DSideScrollerExampleMap:PersistentLevel.2DSideScrollerExampleMap' with GeneratedClass '/Game/2DSideScrollerCPP/Maps/2DSideScrollerExampleMap.2DSideScrollerExampleMap_C' with ClassGeneratedBy '/Game/2DSideScrollerCPP/Maps/2DSideScrollerExampleMap.2DSideScrollerExampleMap:PersistentLevel.2DSideScrollerExampleMap'
[2017.05.22-00.29.58:350][406]LogPlayLevel: PlayLevel: No blueprints needed recompiling
[2017.05.22-00.29.58:350][406]PIE: New page: PIE session: 2DSideScrollerExampleMap (May 21, 2017, 12:29:58 PM)
[2017.05.22-00.29.58:350][406]LogPlayLevel: Creating play world package: /Game/2DSideScrollerCPP/Maps/UEDPIE_0_2DSideScrollerExampleMap
[2017.05.22-00.29.58:362][406]LogPlayLevel: PIE: StaticDuplicateObject took: (0.011483s)
[2017.05.22-00.29.58:364][406]LogAIModule: Creating AISystem for world 2DSideScrollerExampleMap
[2017.05.22-00.29.58:367][406]LogPlayLevel: PIE: World Init took: (0.005040s)
[2017.05.22-00.29.58:368][406]LogPlayLevel: PIE: Created PIE world by copying editor world from /Game/2DSideScrollerCPP/Maps/2DSideScrollerExampleMap.2DSideScrollerExampleMap to /Game/2DSideScrollerCPP/Maps/UEDPIE_0_2DSideScrollerExampleMap.2DSideScrollerExampleMap (0.017187s)
[2017.05.22-00.29.58:395][406]LogInit: XAudio2 using 'Speakers / Headphones (Realtek High Definition Audio)' : 2 channels at 48 kHz using 32 bits per sample (channel mask 0x3)
[2017.05.22-00.29.58:408][406]LogInit: FAudioDevice initialized.
[2017.05.22-00.29.58:445][406]LogWorld: Game class is 'ProjectGameMode'
[2017.05.22-00.29.58:451][406]LogWorld: Bringing World /Game/2DSideScrollerCPP/Maps/UEDPIE_0_2DSideScrollerExampleMap.2DSideScrollerExampleMap up for play (max tick rate 60) at 2017.05.21-18.29.58
[2017.05.22-00.29.58:452][406]LogActor:Warning: GameSession /Game/2DSideScrollerCPP/Maps/UEDPIE_0_2DSideScrollerExampleMap.2DSideScrollerExampleMap:PersistentLevel.GameSession_4 has natively added scene component(s), but none of them were set as the actor's RootComponent - picking one arbitrarily
[2017.05.22-00.29.58:452][406]LogActor:Warning: GameNetworkManager /Game/2DSideScrollerCPP/Maps/UEDPIE_0_2DSideScrollerExampleMap.2DSideScrollerExampleMap:PersistentLevel.GameNetworkManager_4 has natively added scene component(s), but none of them were set as the actor's RootComponent - picking one arbitrarily
[2017.05.22-00.29.58:452][406]LogWorld: Bringing up level for play took: 0.006523
[2017.05.22-00.29.58:454][406]PIE: Info Play in editor start time for /Game/2DSideScrollerCPP/Maps/UEDPIE_0_2DSideScrollerExampleMap -0.24
[2017.05.22-00.29.58:454][406]LogBlueprintUserMessages: Late PlayInEditor Detection: Level '/Game/2DSideScrollerCPP/Maps/2DSideScrollerExampleMap.2DSideScrollerExampleMap:PersistentLevel' has LevelScriptBlueprint '/Game/2DSideScrollerCPP/Maps/2DSideScrollerExampleMap.2DSideScrollerExampleMap:PersistentLevel.2DSideScrollerExampleMap' with GeneratedClass '/Game/2DSideScrollerCPP/Maps/2DSideScrollerExampleMap.2DSideScrollerExampleMap_C' with ClassGeneratedBy '/Game/2DSideScrollerCPP/Maps/2DSideScrollerExampleMap.2DSideScrollerExampleMap:PersistentLevel.2DSideScrollerExampleMap'
[2017.05.22-00.29.59:006][428]LogBlueprintUserMessages: Early EndPlayMap Detection: Level '/Game/2DSideScrollerCPP/Maps/2DSideScrollerExampleMap.2DSideScrollerExampleMap:PersistentLevel' has LevelScriptBlueprint '/Game/2DSideScrollerCPP/Maps/2DSideScrollerExampleMap.2DSideScrollerExampleMap:PersistentLevel.2DSideScrollerExampleMap' with GeneratedClass '/Game/2DSideScrollerCPP/Maps/2DSideScrollerExampleMap.2DSideScrollerExampleMap_C' with ClassGeneratedBy '/Game/2DSideScrollerCPP/Maps/2DSideScrollerExampleMap.2DSideScrollerExampleMap:PersistentLevel.2DSideScrollerExampleMap'
[2017.05.22-00.29.59:045][428]LogBlueprintUserMessages: Late EndPlayMap Detection: Level '/Game/2DSideScrollerCPP/Maps/2DSideScrollerExampleMap.2DSideScrollerExampleMap:PersistentLevel' has LevelScriptBlueprint '/Game/2DSideScrollerCPP/Maps/2DSideScrollerExampleMap.2DSideScrollerExampleMap:PersistentLevel.2DSideScrollerExampleMap' with GeneratedClass '/Game/2DSideScrollerCPP/Maps/2DSideScrollerExampleMap.2DSideScrollerExampleMap_C' with ClassGeneratedBy '/Game/2DSideScrollerCPP/Maps/2DSideScrollerExampleMap.2DSideScrollerExampleMap:PersistentLevel.2DSideScrollerExampleMap'
[2017.05.22-00.29.59:103][428]LogParticles: Destroying 0 GPU particle simulations for FXSystem 0x000001DB8D22F600
[2017.05.22-00.30.01:458][549]LogWindowsTextInputMethodSystem:Display: IME system now deactivated.
[2017.05.22-00.30.01:459][549]LogWindowsTextInputMethodSystem:Display: IME system now deactivated.
[2017.05.22-00.30.01:990][550]Cmd: QUIT_EDITOR
[2017.05.22-00.30.03:033][550]LogExit: Preparing to exit.
[2017.05.22-00.30.03:955][550]LogExit: Editor shut down
[2017.05.22-00.30.03:962][550]LogExit: Transaction tracking system shut down
[2017.05.22-00.30.03:985][550]LogParticles: Destroying 0 GPU particle simulations for FXSystem 0x000001DB9C692A20
[2017.05.22-00.30.03:986][550]LogParticles: Destroying 0 GPU particle simulations for FXSystem 0x000001DB8D3002C0
[2017.05.22-00.30.04:387][550]LogParticles: Destroying 0 GPU particle simulations for FXSystem 0x000001DB9A37DF80
[2017.05.22-00.30.04:387][550]LogExit: Object subsystem successfully closed.
[2017.05.22-00.30.04:422][550]LogD3D11RHI: Shutdown
[2017.05.22-00.30.04:422][550]LogD3D11RHI: CleanupD3DDevice
[2017.05.22-00.30.04:547][550]LogD3D11RHI: ~FD3D11DynamicRHI
[2017.05.22-00.30.04:573][550]LogModuleManager: Shutting down and abandoning module CrashTracker (198)
[2017.05.22-00.30.04:573][550]LogModuleManager: Shutting down and abandoning module SceneOutliner (197)
[2017.05.22-00.30.04:573][550]LogModuleManager: Shutting down and abandoning module SuperSearch (196)
[2017.05.22-00.30.04:573][550]LogModuleManager: Shutting down and abandoning module WidgetCarousel (195)
[2017.05.22-00.30.04:573][550]LogModuleManager: Shutting down and abandoning module AddContentDialog (194)
[2017.05.22-00.30.04:586][550]LogModuleManager: Shutting down and abandoning module EditorWidgets (193)
[2017.05.22-00.30.04:586][550]LogModuleManager: Shutting down and abandoning module CollectionManager (192)
[2017.05.22-00.30.04:588][550]LogModuleManager: Shutting down and abandoning module StatsViewer (191)
[2017.05.22-00.30.04:588][550]LogModuleManager: Shutting down and abandoning module FoliageEdit (190)
[2017.05.22-00.30.04:588][550]LogModuleManager: Shutting down and abandoning module LandscapeEditor (189)
[2017.05.22-00.30.04:588][550]LogModuleManager: Shutting down and abandoning module ActorPickerMode (188)
[2017.05.22-00.30.04:588][550]LogModuleManager: Shutting down and abandoning module GeometryMode (187)
[2017.05.22-00.30.04:588][550]LogModuleManager: Shutting down and abandoning module TextureAlignMode (186)
[2017.05.22-00.30.04:588][550]LogModuleManager: Shutting down and abandoning module BspMode (185)
[2017.05.22-00.30.04:588][550]LogModuleManager: Shutting down and abandoning module PlacementMode (184)
[2017.05.22-00.30.04:588][550]LogModuleManager: Shutting down and abandoning module AutomationWorker (183)
[2017.05.22-00.30.04:588][550]LogModuleManager: Shutting down and abandoning module CharacterAI (182)
[2017.05.22-00.30.04:588][550]LogModuleManager: Shutting down and abandoning module SmartSnapping (181)
[2017.05.22-00.30.04:588][550]LogModuleManager: Shutting down and abandoning module ViewportSnapping (180)
[2017.05.22-00.30.04:588][550]LogModuleManager: Shutting down and abandoning module LogVisualizer (179)
[2017.05.22-00.30.04:589][550]LogModuleManager: Shutting down and abandoning module GameProjectGeneration (178)
[2017.05.22-00.30.04:589][550]LogModuleManager: Shutting down and abandoning module IntroTutorials (177)
[2017.05.22-00.30.04:589][550]LogModuleManager: Shutting down and abandoning module EditorLiveStreaming (176)
[2017.05.22-00.30.04:589][550]LogModuleManager: Shutting down and abandoning module IOSPlatformEditor (175)
[2017.05.22-00.30.04:589][550]LogModuleManager: Shutting down and abandoning module HTML5PlatformEditor (174)
[2017.05.22-00.30.04:589][550]LogModuleManager: Shutting down and abandoning module AndroidDeviceDetection (173)
[2017.05.22-00.30.04:758][550]LogModuleManager: Shutting down and abandoning module AndroidPlatformEditor (172)
[2017.05.22-00.30.04:758][550]LogModuleManager: Shutting down and abandoning module IOSRuntimeSettings (171)
[2017.05.22-00.30.04:758][550]LogModuleManager: Shutting down and abandoning module AndroidRuntimeSettings (170)
[2017.05.22-00.30.04:758][550]LogModuleManager: Shutting down and abandoning module MergeActors (169)
[2017.05.22-00.30.04:758][550]LogModuleManager: Shutting down and abandoning module SizeMap (168)
[2017.05.22-00.30.04:759][550]LogModuleManager: Shutting down and abandoning module TreeMap (167)
[2017.05.22-00.30.04:759][550]LogModuleManager: Shutting down and abandoning module ReferenceViewer (166)
[2017.05.22-00.30.04:759][550]LogModuleManager: Shutting down and abandoning module LocalizationService (165)
[2017.05.22-00.30.04:759][550]LogModuleManager: Shutting down and abandoning module LocalizationDashboard (164)
[2017.05.22-00.30.04:759][550]LogModuleManager: Shutting down and abandoning module HardwareTargeting (163)
[2017.05.22-00.30.04:759][550]LogModuleManager: Shutting down and abandoning module DeviceProfileEditor (162)
[2017.05.22-00.30.04:759][550]LogModuleManager: Shutting down and abandoning module UndoHistory (161)
[2017.05.22-00.30.04:759][550]LogModuleManager: Shutting down and abandoning module GameplayTagsEditor (160)
[2017.05.22-00.30.04:761][550]LogModuleManager: Shutting down and abandoning module UserFeedback (159)
[2017.05.22-00.30.04:761][550]LogModuleManager: Shutting down and abandoning module XmlParser (158)
[2017.05.22-00.30.04:762][550]LogModuleManager: Shutting down and abandoning module Blutility (157)
[2017.05.22-00.30.04:762][550]LogModuleManager: Shutting down and abandoning module ProjectTargetPlatformEditor (156)
[2017.05.22-00.30.04:762][550]LogModuleManager: Shutting down and abandoning module ProjectSettingsViewer (155)
[2017.05.22-00.30.04:765][550]LogModuleManager: Shutting down and abandoning module InputBindingEditor (154)
[2017.05.22-00.30.04:766][550]LogModuleManager: Shutting down and abandoning module EditorSettingsViewer (153)
[2017.05.22-00.30.04:766][550]LogModuleManager: Shutting down and abandoning module SettingsEditor (152)
[2017.05.22-00.30.04:766][550]LogModuleManager: Shutting down and abandoning module ProjectLauncher (151)
[2017.05.22-00.30.04:766][550]LogModuleManager: Shutting down and abandoning module SessionFrontend (150)
[2017.05.22-00.30.04:767][550]LogModuleManager: Shutting down and abandoning module ProfilerClient (149)
[2017.05.22-00.30.04:767][550]LogModuleManager: Shutting down and abandoning module TargetDeviceServices (148)
[2017.05.22-00.30.04:767][550]LogModuleManager: Shutting down and abandoning module DeviceManager (147)
[2017.05.22-00.30.04:769][550]LogModuleManager: Shutting down and abandoning module AutomationController (146)
[2017.05.22-00.30.04:769][550]LogModuleManager: Shutting down and abandoning module AutomationWindow (145)
[2017.05.22-00.30.04:770][550]LogModuleManager: Shutting down and abandoning module Layers (144)
[2017.05.22-00.30.04:770][550]LogModuleManager: Shutting down and abandoning module ComponentVisualizers (143)
[2017.05.22-00.30.04:770][550]LogModuleManager: Shutting down and abandoning module DetailCustomizations (142)
[2017.05.22-00.30.04:770][550]LogModuleManager: Shutting down and abandoning module PackagesDialog (141)
[2017.05.22-00.30.04:771][550]LogModuleManager: Shutting down and abandoning module Persona (140)
[2017.05.22-00.30.04:771][550]LogModuleManager: Shutting down and abandoning module Kismet (139)
[2017.05.22-00.30.04:771][550]LogModuleManager: Shutting down and abandoning module GraphEditor (138)
[2017.05.22-00.30.04:772][550]LogModuleManager: Shutting down and abandoning module ClassViewer (137)
[2017.05.22-00.30.04:783][550]LogModuleManager: Shutting down and abandoning module Toolbox (136)
[2017.05.22-00.30.04:783][550]LogModuleManager: Shutting down and abandoning module ModuleUI (135)
[2017.05.22-00.30.04:783][550]LogModuleManager: Shutting down and abandoning module MovieSceneTools (134)
[2017.05.22-00.30.04:783][550]LogModuleManager: Shutting down and abandoning module OutputLog (133)
[2017.05.22-00.30.04:783][550]LogModuleManager: Shutting down and abandoning module GammaUI (132)
[2017.05.22-00.30.04:783][550]LogModuleManager: Shutting down and abandoning module Documentation (131)
[2017.05.22-00.30.04:783][550]LogModuleManager: Shutting down and abandoning module GameLiveStreaming (130)
[2017.05.22-00.30.04:783][550]LogModuleManager: Shutting down and abandoning module StreamingPauseRendering (129)
[2017.05.22-00.30.04:784][550]LogModuleManager: Shutting down and abandoning module AnalyticsET (128)
[2017.05.22-00.30.04:784][550]LogModuleManager: Shutting down and abandoning module Analytics (127)
[2017.05.22-00.30.04:784][550]LogModuleManager: Shutting down and abandoning module AITestSuite (126)
[2017.05.22-00.30.04:784][550]LogModuleManager: Shutting down and abandoning module GameplayDebugger (125)
[2017.05.22-00.30.04:784][550]LogModuleManager: Shutting down and abandoning module AIModule (124)
[2017.05.22-00.30.04:785][550]LogModuleManager: Shutting down and abandoning module ProfilerService (123)
[2017.05.22-00.30.04:941][550]LogModuleManager: Shutting down and abandoning module TaskGraph (122)
[2017.05.22-00.30.04:942][550]LogModuleManager: Shutting down and abandoning module SlateRemote (121)
[2017.05.22-00.30.04:942][550]LogModuleManager: Shutting down and abandoning module SteamVRController (120)
[2017.05.22-00.30.04:942][550]LogModuleManager: Shutting down and abandoning module SteamVR (119)
[2017.05.22-00.30.04:942][550]LogModuleManager: Shutting down and abandoning module ProceduralMeshComponent (118)
[2017.05.22-00.30.04:942][550]LogModuleManager: Shutting down and abandoning module OculusRift (117)
[2017.05.22-00.30.04:945][550]LogModuleManager: Shutting down and abandoning module OculusLibrary (116)
[2017.05.22-00.30.04:945][550]LogModuleManager: Shutting down and abandoning module LeapMotionController (115)
[2017.05.22-00.30.05:024][550]LogModuleManager: Shutting down and abandoning module CustomMeshComponent (114)
[2017.05.22-00.30.05:024][550]LogModuleManager: Shutting down and abandoning module CableComponent (113)
[2017.05.22-00.30.05:024][550]LogModuleManager: Shutting down and abandoning module ArchVisCharacter (112)
[2017.05.22-00.30.05:025][550]LogModuleManager: Shutting down and abandoning module MessagingDebugger (111)
[2017.05.22-00.30.05:025][550]LogModuleManager: Shutting down and abandoning module MediaPlayerEditor (110)
[2017.05.22-00.30.05:025][550]LogModuleManager: Shutting down and abandoning module HTML5Networking (109)
[2017.05.22-00.30.05:025][550]LogModuleManager: Shutting down and abandoning module SpeedTreeImporter (108)
[2017.05.22-00.30.05:025][550]LogModuleManager: Shutting down and abandoning module PluginBrowser (107)
[2017.05.22-00.30.05:025][550]LogModuleManager: Shutting down and abandoning module EpicSurvey (106)
[2017.05.22-00.30.05:025][550]LogModuleManager: Shutting down and abandoning module DesktopPlatform (105)
[2017.05.22-00.30.05:025][550]LogModuleManager: Shutting down and abandoning module VisualStudioSourceCodeAccess (104)
[2017.05.22-00.30.05:025][550]LogModuleManager: Shutting down and abandoning module UObjectPlugin (103)
[2017.05.22-00.30.05:025][550]LogModuleManager: Shutting down and abandoning module SubversionSourceControl (102)
[2017.05.22-00.30.05:025][550]LogModuleManager: Shutting down and abandoning module PerforceSourceControl (101)
[2017.05.22-00.30.05:025][550]LogModuleManager: Shutting down and abandoning module SourceControl (100)
[2017.05.22-00.30.05:025][550]LogModuleManager: Shutting down and abandoning module GitSourceControl (99)
[2017.05.22-00.30.05:026][550]LogModuleManager: Shutting down and abandoning module LightPropagationVolumeEditor (98)
[2017.05.22-00.30.05:026][550]LogModuleManager: Shutting down and abandoning module PaperTiledImporter (97)
[2017.05.22-00.30.05:026][550]LogModuleManager: Shutting down and abandoning module PaperSpriteSheetImporter (96)
[2017.05.22-00.30.05:026][550]LogModuleManager: Shutting down and abandoning module MeshPaint (95)
[2017.05.22-00.30.05:026][550]LogModuleManager: Shutting down and abandoning module SlateReflector (94)
[2017.05.22-00.30.05:026][550]LogModuleManager: Shutting down and abandoning module HotReload (93)
[2017.05.22-00.30.05:026][550]LogModuleManager: Shutting down and abandoning module MainFrame (92)
[2017.05.22-00.30.05:026][550]LogModuleManager: Shutting down and abandoning module LevelEditor (91)
[2017.05.22-00.30.05:031][550]LogModuleManager: Shutting down and abandoning module DirectoryWatcher (90)
[2017.05.22-00.30.05:051][550]LogModuleManager: Shutting down and abandoning module AssetRegistry (89)
[2017.05.22-00.30.05:382][550]LogModuleManager: Shutting down and abandoning module ContentBrowser (88)
[2017.05.22-00.30.05:387][550]LogModuleManager: Shutting down and abandoning module Paper2DEditor (87)
[2017.05.22-00.30.05:387][550]LogModuleManager: Shutting down and abandoning module Project (86)
[2017.05.22-00.30.05:387][550]LogModuleManager: Shutting down and abandoning module UdpMessaging (85)
[2017.05.22-00.30.05:488][550]LogModuleManager: Shutting down and abandoning module LightPropagationVolumeRuntime (84)
[2017.05.22-00.30.05:488][550]LogModuleManager: Shutting down and abandoning module Paper2D (83)
[2017.05.22-00.30.05:488][550]LogModuleManager: Shutting down and abandoning module WindowsMoviePlayer (82)
[2017.05.22-00.30.05:498][550]LogModuleManager: Shutting down and abandoning module Media (81)
[2017.05.22-00.30.05:498][550]LogModuleManager: Shutting down and abandoning module WmfMedia (80)
[2017.05.22-00.30.05:499][550]LogModuleManager: Shutting down and abandoning module OnlineBlueprintSupport (79)
[2017.05.22-00.30.05:499][550]LogModuleManager: Shutting down and abandoning module GameplayTasksEditor (78)
[2017.05.22-00.30.05:499][550]LogModuleManager: Shutting down and abandoning module PropertyEditor (77)
[2017.05.22-00.30.05:499][550]LogModuleManager: Shutting down and abandoning module BehaviorTreeEditor (76)
[2017.05.22-00.30.05:499][550]LogModuleManager: Shutting down and abandoning module FunctionalTesting (75)
[2017.05.22-00.30.05:499][550]LogModuleManager: Shutting down and abandoning module CollisionAnalyzer (74)
[2017.05.22-00.30.05:499][550]LogModuleManager: Shutting down and abandoning module WorkspaceMenuStructure (73)
[2017.05.22-00.30.05:500][550]LogModuleManager: Shutting down and abandoning module MessageLog (72)
[2017.05.22-00.30.05:500][550]LogModuleManager: Shutting down and abandoning module Sequencer (71)
[2017.05.22-00.30.05:500][550]LogModuleManager: Shutting down and abandoning module AssetTools (70)
[2017.05.22-00.30.05:500][550]LogModuleManager: Shutting down and abandoning module UMGEditor (69)
[2017.05.22-00.30.05:500][550]LogModuleManager: Shutting down and abandoning module UMG (68)
[2017.05.22-00.30.05:500][550]LogModuleManager: Shutting down and abandoning module Slate (67)
[2017.05.22-00.30.05:500][550]LogModuleManager: Shutting down and abandoning module EditorStyle (66)
[2017.05.22-00.30.05:524][550]LogModuleManager: Shutting down and abandoning module SessionServices (65)
[2017.05.22-00.30.05:525][550]LogModuleManager: Shutting down and abandoning module SourceCodeAccess (64)
[2017.05.22-00.30.05:525][550]LogModuleManager: Shutting down and abandoning module HeadMountedDisplay (63)
[2017.05.22-00.30.05:525][550]LogModuleManager: Shutting down and abandoning module XAudio2 (62)
[2017.05.22-00.30.05:525][550]LogModuleManager: Shutting down and abandoning module Networking (60)
[2017.05.22-00.30.05:525][550]LogModuleManager: Shutting down and abandoning module Core (59)
[2017.05.22-00.30.05:526][550]LogModuleManager: Shutting down and abandoning module KismetCompiler (58)
[2017.05.22-00.30.05:526][550]LogModuleManager: Shutting down and abandoning module PhysXFormats (57)
[2017.05.22-00.30.05:526][550]LogModuleManager: Shutting down and abandoning module MeshUtilities (56)
[2017.05.22-00.30.05:526][550]LogModuleManager: Shutting down and abandoning module CookingStats (55)
[2017.05.22-00.30.05:529][550]LogModuleManager: Shutting down and abandoning module DerivedDataCache (54)
[2017.05.22-00.30.05:556][550]LogDerivedDataCache: Shutdown
[2017.05.22-00.30.05:556][550]LogModuleManager: Shutting down and abandoning module ShaderFormatOpenGL (53)
[2017.05.22-00.30.05:557][550]LogModuleManager: Shutting down and abandoning module ShaderFormatD3D (52)
[2017.05.22-00.30.05:557][550]LogModuleManager: Shutting down and abandoning module MetalShaderFormat (51)
[2017.05.22-00.30.05:557][550]LogModuleManager: Shutting down and abandoning module TextureFormatUncompressed (50)
[2017.05.22-00.30.05:557][550]LogModuleManager: Shutting down and abandoning module TextureFormatPVR (49)
[2017.05.22-00.30.05:557][550]LogModuleManager: Shutting down and abandoning module TextureFormatIntelISPCTexComp (48)
[2017.05.22-00.30.05:557][550]LogModuleManager: Shutting down and abandoning module TextureFormatDXT (47)
[2017.05.22-00.30.05:558][550]LogModuleManager: Shutting down and abandoning module ImageWrapper (46)
[2017.05.22-00.30.05:558][550]LogModuleManager: Shutting down and abandoning module TextureFormatASTC (45)
[2017.05.22-00.30.05:558][550]LogModuleManager: Shutting down and abandoning module TextureFormatAndroid (44)
[2017.05.22-00.30.05:558][550]LogModuleManager: Shutting down and abandoning module AudioFormatOpus (43)
[2017.05.22-00.30.05:558][550]LogModuleManager: Shutting down and abandoning module AudioFormatOgg (42)
[2017.05.22-00.30.05:558][550]LogModuleManager: Shutting down and abandoning module AudioFormatADPCM (41)
[2017.05.22-00.30.05:558][550]LogModuleManager: Shutting down and abandoning module LinuxTargetPlatform (40)
[2017.05.22-00.30.05:558][550]LogModuleManager: Shutting down and abandoning module LinuxServerTargetPlatform (39)
[2017.05.22-00.30.05:558][550]LogModuleManager: Shutting down and abandoning module LinuxNoEditorTargetPlatform (38)
[2017.05.22-00.30.05:558][550]LogModuleManager: Shutting down and abandoning module Messaging (37)
[2017.05.22-00.30.05:558][550]LogModuleManager: Shutting down and abandoning module IOSTargetPlatform (36)
[2017.05.22-00.30.05:558][550]LogModuleManager: Shutting down and abandoning module HTML5TargetPlatform (35)
[2017.05.22-00.30.05:559][550]LogModuleManager: Shutting down and abandoning module Android_PVRTCTargetPlatform (34)
[2017.05.22-00.30.05:559][550]LogModuleManager: Shutting down and abandoning module Android_ETC2TargetPlatform (33)
[2017.05.22-00.30.05:559][550]LogModuleManager: Shutting down and abandoning module Android_ETC1TargetPlatform (32)
[2017.05.22-00.30.05:559][550]LogModuleManager: Shutting down and abandoning module Android_DXTTargetPlatform (31)
[2017.05.22-00.30.05:559][550]LogModuleManager: Shutting down and abandoning module Android_ATCTargetPlatform (30)
[2017.05.22-00.30.05:559][550]LogModuleManager: Shutting down and abandoning module Android_ASTCTargetPlatform (29)
[2017.05.22-00.30.05:559][550]LogModuleManager: Shutting down and abandoning module AndroidTargetPlatform (28)
[2017.05.22-00.30.05:559][550]LogModuleManager: Shutting down and abandoning module WindowsTargetPlatform (27)
[2017.05.22-00.30.05:560][550]LogModuleManager: Shutting down and abandoning module WindowsServerTargetPlatform (26)
[2017.05.22-00.30.05:561][550]LogModuleManager: Shutting down and abandoning module WindowsNoEditorTargetPlatform (25)
[2017.05.22-00.30.05:561][550]LogModuleManager: Shutting down and abandoning module WindowsClientTargetPlatform (24)
[2017.05.22-00.30.05:561][550]LogModuleManager: Shutting down and abandoning module AllDesktopTargetPlatform (23)
[2017.05.22-00.30.05:561][550]LogModuleManager: Shutting down and abandoning module TargetPlatform (22)
[2017.05.22-00.30.05:562][550]LogModuleManager: Shutting down and abandoning module InputCore (21)
[2017.05.22-00.30.05:562][550]LogModuleManager: Shutting down and abandoning module Settings (20)
[2017.05.22-00.30.05:562][550]LogModuleManager: Shutting down and abandoning module OnlineSubsystem (18)
[2017.05.22-00.30.05:562][550]LogModuleManager: Shutting down and abandoning module HTTP (17)
[2017.05.22-00.30.06:594][550]LogModuleManager: Shutting down and abandoning module XMPP (16)
[2017.05.22-00.30.06:594][550]LogModuleManager: Shutting down and abandoning module ExampleDeviceProfileSelector (15)
[2017.05.22-00.30.06:594][550]LogModuleManager: Shutting down and abandoning module TextureCompressor (14)
[2017.05.22-00.30.06:595][550]LogModuleManager: Shutting down and abandoning module ShaderCore (13)
[2017.05.22-00.30.06:595][550]LogModuleManager: Shutting down and abandoning module Landscape (12)
[2017.05.22-00.30.06:595][550]LogModuleManager: Shutting down and abandoning module SlateRHIRenderer (11)
[2017.05.22-00.30.06:605][550]LogModuleManager: Shutting down and abandoning module OpenGLDrv (10)
[2017.05.22-00.30.06:605][550]LogModuleManager: Shutting down and abandoning module D3D11RHI (9)
[2017.05.22-00.30.06:605][550]LogModuleManager: Shutting down and abandoning module AnimGraphRuntime (8)
[2017.05.22-00.30.06:605][550]LogModuleManager: Shutting down and abandoning module Renderer (7)
[2017.05.22-00.30.06:605][550]LogModuleManager: Shutting down and abandoning module Engine (6)
[2017.05.22-00.30.06:605][550]LogModuleManager: Shutting down and abandoning module CoreUObject (5)
[2017.05.22-00.30.06:605][550]LogModuleManager: Shutting down and abandoning module NetworkFile (4)
[2017.05.22-00.30.06:605][550]LogModuleManager: Shutting down and abandoning module StreamingFile (3)
[2017.05.22-00.30.06:605][550]LogModuleManager: Shutting down and abandoning module SandboxFile (2)
[2017.05.22-00.30.06:605][550]LogModuleManager: Shutting down and abandoning module PakFile (1)
[2017.05.22-00.30.06:607][550]LogExit: Exiting.
[2017.05.22-00.30.06:659][550]Log file closed, 05/21/17 18:30:06
