[2017.05.23-15.14.06:237][  0]Log file open, 05/23/17 09:14:06
[2017.05.23-15.14.06:237][  0]LogInit:Display: Running engine for game: Project
[2017.05.23-15.14.06:237][  0]LogInit:Display: RandInit(1856573755) SRandInit(1856573756).
[2017.05.23-15.14.06:237][  0]LogTaskGraph: Started task graph with 4 named threads and 5 total threads.
[2017.05.23-15.14.06:237][  0]LogStats: Stats thread started at 0.084406
[2017.05.23-15.14.06:237][  0]LogInit: Version: 4.9.2-2707645+++depot+UE4-Releases+4.9
[2017.05.23-15.14.06:237][  0]LogInit: API Version: 2672455
[2017.05.23-15.14.06:237][  0]LogInit: Compiled (64-bit): Sep 28 2015 10:25:44
[2017.05.23-15.14.06:237][  0]LogInit: Compiled with Visual C++: 18.00.21005.01
[2017.05.23-15.14.06:237][  0]LogInit: Build Configuration: Development
[2017.05.23-15.14.06:237][  0]LogInit: Branch Name: ++depot+UE4-Releases+4.9
[2017.05.23-15.14.06:237][  0]LogInit: Command line: -EpicPortal 
[2017.05.23-15.14.06:237][  0]LogInit: Base directory: C:/Program Files/Epic Games/UE_4.9/Engine/Binaries/Win64/
[2017.05.23-15.14.06:237][  0]LogInit: Rocket: 1
[2017.05.23-15.14.06:254][  0]LogInit: Using libcurl 7.41.0
[2017.05.23-15.14.06:254][  0]LogInit:  - built for x86_64-pc-win32
[2017.05.23-15.14.06:254][  0]LogInit:  - supports SSL with WinSSL
[2017.05.23-15.14.06:254][  0]LogInit:  - other features:
[2017.05.23-15.14.06:254][  0]LogInit:      CURL_VERSION_SSL
[2017.05.23-15.14.06:254][  0]LogInit:      CURL_VERSION_IPV6
[2017.05.23-15.14.06:254][  0]LogInit:      CURL_VERSION_ASYNCHDNS
[2017.05.23-15.14.06:254][  0]LogInit:      CURL_VERSION_LARGEFILE
[2017.05.23-15.14.06:254][  0]LogInit:      CURL_VERSION_IDN
[2017.05.23-15.14.06:254][  0]LogInit:  CurlRequestOptions (configurable via config and command line):
[2017.05.23-15.14.06:254][  0]LogInit:  - bVerifyPeer = true  - Libcurl will verify peer certificate
[2017.05.23-15.14.06:254][  0]LogInit:  - bUseHttpProxy = false  - Libcurl will NOT use HTTP proxy
[2017.05.23-15.14.06:254][  0]LogInit:  - bDontReuseConnections = false  - Libcurl will reuse connections
[2017.05.23-15.14.06:254][  0]LogInit:  - CertBundlePath = nullptr  - Libcurl will use whatever was configured at build time.
[2017.05.23-15.14.06:264][  0]LogInit: Presizing for 0 objects not considered by GC, pre-allocating 0 bytes.
[2017.05.23-15.14.06:279][  0]LogInit: Object subsystem initialized
[2017.05.23-15.14.06:282][  0]LogInit: Selected Device Profile: [Windows]
[2017.05.23-15.14.06:282][  0]LogInit: Applying CVar settings loaded from the selected device profile: [Windows]
[2017.05.23-15.14.06:298][  0]LogInit: Computer: DEBBIELAPTOP
[2017.05.23-15.14.06:298][  0]LogInit: User: Jacob
[2017.05.23-15.14.06:298][  0]LogInit: CPU Page size=4096, Cores=2
[2017.05.23-15.14.06:298][  0]LogInit: High frequency timer resolution =2.338337 MHz
[2017.05.23-15.14.06:298][  0]LogMemory: Memory total: Physical=5.9GB (6GB approx)
[2017.05.23-15.14.06:298][  0]LogMemory: Platform Memory Stats for Windows
[2017.05.23-15.14.06:298][  0]LogMemory: Process Physical Memory: 54.63 MB used, 54.63 MB peak
[2017.05.23-15.14.06:298][  0]LogMemory: Process Virtual Memory: 55.56 MB used, 55.56 MB peak
[2017.05.23-15.14.06:298][  0]LogMemory: Physical Memory: 4481.49 MB used, 6048.76 MB total
[2017.05.23-15.14.06:298][  0]LogMemory: Virtual Memory: 369.14 MB used, 134217728.00 MB total
[2017.05.23-15.14.06:340][  0]LogTextLocalizationManager: No specific translations for ('en-US') exist, so ('en') translations will be used.
[2017.05.23-15.14.07:394][  0]LogD3D11RHI: Found D3D11 adapter 0: Intel(R) HD Graphics Family (Feature Level 11_0)
[2017.05.23-15.14.07:394][  0]LogD3D11RHI: Adapter has 112MB of dedicated video memory, 0MB of dedicated system memory, and 2048MB of shared system memory, 1 output[s]
[2017.05.23-15.14.07:396][  0]LogD3D11RHI: Found D3D11 adapter 1: Microsoft Basic Render Driver (Feature Level 11_0)
[2017.05.23-15.14.07:396][  0]LogD3D11RHI: Adapter has 0MB of dedicated video memory, 0MB of dedicated system memory, and 3024MB of shared system memory, 0 output[s]
[2017.05.23-15.14.07:396][  0]LogD3D11RHI: Chosen D3D11 Adapter Id = 0
[2017.05.23-15.14.07:403][  0]LogD3D11RHI: !Direct3DDevice
[2017.05.23-15.14.07:403][  0]LogRHI: Texture pool is 795 MB (70% of 1136 MB)
[2017.05.23-15.14.07:409][  0]LogD3D11RHI: Async texture creation enabled
[2017.05.23-15.14.07:414][  0]LogShaderCompilers: Guid format shader working directory is 14 characters bigger than the processId version (../../../../../../Users/Jacob/Documents/GitHub/Project2/Project/Intermediate/Shaders/WorkingDirectory/11204/).
[2017.05.23-15.14.07:414][  0]LogShaderCompilers: Cleaned the shader compiler working directory '../../../../../../Users/Jacob/Documents/GitHub/Project2/Project/Intermediate/Shaders/tmp/BE50DB2C4ED23E6E4EBC95A1DEF148E0/'.
[2017.05.23-15.14.07:414][  0]LogShaderCompilers:Display: Using Local Shader Compiler.
[2017.05.23-15.14.08:864][  0]LogTemp:Display: Loaded TP AllDesktopTargetPlatform
[2017.05.23-15.14.08:872][  0]LogTemp:Display: Loaded TP WindowsClientTargetPlatform
[2017.05.23-15.14.08:880][  0]LogTemp:Display: Loaded TP WindowsNoEditorTargetPlatform
[2017.05.23-15.14.08:888][  0]LogTemp:Display: Loaded TP WindowsServerTargetPlatform
[2017.05.23-15.14.08:894][  0]LogTemp:Display: Loaded TP WindowsTargetPlatform
[2017.05.23-15.14.08:899][  0]LogTemp:Display: Loaded TP AndroidTargetPlatform
[2017.05.23-15.14.08:903][  0]LogTemp:Display: Loaded TP Android_ASTCTargetPlatform
[2017.05.23-15.14.08:908][  0]LogTemp:Display: Loaded TP Android_ATCTargetPlatform
[2017.05.23-15.14.08:913][  0]LogTemp:Display: Loaded TP Android_DXTTargetPlatform
[2017.05.23-15.14.08:917][  0]LogTemp:Display: Loaded TP Android_ETC1TargetPlatform
[2017.05.23-15.14.08:922][  0]LogTemp:Display: Loaded TP Android_ETC2TargetPlatform
[2017.05.23-15.14.08:927][  0]LogTemp:Display: Loaded TP Android_PVRTCTargetPlatform
[2017.05.23-15.14.08:928][  0]LogTemp:Display: Loaded TP HTML5TargetPlatform
[2017.05.23-15.14.08:947][  0]LogTemp:Display: Loaded TP IOSTargetPlatform
[2017.05.23-15.14.08:951][  0]LogTemp:Display: Loaded TP LinuxNoEditorTargetPlatform
[2017.05.23-15.14.08:956][  0]LogTemp:Display: Loaded TP LinuxServerTargetPlatform
[2017.05.23-15.14.08:961][  0]LogTemp:Display: Loaded TP LinuxTargetPlatform
[2017.05.23-15.14.08:961][  0]LogTargetPlatformManager:Display: Building Assets For Windows
[2017.05.23-15.14.09:069][  0]LogDerivedDataCache:Display: Max Cache Size: 512 MB
[2017.05.23-15.14.09:136][  0]LogDerivedDataCache: Loaded boot cache 0.07s 42MB C:/Users/Jacob/AppData/Local/UnrealEngine/4.9/DerivedDataCache/Boot.ddc.
[2017.05.23-15.14.09:136][  0]LogDerivedDataCache:Display: Loaded Boot cache: C:/Users/Jacob/AppData/Local/UnrealEngine/4.9/DerivedDataCache/Boot.ddc
[2017.05.23-15.14.09:136][  0]LogDerivedDataCache: FDerivedDataBackendGraph:  Pak pak cache file ../../../../../../Users/Jacob/Documents/GitHub/Project2/Project/DerivedDataCache/DDC.ddp not found, will not use a pak cache.
[2017.05.23-15.14.09:136][  0]LogDerivedDataCache: Unable to find inner node Pak for hierarchical cache Hierarchy.
[2017.05.23-15.14.09:136][  0]LogDerivedDataCache: FDerivedDataBackendGraph:  CompressedPak pak cache file ../../../../../../Users/Jacob/Documents/GitHub/Project2/Project/DerivedDataCache/Compressed.ddp not found, will not use a pak cache.
[2017.05.23-15.14.09:136][  0]LogDerivedDataCache: Unable to find inner node CompressedPak for hierarchical cache Hierarchy.
[2017.05.23-15.14.09:317][  0]LogDerivedDataCache:Display: Pak cache opened for reading ../../../Engine/DerivedDataCache/Compressed.ddp.
[2017.05.23-15.14.09:330][  0]LogDerivedDataCache: Using Local data cache path C:/Users/Jacob/AppData/Local/UnrealEngine/Common/DerivedDataCache: Writable
[2017.05.23-15.14.09:549][  0]LogInit: Selected Device Profile: [Windows]
[2017.05.23-15.14.09:553][  0]LogContentStreaming: Texture pool size is 0.000000MB
[2017.05.23-15.14.09:708][  0]LogMeshUtilities: No automatic mesh reduction module available
[2017.05.23-15.14.09:708][  0]LogMeshUtilities: No automatic mesh merging module available
[2017.05.23-15.14.10:024][  0]LogInit: WinSock: version 1.1 (2.2), MaxSocks=32767, MaxUdp=65467
[2017.05.23-15.14.10:865][  0]UdpMessaging: Initializing bridge on interface 0.0.0.0:0 to multicast group 230.0.0.1:6666.
[2017.05.23-15.14.11:043][  0]LogAssetRegistry: FAssetRegistry took 0.0112 seconds to start up
[2017.05.23-15.14.11:299][  0]SourceControl: Info Source control is disabled
[2017.05.23-15.14.11:301][  0]SourceControl: Info Source control is disabled
[2017.05.23-15.14.11:320][  0]SourceControl: Info Source control is disabled
[2017.05.23-15.14.11:337][  0]SourceControl: Info Source control is disabled
[2017.05.23-15.14.11:523][  0]LogLinker:Warning: Asset '../../../Engine/Plugins/Runtime/LeapMotionController/Content/LM_PassthroughMaterial.uasset' has been saved with empty engine version. The asset will be loaded but may be incompatible.
[2017.05.23-15.14.11:623][  0]LogObj: 28453 objects as part of root set at end of initial load.
[2017.05.23-15.14.11:623][  0]LogUObjectAllocator: 6087376 out of 0 bytes used by permanent object pool.
[2017.05.23-15.14.11:694][  0]LogEngine: Initializing Engine...
[2017.05.23-15.14.11:698][  0]LogHMD: Can't find Oculus library dev build: is proper Runtime installed? Version: 0.7.0.0
[2017.05.23-15.14.11:699][  0]LogHMD: SteamVR failed to initialize.  Err: 110
[2017.05.23-15.14.11:872][  0]LogAIModule: Creating AISystem for world NewWorld
[2017.05.23-15.14.11:876][  0]LogInit: XAudio2 using 'Speakers / Headphones (Realtek High Definition Audio)' : 2 channels at 48 kHz using 32 bits per sample (channel mask 0x3)
[2017.05.23-15.14.12:076][  0]LogInit: FAudioDevice initialized.
[2017.05.23-15.14.12:141][  0]LogDerivedDataCache: Saved boot cache 0.06s 42MB C:/Users/Jacob/AppData/Local/UnrealEngine/4.9/DerivedDataCache/Boot.ddc.
[2017.05.23-15.14.12:155][  0]LogInit: Texture streaming: Enabled
[2017.05.23-15.14.12:173][  0]LogAnalytics: Creating configured Analytics provider AnalyticsET
[2017.05.23-15.14.12:173][  0]LogAnalytics: [UEEditor.Rocket.Release] APIServer = http://et2.epicgames.com/ET2/. AppVersion = 4.9.2-2707645+++depot+UE4-Releases+4.9
[2017.05.23-15.14.12:174][  0]LogAnalytics: [UEEditor.Rocket.Release] SetUserId 0c7004ae4fbf476c46248ea3aa897ba2|5c8a094fc4fb4ccf912a58e8b050ae6e|dd076934-77e4-46bc-8f3f-9384319b48ea
[2017.05.23-15.14.12:174][  0]LogAnalytics: [UEEditor.Rocket.Release] AnalyticsET::StartSession
[2017.05.23-15.14.12:209][  0]LogWindowsTextInputMethodSystem:Display: IME system now deactivated.
[2017.05.23-15.14.12:209][  0]LogWindowsTextInputMethodSystem:Display: IME system now deactivated.
[2017.05.23-15.14.12:263][  0]LogInit: Transaction tracking system initialized
[2017.05.23-15.14.12:328][  0]BlueprintLog: New page: Editor Load
[2017.05.23-15.14.12:502][  0]LocalizationService: Info Localization service is disabled
[2017.05.23-15.14.12:644][  0]LogConsoleResponse:Display: 
[2017.05.23-15.14.12:882][  0]LogCook:Display: Done creating registry. It took  0.00s.
[2017.05.23-15.14.12:992][  0]LogFileCache: Scanning file cache for directory 'C:/Users/Jacob/Documents/GitHub/Project2/Project/Content/' took 0.02s
[2017.05.23-15.14.12:992][  0]SourceControl: Info Source control is disabled
[2017.05.23-15.14.12:992][  0]Cmd: MAP LOAD FILE="../../../../../../Users/Jacob/Documents/GitHub/Project2/Project/Content/2DSideScrollerCPP/Maps/2DSideScrollerExampleMap.umap" TEMPLATE=0 SHOWPROGRESS=1 FEATURELEVEL=3
[2017.05.23-15.14.12:995][  0]LightingResults: New page: Lighting Build
[2017.05.23-15.14.13:005][  0]MapCheck: New page: Map Check
[2017.05.23-15.14.13:005][  0]LightingResults: New page: Lighting Build
[2017.05.23-15.14.13:032][  0]LogParticles: Destroying 0 GPU particle simulations for FXSystem 0x000001D68AA836A0
[2017.05.23-15.14.13:786][  0]LogAIModule: Creating AISystem for world 2DSideScrollerExampleMap
[2017.05.23-15.14.13:790][  0]LogEditorServer: Finished looking for orphan Actors (0.000 secs)
[2017.05.23-15.14.13:790][  0]Cmd: MAP CHECKDEP NOCLEARLOG
[2017.05.23-15.14.13:900][  0]MapCheck: Info Map check complete: 0 Error(s), 0 Warning(s), took 109.944ms to complete.
[2017.05.23-15.14.13:900][  0]LogFileHelpers: Loading map '2DSideScrollerExampleMap' took 0.908
[2017.05.23-15.14.14:103][  0]LogCollectionManager: Loaded 0 collections in 0.002489 seconds
[2017.05.23-15.14.14:153][  0]LogFileCache: Scanning file cache for directory 'C:/Users/Jacob/Documents/GitHub/Project2/Project/Saved/Collections/' took 0.01s
[2017.05.23-15.14.14:153][  0]LogFileCache: Scanning file cache for directory 'C:/Users/Jacob/Documents/GitHub/Project2/Project/Content/Developers/Jacob/Collections/' took 0.01s
[2017.05.23-15.14.14:153][  0]LogFileCache: Scanning file cache for directory 'C:/Users/Jacob/Documents/GitHub/Project2/Project/Content/Collections/' took 0.01s
[2017.05.23-15.14.14:153][  0]LogContentBrowser: Native class hierarchy populated in 0.0148 seconds. Added 1872 classes and 335 folders.
[2017.05.23-15.14.14:167][  0]LogCollectionManager: Rebuilt the GUID cache for 0 collections in 0.000006 seconds
[2017.05.23-15.14.14:183][  0]LogContentBrowser: Native class hierarchy updated for 'WidgetCarousel' in 0.0018 seconds. Added 0 classes and 0 folders.
[2017.05.23-15.14.15:175][  0]LogContentBrowser: Native class hierarchy updated for 'AddContentDialog' in 0.0024 seconds. Added 0 classes and 0 folders.
[2017.05.23-15.14.15:187][  0]LogContentBrowser: Native class hierarchy updated for 'SceneOutliner' in 0.0028 seconds. Added 1 classes and 2 folders.
[2017.05.23-15.14.15:239][  0]LogCrashTracker: Crashtracker disabled due to settings.
[2017.05.23-15.14.15:247][  0]LogUObjectGlobals:Warning: Failed to find object 'Class None.'
[2017.05.23-15.14.15:269][  0]LogLoad: Full Startup: 10.26 seconds (BP compile: 0.01 seconds)
[2017.05.23-15.14.15:395][  0]LogContentStreaming: Texture pool size now 1000 MB
[2017.05.23-15.14.15:581][  0]LogRenderer: Reallocating scene render targets to support 964x436 (Frame:2).
[2017.05.23-15.14.16:220][  3]LogAssetRegistry: Asset discovery search completed in 5.1880 seconds
[2017.05.23-15.14.16:220][  3]LogCollectionManager: Rebuilt the object cache for 0 collections in 0.000001 seconds (found 0 objects)
[2017.05.23-15.14.16:220][  3]LogCollectionManager: Fixed up redirectors for 0 collections in 0.000044 seconds (updated 0 objects)
[2017.05.23-15.17.28:977][591]LogVSAccessor:Warning: Couldn't access Visual Studio
[2017.05.23-15.17.28:993][591]Recompiling Project...
[2017.05.23-15.17.28:994][591]Launching UnrealBuildTool... [C:/Program Files/Epic Games/UE_4.9/Engine/Binaries/DotNET/UnrealBuildTool.exe Project -ModuleWithSuffix Project 592 Win64 Development -editorrecompile -canskiplink "C:/Users/Jacob/Documents/GitHub/Project2/Project/Project.uproject" -rocket  -rocket]
[2017.05.23-15.17.28:998][591]Warning: Starting HotReload took  0.1s.
[2017.05.23-15.18.41:490][609]CompilerResultsLog: New page: Compilation - May 23, 2017, 3:18:41 AM
[2017.05.23-15.18.41:495][609]CompilerResultsLog: Info Creating makefile for hot reloading Project (.uproject file is newer)
[2017.05.23-15.18.41:496][609]CompilerResultsLog: Info Compiling game modules for hot reload
[2017.05.23-15.18.41:496][609]CompilerResultsLog: Info Performing 9 actions (2 in parallel)
[2017.05.23-15.18.41:496][609]CompilerResultsLog: Info PCH.Project.h.cpp
[2017.05.23-15.18.41:496][609]CompilerResultsLog: Info CharacterTest.cpp
[2017.05.23-15.18.41:496][609]CompilerResultsLog: Info Asteroid1.cpp
[2017.05.23-15.18.41:496][609]CompilerResultsLog: Info Comet.cpp
[2017.05.23-15.18.41:496][609]CompilerResultsLog: Info Project.cpp
[2017.05.23-15.18.41:496][609]CompilerResultsLog: Info ProjectCharacter.cpp
[2017.05.23-15.18.41:496][609]CompilerResultsLog: Info ProjectGameMode.cpp
[2017.05.23-15.18.41:496][609]CompilerResultsLog: Info Project.generated.cpp
[2017.05.23-15.18.41:496][609]CompilerResultsLog: Info [9/9] Link UE4Editor-Project-592.dll
[2017.05.23-15.18.41:496][609]CompilerResultsLog: Info    Creating library C:\Users\Jacob\Documents\GitHub\Project2\Project\Intermediate/Build/Win64\UE4Editor\Development\UE4Editor-Project-592.lib and object C:\Users\Jacob\Documents\GitHub\Project2\Project\Intermediate/Build/Win64\UE4Editor\Development\UE4Editor-Project-592.exp
[2017.05.23-15.18.41:496][609]CompilerResultsLog: Info -------- End Detailed Actions Stats -----------------------------------------------------------
[2017.05.23-15.18.41:496][609]CompilerResultsLog: Info Total build time: 71.96 seconds
[2017.05.23-15.18.41:496][609]LogMainFrame: MainFrame: Module compiling took 72.518 seconds
[2017.05.23-15.18.42:216][609]LogContentBrowser: Native class hierarchy updated for 'Project' in 0.0075 seconds. Added 5 classes and 2 folders.
[2017.05.23-15.18.42:219][609]Warning: HotReload successful (0 functions remapped  0 scriptstructs remapped)
[2017.05.23-15.18.42:409][609]LogContentBrowser: Native class hierarchy populated in 0.0165 seconds. Added 1873 classes and 337 folders.
[2017.05.23-15.28.56:076][477]LogD3D11RHI: Timed out while waiting for GPU to catch up. (500 ms)
[2017.05.23-17.18.46:264][325]LogBlueprintUserMessages: Early PlayInEditor Detection: Level '/Game/2DSideScrollerCPP/Maps/2DSideScrollerExampleMap.2DSideScrollerExampleMap:PersistentLevel' has LevelScriptBlueprint '/Game/2DSideScrollerCPP/Maps/2DSideScrollerExampleMap.2DSideScrollerExampleMap:PersistentLevel.2DSideScrollerExampleMap' with GeneratedClass '/Game/2DSideScrollerCPP/Maps/2DSideScrollerExampleMap.2DSideScrollerExampleMap_C' with ClassGeneratedBy '/Game/2DSideScrollerCPP/Maps/2DSideScrollerExampleMap.2DSideScrollerExampleMap:PersistentLevel.2DSideScrollerExampleMap'
[2017.05.23-17.18.46:266][325]LogPlayLevel: PlayLevel: No blueprints needed recompiling
[2017.05.23-17.18.46:270][325]PIE: New page: PIE session: 2DSideScrollerExampleMap (May 23, 2017, 5:18:46 AM)
[2017.05.23-17.18.46:272][325]LogPlayLevel: Creating play world package: /Game/2DSideScrollerCPP/Maps/UEDPIE_0_2DSideScrollerExampleMap
[2017.05.23-17.18.46:329][325]LogPlayLevel: PIE: StaticDuplicateObject took: (0.056328s)
[2017.05.23-17.18.46:341][325]LogAIModule: Creating AISystem for world 2DSideScrollerExampleMap
[2017.05.23-17.18.46:344][325]LogPlayLevel: PIE: World Init took: (0.014713s)
[2017.05.23-17.18.46:347][325]LogPlayLevel: PIE: Created PIE world by copying editor world from /Game/2DSideScrollerCPP/Maps/2DSideScrollerExampleMap.2DSideScrollerExampleMap to /Game/2DSideScrollerCPP/Maps/UEDPIE_0_2DSideScrollerExampleMap.2DSideScrollerExampleMap (0.075117s)
[2017.05.23-17.18.46:443][325]LogInit: XAudio2 using 'Speakers / Headphones (Realtek High Definition Audio)' : 2 channels at 48 kHz using 32 bits per sample (channel mask 0x3)
[2017.05.23-17.18.46:468][325]LogInit: FAudioDevice initialized.
[2017.05.23-17.18.46:536][325]LogWorld: Game class is 'ProjectGameMode'
[2017.05.23-17.18.46:548][325]LogWorld: Bringing World /Game/2DSideScrollerCPP/Maps/UEDPIE_0_2DSideScrollerExampleMap.2DSideScrollerExampleMap up for play (max tick rate 60) at 2017.05.23-11.18.46
[2017.05.23-17.18.46:548][325]LogActor:Warning: GameSession /Game/2DSideScrollerCPP/Maps/UEDPIE_0_2DSideScrollerExampleMap.2DSideScrollerExampleMap:PersistentLevel.GameSession_0 has natively added scene component(s), but none of them were set as the actor's RootComponent - picking one arbitrarily
[2017.05.23-17.18.46:548][325]LogActor:Warning: GameNetworkManager /Game/2DSideScrollerCPP/Maps/UEDPIE_0_2DSideScrollerExampleMap.2DSideScrollerExampleMap:PersistentLevel.GameNetworkManager_0 has natively added scene component(s), but none of them were set as the actor's RootComponent - picking one arbitrarily
[2017.05.23-17.18.46:550][325]LogWorld: Bringing up level for play took: 0.010918
[2017.05.23-17.18.46:583][325]PIE: Info Play in editor start time for /Game/2DSideScrollerCPP/Maps/UEDPIE_0_2DSideScrollerExampleMap 1.129
[2017.05.23-17.18.46:583][325]LogBlueprintUserMessages: Late PlayInEditor Detection: Level '/Game/2DSideScrollerCPP/Maps/2DSideScrollerExampleMap.2DSideScrollerExampleMap:PersistentLevel' has LevelScriptBlueprint '/Game/2DSideScrollerCPP/Maps/2DSideScrollerExampleMap.2DSideScrollerExampleMap:PersistentLevel.2DSideScrollerExampleMap' with GeneratedClass '/Game/2DSideScrollerCPP/Maps/2DSideScrollerExampleMap.2DSideScrollerExampleMap_C' with ClassGeneratedBy '/Game/2DSideScrollerCPP/Maps/2DSideScrollerExampleMap.2DSideScrollerExampleMap:PersistentLevel.2DSideScrollerExampleMap'
[2017.05.23-17.19.15:973][596]LogBlueprintUserMessages: Early EndPlayMap Detection: Level '/Game/2DSideScrollerCPP/Maps/2DSideScrollerExampleMap.2DSideScrollerExampleMap:PersistentLevel' has LevelScriptBlueprint '/Game/2DSideScrollerCPP/Maps/2DSideScrollerExampleMap.2DSideScrollerExampleMap:PersistentLevel.2DSideScrollerExampleMap' with GeneratedClass '/Game/2DSideScrollerCPP/Maps/2DSideScrollerExampleMap.2DSideScrollerExampleMap_C' with ClassGeneratedBy '/Game/2DSideScrollerCPP/Maps/2DSideScrollerExampleMap.2DSideScrollerExampleMap:PersistentLevel.2DSideScrollerExampleMap'
[2017.05.23-17.19.16:075][596]LogBlueprintUserMessages: Late EndPlayMap Detection: Level '/Game/2DSideScrollerCPP/Maps/2DSideScrollerExampleMap.2DSideScrollerExampleMap:PersistentLevel' has LevelScriptBlueprint '/Game/2DSideScrollerCPP/Maps/2DSideScrollerExampleMap.2DSideScrollerExampleMap:PersistentLevel.2DSideScrollerExampleMap' with GeneratedClass '/Game/2DSideScrollerCPP/Maps/2DSideScrollerExampleMap.2DSideScrollerExampleMap_C' with ClassGeneratedBy '/Game/2DSideScrollerCPP/Maps/2DSideScrollerExampleMap.2DSideScrollerExampleMap:PersistentLevel.2DSideScrollerExampleMap'
[2017.05.23-17.19.16:137][596]LogParticles: Destroying 0 GPU particle simulations for FXSystem 0x000001D6A33E60C0
[2017.05.23-17.23.49:230][227]LogVSAccessor:Warning: Couldn't access Visual Studio
[2017.05.23-17.23.49:236][227]Recompiling Project...
[2017.05.23-17.23.49:236][227]Launching UnrealBuildTool... [C:/Program Files/Epic Games/UE_4.9/Engine/Binaries/DotNET/UnrealBuildTool.exe Project -ModuleWithSuffix Project 4911 Win64 Development -editorrecompile -canskiplink "C:/Users/Jacob/Documents/GitHub/Project2/Project/Project.uproject" -rocket  -rocket]
[2017.05.23-17.23.49:244][227]Warning: Starting HotReload took  0.0s.
[2017.05.23-17.23.51:358][349]CompilerResultsLog: New page: Compilation - May 23, 2017, 5:23:51 AM
[2017.05.23-17.23.51:358][349]CompilerResultsLog: Info Compiling game modules for hot reload
[2017.05.23-17.23.51:358][349]CompilerResultsLog: Info Target is up to date.
[2017.05.23-17.23.51:358][349]LogMainFrame: MainFrame: Module compiling took 2.128 seconds
[2017.05.23-17.24.05:804][159]LogLinker:Warning: Asset '../../../Engine/Content/ArtTools/RenderToTexture/Macros/RenderToTextureMacros.uasset' has been saved with empty engine version. The asset will be loaded but may be incompatible.
[2017.05.23-17.24.07:061][159]LogContentBrowser: Native class hierarchy updated for 'BlueprintGraph' in 0.0025 seconds. Added 107 classes and 0 folders.
[2017.05.23-17.24.41:172][828]Running C:/Program Files/Epic Games/UE_4.9/Engine/Binaries/DotNET/UnrealBuildTool.exe  -projectfiles -project="C:/Users/Jacob/Documents/GitHub/Project2/Project/Project.uproject" -game -rocket -progress
[2017.05.23-17.24.41:577][828]Discovering modules, targets and source code for game...
[2017.05.23-17.25.05:294][828]LogVSAccessor:Warning: Couldn't access Visual Studio
[2017.05.23-17.25.05:305][828]Recompiling Project...
[2017.05.23-17.25.05:306][828]Launching UnrealBuildTool... [C:/Program Files/Epic Games/UE_4.9/Engine/Binaries/DotNET/UnrealBuildTool.exe Project -ModuleWithSuffix Project 1531 Win64 Development -editorrecompile -canskiplink "C:/Users/Jacob/Documents/GitHub/Project2/Project/Project.uproject" -rocket  -rocket]
[2017.05.23-17.26.29:474][828]CompilerResultsLog: New page: Compilation - May 23, 2017, 5:26:29 AM
[2017.05.23-17.26.29:474][828]CompilerResultsLog: Info Creating makefile for hot reloading Project (List of files containing UHT types has changed)
[2017.05.23-17.26.29:474][828]CompilerResultsLog: Info Compiling game modules for hot reload
[2017.05.23-17.26.29:474][828]CompilerResultsLog: Info Parsing headers for ProjectEditor
[2017.05.23-17.26.29:474][828]CompilerResultsLog: Info   Running UnrealHeaderTool "C:/Users/Jacob/Documents/GitHub/Project2/Project/Project.uproject" "C:\Users\Jacob\Documents\GitHub\Project2\Project\Intermediate\Build\Win64\ProjectEditor\Development\UnrealHeaderTool.manifest" -LogCmds="loginit warning, logexit warning, logdatabase error" -rocket -installed
[2017.05.23-17.26.29:474][828]CompilerResultsLog: Info Reflection code generated for ProjectEditor in 31.8634106 seconds
[2017.05.23-17.26.29:474][828]CompilerResultsLog: Info Performing 3 actions (2 in parallel)
[2017.05.23-17.26.29:474][828]CompilerResultsLog: Info Project.generated.cpp
[2017.05.23-17.26.29:474][828]CompilerResultsLog: Info BoundsBox.cpp
[2017.05.23-17.26.29:474][828]CompilerResultsLog: Info [3/3] Link UE4Editor-Project-1531.dll
[2017.05.23-17.26.29:474][828]CompilerResultsLog: Info    Creating library C:\Users\Jacob\Documents\GitHub\Project2\Project\Intermediate/Build/Win64\UE4Editor\Development\UE4Editor-Project-1531.lib and object C:\Users\Jacob\Documents\GitHub\Project2\Project\Intermediate/Build/Win64\UE4Editor\Development\UE4Editor-Project-1531.exp
[2017.05.23-17.26.29:474][828]CompilerResultsLog: Info -------- End Detailed Actions Stats -----------------------------------------------------------
[2017.05.23-17.26.29:475][828]CompilerResultsLog: Info Total build time: 84.05 seconds
[2017.05.23-17.26.29:475][828]LogMainFrame: MainFrame: Module compiling took 84.180 seconds
[2017.05.23-17.26.29:579][828]LogParticles: Destroying 0 GPU particle simulations for FXSystem 0x000001D69613CCC0
[2017.05.23-17.26.29:582][828]LogParticles: Destroying 0 GPU particle simulations for FXSystem 0x000001D69613D440
[2017.05.23-17.26.30:050][828]LogClass: Could not find existing class BoundsBox in package /Script/Project for HotReload, assuming new class
[2017.05.23-17.26.30:087][828]LogContentBrowser: Native class hierarchy updated for 'Project' in 0.0058 seconds. Added 6 classes and 2 folders.
[2017.05.23-17.26.30:094][828]Warning: HotReload successful (0 functions remapped  0 scriptstructs remapped)
[2017.05.23-17.26.31:091][828]LogContentBrowser: Native class hierarchy populated in 0.0142 seconds. Added 1874 classes and 337 folders.
[2017.05.23-17.26.31:092][828]Warning: HotReload operation took 85.8s.
[2017.05.23-17.26.32:771][828]LogHotReload: New module detected: UE4Editor-Project-1531.dll
[2017.05.23-17.26.32:871][829]LogHotReload: Starting Hot-Reload from IDE
[2017.05.23-17.26.32:983][829]LogContentBrowser: Native class hierarchy updated for 'Project' in 0.0016 seconds. Added 6 classes and 2 folders.
[2017.05.23-17.26.32:986][829]Warning: HotReload successful (0 functions remapped  0 scriptstructs remapped)
[2017.05.23-17.26.33:447][829]LogContentBrowser: Native class hierarchy populated in 0.0110 seconds. Added 1874 classes and 337 folders.
[2017.05.23-17.27.49:910][851]LogVSAccessor:Warning: Couldn't goto line number '0' in 'C:/Users/Jacob/Documents/GitHub/Project2/Project/Source/Project/BoundsBox.h'
[2017.05.23-17.27.51:079][851]LogVSAccessor:Warning: Couldn't goto line number '0' in 'C:/Users/Jacob/Documents/GitHub/Project2/Project/Source/Project/BoundsBox.cpp'
[2017.05.23-17.38.10:135][164]LogRenderer: Reallocating scene render targets to support 964x460 (Frame:1282).
[2017.05.23-20.41.18:062][754]LogD3D11RHI: Timed out while waiting for GPU to catch up. (500 ms)
[2017.05.24-02.16.33:690][802]LogD3D11RHI: Timed out while waiting for GPU to catch up. (500 ms)
[2017.05.24-02.16.33:932][802]LogHttp:Warning: Timeout processing Http request. 000001D6A9E02E00
[2017.05.24-05.50.33:527][874]LogD3D11RHI: Timed out while waiting for GPU to catch up. (500 ms)
[2017.05.24-14.46.47:752][774]LogD3D11RHI: Timed out while waiting for GPU to catch up. (500 ms)
[2017.05.24-14.46.49:173][775]LogHttp:Warning: Timeout processing Http request. 000001D6A9E02E00
[2017.05.24-14.47.44:278][741]LogSavePackage: Save=6178.021973ms
[2017.05.24-14.47.44:278][741]LogSavePackage: Moving '../../../../../../Users/Jacob/Documents/GitHub/Project2/Project/Saved/2DSideScrollerExampleMap820595C74C9971B7B46DB2A4ECF97FF8.tmp' to '../../../../../../Users/Jacob/Documents/GitHub/Project2/Project/Content/2DSideScrollerCPP/Maps/2DSideScrollerExampleMap.umap'
[2017.05.24-14.47.44:280][741]LogSavePackage: Total save time: 6607.075881ms
[2017.05.24-14.47.44:280][741]LogSavePackage:Warning: Finished SavePackage ../../../../../../Users/Jacob/Documents/GitHub/Project2/Project/Content/2DSideScrollerCPP/Maps/2DSideScrollerExampleMap.umap
[2017.05.24-14.48.13:537][936]LogWindowsTextInputMethodSystem:Display: IME system now deactivated.
[2017.05.24-14.48.13:537][936]LogWindowsTextInputMethodSystem:Display: IME system now deactivated.
[2017.05.24-14.48.16:454][937]Cmd: QUIT_EDITOR
[2017.05.24-14.48.19:013][937]LogExit: Preparing to exit.
[2017.05.24-14.48.28:325][937]LogExit: Editor shut down
[2017.05.24-14.48.28:360][937]LogExit: Transaction tracking system shut down
[2017.05.24-14.48.28:572][937]LogParticles: Destroying 0 GPU particle simulations for FXSystem 0x000001D68AB911C0
[2017.05.24-14.48.28:573][937]LogParticles: Destroying 0 GPU particle simulations for FXSystem 0x000001D6FCE69F80
[2017.05.24-14.48.28:582][937]LogParticles: Destroying 0 GPU particle simulations for FXSystem 0x000001D68481BA60
[2017.05.24-14.48.31:916][937]LogExit: Object subsystem successfully closed.
[2017.05.24-14.48.32:352][937]LogD3D11RHI: Shutdown
[2017.05.24-14.48.32:352][937]LogD3D11RHI: CleanupD3DDevice
[2017.05.24-14.48.32:633][937]LogD3D11RHI: ~FD3D11DynamicRHI
[2017.05.24-14.48.33:547][937]LogModuleManager: Shutting down and abandoning module SequencerWidgets (200)
[2017.05.24-14.48.33:547][937]LogModuleManager: Shutting down and abandoning module BlueprintGraph (199)
[2017.05.24-14.48.33:547][937]LogModuleManager: Shutting down and abandoning module CrashTracker (198)
[2017.05.24-14.48.33:559][937]LogModuleManager: Shutting down and abandoning module SceneOutliner (197)
[2017.05.24-14.48.33:559][937]LogModuleManager: Shutting down and abandoning module SuperSearch (196)
[2017.05.24-14.48.33:559][937]LogModuleManager: Shutting down and abandoning module WidgetCarousel (195)
[2017.05.24-14.48.33:559][937]LogModuleManager: Shutting down and abandoning module AddContentDialog (194)
[2017.05.24-14.48.33:815][937]LogModuleManager: Shutting down and abandoning module EditorWidgets (193)
[2017.05.24-14.48.33:815][937]LogModuleManager: Shutting down and abandoning module CollectionManager (192)
[2017.05.24-14.48.33:837][937]LogModuleManager: Shutting down and abandoning module StatsViewer (191)
[2017.05.24-14.48.33:864][937]LogModuleManager: Shutting down and abandoning module FoliageEdit (190)
[2017.05.24-14.48.33:871][937]LogModuleManager: Shutting down and abandoning module LandscapeEditor (189)
[2017.05.24-14.48.33:914][937]LogModuleManager: Shutting down and abandoning module ActorPickerMode (188)
[2017.05.24-14.48.33:914][937]LogModuleManager: Shutting down and abandoning module GeometryMode (187)
[2017.05.24-14.48.33:914][937]LogModuleManager: Shutting down and abandoning module TextureAlignMode (186)
[2017.05.24-14.48.33:914][937]LogModuleManager: Shutting down and abandoning module BspMode (185)
[2017.05.24-14.48.33:914][937]LogModuleManager: Shutting down and abandoning module PlacementMode (184)
[2017.05.24-14.48.33:914][937]LogModuleManager: Shutting down and abandoning module AutomationWorker (183)
[2017.05.24-14.48.33:918][937]LogModuleManager: Shutting down and abandoning module CharacterAI (182)
[2017.05.24-14.48.33:918][937]LogModuleManager: Shutting down and abandoning module SmartSnapping (181)
[2017.05.24-14.48.33:918][937]LogModuleManager: Shutting down and abandoning module ViewportSnapping (180)
[2017.05.24-14.48.33:918][937]LogModuleManager: Shutting down and abandoning module LogVisualizer (179)
[2017.05.24-14.48.34:016][937]LogModuleManager: Shutting down and abandoning module GameProjectGeneration (178)
[2017.05.24-14.48.34:016][937]LogModuleManager: Shutting down and abandoning module IntroTutorials (177)
[2017.05.24-14.48.34:148][937]LogModuleManager: Shutting down and abandoning module EditorLiveStreaming (176)
[2017.05.24-14.48.34:148][937]LogModuleManager: Shutting down and abandoning module IOSPlatformEditor (175)
[2017.05.24-14.48.34:195][937]LogModuleManager: Shutting down and abandoning module HTML5PlatformEditor (174)
[2017.05.24-14.48.34:195][937]LogModuleManager: Shutting down and abandoning module AndroidDeviceDetection (173)
[2017.05.24-14.48.34:403][937]LogModuleManager: Shutting down and abandoning module AndroidPlatformEditor (172)
[2017.05.24-14.48.34:404][937]LogModuleManager: Shutting down and abandoning module IOSRuntimeSettings (171)
[2017.05.24-14.48.34:404][937]LogModuleManager: Shutting down and abandoning module AndroidRuntimeSettings (170)
[2017.05.24-14.48.34:404][937]LogModuleManager: Shutting down and abandoning module MergeActors (169)
[2017.05.24-14.48.34:490][937]LogModuleManager: Shutting down and abandoning module SizeMap (168)
[2017.05.24-14.48.34:490][937]LogModuleManager: Shutting down and abandoning module TreeMap (167)
[2017.05.24-14.48.34:497][937]LogModuleManager: Shutting down and abandoning module ReferenceViewer (166)
[2017.05.24-14.48.34:497][937]LogModuleManager: Shutting down and abandoning module LocalizationService (165)
[2017.05.24-14.48.34:505][937]LogModuleManager: Shutting down and abandoning module LocalizationDashboard (164)
[2017.05.24-14.48.34:559][937]LogModuleManager: Shutting down and abandoning module HardwareTargeting (163)
[2017.05.24-14.48.34:559][937]LogModuleManager: Shutting down and abandoning module DeviceProfileEditor (162)
[2017.05.24-14.48.34:559][937]LogModuleManager: Shutting down and abandoning module UndoHistory (161)
[2017.05.24-14.48.34:571][937]LogModuleManager: Shutting down and abandoning module GameplayTagsEditor (160)
[2017.05.24-14.48.34:571][937]LogModuleManager: Shutting down and abandoning module UserFeedback (159)
[2017.05.24-14.48.34:571][937]LogModuleManager: Shutting down and abandoning module XmlParser (158)
[2017.05.24-14.48.34:583][937]LogModuleManager: Shutting down and abandoning module Blutility (157)
[2017.05.24-14.48.34:583][937]LogModuleManager: Shutting down and abandoning module ProjectTargetPlatformEditor (156)
[2017.05.24-14.48.34:601][937]LogModuleManager: Shutting down and abandoning module ProjectSettingsViewer (155)
[2017.05.24-14.48.34:601][937]LogModuleManager: Shutting down and abandoning module InputBindingEditor (154)
[2017.05.24-14.48.34:747][937]LogModuleManager: Shutting down and abandoning module EditorSettingsViewer (153)
[2017.05.24-14.48.34:747][937]LogModuleManager: Shutting down and abandoning module SettingsEditor (152)
[2017.05.24-14.48.34:809][937]LogModuleManager: Shutting down and abandoning module ProjectLauncher (151)
[2017.05.24-14.48.34:834][937]LogModuleManager: Shutting down and abandoning module SessionFrontend (150)
[2017.05.24-14.48.34:843][937]LogModuleManager: Shutting down and abandoning module ProfilerClient (149)
[2017.05.24-14.48.34:854][937]LogModuleManager: Shutting down and abandoning module TargetDeviceServices (148)
[2017.05.24-14.48.34:854][937]LogModuleManager: Shutting down and abandoning module DeviceManager (147)
[2017.05.24-14.48.34:899][937]LogModuleManager: Shutting down and abandoning module AutomationController (146)
[2017.05.24-14.48.34:965][937]LogModuleManager: Shutting down and abandoning module AutomationWindow (145)
[2017.05.24-14.48.35:022][937]LogModuleManager: Shutting down and abandoning module Layers (144)
[2017.05.24-14.48.35:038][937]LogModuleManager: Shutting down and abandoning module ComponentVisualizers (143)
[2017.05.24-14.48.35:038][937]LogModuleManager: Shutting down and abandoning module DetailCustomizations (142)
[2017.05.24-14.48.35:053][937]LogModuleManager: Shutting down and abandoning module PackagesDialog (141)
[2017.05.24-14.48.35:110][937]LogModuleManager: Shutting down and abandoning module Persona (140)
[2017.05.24-14.48.35:142][937]LogModuleManager: Shutting down and abandoning module Kismet (139)
[2017.05.24-14.48.35:149][937]LogModuleManager: Shutting down and abandoning module GraphEditor (138)
[2017.05.24-14.48.35:150][937]LogModuleManager: Shutting down and abandoning module ClassViewer (137)
[2017.05.24-14.48.35:156][937]LogModuleManager: Shutting down and abandoning module Toolbox (136)
[2017.05.24-14.48.35:156][937]LogModuleManager: Shutting down and abandoning module ModuleUI (135)
[2017.05.24-14.48.35:190][937]LogModuleManager: Shutting down and abandoning module MovieSceneTools (134)
[2017.05.24-14.48.35:223][937]LogModuleManager: Shutting down and abandoning module OutputLog (133)
[2017.05.24-14.48.35:235][937]LogModuleManager: Shutting down and abandoning module GammaUI (132)
[2017.05.24-14.48.35:246][937]LogModuleManager: Shutting down and abandoning module Documentation (131)
[2017.05.24-14.48.35:246][937]LogModuleManager: Shutting down and abandoning module GameLiveStreaming (130)
[2017.05.24-14.48.35:256][937]LogModuleManager: Shutting down and abandoning module StreamingPauseRendering (129)
[2017.05.24-14.48.35:264][937]LogModuleManager: Shutting down and abandoning module AnalyticsET (128)
[2017.05.24-14.48.35:264][937]LogModuleManager: Shutting down and abandoning module Analytics (127)
[2017.05.24-14.48.35:264][937]LogModuleManager: Shutting down and abandoning module AITestSuite (126)
[2017.05.24-14.48.35:271][937]LogModuleManager: Shutting down and abandoning module GameplayDebugger (125)
[2017.05.24-14.48.35:271][937]LogModuleManager: Shutting down and abandoning module AIModule (124)
[2017.05.24-14.48.35:271][937]LogModuleManager: Shutting down and abandoning module ProfilerService (123)
[2017.05.24-14.48.35:417][937]LogModuleManager: Shutting down and abandoning module TaskGraph (122)
[2017.05.24-14.48.35:437][937]LogModuleManager: Shutting down and abandoning module SlateRemote (121)
[2017.05.24-14.48.35:437][937]LogModuleManager: Shutting down and abandoning module SteamVRController (120)
[2017.05.24-14.48.35:438][937]LogModuleManager: Shutting down and abandoning module SteamVR (119)
[2017.05.24-14.48.35:438][937]LogModuleManager: Shutting down and abandoning module ProceduralMeshComponent (118)
[2017.05.24-14.48.35:438][937]LogModuleManager: Shutting down and abandoning module OculusRift (117)
[2017.05.24-14.48.35:438][937]LogModuleManager: Shutting down and abandoning module OculusLibrary (116)
[2017.05.24-14.48.35:438][937]LogModuleManager: Shutting down and abandoning module LeapMotionController (115)
[2017.05.24-14.48.35:580][937]LogModuleManager: Shutting down and abandoning module CustomMeshComponent (114)
[2017.05.24-14.48.35:580][937]LogModuleManager: Shutting down and abandoning module CableComponent (113)
[2017.05.24-14.48.35:581][937]LogModuleManager: Shutting down and abandoning module ArchVisCharacter (112)
[2017.05.24-14.48.35:581][937]LogModuleManager: Shutting down and abandoning module MessagingDebugger (111)
[2017.05.24-14.48.35:592][937]LogModuleManager: Shutting down and abandoning module MediaPlayerEditor (110)
[2017.05.24-14.48.35:614][937]LogModuleManager: Shutting down and abandoning module HTML5Networking (109)
[2017.05.24-14.48.35:614][937]LogModuleManager: Shutting down and abandoning module SpeedTreeImporter (108)
[2017.05.24-14.48.35:614][937]LogModuleManager: Shutting down and abandoning module PluginBrowser (107)
[2017.05.24-14.48.35:638][937]LogModuleManager: Shutting down and abandoning module EpicSurvey (106)
[2017.05.24-14.48.35:647][937]LogModuleManager: Shutting down and abandoning module DesktopPlatform (105)
[2017.05.24-14.48.35:659][937]LogModuleManager: Shutting down and abandoning module VisualStudioSourceCodeAccess (104)
[2017.05.24-14.48.35:659][937]LogModuleManager: Shutting down and abandoning module UObjectPlugin (103)
[2017.05.24-14.48.35:659][937]LogModuleManager: Shutting down and abandoning module SubversionSourceControl (102)
[2017.05.24-14.48.35:666][937]LogModuleManager: Shutting down and abandoning module PerforceSourceControl (101)
[2017.05.24-14.48.35:675][937]LogModuleManager: Shutting down and abandoning module SourceControl (100)
[2017.05.24-14.48.35:684][937]LogModuleManager: Shutting down and abandoning module GitSourceControl (99)
[2017.05.24-14.48.35:694][937]LogModuleManager: Shutting down and abandoning module LightPropagationVolumeEditor (98)
[2017.05.24-14.48.35:694][937]LogModuleManager: Shutting down and abandoning module PaperTiledImporter (97)
[2017.05.24-14.48.35:705][937]LogModuleManager: Shutting down and abandoning module PaperSpriteSheetImporter (96)
[2017.05.24-14.48.35:719][937]LogModuleManager: Shutting down and abandoning module MeshPaint (95)
[2017.05.24-14.48.35:726][937]LogModuleManager: Shutting down and abandoning module SlateReflector (94)
[2017.05.24-14.48.35:740][937]LogModuleManager: Shutting down and abandoning module HotReload (93)
[2017.05.24-14.48.35:741][937]LogModuleManager: Shutting down and abandoning module MainFrame (92)
[2017.05.24-14.48.35:741][937]LogModuleManager: Shutting down and abandoning module LevelEditor (91)
[2017.05.24-14.48.35:807][937]LogModuleManager: Shutting down and abandoning module DirectoryWatcher (90)
[2017.05.24-14.48.35:833][937]LogModuleManager: Shutting down and abandoning module AssetRegistry (89)
[2017.05.24-14.48.36:265][937]LogModuleManager: Shutting down and abandoning module ContentBrowser (88)
[2017.05.24-14.48.36:270][937]LogModuleManager: Shutting down and abandoning module Paper2DEditor (87)
[2017.05.24-14.48.36:303][937]LogModuleManager: Shutting down and abandoning module Project (86)
[2017.05.24-14.48.36:303][937]LogModuleManager: Shutting down and abandoning module UdpMessaging (85)
[2017.05.24-14.48.36:404][937]LogModuleManager: Shutting down and abandoning module LightPropagationVolumeRuntime (84)
[2017.05.24-14.48.36:404][937]LogModuleManager: Shutting down and abandoning module Paper2D (83)
[2017.05.24-14.48.36:413][937]LogModuleManager: Shutting down and abandoning module WindowsMoviePlayer (82)
[2017.05.24-14.48.36:435][937]LogModuleManager: Shutting down and abandoning module Media (81)
[2017.05.24-14.48.36:436][937]LogModuleManager: Shutting down and abandoning module WmfMedia (80)
[2017.05.24-14.48.36:445][937]LogModuleManager: Shutting down and abandoning module OnlineBlueprintSupport (79)
[2017.05.24-14.48.36:445][937]LogModuleManager: Shutting down and abandoning module GameplayTasksEditor (78)
[2017.05.24-14.48.36:445][937]LogModuleManager: Shutting down and abandoning module PropertyEditor (77)
[2017.05.24-14.48.36:445][937]LogModuleManager: Shutting down and abandoning module BehaviorTreeEditor (76)
[2017.05.24-14.48.36:471][937]LogModuleManager: Shutting down and abandoning module FunctionalTesting (75)
[2017.05.24-14.48.36:471][937]LogModuleManager: Shutting down and abandoning module CollisionAnalyzer (74)
[2017.05.24-14.48.36:487][937]LogModuleManager: Shutting down and abandoning module WorkspaceMenuStructure (73)
[2017.05.24-14.48.36:488][937]LogModuleManager: Shutting down and abandoning module MessageLog (72)
[2017.05.24-14.48.36:488][937]LogModuleManager: Shutting down and abandoning module Sequencer (71)
[2017.05.24-14.48.36:503][937]LogModuleManager: Shutting down and abandoning module AssetTools (70)
[2017.05.24-14.48.36:559][937]LogModuleManager: Shutting down and abandoning module UMGEditor (69)
[2017.05.24-14.48.36:566][937]LogModuleManager: Shutting down and abandoning module UMG (68)
[2017.05.24-14.48.36:566][937]LogModuleManager: Shutting down and abandoning module Slate (67)
[2017.05.24-14.48.36:566][937]LogModuleManager: Shutting down and abandoning module EditorStyle (66)
[2017.05.24-14.48.36:602][937]LogModuleManager: Shutting down and abandoning module SessionServices (65)
[2017.05.24-14.48.36:602][937]LogModuleManager: Shutting down and abandoning module SourceCodeAccess (64)
[2017.05.24-14.48.36:624][937]LogModuleManager: Shutting down and abandoning module HeadMountedDisplay (63)
[2017.05.24-14.48.36:625][937]LogModuleManager: Shutting down and abandoning module XAudio2 (62)
[2017.05.24-14.48.36:625][937]LogModuleManager: Shutting down and abandoning module Networking (60)
[2017.05.24-14.48.36:625][937]LogModuleManager: Shutting down and abandoning module Core (59)
[2017.05.24-14.48.36:625][937]LogModuleManager: Shutting down and abandoning module KismetCompiler (58)
[2017.05.24-14.48.36:625][937]LogModuleManager: Shutting down and abandoning module PhysXFormats (57)
[2017.05.24-14.48.36:755][937]LogModuleManager: Shutting down and abandoning module MeshUtilities (56)
[2017.05.24-14.48.36:776][937]LogModuleManager: Shutting down and abandoning module CookingStats (55)
[2017.05.24-14.48.36:778][937]LogModuleManager: Shutting down and abandoning module DerivedDataCache (54)
[2017.05.24-14.48.36:846][937]LogDerivedDataCache: Shutdown
[2017.05.24-14.48.36:846][937]LogModuleManager: Shutting down and abandoning module ShaderFormatOpenGL (53)
[2017.05.24-14.48.36:860][937]LogModuleManager: Shutting down and abandoning module ShaderFormatD3D (52)
[2017.05.24-14.48.36:869][937]LogModuleManager: Shutting down and abandoning module MetalShaderFormat (51)
[2017.05.24-14.48.36:879][937]LogModuleManager: Shutting down and abandoning module TextureFormatUncompressed (50)
[2017.05.24-14.48.36:880][937]LogModuleManager: Shutting down and abandoning module TextureFormatPVR (49)
[2017.05.24-14.48.36:893][937]LogModuleManager: Shutting down and abandoning module TextureFormatIntelISPCTexComp (48)
[2017.05.24-14.48.36:900][937]LogModuleManager: Shutting down and abandoning module TextureFormatDXT (47)
[2017.05.24-14.48.36:903][937]LogModuleManager: Shutting down and abandoning module ImageWrapper (46)
[2017.05.24-14.48.36:903][937]LogModuleManager: Shutting down and abandoning module TextureFormatASTC (45)
[2017.05.24-14.48.36:903][937]LogModuleManager: Shutting down and abandoning module TextureFormatAndroid (44)
[2017.05.24-14.48.36:903][937]LogModuleManager: Shutting down and abandoning module AudioFormatOpus (43)
[2017.05.24-14.48.36:917][937]LogModuleManager: Shutting down and abandoning module AudioFormatOgg (42)
[2017.05.24-14.48.36:931][937]LogModuleManager: Shutting down and abandoning module AudioFormatADPCM (41)
[2017.05.24-14.48.36:943][937]LogModuleManager: Shutting down and abandoning module LinuxTargetPlatform (40)
[2017.05.24-14.48.36:969][937]LogModuleManager: Shutting down and abandoning module LinuxServerTargetPlatform (39)
[2017.05.24-14.48.36:970][937]LogModuleManager: Shutting down and abandoning module LinuxNoEditorTargetPlatform (38)
[2017.05.24-14.48.36:970][937]LogModuleManager: Shutting down and abandoning module Messaging (37)
[2017.05.24-14.48.36:970][937]LogModuleManager: Shutting down and abandoning module IOSTargetPlatform (36)
[2017.05.24-14.48.36:991][937]LogModuleManager: Shutting down and abandoning module HTML5TargetPlatform (35)
[2017.05.24-14.48.36:997][937]LogModuleManager: Shutting down and abandoning module Android_PVRTCTargetPlatform (34)
[2017.05.24-14.48.37:010][937]LogModuleManager: Shutting down and abandoning module Android_ETC2TargetPlatform (33)
[2017.05.24-14.48.37:018][937]LogModuleManager: Shutting down and abandoning module Android_ETC1TargetPlatform (32)
[2017.05.24-14.48.37:029][937]LogModuleManager: Shutting down and abandoning module Android_DXTTargetPlatform (31)
[2017.05.24-14.48.37:038][937]LogModuleManager: Shutting down and abandoning module Android_ATCTargetPlatform (30)
[2017.05.24-14.48.37:048][937]LogModuleManager: Shutting down and abandoning module Android_ASTCTargetPlatform (29)
[2017.05.24-14.48.37:055][937]LogModuleManager: Shutting down and abandoning module AndroidTargetPlatform (28)
[2017.05.24-14.48.37:055][937]LogModuleManager: Shutting down and abandoning module WindowsTargetPlatform (27)
[2017.05.24-14.48.37:081][937]LogModuleManager: Shutting down and abandoning module WindowsServerTargetPlatform (26)
[2017.05.24-14.48.37:098][937]LogModuleManager: Shutting down and abandoning module WindowsNoEditorTargetPlatform (25)
[2017.05.24-14.48.37:106][937]LogModuleManager: Shutting down and abandoning module WindowsClientTargetPlatform (24)
[2017.05.24-14.48.37:116][937]LogModuleManager: Shutting down and abandoning module AllDesktopTargetPlatform (23)
[2017.05.24-14.48.37:122][937]LogModuleManager: Shutting down and abandoning module TargetPlatform (22)
[2017.05.24-14.48.37:137][937]LogModuleManager: Shutting down and abandoning module InputCore (21)
[2017.05.24-14.48.37:137][937]LogModuleManager: Shutting down and abandoning module Settings (20)
[2017.05.24-14.48.37:138][937]LogModuleManager: Shutting down and abandoning module OnlineSubsystem (18)
[2017.05.24-14.48.37:138][937]LogModuleManager: Shutting down and abandoning module HTTP (17)
[2017.05.24-14.48.39:143][937]LogModuleManager: Shutting down and abandoning module XMPP (16)
[2017.05.24-14.48.39:200][937]LogModuleManager: Shutting down and abandoning module ExampleDeviceProfileSelector (15)
[2017.05.24-14.48.39:200][937]LogModuleManager: Shutting down and abandoning module TextureCompressor (14)
[2017.05.24-14.48.39:213][937]LogModuleManager: Shutting down and abandoning module ShaderCore (13)
[2017.05.24-14.48.39:213][937]LogModuleManager: Shutting down and abandoning module Landscape (12)
[2017.05.24-14.48.39:226][937]LogModuleManager: Shutting down and abandoning module SlateRHIRenderer (11)
[2017.05.24-14.48.39:316][937]LogModuleManager: Shutting down and abandoning module OpenGLDrv (10)
[2017.05.24-14.48.39:322][937]LogModuleManager: Shutting down and abandoning module D3D11RHI (9)
[2017.05.24-14.48.39:322][937]LogModuleManager: Shutting down and abandoning module AnimGraphRuntime (8)
[2017.05.24-14.48.39:322][937]LogModuleManager: Shutting down and abandoning module Renderer (7)
[2017.05.24-14.48.39:322][937]LogModuleManager: Shutting down and abandoning module Engine (6)
[2017.05.24-14.48.39:322][937]LogModuleManager: Shutting down and abandoning module CoreUObject (5)
[2017.05.24-14.48.39:322][937]LogModuleManager: Shutting down and abandoning module NetworkFile (4)
[2017.05.24-14.48.39:337][937]LogModuleManager: Shutting down and abandoning module StreamingFile (3)
[2017.05.24-14.48.39:351][937]LogModuleManager: Shutting down and abandoning module SandboxFile (2)
[2017.05.24-14.48.39:355][937]LogModuleManager: Shutting down and abandoning module PakFile (1)
[2017.05.24-14.48.39:389][937]LogExit: Exiting.
[2017.05.24-14.48.39:544][937]Log file closed, 05/24/17 08:48:39
