[2017.05.24-14.56.50:670][  0]Log file open, 05/24/17 08:56:50
[2017.05.24-14.56.50:670][  0]LogInit:Display: Running engine for game: Project
[2017.05.24-14.56.50:670][  0]LogInit:Display: RandInit(-320333763) SRandInit(-320333763).
[2017.05.24-14.56.50:670][  0]LogTaskGraph: Started task graph with 4 named threads and 5 total threads.
[2017.05.24-14.56.50:670][  0]LogStats: Stats thread started at 0.075113
[2017.05.24-14.56.50:670][  0]LogInit: Version: 4.9.2-2707645+++depot+UE4-Releases+4.9
[2017.05.24-14.56.50:670][  0]LogInit: API Version: 2672455
[2017.05.24-14.56.50:670][  0]LogInit: Compiled (64-bit): Sep 28 2015 10:25:44
[2017.05.24-14.56.50:670][  0]LogInit: Compiled with Visual C++: 18.00.21005.01
[2017.05.24-14.56.50:670][  0]LogInit: Build Configuration: Development
[2017.05.24-14.56.50:670][  0]LogInit: Branch Name: ++depot+UE4-Releases+4.9
[2017.05.24-14.56.50:670][  0]LogInit: Command line: -EpicPortal 
[2017.05.24-14.56.50:670][  0]LogInit: Base directory: C:/Program Files/Epic Games/UE_4.9/Engine/Binaries/Win64/
[2017.05.24-14.56.50:670][  0]LogInit: Rocket: 1
[2017.05.24-14.56.50:686][  0]LogInit: Using libcurl 7.41.0
[2017.05.24-14.56.50:686][  0]LogInit:  - built for x86_64-pc-win32
[2017.05.24-14.56.50:686][  0]LogInit:  - supports SSL with WinSSL
[2017.05.24-14.56.50:686][  0]LogInit:  - other features:
[2017.05.24-14.56.50:686][  0]LogInit:      CURL_VERSION_SSL
[2017.05.24-14.56.50:686][  0]LogInit:      CURL_VERSION_IPV6
[2017.05.24-14.56.50:686][  0]LogInit:      CURL_VERSION_ASYNCHDNS
[2017.05.24-14.56.50:686][  0]LogInit:      CURL_VERSION_LARGEFILE
[2017.05.24-14.56.50:686][  0]LogInit:      CURL_VERSION_IDN
[2017.05.24-14.56.50:686][  0]LogInit:  CurlRequestOptions (configurable via config and command line):
[2017.05.24-14.56.50:686][  0]LogInit:  - bVerifyPeer = true  - Libcurl will verify peer certificate
[2017.05.24-14.56.50:686][  0]LogInit:  - bUseHttpProxy = false  - Libcurl will NOT use HTTP proxy
[2017.05.24-14.56.50:686][  0]LogInit:  - bDontReuseConnections = false  - Libcurl will reuse connections
[2017.05.24-14.56.50:686][  0]LogInit:  - CertBundlePath = nullptr  - Libcurl will use whatever was configured at build time.
[2017.05.24-14.56.50:696][  0]LogInit: Presizing for 0 objects not considered by GC, pre-allocating 0 bytes.
[2017.05.24-14.56.50:704][  0]LogInit: Object subsystem initialized
[2017.05.24-14.56.50:707][  0]LogInit: Selected Device Profile: [Windows]
[2017.05.24-14.56.50:707][  0]LogInit: Applying CVar settings loaded from the selected device profile: [Windows]
[2017.05.24-14.56.50:741][  0]LogInit: Computer: DEBBIELAPTOP
[2017.05.24-14.56.50:741][  0]LogInit: User: Jacob
[2017.05.24-14.56.50:741][  0]LogInit: CPU Page size=4096, Cores=2
[2017.05.24-14.56.50:741][  0]LogInit: High frequency timer resolution =2.338337 MHz
[2017.05.24-14.56.50:741][  0]LogMemory: Memory total: Physical=5.9GB (6GB approx)
[2017.05.24-14.56.50:741][  0]LogMemory: Platform Memory Stats for Windows
[2017.05.24-14.56.50:741][  0]LogMemory: Process Physical Memory: 54.50 MB used, 54.50 MB peak
[2017.05.24-14.56.50:741][  0]LogMemory: Process Virtual Memory: 57.41 MB used, 57.41 MB peak
[2017.05.24-14.56.50:741][  0]LogMemory: Physical Memory: 4867.34 MB used, 6048.76 MB total
[2017.05.24-14.56.50:741][  0]LogMemory: Virtual Memory: 371.08 MB used, 134217728.00 MB total
[2017.05.24-14.56.50:774][  0]LogTextLocalizationManager: No specific translations for ('en-US') exist, so ('en') translations will be used.
[2017.05.24-14.56.51:795][  0]LogD3D11RHI: Found D3D11 adapter 0: Intel(R) HD Graphics Family (Feature Level 11_0)
[2017.05.24-14.56.51:795][  0]LogD3D11RHI: Adapter has 112MB of dedicated video memory, 0MB of dedicated system memory, and 2048MB of shared system memory, 1 output[s]
[2017.05.24-14.56.51:797][  0]LogD3D11RHI: Found D3D11 adapter 1: Microsoft Basic Render Driver (Feature Level 11_0)
[2017.05.24-14.56.51:797][  0]LogD3D11RHI: Adapter has 0MB of dedicated video memory, 0MB of dedicated system memory, and 3024MB of shared system memory, 0 output[s]
[2017.05.24-14.56.51:797][  0]LogD3D11RHI: Chosen D3D11 Adapter Id = 0
[2017.05.24-14.56.51:807][  0]LogD3D11RHI: !Direct3DDevice
[2017.05.24-14.56.51:807][  0]LogRHI: Texture pool is 795 MB (70% of 1136 MB)
[2017.05.24-14.56.51:812][  0]LogD3D11RHI: Async texture creation enabled
[2017.05.24-14.56.51:817][  0]LogShaderCompilers: Guid format shader working directory is 14 characters bigger than the processId version (../../../../../../Users/Jacob/Documents/GitHub/Project2/Project/Intermediate/Shaders/WorkingDirectory/10860/).
[2017.05.24-14.56.51:818][  0]LogShaderCompilers: Cleaned the shader compiler working directory '../../../../../../Users/Jacob/Documents/GitHub/Project2/Project/Intermediate/Shaders/tmp/9AE59C7349EDAFA17C83E9B6F506FFB9/'.
[2017.05.24-14.56.51:818][  0]LogShaderCompilers:Display: Using Local Shader Compiler.
[2017.05.24-14.56.53:274][  0]LogTemp:Display: Loaded TP AllDesktopTargetPlatform
[2017.05.24-14.56.53:282][  0]LogTemp:Display: Loaded TP WindowsClientTargetPlatform
[2017.05.24-14.56.53:290][  0]LogTemp:Display: Loaded TP WindowsNoEditorTargetPlatform
[2017.05.24-14.56.53:297][  0]LogTemp:Display: Loaded TP WindowsServerTargetPlatform
[2017.05.24-14.56.53:304][  0]LogTemp:Display: Loaded TP WindowsTargetPlatform
[2017.05.24-14.56.53:309][  0]LogTemp:Display: Loaded TP AndroidTargetPlatform
[2017.05.24-14.56.53:315][  0]LogTemp:Display: Loaded TP Android_ASTCTargetPlatform
[2017.05.24-14.56.53:321][  0]LogTemp:Display: Loaded TP Android_ATCTargetPlatform
[2017.05.24-14.56.53:326][  0]LogTemp:Display: Loaded TP Android_DXTTargetPlatform
[2017.05.24-14.56.53:330][  0]LogTemp:Display: Loaded TP Android_ETC1TargetPlatform
[2017.05.24-14.56.53:334][  0]LogTemp:Display: Loaded TP Android_ETC2TargetPlatform
[2017.05.24-14.56.53:338][  0]LogTemp:Display: Loaded TP Android_PVRTCTargetPlatform
[2017.05.24-14.56.53:339][  0]LogTemp:Display: Loaded TP HTML5TargetPlatform
[2017.05.24-14.56.53:359][  0]LogTemp:Display: Loaded TP IOSTargetPlatform
[2017.05.24-14.56.53:364][  0]LogTemp:Display: Loaded TP LinuxNoEditorTargetPlatform
[2017.05.24-14.56.53:368][  0]LogTemp:Display: Loaded TP LinuxServerTargetPlatform
[2017.05.24-14.56.53:374][  0]LogTemp:Display: Loaded TP LinuxTargetPlatform
[2017.05.24-14.56.53:374][  0]LogTargetPlatformManager:Display: Building Assets For Windows
[2017.05.24-14.56.53:540][  0]LogDerivedDataCache:Display: Max Cache Size: 512 MB
[2017.05.24-14.56.53:619][  0]LogDerivedDataCache: Loaded boot cache 0.08s 42MB C:/Users/Jacob/AppData/Local/UnrealEngine/4.9/DerivedDataCache/Boot.ddc.
[2017.05.24-14.56.53:620][  0]LogDerivedDataCache:Display: Loaded Boot cache: C:/Users/Jacob/AppData/Local/UnrealEngine/4.9/DerivedDataCache/Boot.ddc
[2017.05.24-14.56.53:620][  0]LogDerivedDataCache: FDerivedDataBackendGraph:  Pak pak cache file ../../../../../../Users/Jacob/Documents/GitHub/Project2/Project/DerivedDataCache/DDC.ddp not found, will not use a pak cache.
[2017.05.24-14.56.53:620][  0]LogDerivedDataCache: Unable to find inner node Pak for hierarchical cache Hierarchy.
[2017.05.24-14.56.53:620][  0]LogDerivedDataCache: FDerivedDataBackendGraph:  CompressedPak pak cache file ../../../../../../Users/Jacob/Documents/GitHub/Project2/Project/DerivedDataCache/Compressed.ddp not found, will not use a pak cache.
[2017.05.24-14.56.53:620][  0]LogDerivedDataCache: Unable to find inner node CompressedPak for hierarchical cache Hierarchy.
[2017.05.24-14.56.53:848][  0]LogDerivedDataCache:Display: Pak cache opened for reading ../../../Engine/DerivedDataCache/Compressed.ddp.
[2017.05.24-14.56.53:861][  0]LogDerivedDataCache: Using Local data cache path C:/Users/Jacob/AppData/Local/UnrealEngine/Common/DerivedDataCache: Writable
[2017.05.24-14.56.54:186][  0]LogInit: Selected Device Profile: [Windows]
[2017.05.24-14.56.54:189][  0]LogContentStreaming: Texture pool size is 0.000000MB
[2017.05.24-14.56.54:343][  0]LogMeshUtilities: No automatic mesh reduction module available
[2017.05.24-14.56.54:343][  0]LogMeshUtilities: No automatic mesh merging module available
[2017.05.24-14.56.54:702][  0]LogInit: WinSock: version 1.1 (2.2), MaxSocks=32767, MaxUdp=65467
[2017.05.24-14.57.14:217][  0]UdpMessaging: Initializing bridge on interface 0.0.0.0:0 to multicast group 230.0.0.1:6666.
[2017.05.24-14.57.15:299][  0]LogAssetRegistry: FAssetRegistry took 0.0112 seconds to start up
[2017.05.24-14.57.15:569][  0]SourceControl: Info Source control is disabled
[2017.05.24-14.57.15:570][  0]SourceControl: Info Source control is disabled
[2017.05.24-14.57.15:583][  0]SourceControl: Info Source control is disabled
[2017.05.24-14.57.15:597][  0]SourceControl: Info Source control is disabled
[2017.05.24-14.57.16:337][  0]LogLinker:Warning: Asset '../../../Engine/Plugins/Runtime/LeapMotionController/Content/LM_PassthroughMaterial.uasset' has been saved with empty engine version. The asset will be loaded but may be incompatible.
[2017.05.24-14.57.16:462][  0]LogObj: 28455 objects as part of root set at end of initial load.
[2017.05.24-14.57.16:462][  0]LogUObjectAllocator: 6088736 out of 0 bytes used by permanent object pool.
[2017.05.24-14.57.16:666][  0]LogEngine: Initializing Engine...
[2017.05.24-14.57.16:678][  0]LogHMD: Can't find Oculus library dev build: is proper Runtime installed? Version: 0.7.0.0
[2017.05.24-14.57.16:680][  0]LogHMD: SteamVR failed to initialize.  Err: 110
[2017.05.24-14.57.16:952][  0]LogAIModule: Creating AISystem for world NewWorld
[2017.05.24-14.57.16:957][  0]LogInit: XAudio2 using 'Speakers / Headphones (Realtek High Definition Audio)' : 2 channels at 48 kHz using 32 bits per sample (channel mask 0x3)
[2017.05.24-14.57.17:133][  0]LogInit: FAudioDevice initialized.
[2017.05.24-14.57.17:198][  0]LogDerivedDataCache: Saved boot cache 0.06s 42MB C:/Users/Jacob/AppData/Local/UnrealEngine/4.9/DerivedDataCache/Boot.ddc.
[2017.05.24-14.57.17:214][  0]LogInit: Texture streaming: Enabled
[2017.05.24-14.57.17:233][  0]LogAnalytics: Creating configured Analytics provider AnalyticsET
[2017.05.24-14.57.17:233][  0]LogAnalytics: [UEEditor.Rocket.Release] APIServer = http://et2.epicgames.com/ET2/. AppVersion = 4.9.2-2707645+++depot+UE4-Releases+4.9
[2017.05.24-14.57.17:234][  0]LogAnalytics: [UEEditor.Rocket.Release] SetUserId 0c7004ae4fbf476c46248ea3aa897ba2|5c8a094fc4fb4ccf912a58e8b050ae6e|dd076934-77e4-46bc-8f3f-9384319b48ea
[2017.05.24-14.57.17:234][  0]LogAnalytics: [UEEditor.Rocket.Release] AnalyticsET::StartSession
[2017.05.24-14.57.17:291][  0]LogWindowsTextInputMethodSystem:Display: IME system now deactivated.
[2017.05.24-14.57.17:291][  0]LogWindowsTextInputMethodSystem:Display: IME system now deactivated.
[2017.05.24-14.57.17:371][  0]LogInit: Transaction tracking system initialized
[2017.05.24-14.57.17:422][  0]BlueprintLog: New page: Editor Load
[2017.05.24-14.57.17:600][  0]LocalizationService: Info Localization service is disabled
[2017.05.24-14.57.17:854][  0]LogConsoleResponse:Display: 
[2017.05.24-14.57.18:101][  0]LogCook:Display: Done creating registry. It took  0.00s.
[2017.05.24-14.57.18:209][  0]LogFileCache: Scanning file cache for directory 'C:/Users/Jacob/Documents/GitHub/Project2/Project/Content/' took 0.01s
[2017.05.24-14.57.18:209][  0]SourceControl: Info Source control is disabled
[2017.05.24-14.57.18:210][  0]Cmd: MAP LOAD FILE="../../../../../../Users/Jacob/Documents/GitHub/Project2/Project/Content/2DSideScrollerCPP/Maps/2DSideScrollerExampleMap.umap" TEMPLATE=0 SHOWPROGRESS=1 FEATURELEVEL=3
[2017.05.24-14.57.18:211][  0]LightingResults: New page: Lighting Build
[2017.05.24-14.57.18:215][  0]MapCheck: New page: Map Check
[2017.05.24-14.57.18:215][  0]LightingResults: New page: Lighting Build
[2017.05.24-14.57.18:246][  0]LogParticles: Destroying 0 GPU particle simulations for FXSystem 0x000002300BAF6AC0
[2017.05.24-14.57.19:496][  0]LogAIModule: Creating AISystem for world 2DSideScrollerExampleMap
[2017.05.24-14.57.19:504][  0]LogEditorServer: Finished looking for orphan Actors (0.000 secs)
[2017.05.24-14.57.19:511][  0]Cmd: MAP CHECKDEP NOCLEARLOG
[2017.05.24-14.57.19:634][  0]MapCheck: Info Map check complete: 0 Error(s), 0 Warning(s), took 122.818ms to complete.
[2017.05.24-14.57.19:634][  0]LogFileHelpers: Loading map '2DSideScrollerExampleMap' took 1.425
[2017.05.24-14.57.20:427][  0]LogCollectionManager: Loaded 0 collections in 0.008483 seconds
[2017.05.24-14.57.20:472][  0]LogFileCache: Scanning file cache for directory 'C:/Users/Jacob/Documents/GitHub/Project2/Project/Saved/Collections/' took 0.01s
[2017.05.24-14.57.20:472][  0]LogFileCache: Scanning file cache for directory 'C:/Users/Jacob/Documents/GitHub/Project2/Project/Content/Developers/Jacob/Collections/' took 0.01s
[2017.05.24-14.57.20:472][  0]LogFileCache: Scanning file cache for directory 'C:/Users/Jacob/Documents/GitHub/Project2/Project/Content/Collections/' took 0.01s
[2017.05.24-14.57.20:472][  0]LogContentBrowser: Native class hierarchy populated in 0.0115 seconds. Added 1873 classes and 335 folders.
[2017.05.24-14.57.20:478][  0]LogCollectionManager: Rebuilt the GUID cache for 0 collections in 0.000003 seconds
[2017.05.24-14.57.20:506][  0]LogContentBrowser: Native class hierarchy updated for 'WidgetCarousel' in 0.0014 seconds. Added 0 classes and 0 folders.
[2017.05.24-14.57.23:763][  0]LogContentBrowser: Native class hierarchy updated for 'AddContentDialog' in 0.0067 seconds. Added 0 classes and 0 folders.
[2017.05.24-14.57.23:807][  0]LogContentBrowser: Native class hierarchy updated for 'SceneOutliner' in 0.0026 seconds. Added 1 classes and 2 folders.
[2017.05.24-14.57.24:270][  0]LogCrashTracker: Crashtracker disabled due to settings.
[2017.05.24-14.57.24:321][  0]LogUObjectGlobals:Warning: Failed to find object 'Class None.'
[2017.05.24-14.57.24:394][  0]LogLoad: Full Startup: 36.36 seconds (BP compile: 0.01 seconds)
[2017.05.24-14.57.25:391][  0]LogContentStreaming: Texture pool size now 1000 MB
[2017.05.24-14.57.25:924][  0]LogRenderer: Reallocating scene render targets to support 964x436 (Frame:2).
[2017.05.24-14.57.26:820][  4]LogAssetRegistry: Asset discovery search completed in 11.5320 seconds
[2017.05.24-14.57.26:820][  4]LogCollectionManager: Rebuilt the object cache for 0 collections in 0.000002 seconds (found 0 objects)
[2017.05.24-14.57.26:820][  4]LogCollectionManager: Fixed up redirectors for 0 collections in 0.000050 seconds (updated 0 objects)
[2017.05.24-14.57.39:080][219]LogTexture:Display: Building textures: GameBackgroundBasic (BGRA8)
[2017.05.24-14.57.47:658][613]LogEditorViewport: Clicking on Actor (LMB): PaperSpriteActor (Background_Sprite)
[2017.05.24-14.57.49:083][683]Cmd: DELETE
[2017.05.24-14.57.49:083][683]Cmd: ACTOR DELETE
[2017.05.24-14.57.49:360][683]LogEditorActor: Deleted Actor: PaperSpriteActor
[2017.05.24-14.57.49:438][683]LogEditorActor: Deleted 1 Actors (0.099 secs)
[2017.05.24-14.57.50:824][758]LogEditorViewport: Clicking on Actor (LMB): PaperFlipbookActor (GameBackgroundBasic2)
[2017.05.24-14.58.47:491][598]LogUnrealMath: Expression Error : No value recognized
[2017.05.24-14.58.47:491][598]LogUnrealMath: Expression Error : Error in expression
[2017.05.24-14.59.08:628][424]LogEditorViewport: Clicking on Actor (context menu): PaperFlipbookActor (GameBackgroundBasic2)
[2017.05.24-14.59.10:293][502]LogEditorViewport: Clicking on Actor (LMB): PaperFlipbookActor (GameBackgroundBasic2)
[2017.05.24-14.59.13:372][611]LogEditorViewport: Clicking on Actor (LMB): PaperFlipbookActor (GameBackgroundBasic2)
[2017.05.24-14.59.22:309][ 13]LogEditorViewport: Clicking on Actor (LMB): PaperSpriteActor (LeftEdge)
[2017.05.24-14.59.23:635][ 75]Cmd: DELETE
[2017.05.24-14.59.23:636][ 75]Cmd: ACTOR DELETE
[2017.05.24-14.59.23:637][ 75]LogEditorActor: Deleted Actor: PaperSpriteActor
[2017.05.24-14.59.23:684][ 75]LogEditorActor: Deleted 1 Actors (0.048 secs)
[2017.05.24-14.59.25:093][153]LogEditorViewport: Clicking on Actor (LMB): PaperSpriteActor (RightEdge)
[2017.05.24-14.59.26:025][195]Cmd: DELETE
[2017.05.24-14.59.26:025][195]Cmd: ACTOR DELETE
[2017.05.24-14.59.26:026][195]LogEditorActor: Deleted Actor: PaperSpriteActor
[2017.05.24-14.59.26:096][195]LogEditorActor: Deleted 1 Actors (0.070 secs)
[2017.05.24-14.59.33:940][452]LogVSAccessor:Warning: Couldn't access Visual Studio
[2017.05.24-14.59.33:947][452]Recompiling Project...
[2017.05.24-14.59.33:947][452]Launching UnrealBuildTool... [C:/Program Files/Epic Games/UE_4.9/Engine/Binaries/DotNET/UnrealBuildTool.exe Project -ModuleWithSuffix Project 389 Win64 Development -editorrecompile -canskiplink "C:/Users/Jacob/Documents/GitHub/Project2/Project/Project.uproject" -rocket  -rocket]
[2017.05.24-14.59.33:950][452]Warning: Starting HotReload took  0.0s.
[2017.05.24-15.01.49:717][309]LogBlueprintUserMessages: Early PlayInEditor Detection: Level '/Game/2DSideScrollerCPP/Maps/2DSideScrollerExampleMap.2DSideScrollerExampleMap:PersistentLevel' has LevelScriptBlueprint '/Game/2DSideScrollerCPP/Maps/2DSideScrollerExampleMap.2DSideScrollerExampleMap:PersistentLevel.2DSideScrollerExampleMap' with GeneratedClass '/Game/2DSideScrollerCPP/Maps/2DSideScrollerExampleMap.2DSideScrollerExampleMap_C' with ClassGeneratedBy '/Game/2DSideScrollerCPP/Maps/2DSideScrollerExampleMap.2DSideScrollerExampleMap:PersistentLevel.2DSideScrollerExampleMap'
[2017.05.24-15.01.49:717][309]LogPlayLevel: PlayLevel: No blueprints needed recompiling
[2017.05.24-15.01.49:718][309]PIE: New page: PIE session: 2DSideScrollerExampleMap (May 24, 2017, 3:01:49 AM)
[2017.05.24-15.01.49:719][309]LogPlayLevel: Creating play world package: /Game/2DSideScrollerCPP/Maps/UEDPIE_0_2DSideScrollerExampleMap
[2017.05.24-15.01.49:731][309]LogPlayLevel: PIE: StaticDuplicateObject took: (0.012528s)
[2017.05.24-15.01.49:733][309]LogAIModule: Creating AISystem for world 2DSideScrollerExampleMap
[2017.05.24-15.01.49:734][309]LogPlayLevel: PIE: World Init took: (0.002755s)
[2017.05.24-15.01.49:734][309]LogPlayLevel: PIE: Created PIE world by copying editor world from /Game/2DSideScrollerCPP/Maps/2DSideScrollerExampleMap.2DSideScrollerExampleMap to /Game/2DSideScrollerCPP/Maps/UEDPIE_0_2DSideScrollerExampleMap.2DSideScrollerExampleMap (0.015733s)
[2017.05.24-15.01.49:779][309]LogInit: XAudio2 using 'Speakers / Headphones (Realtek High Definition Audio)' : 2 channels at 48 kHz using 32 bits per sample (channel mask 0x3)
[2017.05.24-15.01.49:805][309]LogInit: FAudioDevice initialized.
[2017.05.24-15.01.49:963][309]LogWorld: Game class is 'ProjectGameMode'
[2017.05.24-15.01.49:973][309]LogWorld: Bringing World /Game/2DSideScrollerCPP/Maps/UEDPIE_0_2DSideScrollerExampleMap.2DSideScrollerExampleMap up for play (max tick rate 60) at 2017.05.24-09.01.49
[2017.05.24-15.01.49:973][309]LogActor:Warning: GameSession /Game/2DSideScrollerCPP/Maps/UEDPIE_0_2DSideScrollerExampleMap.2DSideScrollerExampleMap:PersistentLevel.GameSession_0 has natively added scene component(s), but none of them were set as the actor's RootComponent - picking one arbitrarily
[2017.05.24-15.01.49:973][309]LogActor:Warning: GameNetworkManager /Game/2DSideScrollerCPP/Maps/UEDPIE_0_2DSideScrollerExampleMap.2DSideScrollerExampleMap:PersistentLevel.GameNetworkManager_0 has natively added scene component(s), but none of them were set as the actor's RootComponent - picking one arbitrarily
[2017.05.24-15.01.49:974][309]LogWorld: Bringing up level for play took: 0.009354
[2017.05.24-15.01.50:065][309]PIE: Info Play in editor start time for /Game/2DSideScrollerCPP/Maps/UEDPIE_0_2DSideScrollerExampleMap 0.416
[2017.05.24-15.01.50:066][309]LogBlueprintUserMessages: Late PlayInEditor Detection: Level '/Game/2DSideScrollerCPP/Maps/2DSideScrollerExampleMap.2DSideScrollerExampleMap:PersistentLevel' has LevelScriptBlueprint '/Game/2DSideScrollerCPP/Maps/2DSideScrollerExampleMap.2DSideScrollerExampleMap:PersistentLevel.2DSideScrollerExampleMap' with GeneratedClass '/Game/2DSideScrollerCPP/Maps/2DSideScrollerExampleMap.2DSideScrollerExampleMap_C' with ClassGeneratedBy '/Game/2DSideScrollerCPP/Maps/2DSideScrollerExampleMap.2DSideScrollerExampleMap:PersistentLevel.2DSideScrollerExampleMap'
[2017.05.24-15.02.00:091][714]LogBlueprintUserMessages: Early EndPlayMap Detection: Level '/Game/2DSideScrollerCPP/Maps/2DSideScrollerExampleMap.2DSideScrollerExampleMap:PersistentLevel' has LevelScriptBlueprint '/Game/2DSideScrollerCPP/Maps/2DSideScrollerExampleMap.2DSideScrollerExampleMap:PersistentLevel.2DSideScrollerExampleMap' with GeneratedClass '/Game/2DSideScrollerCPP/Maps/2DSideScrollerExampleMap.2DSideScrollerExampleMap_C' with ClassGeneratedBy '/Game/2DSideScrollerCPP/Maps/2DSideScrollerExampleMap.2DSideScrollerExampleMap:PersistentLevel.2DSideScrollerExampleMap'
[2017.05.24-15.02.00:212][714]LogBlueprintUserMessages: Late EndPlayMap Detection: Level '/Game/2DSideScrollerCPP/Maps/2DSideScrollerExampleMap.2DSideScrollerExampleMap:PersistentLevel' has LevelScriptBlueprint '/Game/2DSideScrollerCPP/Maps/2DSideScrollerExampleMap.2DSideScrollerExampleMap:PersistentLevel.2DSideScrollerExampleMap' with GeneratedClass '/Game/2DSideScrollerCPP/Maps/2DSideScrollerExampleMap.2DSideScrollerExampleMap_C' with ClassGeneratedBy '/Game/2DSideScrollerCPP/Maps/2DSideScrollerExampleMap.2DSideScrollerExampleMap:PersistentLevel.2DSideScrollerExampleMap'
[2017.05.24-15.02.00:249][714]LogParticles: Destroying 0 GPU particle simulations for FXSystem 0x00000230285C58A0
[2017.05.24-15.02.49:350][310]LogEditor: Attempting to add actor of class 'Asteroid1' to level at -160.00,-30.00,710.00
[2017.05.24-15.02.51:075][353]LogEditor: Attempting to add actor of class 'Asteroid1' to level at 70.00,-160.00,900.00
[2017.05.24-15.03.19:270][536]CompilerResultsLog: New page: Compilation - May 24, 2017, 3:03:19 AM
[2017.05.24-15.03.19:292][536]CompilerResultsLog: Info Creating makefile for hot reloading Project (game project files are newer)
[2017.05.24-15.03.19:292][536]CompilerResultsLog: Info Compiling game modules for hot reload
[2017.05.24-15.03.19:292][536]CompilerResultsLog: Info Parsing headers for ProjectEditor
[2017.05.24-15.03.19:292][536]CompilerResultsLog: Info   Running UnrealHeaderTool "C:/Users/Jacob/Documents/GitHub/Project2/Project/Project.uproject" "C:\Users\Jacob\Documents\GitHub\Project2\Project\Intermediate\Build\Win64\ProjectEditor\Development\UnrealHeaderTool.manifest" -LogCmds="loginit warning, logexit warning, logdatabase error" -rocket -installed
[2017.05.24-15.03.19:292][536]CompilerResultsLog: Info Reflection code generated for ProjectEditor in 28.8104007 seconds
[2017.05.24-15.03.19:292][536]CompilerResultsLog: Info Performing 10 actions (2 in parallel)
[2017.05.24-15.03.19:292][536]CompilerResultsLog: Info PCH.Project.h.cpp
[2017.05.24-15.03.19:292][536]CompilerResultsLog: Info BoundsBox.cpp
[2017.05.24-15.03.19:292][536]CompilerResultsLog: Info Asteroid1.cpp
[2017.05.24-15.03.19:292][536]CompilerResultsLog: Info Comet.cpp
[2017.05.24-15.03.19:292][536]CompilerResultsLog: Info CharacterTest.cpp
[2017.05.24-15.03.19:292][536]CompilerResultsLog: Info Project.cpp
[2017.05.24-15.03.19:292][536]CompilerResultsLog: Info ProjectCharacter.cpp
[2017.05.24-15.03.19:292][536]CompilerResultsLog: Info ProjectGameMode.cpp
[2017.05.24-15.03.19:292][536]CompilerResultsLog: Info Project.generated.cpp
[2017.05.24-15.03.19:292][536]CompilerResultsLog: Info [10/10] Link UE4Editor-Project-389.dll
[2017.05.24-15.03.19:292][536]CompilerResultsLog: Info    Creating library C:\Users\Jacob\Documents\GitHub\Project2\Project\Intermediate/Build/Win64\UE4Editor\Development\UE4Editor-Project-389.lib and object C:\Users\Jacob\Documents\GitHub\Project2\Project\Intermediate/Build/Win64\UE4Editor\Development\UE4Editor-Project-389.exp
[2017.05.24-15.03.19:292][536]CompilerResultsLog: Info -------- End Detailed Actions Stats -----------------------------------------------------------
[2017.05.24-15.03.19:293][536]CompilerResultsLog: Info Total build time: 224.76 seconds
[2017.05.24-15.03.19:293][536]LogMainFrame: MainFrame: Module compiling took 225.352 seconds
[2017.05.24-15.03.19:499][536]LogContentBrowser: Native class hierarchy updated for 'Project' in 0.0025 seconds. Added 6 classes and 2 folders.
[2017.05.24-15.03.19:502][536]Warning: HotReload successful (0 functions remapped  0 scriptstructs remapped)
[2017.05.24-15.03.19:962][536]LogContentBrowser: Native class hierarchy populated in 0.0176 seconds. Added 1874 classes and 337 folders.
[2017.05.24-15.03.20:306][543]LogTexture:Display: Building textures: Asteroid2 (BGRA8)
[2017.05.24-15.03.23:172][676]LogEditorViewport: Clicking on Actor (LMB): PaperFlipbookActor (GameBackgroundBasic2)
[2017.05.24-15.03.24:355][728]LogEditorViewport: Clicking on Actor (LMB): Asteroid1 (Asteroid12)
[2017.05.24-15.03.24:630][729]LogEditorViewport: Clicking on Component (LMB): PaperSpriteComponent (PaperSprite)
[2017.05.24-15.03.44:221][754]LogEditorViewport: Clicking on Component (LMB): PaperSpriteComponent (PaperSprite)
[2017.05.24-15.03.44:835][783]LogEditorViewport: Clicking on Actor (LMB): PaperFlipbookActor (GameBackgroundBasic2)
[2017.05.24-15.03.45:557][812]LogEditorViewport: Clicking on Actor (LMB): Asteroid1 (Asteroid12)
[2017.05.24-15.03.52:018][150]LogVSAccessor:Warning: Couldn't access Visual Studio
[2017.05.24-15.03.52:027][150]Recompiling Project...
[2017.05.24-15.03.52:028][150]Launching UnrealBuildTool... [C:/Program Files/Epic Games/UE_4.9/Engine/Binaries/DotNET/UnrealBuildTool.exe Project -ModuleWithSuffix Project 6990 Win64 Development -editorrecompile -canskiplink "C:/Users/Jacob/Documents/GitHub/Project2/Project/Project.uproject" -rocket  -rocket]
[2017.05.24-15.03.52:032][150]Warning: Starting HotReload took  0.0s.
[2017.05.24-15.03.54:503][290]CompilerResultsLog: New page: Compilation - May 24, 2017, 3:03:54 AM
[2017.05.24-15.03.54:503][290]CompilerResultsLog: Info Compiling game modules for hot reload
[2017.05.24-15.03.54:503][290]CompilerResultsLog: Info Target is up to date.
[2017.05.24-15.03.54:503][290]LogMainFrame: MainFrame: Module compiling took 2.485 seconds
[2017.05.24-15.03.56:855][429]LogVSAccessor:Warning: Couldn't access Visual Studio
[2017.05.24-15.03.56:863][429]Recompiling Project...
[2017.05.24-15.03.56:863][429]Launching UnrealBuildTool... [C:/Program Files/Epic Games/UE_4.9/Engine/Binaries/DotNET/UnrealBuildTool.exe Project -ModuleWithSuffix Project 1578 Win64 Development -editorrecompile -canskiplink "C:/Users/Jacob/Documents/GitHub/Project2/Project/Project.uproject" -rocket  -rocket]
[2017.05.24-15.03.56:865][429]Warning: Starting HotReload took  0.0s.
[2017.05.24-15.03.58:744][535]CompilerResultsLog: New page: Compilation - May 24, 2017, 3:03:58 AM
[2017.05.24-15.03.58:744][535]CompilerResultsLog: Info Compiling game modules for hot reload
[2017.05.24-15.03.58:744][535]CompilerResultsLog: Info Target is up to date.
[2017.05.24-15.03.58:744][535]LogMainFrame: MainFrame: Module compiling took 1.890 seconds
[2017.05.24-15.04.00:795][652]LogBlueprintUserMessages: Early PlayInEditor Detection: Level '/Game/2DSideScrollerCPP/Maps/2DSideScrollerExampleMap.2DSideScrollerExampleMap:PersistentLevel' has LevelScriptBlueprint '/Game/2DSideScrollerCPP/Maps/2DSideScrollerExampleMap.2DSideScrollerExampleMap:PersistentLevel.2DSideScrollerExampleMap' with GeneratedClass '/Game/2DSideScrollerCPP/Maps/2DSideScrollerExampleMap.2DSideScrollerExampleMap_C' with ClassGeneratedBy '/Game/2DSideScrollerCPP/Maps/2DSideScrollerExampleMap.2DSideScrollerExampleMap:PersistentLevel.2DSideScrollerExampleMap'
[2017.05.24-15.04.00:795][652]LogPlayLevel: PlayLevel: No blueprints needed recompiling
[2017.05.24-15.04.00:796][652]PIE: New page: PIE session: 2DSideScrollerExampleMap (May 24, 2017, 3:04:00 AM)
[2017.05.24-15.04.00:796][652]LogPlayLevel: Creating play world package: /Game/2DSideScrollerCPP/Maps/UEDPIE_0_2DSideScrollerExampleMap
[2017.05.24-15.04.00:801][652]LogPlayLevel: PIE: StaticDuplicateObject took: (0.005321s)
[2017.05.24-15.04.00:802][652]LogAIModule: Creating AISystem for world 2DSideScrollerExampleMap
[2017.05.24-15.04.00:802][652]LogPlayLevel: PIE: World Init took: (0.001095s)
[2017.05.24-15.04.00:802][652]LogPlayLevel: PIE: Created PIE world by copying editor world from /Game/2DSideScrollerCPP/Maps/2DSideScrollerExampleMap.2DSideScrollerExampleMap to /Game/2DSideScrollerCPP/Maps/UEDPIE_0_2DSideScrollerExampleMap.2DSideScrollerExampleMap (0.006697s)
[2017.05.24-15.04.00:854][652]LogInit: XAudio2 using 'Speakers / Headphones (Realtek High Definition Audio)' : 2 channels at 48 kHz using 32 bits per sample (channel mask 0x3)
[2017.05.24-15.04.00:869][652]LogInit: FAudioDevice initialized.
[2017.05.24-15.04.00:917][652]LogWorld: Game class is 'ProjectGameMode'
[2017.05.24-15.04.00:936][652]LogWorld: Bringing World /Game/2DSideScrollerCPP/Maps/UEDPIE_0_2DSideScrollerExampleMap.2DSideScrollerExampleMap up for play (max tick rate 60) at 2017.05.24-09.04.00
[2017.05.24-15.04.00:936][652]LogActor:Warning: GameSession /Game/2DSideScrollerCPP/Maps/UEDPIE_0_2DSideScrollerExampleMap.2DSideScrollerExampleMap:PersistentLevel.GameSession_1 has natively added scene component(s), but none of them were set as the actor's RootComponent - picking one arbitrarily
[2017.05.24-15.04.00:936][652]LogActor:Warning: GameNetworkManager /Game/2DSideScrollerCPP/Maps/UEDPIE_0_2DSideScrollerExampleMap.2DSideScrollerExampleMap:PersistentLevel.GameNetworkManager_1 has natively added scene component(s), but none of them were set as the actor's RootComponent - picking one arbitrarily
[2017.05.24-15.04.00:936][652]LogWorld: Bringing up level for play took: 0.007619
[2017.05.24-15.04.00:954][652]PIE: Info Play in editor start time for /Game/2DSideScrollerCPP/Maps/UEDPIE_0_2DSideScrollerExampleMap -0.694
[2017.05.24-15.04.00:955][652]LogBlueprintUserMessages: Late PlayInEditor Detection: Level '/Game/2DSideScrollerCPP/Maps/2DSideScrollerExampleMap.2DSideScrollerExampleMap:PersistentLevel' has LevelScriptBlueprint '/Game/2DSideScrollerCPP/Maps/2DSideScrollerExampleMap.2DSideScrollerExampleMap:PersistentLevel.2DSideScrollerExampleMap' with GeneratedClass '/Game/2DSideScrollerCPP/Maps/2DSideScrollerExampleMap.2DSideScrollerExampleMap_C' with ClassGeneratedBy '/Game/2DSideScrollerCPP/Maps/2DSideScrollerExampleMap.2DSideScrollerExampleMap:PersistentLevel.2DSideScrollerExampleMap'
[2017.05.24-15.04.07:367][914]LogBlueprintUserMessages: Early EndPlayMap Detection: Level '/Game/2DSideScrollerCPP/Maps/2DSideScrollerExampleMap.2DSideScrollerExampleMap:PersistentLevel' has LevelScriptBlueprint '/Game/2DSideScrollerCPP/Maps/2DSideScrollerExampleMap.2DSideScrollerExampleMap:PersistentLevel.2DSideScrollerExampleMap' with GeneratedClass '/Game/2DSideScrollerCPP/Maps/2DSideScrollerExampleMap.2DSideScrollerExampleMap_C' with ClassGeneratedBy '/Game/2DSideScrollerCPP/Maps/2DSideScrollerExampleMap.2DSideScrollerExampleMap:PersistentLevel.2DSideScrollerExampleMap'
[2017.05.24-15.04.07:454][914]LogBlueprintUserMessages: Late EndPlayMap Detection: Level '/Game/2DSideScrollerCPP/Maps/2DSideScrollerExampleMap.2DSideScrollerExampleMap:PersistentLevel' has LevelScriptBlueprint '/Game/2DSideScrollerCPP/Maps/2DSideScrollerExampleMap.2DSideScrollerExampleMap:PersistentLevel.2DSideScrollerExampleMap' with GeneratedClass '/Game/2DSideScrollerCPP/Maps/2DSideScrollerExampleMap.2DSideScrollerExampleMap_C' with ClassGeneratedBy '/Game/2DSideScrollerCPP/Maps/2DSideScrollerExampleMap.2DSideScrollerExampleMap:PersistentLevel.2DSideScrollerExampleMap'
[2017.05.24-15.04.07:490][914]LogParticles: Destroying 0 GPU particle simulations for FXSystem 0x0000023024861BC0
[2017.05.24-15.04.20:320][427]LogBlueprintUserMessages: Early PlayInEditor Detection: Level '/Game/2DSideScrollerCPP/Maps/2DSideScrollerExampleMap.2DSideScrollerExampleMap:PersistentLevel' has LevelScriptBlueprint '/Game/2DSideScrollerCPP/Maps/2DSideScrollerExampleMap.2DSideScrollerExampleMap:PersistentLevel.2DSideScrollerExampleMap' with GeneratedClass '/Game/2DSideScrollerCPP/Maps/2DSideScrollerExampleMap.2DSideScrollerExampleMap_C' with ClassGeneratedBy '/Game/2DSideScrollerCPP/Maps/2DSideScrollerExampleMap.2DSideScrollerExampleMap:PersistentLevel.2DSideScrollerExampleMap'
[2017.05.24-15.04.20:320][427]LogPlayLevel: PlayLevel: No blueprints needed recompiling
[2017.05.24-15.04.20:321][427]PIE: New page: PIE session: 2DSideScrollerExampleMap (May 24, 2017, 3:04:20 AM)
[2017.05.24-15.04.20:322][427]LogPlayLevel: Creating play world package: /Game/2DSideScrollerCPP/Maps/UEDPIE_0_2DSideScrollerExampleMap
[2017.05.24-15.04.20:335][427]LogPlayLevel: PIE: StaticDuplicateObject took: (0.013578s)
[2017.05.24-15.04.20:337][427]LogAIModule: Creating AISystem for world 2DSideScrollerExampleMap
[2017.05.24-15.04.20:338][427]LogPlayLevel: PIE: World Init took: (0.002526s)
[2017.05.24-15.04.20:338][427]LogPlayLevel: PIE: Created PIE world by copying editor world from /Game/2DSideScrollerCPP/Maps/2DSideScrollerExampleMap.2DSideScrollerExampleMap to /Game/2DSideScrollerCPP/Maps/UEDPIE_0_2DSideScrollerExampleMap.2DSideScrollerExampleMap (0.016786s)
[2017.05.24-15.04.20:390][427]LogInit: XAudio2 using 'Speakers / Headphones (Realtek High Definition Audio)' : 2 channels at 48 kHz using 32 bits per sample (channel mask 0x3)
[2017.05.24-15.04.20:410][427]LogInit: FAudioDevice initialized.
[2017.05.24-15.04.20:448][427]LogWorld: Game class is 'ProjectGameMode'
[2017.05.24-15.04.20:456][427]LogWorld: Bringing World /Game/2DSideScrollerCPP/Maps/UEDPIE_0_2DSideScrollerExampleMap.2DSideScrollerExampleMap up for play (max tick rate 60) at 2017.05.24-09.04.20
[2017.05.24-15.04.20:456][427]LogActor:Warning: GameSession /Game/2DSideScrollerCPP/Maps/UEDPIE_0_2DSideScrollerExampleMap.2DSideScrollerExampleMap:PersistentLevel.GameSession_2 has natively added scene component(s), but none of them were set as the actor's RootComponent - picking one arbitrarily
[2017.05.24-15.04.20:456][427]LogActor:Warning: GameNetworkManager /Game/2DSideScrollerCPP/Maps/UEDPIE_0_2DSideScrollerExampleMap.2DSideScrollerExampleMap:PersistentLevel.GameNetworkManager_2 has natively added scene component(s), but none of them were set as the actor's RootComponent - picking one arbitrarily
[2017.05.24-15.04.20:457][427]LogWorld: Bringing up level for play took: 0.007921
[2017.05.24-15.04.20:458][427]PIE: Info Play in editor start time for /Game/2DSideScrollerCPP/Maps/UEDPIE_0_2DSideScrollerExampleMap 0.809
[2017.05.24-15.04.20:458][427]LogBlueprintUserMessages: Late PlayInEditor Detection: Level '/Game/2DSideScrollerCPP/Maps/2DSideScrollerExampleMap.2DSideScrollerExampleMap:PersistentLevel' has LevelScriptBlueprint '/Game/2DSideScrollerCPP/Maps/2DSideScrollerExampleMap.2DSideScrollerExampleMap:PersistentLevel.2DSideScrollerExampleMap' with GeneratedClass '/Game/2DSideScrollerCPP/Maps/2DSideScrollerExampleMap.2DSideScrollerExampleMap_C' with ClassGeneratedBy '/Game/2DSideScrollerCPP/Maps/2DSideScrollerExampleMap.2DSideScrollerExampleMap:PersistentLevel.2DSideScrollerExampleMap'
[2017.05.24-15.04.26:707][705]LogBlueprintUserMessages: Early EndPlayMap Detection: Level '/Game/2DSideScrollerCPP/Maps/2DSideScrollerExampleMap.2DSideScrollerExampleMap:PersistentLevel' has LevelScriptBlueprint '/Game/2DSideScrollerCPP/Maps/2DSideScrollerExampleMap.2DSideScrollerExampleMap:PersistentLevel.2DSideScrollerExampleMap' with GeneratedClass '/Game/2DSideScrollerCPP/Maps/2DSideScrollerExampleMap.2DSideScrollerExampleMap_C' with ClassGeneratedBy '/Game/2DSideScrollerCPP/Maps/2DSideScrollerExampleMap.2DSideScrollerExampleMap:PersistentLevel.2DSideScrollerExampleMap'
[2017.05.24-15.04.26:779][705]LogBlueprintUserMessages: Late EndPlayMap Detection: Level '/Game/2DSideScrollerCPP/Maps/2DSideScrollerExampleMap.2DSideScrollerExampleMap:PersistentLevel' has LevelScriptBlueprint '/Game/2DSideScrollerCPP/Maps/2DSideScrollerExampleMap.2DSideScrollerExampleMap:PersistentLevel.2DSideScrollerExampleMap' with GeneratedClass '/Game/2DSideScrollerCPP/Maps/2DSideScrollerExampleMap.2DSideScrollerExampleMap_C' with ClassGeneratedBy '/Game/2DSideScrollerCPP/Maps/2DSideScrollerExampleMap.2DSideScrollerExampleMap:PersistentLevel.2DSideScrollerExampleMap'
[2017.05.24-15.04.26:836][706]LogParticles: Destroying 0 GPU particle simulations for FXSystem 0x0000023023424FE0
[2017.05.24-15.04.33:479][911]LogEditorViewport: Clicking on Actor (LMB): ProjectCharacter (TP_2DSideScrollerCharacter)
[2017.05.24-15.05.06:164][566]LogBlueprintUserMessages: Early PlayInEditor Detection: Level '/Game/2DSideScrollerCPP/Maps/2DSideScrollerExampleMap.2DSideScrollerExampleMap:PersistentLevel' has LevelScriptBlueprint '/Game/2DSideScrollerCPP/Maps/2DSideScrollerExampleMap.2DSideScrollerExampleMap:PersistentLevel.2DSideScrollerExampleMap' with GeneratedClass '/Game/2DSideScrollerCPP/Maps/2DSideScrollerExampleMap.2DSideScrollerExampleMap_C' with ClassGeneratedBy '/Game/2DSideScrollerCPP/Maps/2DSideScrollerExampleMap.2DSideScrollerExampleMap:PersistentLevel.2DSideScrollerExampleMap'
[2017.05.24-15.05.06:165][566]LogPlayLevel: PlayLevel: No blueprints needed recompiling
[2017.05.24-15.05.06:165][566]PIE: New page: PIE session: 2DSideScrollerExampleMap (May 24, 2017, 3:05:06 AM)
[2017.05.24-15.05.06:165][566]LogPlayLevel: Creating play world package: /Game/2DSideScrollerCPP/Maps/UEDPIE_0_2DSideScrollerExampleMap
[2017.05.24-15.05.06:171][566]LogPlayLevel: PIE: StaticDuplicateObject took: (0.005923s)
[2017.05.24-15.05.06:172][566]LogAIModule: Creating AISystem for world 2DSideScrollerExampleMap
[2017.05.24-15.05.06:172][566]LogPlayLevel: PIE: World Init took: (0.000816s)
[2017.05.24-15.05.06:172][566]LogPlayLevel: PIE: Created PIE world by copying editor world from /Game/2DSideScrollerCPP/Maps/2DSideScrollerExampleMap.2DSideScrollerExampleMap to /Game/2DSideScrollerCPP/Maps/UEDPIE_0_2DSideScrollerExampleMap.2DSideScrollerExampleMap (0.006999s)
[2017.05.24-15.05.06:312][566]LogInit: XAudio2 using 'Speakers / Headphones (Realtek High Definition Audio)' : 2 channels at 48 kHz using 32 bits per sample (channel mask 0x3)
[2017.05.24-15.05.06:343][566]LogInit: FAudioDevice initialized.
[2017.05.24-15.05.06:400][566]LogWorld: Game class is 'ProjectGameMode'
[2017.05.24-15.05.06:415][566]LogWorld: Bringing World /Game/2DSideScrollerCPP/Maps/UEDPIE_0_2DSideScrollerExampleMap.2DSideScrollerExampleMap up for play (max tick rate 60) at 2017.05.24-09.05.06
[2017.05.24-15.05.06:415][566]LogActor:Warning: GameSession /Game/2DSideScrollerCPP/Maps/UEDPIE_0_2DSideScrollerExampleMap.2DSideScrollerExampleMap:PersistentLevel.GameSession_3 has natively added scene component(s), but none of them were set as the actor's RootComponent - picking one arbitrarily
[2017.05.24-15.05.06:416][566]LogActor:Warning: GameNetworkManager /Game/2DSideScrollerCPP/Maps/UEDPIE_0_2DSideScrollerExampleMap.2DSideScrollerExampleMap:PersistentLevel.GameNetworkManager_3 has natively added scene component(s), but none of them were set as the actor's RootComponent - picking one arbitrarily
[2017.05.24-15.05.06:416][566]LogWorld: Bringing up level for play took: 0.014605
[2017.05.24-15.05.06:418][566]PIE: Info Play in editor start time for /Game/2DSideScrollerCPP/Maps/UEDPIE_0_2DSideScrollerExampleMap 0.769
[2017.05.24-15.05.06:418][566]LogBlueprintUserMessages: Late PlayInEditor Detection: Level '/Game/2DSideScrollerCPP/Maps/2DSideScrollerExampleMap.2DSideScrollerExampleMap:PersistentLevel' has LevelScriptBlueprint '/Game/2DSideScrollerCPP/Maps/2DSideScrollerExampleMap.2DSideScrollerExampleMap:PersistentLevel.2DSideScrollerExampleMap' with GeneratedClass '/Game/2DSideScrollerCPP/Maps/2DSideScrollerExampleMap.2DSideScrollerExampleMap_C' with ClassGeneratedBy '/Game/2DSideScrollerCPP/Maps/2DSideScrollerExampleMap.2DSideScrollerExampleMap:PersistentLevel.2DSideScrollerExampleMap'
[2017.05.24-15.05.07:978][633]LogBlueprintUserMessages: Early EndPlayMap Detection: Level '/Game/2DSideScrollerCPP/Maps/2DSideScrollerExampleMap.2DSideScrollerExampleMap:PersistentLevel' has LevelScriptBlueprint '/Game/2DSideScrollerCPP/Maps/2DSideScrollerExampleMap.2DSideScrollerExampleMap:PersistentLevel.2DSideScrollerExampleMap' with GeneratedClass '/Game/2DSideScrollerCPP/Maps/2DSideScrollerExampleMap.2DSideScrollerExampleMap_C' with ClassGeneratedBy '/Game/2DSideScrollerCPP/Maps/2DSideScrollerExampleMap.2DSideScrollerExampleMap:PersistentLevel.2DSideScrollerExampleMap'
[2017.05.24-15.05.08:157][633]LogBlueprintUserMessages: Late EndPlayMap Detection: Level '/Game/2DSideScrollerCPP/Maps/2DSideScrollerExampleMap.2DSideScrollerExampleMap:PersistentLevel' has LevelScriptBlueprint '/Game/2DSideScrollerCPP/Maps/2DSideScrollerExampleMap.2DSideScrollerExampleMap:PersistentLevel.2DSideScrollerExampleMap' with GeneratedClass '/Game/2DSideScrollerCPP/Maps/2DSideScrollerExampleMap.2DSideScrollerExampleMap_C' with ClassGeneratedBy '/Game/2DSideScrollerCPP/Maps/2DSideScrollerExampleMap.2DSideScrollerExampleMap:PersistentLevel.2DSideScrollerExampleMap'
[2017.05.24-15.05.08:185][633]LogParticles: Destroying 0 GPU particle simulations for FXSystem 0x0000023024862340
[2017.05.24-15.07.50:676][613]LogSavePackage: Save=274.120453ms
[2017.05.24-15.07.50:676][613]LogSavePackage: Moving '../../../../../../Users/Jacob/Documents/GitHub/Project2/Project/Saved/2DSideScrollerExampleMap_Auto1D7A05B694B4C9AC61CF662A17A4C6C9A.tmp' to '../../../../../../Users/Jacob/Documents/GitHub/Project2/Project/Saved/Autosaves/Game/2DSideScrollerCPP/Maps/2DSideScrollerExampleMap_Auto1.umap'
[2017.05.24-15.07.50:696][613]LogSavePackage: Total save time: 416.698277ms
[2017.05.24-15.07.50:696][613]LogSavePackage:Warning: Finished SavePackage ../../../../../../Users/Jacob/Documents/GitHub/Project2/Project/Saved/Autosaves/Game/2DSideScrollerCPP/Maps/2DSideScrollerExampleMap_Auto1.umap
[2017.05.24-15.07.50:702][613]LogFileHelpers: Editor autosave (incl. sublevels) for '/Game/2DSideScrollerCPP/Maps/2DSideScrollerExampleMap' took 0.546
[2017.05.24-15.07.50:702][613]LogFileHelpers: Editor autosave (incl. sublevels) for all levels took 0.546
[2017.05.24-15.07.57:720][983]LogSavePackage: Save=132.285461ms
[2017.05.24-15.07.57:721][983]LogSavePackage: Moving '../../../../../../Users/Jacob/Documents/GitHub/Project2/Project/Saved/2DSideScrollerExampleMap1B38F28F44BE6493BA861FA73514E168.tmp' to '../../../../../../Users/Jacob/Documents/GitHub/Project2/Project/Content/2DSideScrollerCPP/Maps/2DSideScrollerExampleMap.umap'
[2017.05.24-15.07.57:730][983]LogSavePackage: Total save time: 149.625141ms
[2017.05.24-15.07.57:731][983]LogSavePackage:Warning: Finished SavePackage ../../../../../../Users/Jacob/Documents/GitHub/Project2/Project/Content/2DSideScrollerCPP/Maps/2DSideScrollerExampleMap.umap
[2017.05.24-15.08.03:582][276]LogWindowsTextInputMethodSystem:Display: IME system now deactivated.
[2017.05.24-15.08.03:583][276]LogWindowsTextInputMethodSystem:Display: IME system now deactivated.
[2017.05.24-15.08.04:262][277]Cmd: QUIT_EDITOR
[2017.05.24-15.08.05:915][277]LogExit: Preparing to exit.
[2017.05.24-15.08.07:907][277]LogExit: Editor shut down
[2017.05.24-15.08.07:910][277]LogExit: Transaction tracking system shut down
[2017.05.24-15.08.07:988][277]LogParticles: Destroying 0 GPU particle simulations for FXSystem 0x000002300BEB1080
[2017.05.24-15.08.07:988][277]LogParticles: Destroying 0 GPU particle simulations for FXSystem 0x000002307DA75A80
[2017.05.24-15.08.07:989][277]LogParticles: Destroying 0 GPU particle simulations for FXSystem 0x0000023020591940
[2017.05.24-15.08.09:923][277]LogExit: Object subsystem successfully closed.
[2017.05.24-15.08.10:194][277]LogD3D11RHI: Shutdown
[2017.05.24-15.08.10:194][277]LogD3D11RHI: CleanupD3DDevice
[2017.05.24-15.08.10:543][277]LogD3D11RHI: ~FD3D11DynamicRHI
[2017.05.24-15.08.11:293][277]LogModuleManager: Shutting down and abandoning module CrashTracker (198)
[2017.05.24-15.08.11:293][277]LogModuleManager: Shutting down and abandoning module SceneOutliner (197)
[2017.05.24-15.08.11:293][277]LogModuleManager: Shutting down and abandoning module SuperSearch (196)
[2017.05.24-15.08.11:293][277]LogModuleManager: Shutting down and abandoning module WidgetCarousel (195)
[2017.05.24-15.08.11:293][277]LogModuleManager: Shutting down and abandoning module AddContentDialog (194)
[2017.05.24-15.08.11:341][277]LogModuleManager: Shutting down and abandoning module EditorWidgets (193)
[2017.05.24-15.08.11:341][277]LogModuleManager: Shutting down and abandoning module CollectionManager (192)
[2017.05.24-15.08.11:345][277]LogModuleManager: Shutting down and abandoning module StatsViewer (191)
[2017.05.24-15.08.11:372][277]LogModuleManager: Shutting down and abandoning module FoliageEdit (190)
[2017.05.24-15.08.11:391][277]LogModuleManager: Shutting down and abandoning module LandscapeEditor (189)
[2017.05.24-15.08.11:406][277]LogModuleManager: Shutting down and abandoning module ActorPickerMode (188)
[2017.05.24-15.08.11:406][277]LogModuleManager: Shutting down and abandoning module GeometryMode (187)
[2017.05.24-15.08.11:406][277]LogModuleManager: Shutting down and abandoning module TextureAlignMode (186)
[2017.05.24-15.08.11:406][277]LogModuleManager: Shutting down and abandoning module BspMode (185)
[2017.05.24-15.08.11:406][277]LogModuleManager: Shutting down and abandoning module PlacementMode (184)
[2017.05.24-15.08.11:406][277]LogModuleManager: Shutting down and abandoning module AutomationWorker (183)
[2017.05.24-15.08.11:415][277]LogModuleManager: Shutting down and abandoning module CharacterAI (182)
[2017.05.24-15.08.11:416][277]LogModuleManager: Shutting down and abandoning module SmartSnapping (181)
[2017.05.24-15.08.11:416][277]LogModuleManager: Shutting down and abandoning module ViewportSnapping (180)
[2017.05.24-15.08.11:416][277]LogModuleManager: Shutting down and abandoning module LogVisualizer (179)
[2017.05.24-15.08.11:434][277]LogModuleManager: Shutting down and abandoning module GameProjectGeneration (178)
[2017.05.24-15.08.11:449][277]LogModuleManager: Shutting down and abandoning module IntroTutorials (177)
[2017.05.24-15.08.11:486][277]LogModuleManager: Shutting down and abandoning module EditorLiveStreaming (176)
[2017.05.24-15.08.11:486][277]LogModuleManager: Shutting down and abandoning module IOSPlatformEditor (175)
[2017.05.24-15.08.11:492][277]LogModuleManager: Shutting down and abandoning module HTML5PlatformEditor (174)
[2017.05.24-15.08.11:492][277]LogModuleManager: Shutting down and abandoning module AndroidDeviceDetection (173)
[2017.05.24-15.08.12:468][277]LogModuleManager: Shutting down and abandoning module AndroidPlatformEditor (172)
[2017.05.24-15.08.12:468][277]LogModuleManager: Shutting down and abandoning module IOSRuntimeSettings (171)
[2017.05.24-15.08.12:468][277]LogModuleManager: Shutting down and abandoning module AndroidRuntimeSettings (170)
[2017.05.24-15.08.12:469][277]LogModuleManager: Shutting down and abandoning module MergeActors (169)
[2017.05.24-15.08.12:498][277]LogModuleManager: Shutting down and abandoning module SizeMap (168)
[2017.05.24-15.08.12:498][277]LogModuleManager: Shutting down and abandoning module TreeMap (167)
[2017.05.24-15.08.12:504][277]LogModuleManager: Shutting down and abandoning module ReferenceViewer (166)
[2017.05.24-15.08.12:504][277]LogModuleManager: Shutting down and abandoning module LocalizationService (165)
[2017.05.24-15.08.12:513][277]LogModuleManager: Shutting down and abandoning module LocalizationDashboard (164)
[2017.05.24-15.08.12:522][277]LogModuleManager: Shutting down and abandoning module HardwareTargeting (163)
[2017.05.24-15.08.12:522][277]LogModuleManager: Shutting down and abandoning module DeviceProfileEditor (162)
[2017.05.24-15.08.12:523][277]LogModuleManager: Shutting down and abandoning module UndoHistory (161)
[2017.05.24-15.08.12:534][277]LogModuleManager: Shutting down and abandoning module GameplayTagsEditor (160)
[2017.05.24-15.08.12:534][277]LogModuleManager: Shutting down and abandoning module UserFeedback (159)
[2017.05.24-15.08.12:534][277]LogModuleManager: Shutting down and abandoning module XmlParser (158)
[2017.05.24-15.08.12:546][277]LogModuleManager: Shutting down and abandoning module Blutility (157)
[2017.05.24-15.08.12:547][277]LogModuleManager: Shutting down and abandoning module ProjectTargetPlatformEditor (156)
[2017.05.24-15.08.12:560][277]LogModuleManager: Shutting down and abandoning module ProjectSettingsViewer (155)
[2017.05.24-15.08.12:560][277]LogModuleManager: Shutting down and abandoning module InputBindingEditor (154)
[2017.05.24-15.08.12:566][277]LogModuleManager: Shutting down and abandoning module EditorSettingsViewer (153)
[2017.05.24-15.08.12:567][277]LogModuleManager: Shutting down and abandoning module SettingsEditor (152)
[2017.05.24-15.08.12:584][277]LogModuleManager: Shutting down and abandoning module ProjectLauncher (151)
[2017.05.24-15.08.12:610][277]LogModuleManager: Shutting down and abandoning module SessionFrontend (150)
[2017.05.24-15.08.12:619][277]LogModuleManager: Shutting down and abandoning module ProfilerClient (149)
[2017.05.24-15.08.12:629][277]LogModuleManager: Shutting down and abandoning module TargetDeviceServices (148)
[2017.05.24-15.08.12:639][277]LogModuleManager: Shutting down and abandoning module DeviceManager (147)
[2017.05.24-15.08.12:644][277]LogModuleManager: Shutting down and abandoning module AutomationController (146)
[2017.05.24-15.08.12:651][277]LogModuleManager: Shutting down and abandoning module AutomationWindow (145)
[2017.05.24-15.08.12:663][277]LogModuleManager: Shutting down and abandoning module Layers (144)
[2017.05.24-15.08.12:778][277]LogModuleManager: Shutting down and abandoning module ComponentVisualizers (143)
[2017.05.24-15.08.12:778][277]LogModuleManager: Shutting down and abandoning module DetailCustomizations (142)
[2017.05.24-15.08.12:795][277]LogModuleManager: Shutting down and abandoning module PackagesDialog (141)
[2017.05.24-15.08.12:796][277]LogModuleManager: Shutting down and abandoning module Persona (140)
[2017.05.24-15.08.12:817][277]LogModuleManager: Shutting down and abandoning module Kismet (139)
[2017.05.24-15.08.12:824][277]LogModuleManager: Shutting down and abandoning module GraphEditor (138)
[2017.05.24-15.08.12:853][277]LogModuleManager: Shutting down and abandoning module ClassViewer (137)
[2017.05.24-15.08.12:857][277]LogModuleManager: Shutting down and abandoning module Toolbox (136)
[2017.05.24-15.08.12:857][277]LogModuleManager: Shutting down and abandoning module ModuleUI (135)
[2017.05.24-15.08.12:866][277]LogModuleManager: Shutting down and abandoning module MovieSceneTools (134)
[2017.05.24-15.08.12:866][277]LogModuleManager: Shutting down and abandoning module OutputLog (133)
[2017.05.24-15.08.12:876][277]LogModuleManager: Shutting down and abandoning module GammaUI (132)
[2017.05.24-15.08.12:888][277]LogModuleManager: Shutting down and abandoning module Documentation (131)
[2017.05.24-15.08.12:888][277]LogModuleManager: Shutting down and abandoning module GameLiveStreaming (130)
[2017.05.24-15.08.12:896][277]LogModuleManager: Shutting down and abandoning module StreamingPauseRendering (129)
[2017.05.24-15.08.12:905][277]LogModuleManager: Shutting down and abandoning module AnalyticsET (128)
[2017.05.24-15.08.12:905][277]LogModuleManager: Shutting down and abandoning module Analytics (127)
[2017.05.24-15.08.12:905][277]LogModuleManager: Shutting down and abandoning module AITestSuite (126)
[2017.05.24-15.08.12:912][277]LogModuleManager: Shutting down and abandoning module GameplayDebugger (125)
[2017.05.24-15.08.12:912][277]LogModuleManager: Shutting down and abandoning module AIModule (124)
[2017.05.24-15.08.12:912][277]LogModuleManager: Shutting down and abandoning module ProfilerService (123)
[2017.05.24-15.08.13:136][277]LogModuleManager: Shutting down and abandoning module TaskGraph (122)
[2017.05.24-15.08.13:157][277]LogModuleManager: Shutting down and abandoning module SlateRemote (121)
[2017.05.24-15.08.13:158][277]LogModuleManager: Shutting down and abandoning module SteamVRController (120)
[2017.05.24-15.08.13:158][277]LogModuleManager: Shutting down and abandoning module SteamVR (119)
[2017.05.24-15.08.13:158][277]LogModuleManager: Shutting down and abandoning module ProceduralMeshComponent (118)
[2017.05.24-15.08.13:158][277]LogModuleManager: Shutting down and abandoning module OculusRift (117)
[2017.05.24-15.08.13:158][277]LogModuleManager: Shutting down and abandoning module OculusLibrary (116)
[2017.05.24-15.08.13:158][277]LogModuleManager: Shutting down and abandoning module LeapMotionController (115)
[2017.05.24-15.08.13:267][277]LogModuleManager: Shutting down and abandoning module CustomMeshComponent (114)
[2017.05.24-15.08.13:272][277]LogModuleManager: Shutting down and abandoning module CableComponent (113)
[2017.05.24-15.08.13:272][277]LogModuleManager: Shutting down and abandoning module ArchVisCharacter (112)
[2017.05.24-15.08.13:272][277]LogModuleManager: Shutting down and abandoning module MessagingDebugger (111)
[2017.05.24-15.08.13:289][277]LogModuleManager: Shutting down and abandoning module MediaPlayerEditor (110)
[2017.05.24-15.08.13:311][277]LogModuleManager: Shutting down and abandoning module HTML5Networking (109)
[2017.05.24-15.08.13:312][277]LogModuleManager: Shutting down and abandoning module SpeedTreeImporter (108)
[2017.05.24-15.08.13:312][277]LogModuleManager: Shutting down and abandoning module PluginBrowser (107)
[2017.05.24-15.08.13:335][277]LogModuleManager: Shutting down and abandoning module EpicSurvey (106)
[2017.05.24-15.08.13:335][277]LogModuleManager: Shutting down and abandoning module DesktopPlatform (105)
[2017.05.24-15.08.13:345][277]LogModuleManager: Shutting down and abandoning module VisualStudioSourceCodeAccess (104)
[2017.05.24-15.08.13:345][277]LogModuleManager: Shutting down and abandoning module UObjectPlugin (103)
[2017.05.24-15.08.13:345][277]LogModuleManager: Shutting down and abandoning module SubversionSourceControl (102)
[2017.05.24-15.08.13:351][277]LogModuleManager: Shutting down and abandoning module PerforceSourceControl (101)
[2017.05.24-15.08.13:361][277]LogModuleManager: Shutting down and abandoning module SourceControl (100)
[2017.05.24-15.08.13:370][277]LogModuleManager: Shutting down and abandoning module GitSourceControl (99)
[2017.05.24-15.08.13:380][277]LogModuleManager: Shutting down and abandoning module LightPropagationVolumeEditor (98)
[2017.05.24-15.08.13:381][277]LogModuleManager: Shutting down and abandoning module PaperTiledImporter (97)
[2017.05.24-15.08.13:391][277]LogModuleManager: Shutting down and abandoning module PaperSpriteSheetImporter (96)
[2017.05.24-15.08.13:405][277]LogModuleManager: Shutting down and abandoning module MeshPaint (95)
[2017.05.24-15.08.13:412][277]LogModuleManager: Shutting down and abandoning module SlateReflector (94)
[2017.05.24-15.08.13:427][277]LogModuleManager: Shutting down and abandoning module HotReload (93)
[2017.05.24-15.08.13:427][277]LogModuleManager: Shutting down and abandoning module MainFrame (92)
[2017.05.24-15.08.13:427][277]LogModuleManager: Shutting down and abandoning module LevelEditor (91)
[2017.05.24-15.08.13:445][277]LogModuleManager: Shutting down and abandoning module DirectoryWatcher (90)
[2017.05.24-15.08.13:470][277]LogModuleManager: Shutting down and abandoning module AssetRegistry (89)
[2017.05.24-15.08.13:575][277]LogModuleManager: Shutting down and abandoning module ContentBrowser (88)
[2017.05.24-15.08.13:576][277]LogModuleManager: Shutting down and abandoning module Paper2DEditor (87)
[2017.05.24-15.08.13:656][277]LogModuleManager: Shutting down and abandoning module Project (86)
[2017.05.24-15.08.13:656][277]LogModuleManager: Shutting down and abandoning module UdpMessaging (85)
[2017.05.24-15.08.13:756][277]LogModuleManager: Shutting down and abandoning module LightPropagationVolumeRuntime (84)
[2017.05.24-15.08.13:756][277]LogModuleManager: Shutting down and abandoning module Paper2D (83)
[2017.05.24-15.08.13:777][277]LogModuleManager: Shutting down and abandoning module WindowsMoviePlayer (82)
[2017.05.24-15.08.13:806][277]LogModuleManager: Shutting down and abandoning module Media (81)
[2017.05.24-15.08.13:806][277]LogModuleManager: Shutting down and abandoning module WmfMedia (80)
[2017.05.24-15.08.13:809][277]LogModuleManager: Shutting down and abandoning module OnlineBlueprintSupport (79)
[2017.05.24-15.08.13:809][277]LogModuleManager: Shutting down and abandoning module GameplayTasksEditor (78)
[2017.05.24-15.08.13:809][277]LogModuleManager: Shutting down and abandoning module PropertyEditor (77)
[2017.05.24-15.08.13:810][277]LogModuleManager: Shutting down and abandoning module BehaviorTreeEditor (76)
[2017.05.24-15.08.13:835][277]LogModuleManager: Shutting down and abandoning module FunctionalTesting (75)
[2017.05.24-15.08.13:835][277]LogModuleManager: Shutting down and abandoning module CollisionAnalyzer (74)
[2017.05.24-15.08.13:852][277]LogModuleManager: Shutting down and abandoning module WorkspaceMenuStructure (73)
[2017.05.24-15.08.13:852][277]LogModuleManager: Shutting down and abandoning module MessageLog (72)
[2017.05.24-15.08.13:852][277]LogModuleManager: Shutting down and abandoning module Sequencer (71)
[2017.05.24-15.08.13:877][277]LogModuleManager: Shutting down and abandoning module AssetTools (70)
[2017.05.24-15.08.13:908][277]LogModuleManager: Shutting down and abandoning module UMGEditor (69)
[2017.05.24-15.08.13:952][277]LogModuleManager: Shutting down and abandoning module UMG (68)
[2017.05.24-15.08.13:964][277]LogModuleManager: Shutting down and abandoning module Slate (67)
[2017.05.24-15.08.13:965][277]LogModuleManager: Shutting down and abandoning module EditorStyle (66)
[2017.05.24-15.08.13:977][277]LogModuleManager: Shutting down and abandoning module SessionServices (65)
[2017.05.24-15.08.13:977][277]LogModuleManager: Shutting down and abandoning module SourceCodeAccess (64)
[2017.05.24-15.08.13:978][277]LogModuleManager: Shutting down and abandoning module HeadMountedDisplay (63)
[2017.05.24-15.08.13:978][277]LogModuleManager: Shutting down and abandoning module XAudio2 (62)
[2017.05.24-15.08.13:978][277]LogModuleManager: Shutting down and abandoning module Networking (60)
[2017.05.24-15.08.13:978][277]LogModuleManager: Shutting down and abandoning module Core (59)
[2017.05.24-15.08.13:978][277]LogModuleManager: Shutting down and abandoning module KismetCompiler (58)
[2017.05.24-15.08.13:978][277]LogModuleManager: Shutting down and abandoning module PhysXFormats (57)
[2017.05.24-15.08.13:984][277]LogModuleManager: Shutting down and abandoning module MeshUtilities (56)
[2017.05.24-15.08.14:073][277]LogModuleManager: Shutting down and abandoning module CookingStats (55)
[2017.05.24-15.08.14:075][277]LogModuleManager: Shutting down and abandoning module DerivedDataCache (54)
[2017.05.24-15.08.14:169][277]LogDerivedDataCache: Shutdown
[2017.05.24-15.08.14:169][277]LogModuleManager: Shutting down and abandoning module ShaderFormatOpenGL (53)
[2017.05.24-15.08.14:180][277]LogModuleManager: Shutting down and abandoning module ShaderFormatD3D (52)
[2017.05.24-15.08.14:189][277]LogModuleManager: Shutting down and abandoning module MetalShaderFormat (51)
[2017.05.24-15.08.14:199][277]LogModuleManager: Shutting down and abandoning module TextureFormatUncompressed (50)
[2017.05.24-15.08.14:199][277]LogModuleManager: Shutting down and abandoning module TextureFormatPVR (49)
[2017.05.24-15.08.14:213][277]LogModuleManager: Shutting down and abandoning module TextureFormatIntelISPCTexComp (48)
[2017.05.24-15.08.14:220][277]LogModuleManager: Shutting down and abandoning module TextureFormatDXT (47)
[2017.05.24-15.08.14:223][277]LogModuleManager: Shutting down and abandoning module ImageWrapper (46)
[2017.05.24-15.08.14:223][277]LogModuleManager: Shutting down and abandoning module TextureFormatASTC (45)
[2017.05.24-15.08.14:223][277]LogModuleManager: Shutting down and abandoning module TextureFormatAndroid (44)
[2017.05.24-15.08.14:223][277]LogModuleManager: Shutting down and abandoning module AudioFormatOpus (43)
[2017.05.24-15.08.14:236][277]LogModuleManager: Shutting down and abandoning module AudioFormatOgg (42)
[2017.05.24-15.08.14:250][277]LogModuleManager: Shutting down and abandoning module AudioFormatADPCM (41)
[2017.05.24-15.08.14:262][277]LogModuleManager: Shutting down and abandoning module LinuxTargetPlatform (40)
[2017.05.24-15.08.14:263][277]LogModuleManager: Shutting down and abandoning module LinuxServerTargetPlatform (39)
[2017.05.24-15.08.14:272][277]LogModuleManager: Shutting down and abandoning module LinuxNoEditorTargetPlatform (38)
[2017.05.24-15.08.14:281][277]LogModuleManager: Shutting down and abandoning module Messaging (37)
[2017.05.24-15.08.14:281][277]LogModuleManager: Shutting down and abandoning module IOSTargetPlatform (36)
[2017.05.24-15.08.14:281][277]LogModuleManager: Shutting down and abandoning module HTML5TargetPlatform (35)
[2017.05.24-15.08.14:281][277]LogModuleManager: Shutting down and abandoning module Android_PVRTCTargetPlatform (34)
[2017.05.24-15.08.14:295][277]LogModuleManager: Shutting down and abandoning module Android_ETC2TargetPlatform (33)
[2017.05.24-15.08.14:305][277]LogModuleManager: Shutting down and abandoning module Android_ETC1TargetPlatform (32)
[2017.05.24-15.08.14:314][277]LogModuleManager: Shutting down and abandoning module Android_DXTTargetPlatform (31)
[2017.05.24-15.08.14:324][277]LogModuleManager: Shutting down and abandoning module Android_ATCTargetPlatform (30)
[2017.05.24-15.08.14:333][277]LogModuleManager: Shutting down and abandoning module Android_ASTCTargetPlatform (29)
[2017.05.24-15.08.14:374][277]LogModuleManager: Shutting down and abandoning module AndroidTargetPlatform (28)
[2017.05.24-15.08.14:375][277]LogModuleManager: Shutting down and abandoning module WindowsTargetPlatform (27)
[2017.05.24-15.08.14:376][277]LogModuleManager: Shutting down and abandoning module WindowsServerTargetPlatform (26)
[2017.05.24-15.08.14:385][277]LogModuleManager: Shutting down and abandoning module WindowsNoEditorTargetPlatform (25)
[2017.05.24-15.08.14:392][277]LogModuleManager: Shutting down and abandoning module WindowsClientTargetPlatform (24)
[2017.05.24-15.08.14:402][277]LogModuleManager: Shutting down and abandoning module AllDesktopTargetPlatform (23)
[2017.05.24-15.08.14:409][277]LogModuleManager: Shutting down and abandoning module TargetPlatform (22)
[2017.05.24-15.08.14:409][277]LogModuleManager: Shutting down and abandoning module InputCore (21)
[2017.05.24-15.08.14:409][277]LogModuleManager: Shutting down and abandoning module Settings (20)
[2017.05.24-15.08.14:409][277]LogModuleManager: Shutting down and abandoning module OnlineSubsystem (18)
[2017.05.24-15.08.14:409][277]LogModuleManager: Shutting down and abandoning module HTTP (17)
[2017.05.24-15.08.16:414][277]LogModuleManager: Shutting down and abandoning module XMPP (16)
[2017.05.24-15.08.16:441][277]LogModuleManager: Shutting down and abandoning module ExampleDeviceProfileSelector (15)
[2017.05.24-15.08.16:441][277]LogModuleManager: Shutting down and abandoning module TextureCompressor (14)
[2017.05.24-15.08.16:454][277]LogModuleManager: Shutting down and abandoning module ShaderCore (13)
[2017.05.24-15.08.16:454][277]LogModuleManager: Shutting down and abandoning module Landscape (12)
[2017.05.24-15.08.16:454][277]LogModuleManager: Shutting down and abandoning module SlateRHIRenderer (11)
[2017.05.24-15.08.16:499][277]LogModuleManager: Shutting down and abandoning module OpenGLDrv (10)
[2017.05.24-15.08.16:508][277]LogModuleManager: Shutting down and abandoning module D3D11RHI (9)
[2017.05.24-15.08.16:508][277]LogModuleManager: Shutting down and abandoning module AnimGraphRuntime (8)
[2017.05.24-15.08.16:513][277]LogModuleManager: Shutting down and abandoning module Renderer (7)
[2017.05.24-15.08.16:513][277]LogModuleManager: Shutting down and abandoning module Engine (6)
[2017.05.24-15.08.16:513][277]LogModuleManager: Shutting down and abandoning module CoreUObject (5)
[2017.05.24-15.08.16:513][277]LogModuleManager: Shutting down and abandoning module NetworkFile (4)
[2017.05.24-15.08.16:522][277]LogModuleManager: Shutting down and abandoning module StreamingFile (3)
[2017.05.24-15.08.16:539][277]LogModuleManager: Shutting down and abandoning module SandboxFile (2)
[2017.05.24-15.08.16:552][277]LogModuleManager: Shutting down and abandoning module PakFile (1)
[2017.05.24-15.08.16:574][277]LogExit: Exiting.
[2017.05.24-15.08.16:591][277]Log file closed, 05/24/17 09:08:16
