[2017.05.22-00.40.34:879][  0]Log file open, 05/21/17 18:40:34
[2017.05.22-00.40.34:879][  0]LogInit:Display: Running engine for game: Project
[2017.05.22-00.40.34:879][  0]LogInit:Display: RandInit(-1688669432) SRandInit(-1688669432).
[2017.05.22-00.40.34:879][  0]LogTaskGraph: Started task graph with 4 named threads and 5 total threads.
[2017.05.22-00.40.34:879][  0]LogStats: Stats thread started at 0.064873
[2017.05.22-00.40.34:879][  0]LogInit: Version: 4.9.2-2707645+++depot+UE4-Releases+4.9
[2017.05.22-00.40.34:879][  0]LogInit: API Version: 2672455
[2017.05.22-00.40.34:880][  0]LogInit: Compiled (64-bit): Sep 28 2015 10:25:44
[2017.05.22-00.40.34:880][  0]LogInit: Compiled with Visual C++: 18.00.21005.01
[2017.05.22-00.40.34:880][  0]LogInit: Build Configuration: Development
[2017.05.22-00.40.34:880][  0]LogInit: Branch Name: ++depot+UE4-Releases+4.9
[2017.05.22-00.40.34:880][  0]LogInit: Command line: -EpicPortal 
[2017.05.22-00.40.34:880][  0]LogInit: Base directory: C:/Program Files/Epic Games/UE_4.9/Engine/Binaries/Win64/
[2017.05.22-00.40.34:880][  0]LogInit: Rocket: 1
[2017.05.22-00.40.34:896][  0]LogInit: Using libcurl 7.41.0
[2017.05.22-00.40.34:896][  0]LogInit:  - built for x86_64-pc-win32
[2017.05.22-00.40.34:896][  0]LogInit:  - supports SSL with WinSSL
[2017.05.22-00.40.34:896][  0]LogInit:  - other features:
[2017.05.22-00.40.34:896][  0]LogInit:      CURL_VERSION_SSL
[2017.05.22-00.40.34:896][  0]LogInit:      CURL_VERSION_IPV6
[2017.05.22-00.40.34:896][  0]LogInit:      CURL_VERSION_ASYNCHDNS
[2017.05.22-00.40.34:896][  0]LogInit:      CURL_VERSION_LARGEFILE
[2017.05.22-00.40.34:896][  0]LogInit:      CURL_VERSION_IDN
[2017.05.22-00.40.34:896][  0]LogInit:  CurlRequestOptions (configurable via config and command line):
[2017.05.22-00.40.34:896][  0]LogInit:  - bVerifyPeer = true  - Libcurl will verify peer certificate
[2017.05.22-00.40.34:896][  0]LogInit:  - bUseHttpProxy = false  - Libcurl will NOT use HTTP proxy
[2017.05.22-00.40.34:896][  0]LogInit:  - bDontReuseConnections = false  - Libcurl will reuse connections
[2017.05.22-00.40.34:896][  0]LogInit:  - CertBundlePath = nullptr  - Libcurl will use whatever was configured at build time.
[2017.05.22-00.40.34:908][  0]LogInit: Presizing for 0 objects not considered by GC, pre-allocating 0 bytes.
[2017.05.22-00.40.34:916][  0]LogInit: Object subsystem initialized
[2017.05.22-00.40.34:918][  0]LogInit: Selected Device Profile: [Windows]
[2017.05.22-00.40.34:918][  0]LogInit: Applying CVar settings loaded from the selected device profile: [Windows]
[2017.05.22-00.40.34:928][  0]LogInit: Computer: LAPTOP-CAFDGQ8I
[2017.05.22-00.40.34:928][  0]LogInit: User: ericn
[2017.05.22-00.40.34:928][  0]LogInit: CPU Page size=4096, Cores=2
[2017.05.22-00.40.34:928][  0]LogInit: High frequency timer resolution =2.531250 MHz
[2017.05.22-00.40.34:928][  0]LogMemory: Memory total: Physical=7.9GB (8GB approx)
[2017.05.22-00.40.34:928][  0]LogMemory: Platform Memory Stats for Windows
[2017.05.22-00.40.34:928][  0]LogMemory: Process Physical Memory: 54.57 MB used, 54.57 MB peak
[2017.05.22-00.40.34:928][  0]LogMemory: Process Virtual Memory: 55.29 MB used, 55.29 MB peak
[2017.05.22-00.40.34:928][  0]LogMemory: Physical Memory: 3987.02 MB used, 8056.07 MB total
[2017.05.22-00.40.34:928][  0]LogMemory: Virtual Memory: 369.01 MB used, 134217728.00 MB total
[2017.05.22-00.40.34:970][  0]LogTextLocalizationManager: No specific translations for ('en-US') exist, so ('en') translations will be used.
[2017.05.22-00.40.35:868][  0]LogD3D11RHI: Found D3D11 adapter 0: NVIDIA GeForce GTX 960M (Feature Level 11_0)
[2017.05.22-00.40.35:868][  0]LogD3D11RHI: Adapter has 2018MB of dedicated video memory, 0MB of dedicated system memory, and 4028MB of shared system memory, 1 output[s]
[2017.05.22-00.40.35:876][  0]LogD3D11RHI: Found D3D11 adapter 1: Intel(R) HD Graphics 520 (Feature Level 11_0)
[2017.05.22-00.40.35:876][  0]LogD3D11RHI: Adapter has 128MB of dedicated video memory, 0MB of dedicated system memory, and 4028MB of shared system memory, 0 output[s]
[2017.05.22-00.40.35:878][  0]LogD3D11RHI: Found D3D11 adapter 2: Microsoft Basic Render Driver (Feature Level 11_0)
[2017.05.22-00.40.35:878][  0]LogD3D11RHI: Adapter has 0MB of dedicated video memory, 0MB of dedicated system memory, and 4028MB of shared system memory, 0 output[s]
[2017.05.22-00.40.35:878][  0]LogD3D11RHI: Chosen D3D11 Adapter Id = 0
[2017.05.22-00.40.35:883][  0]LogD3D11RHI: !Direct3DDevice
[2017.05.22-00.40.35:883][  0]LogRHI: Texture pool is 1361 MB (70% of 1945 MB)
[2017.05.22-00.40.35:899][  0]LogD3D11RHI: Async texture creation enabled
[2017.05.22-00.40.35:911][  0]LogShaderCompilers: Guid format shader working directory is 15 characters bigger than the processId version (../../../../../../Users/ericn/OneDrive/Documents/GitHub/Project/Project/Intermediate/Shaders/WorkingDirectory/8744/).
[2017.05.22-00.40.35:912][  0]LogShaderCompilers: Cleaned the shader compiler working directory '../../../../../../Users/ericn/OneDrive/Documents/GitHub/Project/Project/Intermediate/Shaders/tmp/3F95D54C4424D36B1AC8B185EACE48AC/'.
[2017.05.22-00.40.35:912][  0]LogShaderCompilers:Display: Using Local Shader Compiler.
[2017.05.22-00.40.37:010][  0]LogTemp:Display: Loaded TP AllDesktopTargetPlatform
[2017.05.22-00.40.37:016][  0]LogTemp:Display: Loaded TP WindowsClientTargetPlatform
[2017.05.22-00.40.37:022][  0]LogTemp:Display: Loaded TP WindowsNoEditorTargetPlatform
[2017.05.22-00.40.37:027][  0]LogTemp:Display: Loaded TP WindowsServerTargetPlatform
[2017.05.22-00.40.37:032][  0]LogTemp:Display: Loaded TP WindowsTargetPlatform
[2017.05.22-00.40.37:036][  0]LogTemp:Display: Loaded TP AndroidTargetPlatform
[2017.05.22-00.40.37:040][  0]LogTemp:Display: Loaded TP Android_ASTCTargetPlatform
[2017.05.22-00.40.37:044][  0]LogTemp:Display: Loaded TP Android_ATCTargetPlatform
[2017.05.22-00.40.37:048][  0]LogTemp:Display: Loaded TP Android_DXTTargetPlatform
[2017.05.22-00.40.37:052][  0]LogTemp:Display: Loaded TP Android_ETC1TargetPlatform
[2017.05.22-00.40.37:056][  0]LogTemp:Display: Loaded TP Android_ETC2TargetPlatform
[2017.05.22-00.40.37:060][  0]LogTemp:Display: Loaded TP Android_PVRTCTargetPlatform
[2017.05.22-00.40.37:060][  0]LogTemp:Display: Loaded TP HTML5TargetPlatform
[2017.05.22-00.40.37:079][  0]LogTemp:Display: Loaded TP IOSTargetPlatform
[2017.05.22-00.40.37:083][  0]LogTemp:Display: Loaded TP LinuxNoEditorTargetPlatform
[2017.05.22-00.40.37:088][  0]LogTemp:Display: Loaded TP LinuxServerTargetPlatform
[2017.05.22-00.40.37:091][  0]LogTemp:Display: Loaded TP LinuxTargetPlatform
[2017.05.22-00.40.37:091][  0]LogTargetPlatformManager:Display: Building Assets For Windows
[2017.05.22-00.40.37:181][  0]LogDerivedDataCache:Display: Max Cache Size: 512 MB
[2017.05.22-00.40.37:236][  0]LogDerivedDataCache: Loaded boot cache 0.05s 42MB C:/Users/ericn/AppData/Local/UnrealEngine/4.9/DerivedDataCache/Boot.ddc.
[2017.05.22-00.40.37:236][  0]LogDerivedDataCache:Display: Loaded Boot cache: C:/Users/ericn/AppData/Local/UnrealEngine/4.9/DerivedDataCache/Boot.ddc
[2017.05.22-00.40.37:236][  0]LogDerivedDataCache: FDerivedDataBackendGraph:  Pak pak cache file ../../../../../../Users/ericn/OneDrive/Documents/GitHub/Project/Project/DerivedDataCache/DDC.ddp not found, will not use a pak cache.
[2017.05.22-00.40.37:236][  0]LogDerivedDataCache: Unable to find inner node Pak for hierarchical cache Hierarchy.
[2017.05.22-00.40.37:236][  0]LogDerivedDataCache: FDerivedDataBackendGraph:  CompressedPak pak cache file ../../../../../../Users/ericn/OneDrive/Documents/GitHub/Project/Project/DerivedDataCache/Compressed.ddp not found, will not use a pak cache.
[2017.05.22-00.40.37:236][  0]LogDerivedDataCache: Unable to find inner node CompressedPak for hierarchical cache Hierarchy.
[2017.05.22-00.40.37:381][  0]LogDerivedDataCache:Display: Pak cache opened for reading ../../../Engine/DerivedDataCache/Compressed.ddp.
[2017.05.22-00.40.37:393][  0]LogDerivedDataCache: Using Local data cache path C:/Users/ericn/AppData/Local/UnrealEngine/Common/DerivedDataCache: Writable
[2017.05.22-00.40.37:569][  0]LogInit: Selected Device Profile: [Windows]
[2017.05.22-00.40.37:572][  0]LogContentStreaming: Texture pool size is 0.000000MB
[2017.05.22-00.40.37:703][  0]LogMeshUtilities: No automatic mesh reduction module available
[2017.05.22-00.40.37:703][  0]LogMeshUtilities: No automatic mesh merging module available
[2017.05.22-00.40.37:960][  0]LogInit: WinSock: version 1.1 (2.2), MaxSocks=32767, MaxUdp=65467
[2017.05.22-00.40.38:667][  0]UdpMessaging: Initializing bridge on interface 0.0.0.0:0 to multicast group 230.0.0.1:6666.
[2017.05.22-00.40.38:798][  0]LogAssetRegistry: FAssetRegistry took 0.0107 seconds to start up
[2017.05.22-00.40.38:998][  0]SourceControl: Info Source control is disabled
[2017.05.22-00.40.38:999][  0]SourceControl: Info Source control is disabled
[2017.05.22-00.40.39:022][  0]SourceControl: Info Source control is disabled
[2017.05.22-00.40.39:034][  0]SourceControl: Info Source control is disabled
[2017.05.22-00.40.39:181][  0]LogLinker:Warning: Asset '../../../Engine/Plugins/Runtime/LeapMotionController/Content/LM_PassthroughMaterial.uasset' has been saved with empty engine version. The asset will be loaded but may be incompatible.
[2017.05.22-00.40.39:261][  0]LogObj: 28437 objects as part of root set at end of initial load.
[2017.05.22-00.40.39:261][  0]LogUObjectAllocator: 6072528 out of 0 bytes used by permanent object pool.
[2017.05.22-00.40.39:318][  0]LogEngine: Initializing Engine...
[2017.05.22-00.40.39:321][  0]LogHMD: Can't find Oculus library dev build: is proper Runtime installed? Version: 0.7.0.0
[2017.05.22-00.40.39:322][  0]LogHMD: SteamVR failed to initialize.  Err: 110
[2017.05.22-00.40.39:455][  0]LogAIModule: Creating AISystem for world NewWorld
[2017.05.22-00.40.39:460][  0]LogInit: XAudio2 using 'Speakers (Conexant SmartAudio HD)' : 2 channels at 48 kHz using 32 bits per sample (channel mask 0x3)
[2017.05.22-00.40.39:520][  0]LogInit: FAudioDevice initialized.
[2017.05.22-00.40.39:547][  0]LogDerivedDataCache: Saved boot cache 0.03s 42MB C:/Users/ericn/AppData/Local/UnrealEngine/4.9/DerivedDataCache/Boot.ddc.
[2017.05.22-00.40.39:551][  0]LogInit: Texture streaming: Enabled
[2017.05.22-00.40.39:557][  0]LogAnalytics: Creating configured Analytics provider AnalyticsET
[2017.05.22-00.40.39:557][  0]LogAnalytics: [UEEditor.Rocket.Release] APIServer = http://et2.epicgames.com/ET2/. AppVersion = 4.9.2-2707645+++depot+UE4-Releases+4.9
[2017.05.22-00.40.39:557][  0]LogAnalytics: [UEEditor.Rocket.Release] SetUserId cd6bfa6044883b0d06de64be863c488d|81db3aebfd8c43b0b13c2e2363feaee1|eb334693-2a2a-4861-9755-6aac685e70fb
[2017.05.22-00.40.39:557][  0]LogAnalytics: [UEEditor.Rocket.Release] AnalyticsET::StartSession
[2017.05.22-00.40.39:575][  0]LogWindowsTextInputMethodSystem:Display: IME system now deactivated.
[2017.05.22-00.40.39:604][  0]LogInit: Transaction tracking system initialized
[2017.05.22-00.40.39:639][  0]BlueprintLog: New page: Editor Load
[2017.05.22-00.40.39:737][  0]LocalizationService: Info Localization service is disabled
[2017.05.22-00.40.39:822][  0]LogConsoleResponse:Display: 
[2017.05.22-00.40.39:958][  0]LogCook:Display: Done creating registry. It took  0.00s.
[2017.05.22-00.40.40:026][  0]LogFileCache: Scanning file cache for directory 'C:/Users/ericn/OneDrive/Documents/GitHub/Project/Project/Content/' took 0.01s
[2017.05.22-00.40.40:026][  0]SourceControl: Info Source control is disabled
[2017.05.22-00.40.40:026][  0]Cmd: MAP LOAD FILE="../../../../../../Users/ericn/OneDrive/Documents/GitHub/Project/Project/Content/2DSideScrollerCPP/Maps/2DSideScrollerExampleMap.umap" TEMPLATE=0 SHOWPROGRESS=1 FEATURELEVEL=3
[2017.05.22-00.40.40:026][  0]LightingResults: New page: Lighting Build
[2017.05.22-00.40.40:029][  0]MapCheck: New page: Map Check
[2017.05.22-00.40.40:029][  0]LightingResults: New page: Lighting Build
[2017.05.22-00.40.40:048][  0]LogParticles: Destroying 0 GPU particle simulations for FXSystem 0x0000013EFA9536A0
[2017.05.22-00.40.40:116][  0]LogAIModule: Creating AISystem for world 2DSideScrollerExampleMap
[2017.05.22-00.40.40:120][  0]LogEditorServer: Finished looking for orphan Actors (0.000 secs)
[2017.05.22-00.40.40:120][  0]Cmd: MAP CHECKDEP NOCLEARLOG
[2017.05.22-00.40.40:179][  0]MapCheck: Info Map check complete: 0 Error(s), 0 Warning(s), took 59.106ms to complete.
[2017.05.22-00.40.40:179][  0]LogFileHelpers: Loading map '2DSideScrollerExampleMap' took 0.153
[2017.05.22-00.40.40:307][  0]LogCollectionManager: Loaded 0 collections in 0.002007 seconds
[2017.05.22-00.40.40:349][  0]LogFileCache: Scanning file cache for directory 'C:/Users/ericn/OneDrive/Documents/GitHub/Project/Project/Saved/Collections/' took 0.01s
[2017.05.22-00.40.40:349][  0]LogFileCache: Scanning file cache for directory 'C:/Users/ericn/OneDrive/Documents/GitHub/Project/Project/Content/Developers/ericn/Collections/' took 0.01s
[2017.05.22-00.40.40:349][  0]LogFileCache: Scanning file cache for directory 'C:/Users/ericn/OneDrive/Documents/GitHub/Project/Project/Content/Collections/' took 0.01s
[2017.05.22-00.40.40:349][  0]LogContentBrowser: Native class hierarchy populated in 0.0093 seconds. Added 1869 classes and 335 folders.
[2017.05.22-00.40.40:357][  0]LogCollectionManager: Rebuilt the GUID cache for 0 collections in 0.000002 seconds
[2017.05.22-00.40.40:368][  0]LogContentBrowser: Native class hierarchy updated for 'WidgetCarousel' in 0.0028 seconds. Added 0 classes and 0 folders.
[2017.05.22-00.40.40:418][  0]LogContentBrowser: Native class hierarchy updated for 'AddContentDialog' in 0.0011 seconds. Added 0 classes and 0 folders.
[2017.05.22-00.40.40:423][  0]LogContentBrowser: Native class hierarchy updated for 'SceneOutliner' in 0.0011 seconds. Added 1 classes and 2 folders.
[2017.05.22-00.40.40:450][  0]LogCrashTracker: Crashtracker disabled due to settings.
[2017.05.22-00.40.40:456][  0]LogUObjectGlobals:Warning: Failed to find object 'Class None.'
[2017.05.22-00.40.40:479][  0]LogLoad: Full Startup: 6.47 seconds (BP compile: 0.01 seconds)
[2017.05.22-00.40.40:529][  0]LogContentStreaming: Texture pool size now 1000 MB
[2017.05.22-00.40.40:662][  0]LogRenderer: Reallocating scene render targets to support 964x440 (Frame:2).
[2017.05.22-00.40.40:858][  2]LogAssetRegistry: Asset discovery search completed in 2.0701 seconds
[2017.05.22-00.40.40:858][  2]LogCollectionManager: Rebuilt the object cache for 0 collections in 0.000002 seconds (found 0 objects)
[2017.05.22-00.40.40:858][  2]LogCollectionManager: Fixed up redirectors for 0 collections in 0.000034 seconds (updated 0 objects)
[2017.05.22-00.40.54:967][180]LogFactory: FactoryCreateBinary: Texture with ReimportTextureFactory (0 0 C:\Users\ericn\OneDrive\Pictures\Asteroid2.png)
[2017.05.22-00.40.54:968][180]LogTexture:Display: Building textures: Asteroid2 (AutoDXT)
[2017.05.22-00.40.59:355][469]LogTexture:Display: Building textures: Asteroid2 (BGRA8)
[2017.05.22-00.41.17:678][591]LogSavePackage: Save=4.116543ms
[2017.05.22-00.41.17:678][591]LogSavePackage: Moving '../../../../../../Users/ericn/OneDrive/Documents/GitHub/Project/Project/Saved/Asteroid26D4A270D4BD68E64023E01A4EF3666D9.tmp' to '../../../../../../Users/ericn/OneDrive/Documents/GitHub/Project/Project/Content/2DSideScroller/Textures/Asteroid2.uasset'
[2017.05.22-00.41.17:683][591]LogSavePackage: Total save time: 9.867460ms
[2017.05.22-00.41.17:683][591]LogSavePackage:Warning: Finished SavePackage ../../../../../../Users/ericn/OneDrive/Documents/GitHub/Project/Project/Content/2DSideScroller/Textures/Asteroid2.uasset
[2017.05.22-00.41.58:245][194]LogParticles: Destroying 0 GPU particle simulations for FXSystem 0x0000013E85520F40
[2017.05.22-00.41.58:246][194]LogParticles: Destroying 0 GPU particle simulations for FXSystem 0x0000013EFAB7A520
[2017.05.22-00.41.59:407][194]LogSavePackage: Save=1.463704ms
[2017.05.22-00.41.59:407][194]LogSavePackage: Moving '../../../../../../Users/ericn/OneDrive/Documents/GitHub/Project/Project/Saved/Asteroid2A181A04F4544A61E3995F3A58060ED02.tmp' to '../../../../../../Users/ericn/OneDrive/Documents/GitHub/Project/Project/Content/2DSideScroller/Sprites/Asteroid2.uasset'
[2017.05.22-00.41.59:410][194]LogSavePackage: Total save time: 5.386271ms
[2017.05.22-00.41.59:410][194]LogSavePackage:Warning: Finished SavePackage ../../../../../../Users/ericn/OneDrive/Documents/GitHub/Project/Project/Content/2DSideScroller/Sprites/Asteroid2.uasset
[2017.05.22-00.41.59:443][194]LogSavePackage: Save=5.529679ms
[2017.05.22-00.41.59:443][194]LogSavePackage: Moving '../../../../../../Users/ericn/OneDrive/Documents/GitHub/Project/Project/Saved/Asteroid2_Sprite_027E5EA194A0AD3D7E7248EB20710394D.tmp' to '../../../../../../Users/ericn/OneDrive/Documents/GitHub/Project/Project/Content/2DSideScroller/Sprites/Asteroid2_Sprite_0.uasset'
[2017.05.22-00.41.59:448][194]LogSavePackage: Total save time: 10.687605ms
[2017.05.22-00.41.59:448][194]LogSavePackage:Warning: Finished SavePackage ../../../../../../Users/ericn/OneDrive/Documents/GitHub/Project/Project/Content/2DSideScroller/Sprites/Asteroid2_Sprite_0.uasset
[2017.05.22-00.41.59:533][194]LogWindowsTextInputMethodSystem:Display: IME system now deactivated.
[2017.05.22-00.41.59:810][195]Cmd: QUIT_EDITOR
[2017.05.22-00.42.00:087][195]LogExit: Preparing to exit.
[2017.05.22-00.42.00:781][195]LogExit: Editor shut down
[2017.05.22-00.42.00:781][195]LogExit: Transaction tracking system shut down
[2017.05.22-00.42.00:783][195]LogParticles: Destroying 0 GPU particle simulations for FXSystem 0x0000013EEBAC2700
[2017.05.22-00.42.00:784][195]LogParticles: Destroying 0 GPU particle simulations for FXSystem 0x0000013E9316AA20
[2017.05.22-00.42.00:785][195]LogParticles: Destroying 0 GPU particle simulations for FXSystem 0x0000013EED6D6840
[2017.05.22-00.42.00:924][195]LogExit: Object subsystem successfully closed.
[2017.05.22-00.42.00:941][195]LogD3D11RHI: Shutdown
[2017.05.22-00.42.00:941][195]LogD3D11RHI: CleanupD3DDevice
[2017.05.22-00.42.00:997][195]LogD3D11RHI: ~FD3D11DynamicRHI
[2017.05.22-00.42.01:024][195]LogModuleManager: Shutting down and abandoning module CrashTracker (198)
[2017.05.22-00.42.01:024][195]LogModuleManager: Shutting down and abandoning module SceneOutliner (197)
[2017.05.22-00.42.01:024][195]LogModuleManager: Shutting down and abandoning module SuperSearch (196)
[2017.05.22-00.42.01:024][195]LogModuleManager: Shutting down and abandoning module WidgetCarousel (195)
[2017.05.22-00.42.01:024][195]LogModuleManager: Shutting down and abandoning module AddContentDialog (194)
[2017.05.22-00.42.01:025][195]LogModuleManager: Shutting down and abandoning module EditorWidgets (193)
[2017.05.22-00.42.01:025][195]LogModuleManager: Shutting down and abandoning module CollectionManager (192)
[2017.05.22-00.42.01:025][195]LogModuleManager: Shutting down and abandoning module StatsViewer (191)
[2017.05.22-00.42.01:025][195]LogModuleManager: Shutting down and abandoning module FoliageEdit (190)
[2017.05.22-00.42.01:025][195]LogModuleManager: Shutting down and abandoning module LandscapeEditor (189)
[2017.05.22-00.42.01:026][195]LogModuleManager: Shutting down and abandoning module ActorPickerMode (188)
[2017.05.22-00.42.01:026][195]LogModuleManager: Shutting down and abandoning module GeometryMode (187)
[2017.05.22-00.42.01:026][195]LogModuleManager: Shutting down and abandoning module TextureAlignMode (186)
[2017.05.22-00.42.01:026][195]LogModuleManager: Shutting down and abandoning module BspMode (185)
[2017.05.22-00.42.01:026][195]LogModuleManager: Shutting down and abandoning module PlacementMode (184)
[2017.05.22-00.42.01:026][195]LogModuleManager: Shutting down and abandoning module AutomationWorker (183)
[2017.05.22-00.42.01:026][195]LogModuleManager: Shutting down and abandoning module CharacterAI (182)
[2017.05.22-00.42.01:026][195]LogModuleManager: Shutting down and abandoning module SmartSnapping (181)
[2017.05.22-00.42.01:026][195]LogModuleManager: Shutting down and abandoning module ViewportSnapping (180)
[2017.05.22-00.42.01:026][195]LogModuleManager: Shutting down and abandoning module LogVisualizer (179)
[2017.05.22-00.42.01:026][195]LogModuleManager: Shutting down and abandoning module GameProjectGeneration (178)
[2017.05.22-00.42.01:026][195]LogModuleManager: Shutting down and abandoning module IntroTutorials (177)
[2017.05.22-00.42.01:026][195]LogModuleManager: Shutting down and abandoning module EditorLiveStreaming (176)
[2017.05.22-00.42.01:026][195]LogModuleManager: Shutting down and abandoning module IOSPlatformEditor (175)
[2017.05.22-00.42.01:026][195]LogModuleManager: Shutting down and abandoning module HTML5PlatformEditor (174)
[2017.05.22-00.42.01:026][195]LogModuleManager: Shutting down and abandoning module AndroidDeviceDetection (173)
[2017.05.22-00.42.01:050][195]LogModuleManager: Shutting down and abandoning module AndroidPlatformEditor (172)
[2017.05.22-00.42.01:050][195]LogModuleManager: Shutting down and abandoning module IOSRuntimeSettings (171)
[2017.05.22-00.42.01:050][195]LogModuleManager: Shutting down and abandoning module AndroidRuntimeSettings (170)
[2017.05.22-00.42.01:050][195]LogModuleManager: Shutting down and abandoning module MergeActors (169)
[2017.05.22-00.42.01:050][195]LogModuleManager: Shutting down and abandoning module SizeMap (168)
[2017.05.22-00.42.01:050][195]LogModuleManager: Shutting down and abandoning module TreeMap (167)
[2017.05.22-00.42.01:050][195]LogModuleManager: Shutting down and abandoning module ReferenceViewer (166)
[2017.05.22-00.42.01:050][195]LogModuleManager: Shutting down and abandoning module LocalizationService (165)
[2017.05.22-00.42.01:050][195]LogModuleManager: Shutting down and abandoning module LocalizationDashboard (164)
[2017.05.22-00.42.01:050][195]LogModuleManager: Shutting down and abandoning module HardwareTargeting (163)
[2017.05.22-00.42.01:050][195]LogModuleManager: Shutting down and abandoning module DeviceProfileEditor (162)
[2017.05.22-00.42.01:050][195]LogModuleManager: Shutting down and abandoning module UndoHistory (161)
[2017.05.22-00.42.01:050][195]LogModuleManager: Shutting down and abandoning module GameplayTagsEditor (160)
[2017.05.22-00.42.01:050][195]LogModuleManager: Shutting down and abandoning module UserFeedback (159)
[2017.05.22-00.42.01:050][195]LogModuleManager: Shutting down and abandoning module XmlParser (158)
[2017.05.22-00.42.01:050][195]LogModuleManager: Shutting down and abandoning module Blutility (157)
[2017.05.22-00.42.01:050][195]LogModuleManager: Shutting down and abandoning module ProjectTargetPlatformEditor (156)
[2017.05.22-00.42.01:050][195]LogModuleManager: Shutting down and abandoning module ProjectSettingsViewer (155)
[2017.05.22-00.42.01:050][195]LogModuleManager: Shutting down and abandoning module InputBindingEditor (154)
[2017.05.22-00.42.01:050][195]LogModuleManager: Shutting down and abandoning module EditorSettingsViewer (153)
[2017.05.22-00.42.01:050][195]LogModuleManager: Shutting down and abandoning module SettingsEditor (152)
[2017.05.22-00.42.01:050][195]LogModuleManager: Shutting down and abandoning module ProjectLauncher (151)
[2017.05.22-00.42.01:051][195]LogModuleManager: Shutting down and abandoning module SessionFrontend (150)
[2017.05.22-00.42.01:051][195]LogModuleManager: Shutting down and abandoning module ProfilerClient (149)
[2017.05.22-00.42.01:051][195]LogModuleManager: Shutting down and abandoning module TargetDeviceServices (148)
[2017.05.22-00.42.01:051][195]LogModuleManager: Shutting down and abandoning module DeviceManager (147)
[2017.05.22-00.42.01:051][195]LogModuleManager: Shutting down and abandoning module AutomationController (146)
[2017.05.22-00.42.01:051][195]LogModuleManager: Shutting down and abandoning module AutomationWindow (145)
[2017.05.22-00.42.01:051][195]LogModuleManager: Shutting down and abandoning module Layers (144)
[2017.05.22-00.42.01:051][195]LogModuleManager: Shutting down and abandoning module ComponentVisualizers (143)
[2017.05.22-00.42.01:051][195]LogModuleManager: Shutting down and abandoning module DetailCustomizations (142)
[2017.05.22-00.42.01:051][195]LogModuleManager: Shutting down and abandoning module PackagesDialog (141)
[2017.05.22-00.42.01:051][195]LogModuleManager: Shutting down and abandoning module Persona (140)
[2017.05.22-00.42.01:051][195]LogModuleManager: Shutting down and abandoning module Kismet (139)
[2017.05.22-00.42.01:051][195]LogModuleManager: Shutting down and abandoning module GraphEditor (138)
[2017.05.22-00.42.01:051][195]LogModuleManager: Shutting down and abandoning module ClassViewer (137)
[2017.05.22-00.42.01:051][195]LogModuleManager: Shutting down and abandoning module Toolbox (136)
[2017.05.22-00.42.01:051][195]LogModuleManager: Shutting down and abandoning module ModuleUI (135)
[2017.05.22-00.42.01:051][195]LogModuleManager: Shutting down and abandoning module MovieSceneTools (134)
[2017.05.22-00.42.01:051][195]LogModuleManager: Shutting down and abandoning module OutputLog (133)
[2017.05.22-00.42.01:051][195]LogModuleManager: Shutting down and abandoning module GammaUI (132)
[2017.05.22-00.42.01:051][195]LogModuleManager: Shutting down and abandoning module Documentation (131)
[2017.05.22-00.42.01:051][195]LogModuleManager: Shutting down and abandoning module GameLiveStreaming (130)
[2017.05.22-00.42.01:051][195]LogModuleManager: Shutting down and abandoning module StreamingPauseRendering (129)
[2017.05.22-00.42.01:051][195]LogModuleManager: Shutting down and abandoning module AnalyticsET (128)
[2017.05.22-00.42.01:051][195]LogModuleManager: Shutting down and abandoning module Analytics (127)
[2017.05.22-00.42.01:051][195]LogModuleManager: Shutting down and abandoning module AITestSuite (126)
[2017.05.22-00.42.01:051][195]LogModuleManager: Shutting down and abandoning module GameplayDebugger (125)
[2017.05.22-00.42.01:051][195]LogModuleManager: Shutting down and abandoning module AIModule (124)
[2017.05.22-00.42.01:051][195]LogModuleManager: Shutting down and abandoning module ProfilerService (123)
[2017.05.22-00.42.01:142][195]LogModuleManager: Shutting down and abandoning module TaskGraph (122)
[2017.05.22-00.42.01:142][195]LogModuleManager: Shutting down and abandoning module SlateRemote (121)
[2017.05.22-00.42.01:142][195]LogModuleManager: Shutting down and abandoning module SteamVRController (120)
[2017.05.22-00.42.01:142][195]LogModuleManager: Shutting down and abandoning module SteamVR (119)
[2017.05.22-00.42.01:142][195]LogModuleManager: Shutting down and abandoning module ProceduralMeshComponent (118)
[2017.05.22-00.42.01:142][195]LogModuleManager: Shutting down and abandoning module OculusRift (117)
[2017.05.22-00.42.01:142][195]LogModuleManager: Shutting down and abandoning module OculusLibrary (116)
[2017.05.22-00.42.01:142][195]LogModuleManager: Shutting down and abandoning module LeapMotionController (115)
[2017.05.22-00.42.01:167][195]LogModuleManager: Shutting down and abandoning module CustomMeshComponent (114)
[2017.05.22-00.42.01:167][195]LogModuleManager: Shutting down and abandoning module CableComponent (113)
[2017.05.22-00.42.01:167][195]LogModuleManager: Shutting down and abandoning module ArchVisCharacter (112)
[2017.05.22-00.42.01:167][195]LogModuleManager: Shutting down and abandoning module MessagingDebugger (111)
[2017.05.22-00.42.01:167][195]LogModuleManager: Shutting down and abandoning module MediaPlayerEditor (110)
[2017.05.22-00.42.01:167][195]LogModuleManager: Shutting down and abandoning module HTML5Networking (109)
[2017.05.22-00.42.01:167][195]LogModuleManager: Shutting down and abandoning module SpeedTreeImporter (108)
[2017.05.22-00.42.01:167][195]LogModuleManager: Shutting down and abandoning module PluginBrowser (107)
[2017.05.22-00.42.01:167][195]LogModuleManager: Shutting down and abandoning module EpicSurvey (106)
[2017.05.22-00.42.01:167][195]LogModuleManager: Shutting down and abandoning module DesktopPlatform (105)
[2017.05.22-00.42.01:167][195]LogModuleManager: Shutting down and abandoning module VisualStudioSourceCodeAccess (104)
[2017.05.22-00.42.01:167][195]LogModuleManager: Shutting down and abandoning module UObjectPlugin (103)
[2017.05.22-00.42.01:167][195]LogModuleManager: Shutting down and abandoning module SubversionSourceControl (102)
[2017.05.22-00.42.01:167][195]LogModuleManager: Shutting down and abandoning module PerforceSourceControl (101)
[2017.05.22-00.42.01:167][195]LogModuleManager: Shutting down and abandoning module SourceControl (100)
[2017.05.22-00.42.01:167][195]LogModuleManager: Shutting down and abandoning module GitSourceControl (99)
[2017.05.22-00.42.01:167][195]LogModuleManager: Shutting down and abandoning module LightPropagationVolumeEditor (98)
[2017.05.22-00.42.01:167][195]LogModuleManager: Shutting down and abandoning module PaperTiledImporter (97)
[2017.05.22-00.42.01:167][195]LogModuleManager: Shutting down and abandoning module PaperSpriteSheetImporter (96)
[2017.05.22-00.42.01:167][195]LogModuleManager: Shutting down and abandoning module MeshPaint (95)
[2017.05.22-00.42.01:167][195]LogModuleManager: Shutting down and abandoning module SlateReflector (94)
[2017.05.22-00.42.01:167][195]LogModuleManager: Shutting down and abandoning module HotReload (93)
[2017.05.22-00.42.01:167][195]LogModuleManager: Shutting down and abandoning module MainFrame (92)
[2017.05.22-00.42.01:168][195]LogModuleManager: Shutting down and abandoning module LevelEditor (91)
[2017.05.22-00.42.01:169][195]LogModuleManager: Shutting down and abandoning module DirectoryWatcher (90)
[2017.05.22-00.42.01:169][195]LogModuleManager: Shutting down and abandoning module AssetRegistry (89)
[2017.05.22-00.42.01:285][195]LogModuleManager: Shutting down and abandoning module ContentBrowser (88)
[2017.05.22-00.42.01:286][195]LogModuleManager: Shutting down and abandoning module Paper2DEditor (87)
[2017.05.22-00.42.01:286][195]LogModuleManager: Shutting down and abandoning module Project (86)
[2017.05.22-00.42.01:286][195]LogModuleManager: Shutting down and abandoning module UdpMessaging (85)
[2017.05.22-00.42.01:386][195]LogModuleManager: Shutting down and abandoning module LightPropagationVolumeRuntime (84)
[2017.05.22-00.42.01:386][195]LogModuleManager: Shutting down and abandoning module Paper2D (83)
[2017.05.22-00.42.01:386][195]LogModuleManager: Shutting down and abandoning module WindowsMoviePlayer (82)
[2017.05.22-00.42.01:389][195]LogModuleManager: Shutting down and abandoning module Media (81)
[2017.05.22-00.42.01:389][195]LogModuleManager: Shutting down and abandoning module WmfMedia (80)
[2017.05.22-00.42.01:389][195]LogModuleManager: Shutting down and abandoning module OnlineBlueprintSupport (79)
[2017.05.22-00.42.01:389][195]LogModuleManager: Shutting down and abandoning module GameplayTasksEditor (78)
[2017.05.22-00.42.01:389][195]LogModuleManager: Shutting down and abandoning module PropertyEditor (77)
[2017.05.22-00.42.01:389][195]LogModuleManager: Shutting down and abandoning module BehaviorTreeEditor (76)
[2017.05.22-00.42.01:389][195]LogModuleManager: Shutting down and abandoning module FunctionalTesting (75)
[2017.05.22-00.42.01:389][195]LogModuleManager: Shutting down and abandoning module CollisionAnalyzer (74)
[2017.05.22-00.42.01:389][195]LogModuleManager: Shutting down and abandoning module WorkspaceMenuStructure (73)
[2017.05.22-00.42.01:389][195]LogModuleManager: Shutting down and abandoning module MessageLog (72)
[2017.05.22-00.42.01:389][195]LogModuleManager: Shutting down and abandoning module Sequencer (71)
[2017.05.22-00.42.01:389][195]LogModuleManager: Shutting down and abandoning module AssetTools (70)
[2017.05.22-00.42.01:389][195]LogModuleManager: Shutting down and abandoning module UMGEditor (69)
[2017.05.22-00.42.01:389][195]LogModuleManager: Shutting down and abandoning module UMG (68)
[2017.05.22-00.42.01:389][195]LogModuleManager: Shutting down and abandoning module Slate (67)
[2017.05.22-00.42.01:389][195]LogModuleManager: Shutting down and abandoning module EditorStyle (66)
[2017.05.22-00.42.01:392][195]LogModuleManager: Shutting down and abandoning module SessionServices (65)
[2017.05.22-00.42.01:392][195]LogModuleManager: Shutting down and abandoning module SourceCodeAccess (64)
[2017.05.22-00.42.01:392][195]LogModuleManager: Shutting down and abandoning module HeadMountedDisplay (63)
[2017.05.22-00.42.01:392][195]LogModuleManager: Shutting down and abandoning module XAudio2 (62)
[2017.05.22-00.42.01:392][195]LogModuleManager: Shutting down and abandoning module Networking (60)
[2017.05.22-00.42.01:392][195]LogModuleManager: Shutting down and abandoning module Core (59)
[2017.05.22-00.42.01:392][195]LogModuleManager: Shutting down and abandoning module KismetCompiler (58)
[2017.05.22-00.42.01:392][195]LogModuleManager: Shutting down and abandoning module PhysXFormats (57)
[2017.05.22-00.42.01:392][195]LogModuleManager: Shutting down and abandoning module MeshUtilities (56)
[2017.05.22-00.42.01:392][195]LogModuleManager: Shutting down and abandoning module CookingStats (55)
[2017.05.22-00.42.01:392][195]LogModuleManager: Shutting down and abandoning module DerivedDataCache (54)
[2017.05.22-00.42.01:463][195]LogDerivedDataCache: Shutdown
[2017.05.22-00.42.01:463][195]LogModuleManager: Shutting down and abandoning module ShaderFormatOpenGL (53)
[2017.05.22-00.42.01:463][195]LogModuleManager: Shutting down and abandoning module ShaderFormatD3D (52)
[2017.05.22-00.42.01:463][195]LogModuleManager: Shutting down and abandoning module MetalShaderFormat (51)
[2017.05.22-00.42.01:463][195]LogModuleManager: Shutting down and abandoning module TextureFormatUncompressed (50)
[2017.05.22-00.42.01:463][195]LogModuleManager: Shutting down and abandoning module TextureFormatPVR (49)
[2017.05.22-00.42.01:463][195]LogModuleManager: Shutting down and abandoning module TextureFormatIntelISPCTexComp (48)
[2017.05.22-00.42.01:463][195]LogModuleManager: Shutting down and abandoning module TextureFormatDXT (47)
[2017.05.22-00.42.01:463][195]LogModuleManager: Shutting down and abandoning module ImageWrapper (46)
[2017.05.22-00.42.01:463][195]LogModuleManager: Shutting down and abandoning module TextureFormatASTC (45)
[2017.05.22-00.42.01:463][195]LogModuleManager: Shutting down and abandoning module TextureFormatAndroid (44)
[2017.05.22-00.42.01:463][195]LogModuleManager: Shutting down and abandoning module AudioFormatOpus (43)
[2017.05.22-00.42.01:463][195]LogModuleManager: Shutting down and abandoning module AudioFormatOgg (42)
[2017.05.22-00.42.01:463][195]LogModuleManager: Shutting down and abandoning module AudioFormatADPCM (41)
[2017.05.22-00.42.01:463][195]LogModuleManager: Shutting down and abandoning module LinuxTargetPlatform (40)
[2017.05.22-00.42.01:463][195]LogModuleManager: Shutting down and abandoning module LinuxServerTargetPlatform (39)
[2017.05.22-00.42.01:463][195]LogModuleManager: Shutting down and abandoning module LinuxNoEditorTargetPlatform (38)
[2017.05.22-00.42.01:463][195]LogModuleManager: Shutting down and abandoning module Messaging (37)
[2017.05.22-00.42.01:463][195]LogModuleManager: Shutting down and abandoning module IOSTargetPlatform (36)
[2017.05.22-00.42.01:463][195]LogModuleManager: Shutting down and abandoning module HTML5TargetPlatform (35)
[2017.05.22-00.42.01:463][195]LogModuleManager: Shutting down and abandoning module Android_PVRTCTargetPlatform (34)
[2017.05.22-00.42.01:463][195]LogModuleManager: Shutting down and abandoning module Android_ETC2TargetPlatform (33)
[2017.05.22-00.42.01:463][195]LogModuleManager: Shutting down and abandoning module Android_ETC1TargetPlatform (32)
[2017.05.22-00.42.01:463][195]LogModuleManager: Shutting down and abandoning module Android_DXTTargetPlatform (31)
[2017.05.22-00.42.01:463][195]LogModuleManager: Shutting down and abandoning module Android_ATCTargetPlatform (30)
[2017.05.22-00.42.01:463][195]LogModuleManager: Shutting down and abandoning module Android_ASTCTargetPlatform (29)
[2017.05.22-00.42.01:463][195]LogModuleManager: Shutting down and abandoning module AndroidTargetPlatform (28)
[2017.05.22-00.42.01:463][195]LogModuleManager: Shutting down and abandoning module WindowsTargetPlatform (27)
[2017.05.22-00.42.01:463][195]LogModuleManager: Shutting down and abandoning module WindowsServerTargetPlatform (26)
[2017.05.22-00.42.01:463][195]LogModuleManager: Shutting down and abandoning module WindowsNoEditorTargetPlatform (25)
[2017.05.22-00.42.01:463][195]LogModuleManager: Shutting down and abandoning module WindowsClientTargetPlatform (24)
[2017.05.22-00.42.01:463][195]LogModuleManager: Shutting down and abandoning module AllDesktopTargetPlatform (23)
[2017.05.22-00.42.01:463][195]LogModuleManager: Shutting down and abandoning module TargetPlatform (22)
[2017.05.22-00.42.01:463][195]LogModuleManager: Shutting down and abandoning module InputCore (21)
[2017.05.22-00.42.01:463][195]LogModuleManager: Shutting down and abandoning module Settings (20)
[2017.05.22-00.42.01:463][195]LogModuleManager: Shutting down and abandoning module OnlineSubsystem (18)
[2017.05.22-00.42.01:463][195]LogModuleManager: Shutting down and abandoning module HTTP (17)
[2017.05.22-00.42.02:465][195]LogModuleManager: Shutting down and abandoning module XMPP (16)
[2017.05.22-00.42.02:465][195]LogModuleManager: Shutting down and abandoning module ExampleDeviceProfileSelector (15)
[2017.05.22-00.42.02:465][195]LogModuleManager: Shutting down and abandoning module TextureCompressor (14)
[2017.05.22-00.42.02:465][195]LogModuleManager: Shutting down and abandoning module ShaderCore (13)
[2017.05.22-00.42.02:465][195]LogModuleManager: Shutting down and abandoning module Landscape (12)
[2017.05.22-00.42.02:465][195]LogModuleManager: Shutting down and abandoning module SlateRHIRenderer (11)
[2017.05.22-00.42.02:466][195]LogModuleManager: Shutting down and abandoning module OpenGLDrv (10)
[2017.05.22-00.42.02:466][195]LogModuleManager: Shutting down and abandoning module D3D11RHI (9)
[2017.05.22-00.42.02:466][195]LogModuleManager: Shutting down and abandoning module AnimGraphRuntime (8)
[2017.05.22-00.42.02:466][195]LogModuleManager: Shutting down and abandoning module Renderer (7)
[2017.05.22-00.42.02:466][195]LogModuleManager: Shutting down and abandoning module Engine (6)
[2017.05.22-00.42.02:466][195]LogModuleManager: Shutting down and abandoning module CoreUObject (5)
[2017.05.22-00.42.02:466][195]LogModuleManager: Shutting down and abandoning module NetworkFile (4)
[2017.05.22-00.42.02:466][195]LogModuleManager: Shutting down and abandoning module StreamingFile (3)
[2017.05.22-00.42.02:466][195]LogModuleManager: Shutting down and abandoning module SandboxFile (2)
[2017.05.22-00.42.02:466][195]LogModuleManager: Shutting down and abandoning module PakFile (1)
[2017.05.22-00.42.02:467][195]LogExit: Exiting.
[2017.05.22-00.42.02:468][195]Log file closed, 05/21/17 18:42:02
