[2017.05.21-23.04.17:515][  0]Log file open, 05/21/17 17:04:17
[2017.05.21-23.04.17:515][  0]LogInit:Display: Running engine for game: Project
[2017.05.21-23.04.17:515][  0]LogInit:Display: RandInit(867155934) SRandInit(867155934).
[2017.05.21-23.04.17:515][  0]LogTaskGraph: Started task graph with 4 named threads and 5 total threads.
[2017.05.21-23.04.17:515][  0]LogStats: Stats thread started at 0.067911
[2017.05.21-23.04.17:515][  0]LogInit: Version: 4.9.2-2707645+++depot+UE4-Releases+4.9
[2017.05.21-23.04.17:515][  0]LogInit: API Version: 2672455
[2017.05.21-23.04.17:515][  0]LogInit: Compiled (64-bit): Sep 28 2015 10:25:44
[2017.05.21-23.04.17:515][  0]LogInit: Compiled with Visual C++: 18.00.21005.01
[2017.05.21-23.04.17:515][  0]LogInit: Build Configuration: Development
[2017.05.21-23.04.17:515][  0]LogInit: Branch Name: ++depot+UE4-Releases+4.9
[2017.05.21-23.04.17:515][  0]LogInit: Command line: -EpicPortal 
[2017.05.21-23.04.17:515][  0]LogInit: Base directory: C:/Program Files/Epic Games/UE_4.9/Engine/Binaries/Win64/
[2017.05.21-23.04.17:515][  0]LogInit: Rocket: 1
[2017.05.21-23.04.17:525][  0]LogInit: Using libcurl 7.41.0
[2017.05.21-23.04.17:525][  0]LogInit:  - built for x86_64-pc-win32
[2017.05.21-23.04.17:525][  0]LogInit:  - supports SSL with WinSSL
[2017.05.21-23.04.17:525][  0]LogInit:  - other features:
[2017.05.21-23.04.17:525][  0]LogInit:      CURL_VERSION_SSL
[2017.05.21-23.04.17:525][  0]LogInit:      CURL_VERSION_IPV6
[2017.05.21-23.04.17:525][  0]LogInit:      CURL_VERSION_ASYNCHDNS
[2017.05.21-23.04.17:525][  0]LogInit:      CURL_VERSION_LARGEFILE
[2017.05.21-23.04.17:525][  0]LogInit:      CURL_VERSION_IDN
[2017.05.21-23.04.17:525][  0]LogInit:  CurlRequestOptions (configurable via config and command line):
[2017.05.21-23.04.17:525][  0]LogInit:  - bVerifyPeer = true  - Libcurl will verify peer certificate
[2017.05.21-23.04.17:525][  0]LogInit:  - bUseHttpProxy = false  - Libcurl will NOT use HTTP proxy
[2017.05.21-23.04.17:525][  0]LogInit:  - bDontReuseConnections = false  - Libcurl will reuse connections
[2017.05.21-23.04.17:525][  0]LogInit:  - CertBundlePath = nullptr  - Libcurl will use whatever was configured at build time.
[2017.05.21-23.04.17:533][  0]LogInit: Presizing for 0 objects not considered by GC, pre-allocating 0 bytes.
[2017.05.21-23.04.17:540][  0]LogInit: Object subsystem initialized
[2017.05.21-23.04.17:542][  0]LogInit: Selected Device Profile: [Windows]
[2017.05.21-23.04.17:542][  0]LogInit: Applying CVar settings loaded from the selected device profile: [Windows]
[2017.05.21-23.04.17:554][  0]LogInit: Computer: LAPTOP-CAFDGQ8I
[2017.05.21-23.04.17:554][  0]LogInit: User: ericn
[2017.05.21-23.04.17:554][  0]LogInit: CPU Page size=4096, Cores=2
[2017.05.21-23.04.17:554][  0]LogInit: High frequency timer resolution =2.531250 MHz
[2017.05.21-23.04.17:554][  0]LogMemory: Memory total: Physical=7.9GB (8GB approx)
[2017.05.21-23.04.17:554][  0]LogMemory: Platform Memory Stats for Windows
[2017.05.21-23.04.17:554][  0]LogMemory: Process Physical Memory: 54.48 MB used, 54.48 MB peak
[2017.05.21-23.04.17:554][  0]LogMemory: Process Virtual Memory: 57.18 MB used, 57.18 MB peak
[2017.05.21-23.04.17:554][  0]LogMemory: Physical Memory: 4345.29 MB used, 8056.07 MB total
[2017.05.21-23.04.17:554][  0]LogMemory: Virtual Memory: 370.95 MB used, 134217728.00 MB total
[2017.05.21-23.04.17:593][  0]LogTextLocalizationManager: No specific translations for ('en-US') exist, so ('en') translations will be used.
[2017.05.21-23.04.18:393][  0]LogD3D11RHI: Found D3D11 adapter 0: NVIDIA GeForce GTX 960M (Feature Level 11_0)
[2017.05.21-23.04.18:393][  0]LogD3D11RHI: Adapter has 2018MB of dedicated video memory, 0MB of dedicated system memory, and 4028MB of shared system memory, 1 output[s]
[2017.05.21-23.04.18:401][  0]LogD3D11RHI: Found D3D11 adapter 1: Intel(R) HD Graphics 520 (Feature Level 11_0)
[2017.05.21-23.04.18:401][  0]LogD3D11RHI: Adapter has 128MB of dedicated video memory, 0MB of dedicated system memory, and 4028MB of shared system memory, 0 output[s]
[2017.05.21-23.04.18:403][  0]LogD3D11RHI: Found D3D11 adapter 2: Microsoft Basic Render Driver (Feature Level 11_0)
[2017.05.21-23.04.18:403][  0]LogD3D11RHI: Adapter has 0MB of dedicated video memory, 0MB of dedicated system memory, and 4028MB of shared system memory, 0 output[s]
[2017.05.21-23.04.18:403][  0]LogD3D11RHI: Chosen D3D11 Adapter Id = 0
[2017.05.21-23.04.18:410][  0]LogD3D11RHI: !Direct3DDevice
[2017.05.21-23.04.18:411][  0]LogRHI: Texture pool is 1361 MB (70% of 1945 MB)
[2017.05.21-23.04.18:426][  0]LogD3D11RHI: Async texture creation enabled
[2017.05.21-23.04.18:449][  0]LogShaderCompilers: Guid format shader working directory is 14 characters bigger than the processId version (../../../../../../Users/ericn/OneDrive/Documents/GitHub/Project/Project/Intermediate/Shaders/WorkingDirectory/12308/).
[2017.05.21-23.04.18:449][  0]LogShaderCompilers: Cleaned the shader compiler working directory '../../../../../../Users/ericn/OneDrive/Documents/GitHub/Project/Project/Intermediate/Shaders/tmp/10376E6043B002E49EFC9180D17FEBD5/'.
[2017.05.21-23.04.18:449][  0]LogShaderCompilers:Display: Using Local Shader Compiler.
[2017.05.21-23.04.19:617][  0]LogTemp:Display: Loaded TP AllDesktopTargetPlatform
[2017.05.21-23.04.19:623][  0]LogTemp:Display: Loaded TP WindowsClientTargetPlatform
[2017.05.21-23.04.19:628][  0]LogTemp:Display: Loaded TP WindowsNoEditorTargetPlatform
[2017.05.21-23.04.19:634][  0]LogTemp:Display: Loaded TP WindowsServerTargetPlatform
[2017.05.21-23.04.19:640][  0]LogTemp:Display: Loaded TP WindowsTargetPlatform
[2017.05.21-23.04.19:645][  0]LogTemp:Display: Loaded TP AndroidTargetPlatform
[2017.05.21-23.04.19:648][  0]LogTemp:Display: Loaded TP Android_ASTCTargetPlatform
[2017.05.21-23.04.19:652][  0]LogTemp:Display: Loaded TP Android_ATCTargetPlatform
[2017.05.21-23.04.19:655][  0]LogTemp:Display: Loaded TP Android_DXTTargetPlatform
[2017.05.21-23.04.19:659][  0]LogTemp:Display: Loaded TP Android_ETC1TargetPlatform
[2017.05.21-23.04.19:663][  0]LogTemp:Display: Loaded TP Android_ETC2TargetPlatform
[2017.05.21-23.04.19:667][  0]LogTemp:Display: Loaded TP Android_PVRTCTargetPlatform
[2017.05.21-23.04.19:669][  0]LogTemp:Display: Loaded TP HTML5TargetPlatform
[2017.05.21-23.04.19:688][  0]LogTemp:Display: Loaded TP IOSTargetPlatform
[2017.05.21-23.04.19:691][  0]LogTemp:Display: Loaded TP LinuxNoEditorTargetPlatform
[2017.05.21-23.04.19:695][  0]LogTemp:Display: Loaded TP LinuxServerTargetPlatform
[2017.05.21-23.04.19:699][  0]LogTemp:Display: Loaded TP LinuxTargetPlatform
[2017.05.21-23.04.19:699][  0]LogTargetPlatformManager:Display: Building Assets For Windows
[2017.05.21-23.04.19:793][  0]LogDerivedDataCache:Display: Max Cache Size: 512 MB
[2017.05.21-23.04.19:851][  0]LogDerivedDataCache: Loaded boot cache 0.06s 44MB C:/Users/ericn/AppData/Local/UnrealEngine/4.9/DerivedDataCache/Boot.ddc.
[2017.05.21-23.04.19:851][  0]LogDerivedDataCache:Display: Loaded Boot cache: C:/Users/ericn/AppData/Local/UnrealEngine/4.9/DerivedDataCache/Boot.ddc
[2017.05.21-23.04.19:851][  0]LogDerivedDataCache: FDerivedDataBackendGraph:  Pak pak cache file ../../../../../../Users/ericn/OneDrive/Documents/GitHub/Project/Project/DerivedDataCache/DDC.ddp not found, will not use a pak cache.
[2017.05.21-23.04.19:851][  0]LogDerivedDataCache: Unable to find inner node Pak for hierarchical cache Hierarchy.
[2017.05.21-23.04.19:851][  0]LogDerivedDataCache: FDerivedDataBackendGraph:  CompressedPak pak cache file ../../../../../../Users/ericn/OneDrive/Documents/GitHub/Project/Project/DerivedDataCache/Compressed.ddp not found, will not use a pak cache.
[2017.05.21-23.04.19:851][  0]LogDerivedDataCache: Unable to find inner node CompressedPak for hierarchical cache Hierarchy.
[2017.05.21-23.04.19:998][  0]LogDerivedDataCache:Display: Pak cache opened for reading ../../../Engine/DerivedDataCache/Compressed.ddp.
[2017.05.21-23.04.20:011][  0]LogDerivedDataCache: Using Local data cache path C:/Users/ericn/AppData/Local/UnrealEngine/Common/DerivedDataCache: Writable
[2017.05.21-23.04.20:248][  0]LogInit: Selected Device Profile: [Windows]
[2017.05.21-23.04.20:251][  0]LogContentStreaming: Texture pool size is 0.000000MB
[2017.05.21-23.04.20:418][  0]LogMeshUtilities: No automatic mesh reduction module available
[2017.05.21-23.04.20:418][  0]LogMeshUtilities: No automatic mesh merging module available
[2017.05.21-23.04.20:854][  0]LogInit: WinSock: version 1.1 (2.2), MaxSocks=32767, MaxUdp=65467
[2017.05.21-23.04.21:684][  0]UdpMessaging: Initializing bridge on interface 0.0.0.0:0 to multicast group 230.0.0.1:6666.
[2017.05.21-23.04.21:832][  0]LogAssetRegistry: FAssetRegistry took 0.0109 seconds to start up
[2017.05.21-23.04.22:042][  0]SourceControl: Info Source control is disabled
[2017.05.21-23.04.22:044][  0]SourceControl: Info Source control is disabled
[2017.05.21-23.04.22:061][  0]SourceControl: Info Source control is disabled
[2017.05.21-23.04.22:074][  0]SourceControl: Info Source control is disabled
[2017.05.21-23.04.22:233][  0]LogLinker:Warning: Asset '../../../Engine/Plugins/Runtime/LeapMotionController/Content/LM_PassthroughMaterial.uasset' has been saved with empty engine version. The asset will be loaded but may be incompatible.
[2017.05.21-23.04.22:322][  0]LogObj: 28487 objects as part of root set at end of initial load.
[2017.05.21-23.04.22:322][  0]LogUObjectAllocator: 6088816 out of 0 bytes used by permanent object pool.
[2017.05.21-23.04.22:388][  0]LogEngine: Initializing Engine...
[2017.05.21-23.04.22:392][  0]LogHMD: Can't find Oculus library dev build: is proper Runtime installed? Version: 0.7.0.0
[2017.05.21-23.04.22:393][  0]LogHMD: SteamVR failed to initialize.  Err: 110
[2017.05.21-23.04.22:533][  0]LogAIModule: Creating AISystem for world NewWorld
[2017.05.21-23.04.22:539][  0]LogInit: XAudio2 using 'Speakers (Conexant SmartAudio HD)' : 2 channels at 48 kHz using 32 bits per sample (channel mask 0x3)
[2017.05.21-23.04.22:604][  0]LogInit: FAudioDevice initialized.
[2017.05.21-23.04.22:632][  0]LogDerivedDataCache: Saved boot cache 0.03s 44MB C:/Users/ericn/AppData/Local/UnrealEngine/4.9/DerivedDataCache/Boot.ddc.
[2017.05.21-23.04.22:639][  0]LogInit: Texture streaming: Enabled
[2017.05.21-23.04.22:646][  0]LogAnalytics: Creating configured Analytics provider AnalyticsET
[2017.05.21-23.04.22:646][  0]LogAnalytics: [UEEditor.Rocket.Release] APIServer = http://et2.epicgames.com/ET2/. AppVersion = 4.9.2-2707645+++depot+UE4-Releases+4.9
[2017.05.21-23.04.22:646][  0]LogAnalytics: [UEEditor.Rocket.Release] SetUserId cd6bfa6044883b0d06de64be863c488d|81db3aebfd8c43b0b13c2e2363feaee1|eb334693-2a2a-4861-9755-6aac685e70fb
[2017.05.21-23.04.22:646][  0]LogAnalytics: [UEEditor.Rocket.Release] AnalyticsET::StartSession
[2017.05.21-23.04.22:665][  0]LogWindowsTextInputMethodSystem:Display: IME system now deactivated.
[2017.05.21-23.04.22:695][  0]LogInit: Transaction tracking system initialized
[2017.05.21-23.04.22:730][  0]BlueprintLog: New page: Editor Load
[2017.05.21-23.04.22:831][  0]LocalizationService: Info Localization service is disabled
[2017.05.21-23.04.22:927][  0]LogConsoleResponse:Display: 
[2017.05.21-23.04.23:064][  0]LogCook:Display: Done creating registry. It took  0.00s.
[2017.05.21-23.04.23:138][  0]LogFileCache: Scanning file cache for directory 'C:/Users/ericn/OneDrive/Documents/GitHub/Project/Project/Content/' took 0.01s
[2017.05.21-23.04.23:138][  0]SourceControl: Info Source control is disabled
[2017.05.21-23.04.23:138][  0]Cmd: MAP LOAD FILE="../../../../../../Users/ericn/OneDrive/Documents/GitHub/Project/Project/Content/2DSideScrollerCPP/Maps/2DSideScrollerExampleMap.umap" TEMPLATE=0 SHOWPROGRESS=1 FEATURELEVEL=3
[2017.05.21-23.04.23:139][  0]LightingResults: New page: Lighting Build
[2017.05.21-23.04.23:142][  0]MapCheck: New page: Map Check
[2017.05.21-23.04.23:142][  0]LightingResults: New page: Lighting Build
[2017.05.21-23.04.23:159][  0]LogParticles: Destroying 0 GPU particle simulations for FXSystem 0x000002608C862AC0
[2017.05.21-23.04.23:204][  0]LogAIModule: Creating AISystem for world 2DSideScrollerExampleMap
[2017.05.21-23.04.23:208][  0]LogEditorServer: Finished looking for orphan Actors (0.000 secs)
[2017.05.21-23.04.23:208][  0]Cmd: MAP CHECKDEP NOCLEARLOG
[2017.05.21-23.04.23:280][  0]MapCheck: Info Map check complete: 0 Error(s), 0 Warning(s), took 71.206ms to complete.
[2017.05.21-23.04.23:280][  0]LogFileHelpers: Loading map '2DSideScrollerExampleMap' took 0.142
[2017.05.21-23.04.23:419][  0]LogCollectionManager: Loaded 0 collections in 0.002685 seconds
[2017.05.21-23.04.23:463][  0]LogFileCache: Scanning file cache for directory 'C:/Users/ericn/OneDrive/Documents/GitHub/Project/Project/Saved/Collections/' took 0.01s
[2017.05.21-23.04.23:463][  0]LogFileCache: Scanning file cache for directory 'C:/Users/ericn/OneDrive/Documents/GitHub/Project/Project/Content/Developers/ericn/Collections/' took 0.01s
[2017.05.21-23.04.23:463][  0]LogFileCache: Scanning file cache for directory 'C:/Users/ericn/OneDrive/Documents/GitHub/Project/Project/Content/Collections/' took 0.01s
[2017.05.21-23.04.23:463][  0]LogContentBrowser: Native class hierarchy populated in 0.0094 seconds. Added 1869 classes and 335 folders.
[2017.05.21-23.04.23:472][  0]LogCollectionManager: Rebuilt the GUID cache for 0 collections in 0.000004 seconds
[2017.05.21-23.04.23:483][  0]LogContentBrowser: Native class hierarchy updated for 'WidgetCarousel' in 0.0016 seconds. Added 0 classes and 0 folders.
[2017.05.21-23.04.23:546][  0]LogContentBrowser: Native class hierarchy updated for 'AddContentDialog' in 0.0011 seconds. Added 0 classes and 0 folders.
[2017.05.21-23.04.23:554][  0]LogContentBrowser: Native class hierarchy updated for 'SceneOutliner' in 0.0017 seconds. Added 1 classes and 2 folders.
[2017.05.21-23.04.23:587][  0]LogCrashTracker: Crashtracker disabled due to settings.
[2017.05.21-23.04.23:593][  0]LogUObjectGlobals:Warning: Failed to find object 'Class None.'
[2017.05.21-23.04.23:615][  0]LogLoad: Full Startup: 7.01 seconds (BP compile: 0.00 seconds)
[2017.05.21-23.04.23:667][  0]LogContentStreaming: Texture pool size now 1000 MB
[2017.05.21-23.04.23:797][  0]LogRenderer: Reallocating scene render targets to support 964x440 (Frame:2).
[2017.05.21-23.04.23:979][  2]LogAssetRegistry: Asset discovery search completed in 2.1572 seconds
[2017.05.21-23.04.23:979][  2]LogCollectionManager: Rebuilt the object cache for 0 collections in 0.000001 seconds (found 0 objects)
[2017.05.21-23.04.23:979][  2]LogCollectionManager: Fixed up redirectors for 0 collections in 0.000031 seconds (updated 0 objects)
[2017.05.21-23.04.55:578][271]LogFactory: FactoryCreateBinary: Texture with ReimportTextureFactory (0 0 C:\Users\ericn\OneDrive\Pictures\Atronaut Walk.png)
[2017.05.21-23.04.55:584][271]LogTexture:Display: Building textures: Atronaut_Walk (BGRA8)
[2017.05.21-23.05.01:243][288]LogFactory: FactoryCreateBinary: Texture with ReimportTextureFactory (0 0 C:\Users\ericn\OneDrive\Pictures\Astronaut idle.png)
[2017.05.21-23.05.01:245][288]LogTexture:Display: Building textures: Astronaut_idle (BGRA8)
[2017.05.21-23.06.16:909][392]LogSavePackage: Save=7.023012ms
[2017.05.21-23.06.16:909][392]LogSavePackage: Moving '../../../../../../Users/ericn/OneDrive/Documents/GitHub/Project/Project/Saved/Astronaut_idle_Sprite_0BD939F62433CF01A1FFABBB51024933A.tmp' to '../../../../../../Users/ericn/OneDrive/Documents/GitHub/Project/Project/Content/2DSideScroller/Sprites/IdleFrames/Astronaut_idle_Sprite_0.uasset'
[2017.05.21-23.06.16:912][392]LogSavePackage: Total save time: 10.722369ms
[2017.05.21-23.06.16:912][392]LogSavePackage:Warning: Finished SavePackage ../../../../../../Users/ericn/OneDrive/Documents/GitHub/Project/Project/Content/2DSideScroller/Sprites/IdleFrames/Astronaut_idle_Sprite_0.uasset
[2017.05.21-23.06.16:934][392]LogSavePackage: Save=5.876938ms
[2017.05.21-23.06.16:934][392]LogSavePackage: Moving '../../../../../../Users/ericn/OneDrive/Documents/GitHub/Project/Project/Saved/Astronaut_idle_Sprite_26220B40140243C41C5C7BC81EC2E8B3F.tmp' to '../../../../../../Users/ericn/OneDrive/Documents/GitHub/Project/Project/Content/2DSideScroller/Sprites/IdleFrames/Astronaut_idle_Sprite_2.uasset'
[2017.05.21-23.06.16:938][392]LogSavePackage: Total save time: 9.989135ms
[2017.05.21-23.06.16:938][392]LogSavePackage:Warning: Finished SavePackage ../../../../../../Users/ericn/OneDrive/Documents/GitHub/Project/Project/Content/2DSideScroller/Sprites/IdleFrames/Astronaut_idle_Sprite_2.uasset
[2017.05.21-23.06.16:966][392]LogSavePackage: Save=6.434371ms
[2017.05.21-23.06.16:966][392]LogSavePackage: Moving '../../../../../../Users/ericn/OneDrive/Documents/GitHub/Project/Project/Saved/Astronaut_idle_Sprite_390C6ED494F982A17B22FB285ADF5971D.tmp' to '../../../../../../Users/ericn/OneDrive/Documents/GitHub/Project/Project/Content/2DSideScroller/Sprites/IdleFrames/Astronaut_idle_Sprite_3.uasset'
[2017.05.21-23.06.16:969][392]LogSavePackage: Total save time: 10.329679ms
[2017.05.21-23.06.16:969][392]LogSavePackage:Warning: Finished SavePackage ../../../../../../Users/ericn/OneDrive/Documents/GitHub/Project/Project/Content/2DSideScroller/Sprites/IdleFrames/Astronaut_idle_Sprite_3.uasset
[2017.05.21-23.06.16:995][392]LogSavePackage: Save=5.524148ms
[2017.05.21-23.06.16:995][392]LogSavePackage: Moving '../../../../../../Users/ericn/OneDrive/Documents/GitHub/Project/Project/Saved/Astronaut_idle_Sprite_4AECD7F0B4E0842220E5CB99347D9AA99.tmp' to '../../../../../../Users/ericn/OneDrive/Documents/GitHub/Project/Project/Content/2DSideScroller/Sprites/IdleFrames/Astronaut_idle_Sprite_4.uasset'
[2017.05.21-23.06.16:998][392]LogSavePackage: Total save time: 9.459756ms
[2017.05.21-23.06.16:998][392]LogSavePackage:Warning: Finished SavePackage ../../../../../../Users/ericn/OneDrive/Documents/GitHub/Project/Project/Content/2DSideScroller/Sprites/IdleFrames/Astronaut_idle_Sprite_4.uasset
[2017.05.21-23.07.26:757][815]LogSavePackage: Save=5.536395ms
[2017.05.21-23.07.26:757][815]LogSavePackage: Moving '../../../../../../Users/ericn/OneDrive/Documents/GitHub/Project/Project/Saved/Astronaut_Walk8E13136F4B14B7C62179599945233201.tmp' to '../../../../../../Users/ericn/OneDrive/Documents/GitHub/Project/Project/Content/2DSideScroller/Sprites/Astronaut_Walk.uasset'
[2017.05.21-23.07.26:761][815]LogSavePackage: Total save time: 9.771455ms
[2017.05.21-23.07.26:761][815]LogSavePackage:Warning: Finished SavePackage ../../../../../../Users/ericn/OneDrive/Documents/GitHub/Project/Project/Content/2DSideScroller/Sprites/Astronaut_Walk.uasset
[2017.05.21-23.07.36:661][396]LogSavePackage: Save=4.092050ms
[2017.05.21-23.07.36:661][396]LogSavePackage: Moving '../../../../../../Users/ericn/OneDrive/Documents/GitHub/Project/Project/Saved/Astronaut_idleA1A97C704AF2545F5AF48DB61BA07C21.tmp' to '../../../../../../Users/ericn/OneDrive/Documents/GitHub/Project/Project/Content/2DSideScroller/Textures/Astronaut_idle.uasset'
[2017.05.21-23.07.36:665][396]LogSavePackage: Total save time: 8.345284ms
[2017.05.21-23.07.36:665][396]LogSavePackage:Warning: Finished SavePackage ../../../../../../Users/ericn/OneDrive/Documents/GitHub/Project/Project/Content/2DSideScroller/Textures/Astronaut_idle.uasset
[2017.05.21-23.07.36:744][396]LogSavePackage: Save=3.494321ms
[2017.05.21-23.07.36:744][396]LogSavePackage: Moving '../../../../../../Users/ericn/OneDrive/Documents/GitHub/Project/Project/Saved/Astronaut_idle_Sprite_0237786944EBF3A25B8C0A49FCDC26717.tmp' to '../../../../../../Users/ericn/OneDrive/Documents/GitHub/Project/Project/Content/2DSideScroller/Sprites/IdleFrames/Astronaut_idle_Sprite_0.uasset'
[2017.05.21-23.07.36:746][396]LogSavePackage: Total save time: 7.562272ms
[2017.05.21-23.07.36:746][396]LogSavePackage:Warning: Finished SavePackage ../../../../../../Users/ericn/OneDrive/Documents/GitHub/Project/Project/Content/2DSideScroller/Sprites/IdleFrames/Astronaut_idle_Sprite_0.uasset
[2017.05.21-23.07.36:760][396]LogSavePackage: Save=2.911210ms
[2017.05.21-23.07.36:760][396]LogSavePackage: Moving '../../../../../../Users/ericn/OneDrive/Documents/GitHub/Project/Project/Saved/Astronaut_idle_Sprite_25327283B49E5FD62C3BE358B21FBC607.tmp' to '../../../../../../Users/ericn/OneDrive/Documents/GitHub/Project/Project/Content/2DSideScroller/Sprites/IdleFrames/Astronaut_idle_Sprite_2.uasset'
[2017.05.21-23.07.36:762][396]LogSavePackage: Total save time: 7.248592ms
[2017.05.21-23.07.36:762][396]LogSavePackage:Warning: Finished SavePackage ../../../../../../Users/ericn/OneDrive/Documents/GitHub/Project/Project/Content/2DSideScroller/Sprites/IdleFrames/Astronaut_idle_Sprite_2.uasset
[2017.05.21-23.07.36:777][396]LogSavePackage: Save=3.526716ms
[2017.05.21-23.07.36:777][396]LogSavePackage: Moving '../../../../../../Users/ericn/OneDrive/Documents/GitHub/Project/Project/Saved/Astronaut_idle_Sprite_3650FF1A9420FCC46D708A8BFE246F4E6.tmp' to '../../../../../../Users/ericn/OneDrive/Documents/GitHub/Project/Project/Content/2DSideScroller/Sprites/IdleFrames/Astronaut_idle_Sprite_3.uasset'
[2017.05.21-23.07.36:779][396]LogSavePackage: Total save time: 8.727308ms
[2017.05.21-23.07.36:779][396]LogSavePackage:Warning: Finished SavePackage ../../../../../../Users/ericn/OneDrive/Documents/GitHub/Project/Project/Content/2DSideScroller/Sprites/IdleFrames/Astronaut_idle_Sprite_3.uasset
[2017.05.21-23.07.36:793][396]LogSavePackage: Save=3.525136ms
[2017.05.21-23.07.36:793][396]LogSavePackage: Moving '../../../../../../Users/ericn/OneDrive/Documents/GitHub/Project/Project/Saved/Astronaut_idle_Sprite_47C7015BA40EE31D72CFF72B312B0F317.tmp' to '../../../../../../Users/ericn/OneDrive/Documents/GitHub/Project/Project/Content/2DSideScroller/Sprites/IdleFrames/Astronaut_idle_Sprite_4.uasset'
[2017.05.21-23.07.36:795][396]LogSavePackage: Total save time: 7.921383ms
[2017.05.21-23.07.36:795][396]LogSavePackage:Warning: Finished SavePackage ../../../../../../Users/ericn/OneDrive/Documents/GitHub/Project/Project/Content/2DSideScroller/Sprites/IdleFrames/Astronaut_idle_Sprite_4.uasset
[2017.05.21-23.07.39:403][546]LogSavePackage: Save=3.650765ms
[2017.05.21-23.07.39:403][546]LogSavePackage: Moving '../../../../../../Users/ericn/OneDrive/Documents/GitHub/Project/Project/Saved/Atronaut_Walk3C078BE24F0F3C282BE6F9B66C222603.tmp' to '../../../../../../Users/ericn/OneDrive/Documents/GitHub/Project/Project/Content/2DSideScroller/Textures/Atronaut_Walk.uasset'
[2017.05.21-23.07.39:406][546]LogSavePackage: Total save time: 7.620346ms
[2017.05.21-23.07.39:406][546]LogSavePackage:Warning: Finished SavePackage ../../../../../../Users/ericn/OneDrive/Documents/GitHub/Project/Project/Content/2DSideScroller/Textures/Atronaut_Walk.uasset
[2017.05.21-23.08.03:486][959]LogEditorViewport: Clicking on Actor (LMB): ProjectCharacter (TP_2DSideScrollerCharacter)
[2017.05.21-23.08.06:427][124]LogEditorViewport: Clicking on Actor (context menu): PaperSpriteActor (Background_Sprite)
[2017.05.21-23.08.07:669][193]LogEditorViewport: Clicking on Actor (LMB): PaperSpriteActor (Background_Sprite)
[2017.05.21-23.08.08:139][221]LogEditorViewport: Clicking on Actor (LMB): PaperSpriteActor (Background_Sprite)
[2017.05.21-23.08.08:923][268]LogEditorViewport: Clicking on Actor (LMB): ProjectCharacter (TP_2DSideScrollerCharacter)
[2017.05.21-23.08.12:018][441]LogEditorViewport: Clicking on Actor (context menu): ProjectCharacter (TP_2DSideScrollerCharacter)
[2017.05.21-23.08.23:312][ 82]LogVSAccessor:Warning: Couldn't set focus on Visual Studio.
[2017.05.21-23.08.23:312][ 82]LogVSAccessor:Warning: Couldn't access Visual Studio
[2017.05.21-23.08.23:317][ 82]LogVSAccessor:Warning: Couldn't access module table
[2017.05.21-23.08.23:317][ 82]LogVSAccessor:Warning: Couldn't access module table
[2017.05.21-23.08.23:317][ 82]LogVSAccessor:Warning: Couldn't access module table
[2017.05.21-23.08.23:317][ 82]LogVSAccessor:Warning: Couldn't access module table
[2017.05.21-23.08.23:318][ 82]LogVSAccessor:Warning: Couldn't access module table
[2017.05.21-23.08.23:318][ 82]LogVSAccessor:Warning: Couldn't access module table
[2017.05.21-23.08.23:318][ 82]LogVSAccessor:Warning: Couldn't access module table
[2017.05.21-23.08.23:318][ 82]LogVSAccessor:Warning: Couldn't access module table
[2017.05.21-23.08.23:318][ 82]LogVSAccessor:Warning: Couldn't access module table
[2017.05.21-23.08.23:318][ 82]LogVSAccessor:Warning: Couldn't access module table
[2017.05.21-23.08.23:318][ 82]LogVSAccessor:Warning: Couldn't access module table
[2017.05.21-23.08.23:318][ 82]LogVSAccessor:Warning: Couldn't access module table
[2017.05.21-23.08.23:318][ 82]LogVSAccessor:Warning: Couldn't access module table
[2017.05.21-23.08.23:318][ 82]LogVSAccessor:Warning: Couldn't access module table
[2017.05.21-23.08.23:318][ 82]LogVSAccessor:Warning: Couldn't access module table
[2017.05.21-23.08.23:318][ 82]LogVSAccessor:Warning: Couldn't access module table
[2017.05.21-23.08.23:318][ 82]LogVSAccessor:Warning: Couldn't access module table
[2017.05.21-23.08.23:318][ 82]LogVSAccessor:Warning: Couldn't access module table
[2017.05.21-23.08.23:318][ 82]LogVSAccessor:Warning: Couldn't access module table
[2017.05.21-23.08.23:318][ 82]LogVSAccessor:Warning: Couldn't access module table
[2017.05.21-23.08.23:318][ 82]LogVSAccessor:Warning: Couldn't access module table
[2017.05.21-23.08.23:318][ 82]LogVSAccessor:Warning: Couldn't access module table
[2017.05.21-23.08.23:318][ 82]LogVSAccessor:Warning: Couldn't access module table
[2017.05.21-23.08.23:318][ 82]LogVSAccessor:Warning: Couldn't access module table
[2017.05.21-23.08.23:318][ 82]LogVSAccessor:Warning: Couldn't access module table
[2017.05.21-23.08.23:318][ 82]LogVSAccessor:Warning: Couldn't access module table
[2017.05.21-23.08.23:319][ 82]LogVSAccessor:Warning: Couldn't access module table
[2017.05.21-23.08.23:319][ 82]LogVSAccessor:Warning: Couldn't access module table
[2017.05.21-23.08.23:319][ 82]LogVSAccessor:Warning: Couldn't access module table
[2017.05.21-23.08.23:319][ 82]LogVSAccessor:Warning: Couldn't access module table
[2017.05.21-23.08.23:319][ 82]LogVSAccessor:Warning: Couldn't access module table
[2017.05.21-23.08.23:319][ 82]LogVSAccessor:Warning: Couldn't access module table
[2017.05.21-23.08.23:319][ 82]LogVSAccessor:Warning: Couldn't access module table
[2017.05.21-23.08.23:319][ 82]LogVSAccessor:Warning: Couldn't access module table
[2017.05.21-23.08.23:319][ 82]LogVSAccessor:Warning: Couldn't access module table
[2017.05.21-23.08.23:319][ 82]LogVSAccessor:Warning: Couldn't access module table
[2017.05.21-23.08.23:319][ 82]LogVSAccessor:Warning: Couldn't access module table
[2017.05.21-23.08.23:319][ 82]LogVSAccessor:Warning: Couldn't access module table
[2017.05.21-23.08.23:319][ 82]LogVSAccessor:Warning: Couldn't access module table
[2017.05.21-23.08.23:319][ 82]LogVSAccessor:Warning: Couldn't access module table
[2017.05.21-23.08.23:319][ 82]LogVSAccessor:Warning: Couldn't access module table
[2017.05.21-23.08.23:319][ 82]LogVSAccessor:Warning: Couldn't access module table
[2017.05.21-23.08.23:319][ 82]LogVSAccessor:Warning: Couldn't access module table
[2017.05.21-23.08.23:319][ 82]LogVSAccessor:Warning: Couldn't access module table
[2017.05.21-23.08.23:319][ 82]LogVSAccessor:Warning: Couldn't access module table
[2017.05.21-23.08.23:319][ 82]LogVSAccessor:Warning: Couldn't access module table
[2017.05.21-23.08.23:319][ 82]LogVSAccessor:Warning: Couldn't access module table
[2017.05.21-23.08.23:319][ 82]LogVSAccessor:Warning: Couldn't access module table
[2017.05.21-23.08.23:319][ 82]LogVSAccessor:Warning: Couldn't access module table
[2017.05.21-23.08.23:320][ 82]LogVSAccessor:Warning: Couldn't access module table
[2017.05.21-23.08.23:320][ 82]LogVSAccessor:Warning: Couldn't access module table
[2017.05.21-23.08.23:320][ 82]LogVSAccessor:Warning: Couldn't access module table
[2017.05.21-23.08.23:320][ 82]LogVSAccessor:Warning: Couldn't access module table
[2017.05.21-23.08.23:320][ 82]LogVSAccessor:Warning: Couldn't access module table
[2017.05.21-23.08.23:320][ 82]LogVSAccessor:Warning: Couldn't access module table
[2017.05.21-23.08.23:320][ 82]LogVSAccessor:Warning: Couldn't access module table
[2017.05.21-23.08.23:320][ 82]LogVSAccessor:Warning: Couldn't access module table
[2017.05.21-23.08.23:320][ 82]LogVSAccessor:Warning: Couldn't access module table
[2017.05.21-23.08.23:320][ 82]LogVSAccessor:Warning: Couldn't access module table
[2017.05.21-23.08.23:320][ 82]LogVSAccessor:Warning: Couldn't access module table
[2017.05.21-23.08.23:320][ 82]LogVSAccessor:Warning: Couldn't access module table
[2017.05.21-23.08.23:320][ 82]LogVSAccessor:Warning: Couldn't access module table
[2017.05.21-23.08.23:320][ 82]LogVSAccessor:Warning: Couldn't access module table
[2017.05.21-23.08.23:320][ 82]LogVSAccessor:Warning: Couldn't access module table
[2017.05.21-23.08.23:320][ 82]LogVSAccessor:Warning: Couldn't access module table
[2017.05.21-23.08.23:320][ 82]LogVSAccessor:Warning: Couldn't access module table
[2017.05.21-23.08.23:320][ 82]LogVSAccessor:Warning: Couldn't access module table
[2017.05.21-23.08.23:320][ 82]LogVSAccessor:Warning: Couldn't access module table
[2017.05.21-23.08.23:320][ 82]LogVSAccessor:Warning: Couldn't access module table
[2017.05.21-23.08.23:321][ 82]LogVSAccessor:Warning: Couldn't access module table
[2017.05.21-23.08.23:321][ 82]LogVSAccessor:Warning: Couldn't access module table
[2017.05.21-23.08.23:321][ 82]LogVSAccessor:Warning: Couldn't access module table
[2017.05.21-23.08.23:321][ 82]LogVSAccessor:Warning: Couldn't access module table
[2017.05.21-23.08.23:321][ 82]LogVSAccessor:Warning: Couldn't access module table
[2017.05.21-23.08.23:321][ 82]LogVSAccessor:Warning: Couldn't access module table
[2017.05.21-23.08.23:321][ 82]LogVSAccessor:Warning: Couldn't access module table
[2017.05.21-23.08.23:321][ 82]LogVSAccessor:Warning: Couldn't access module table
[2017.05.21-23.08.23:321][ 82]LogVSAccessor:Warning: Couldn't access module table
[2017.05.21-23.08.23:321][ 82]LogVSAccessor:Warning: Couldn't access module table
[2017.05.21-23.08.23:321][ 82]LogVSAccessor:Warning: Couldn't access module table
[2017.05.21-23.08.23:321][ 82]LogVSAccessor:Warning: Couldn't access module table
[2017.05.21-23.08.23:321][ 82]LogVSAccessor:Warning: Couldn't access module table
[2017.05.21-23.08.23:321][ 82]LogVSAccessor:Warning: Couldn't access module table
[2017.05.21-23.08.23:321][ 82]LogVSAccessor:Warning: Couldn't access module table
[2017.05.21-23.08.23:321][ 82]LogVSAccessor:Warning: Couldn't access module table
[2017.05.21-23.08.23:321][ 82]LogVSAccessor:Warning: Couldn't access module table
[2017.05.21-23.08.23:321][ 82]LogVSAccessor:Warning: Couldn't access module table
[2017.05.21-23.08.23:321][ 82]LogVSAccessor:Warning: Couldn't access module table
[2017.05.21-23.08.23:322][ 82]LogVSAccessor:Warning: Couldn't access module table
[2017.05.21-23.08.23:322][ 82]LogVSAccessor:Warning: Couldn't access module table
[2017.05.21-23.08.23:322][ 82]LogVSAccessor:Warning: Couldn't access module table
[2017.05.21-23.08.23:322][ 82]LogVSAccessor:Warning: Couldn't access module table
[2017.05.21-23.08.23:322][ 82]LogVSAccessor:Warning: Couldn't access module table
[2017.05.21-23.08.23:322][ 82]LogVSAccessor:Warning: Couldn't access module table
[2017.05.21-23.08.23:322][ 82]LogVSAccessor:Warning: Couldn't access module table
[2017.05.21-23.08.23:322][ 82]LogVSAccessor:Warning: Couldn't access module table
[2017.05.21-23.08.23:322][ 82]LogVSAccessor:Warning: Couldn't access module table
[2017.05.21-23.08.23:322][ 82]LogVSAccessor:Warning: Couldn't access module table
[2017.05.21-23.08.23:323][ 82]LogVSAccessor:Warning: Couldn't access module table
[2017.05.21-23.08.23:323][ 82]LogVSAccessor:Warning: Couldn't access module table
[2017.05.21-23.08.23:324][ 82]LogVSAccessor:Warning: Couldn't access module table
[2017.05.21-23.08.23:325][ 82]LogVSAccessor:Warning: Couldn't access module table
[2017.05.21-23.08.23:327][ 82]LogVSAccessor:Warning: Couldn't access module table
[2017.05.21-23.08.23:327][ 82]LogVSAccessor:Warning: Couldn't access module table
[2017.05.21-23.08.23:328][ 82]LogVSAccessor:Warning: Couldn't access module table
[2017.05.21-23.08.23:328][ 82]LogVSAccessor:Warning: Couldn't access module table
[2017.05.21-23.08.23:328][ 82]LogVSAccessor:Warning: Couldn't access module table
[2017.05.21-23.08.23:328][ 82]LogVSAccessor:Warning: Couldn't access module table
[2017.05.21-23.08.23:328][ 82]LogVSAccessor:Warning: Couldn't access module table
[2017.05.21-23.08.23:338][ 82]LogVSAccessor:Warning: Couldn't access module table
[2017.05.21-23.08.23:338][ 82]LogVSAccessor:Warning: Couldn't access module table
[2017.05.21-23.08.23:340][ 82]LogVSAccessor:Warning: Couldn't access module table
[2017.05.21-23.08.23:340][ 82]LogVSAccessor:Warning: Couldn't access module table
[2017.05.21-23.08.23:340][ 82]LogVSAccessor:Warning: Couldn't access module table
[2017.05.21-23.08.23:342][ 82]LogVSAccessor:Warning: Couldn't access module table
[2017.05.21-23.08.23:342][ 82]LogVSAccessor:Warning: Couldn't access module table
[2017.05.21-23.08.23:343][ 82]LogVSAccessor:Warning: Couldn't access module table
[2017.05.21-23.08.23:345][ 82]LogVSAccessor:Warning: Couldn't access module table
[2017.05.21-23.08.23:345][ 82]LogVSAccessor:Warning: Couldn't access module table
[2017.05.21-23.08.23:346][ 82]LogVSAccessor:Warning: Couldn't access module table
[2017.05.21-23.08.23:353][ 82]LogVSAccessor:Warning: Couldn't access module table
[2017.05.21-23.08.23:357][ 82]LogVSAccessor:Warning: Couldn't access module table
[2017.05.21-23.08.23:357][ 82]LogVSAccessor:Warning: Couldn't access module table
[2017.05.21-23.08.23:358][ 82]LogVSAccessor:Warning: Couldn't access module table
[2017.05.21-23.08.23:360][ 82]LogVSAccessor:Warning: Couldn't access module table
[2017.05.21-23.08.23:361][ 82]LogVSAccessor:Warning: Couldn't access module table
[2017.05.21-23.08.23:361][ 82]LogVSAccessor:Warning: Couldn't access module table
[2017.05.21-23.09.32:410][213]LogEditorViewport: Clicking on Actor (context menu): PaperSpriteActor (Background_Sprite)
[2017.05.21-23.09.33:513][274]LogEditorViewport: Clicking on Actor (LMB): PaperSpriteActor (Background_Sprite)
[2017.05.21-23.09.34:435][329]LogEditorViewport: Clicking on Actor (LMB): ProjectCharacter (TP_2DSideScrollerCharacter)
[2017.05.21-23.09.34:974][354]LogEditorViewport: Clicking on Actor (context menu): ProjectCharacter (TP_2DSideScrollerCharacter)
[2017.05.21-23.10.25:135][355]LogEditorViewport: Clicking on Actor (context menu): ProjectCharacter (TP_2DSideScrollerCharacter)
[2017.05.21-23.10.52:338][970]LogParticles: Destroying 0 GPU particle simulations for FXSystem 0x00000260AE0B7CE0
[2017.05.21-23.10.52:338][970]LogParticles: Destroying 0 GPU particle simulations for FXSystem 0x00000260A5EE2980
[2017.05.21-23.11.01:964][970]LogSavePackage: Save=1.436444ms
[2017.05.21-23.11.01:964][970]LogSavePackage: Moving '../../../../../../Users/ericn/OneDrive/Documents/GitHub/Project/Project/Saved/Astronaut_idleCD31EABF49B93A669051CD99F94305E5.tmp' to '../../../../../../Users/ericn/OneDrive/Documents/GitHub/Project/Project/Content/2DSideScroller/Sprites/Astronaut_idle.uasset'
[2017.05.21-23.11.01:967][970]LogSavePackage: Total save time: 5.149629ms
[2017.05.21-23.11.01:967][970]LogSavePackage:Warning: Finished SavePackage ../../../../../../Users/ericn/OneDrive/Documents/GitHub/Project/Project/Content/2DSideScroller/Sprites/Astronaut_idle.uasset
[2017.05.21-23.11.01:996][970]LogSavePackage: Save=4.631704ms
[2017.05.21-23.11.01:996][970]LogSavePackage: Moving '../../../../../../Users/ericn/OneDrive/Documents/GitHub/Project/Project/Saved/Astronaut_idle26762B127474D89B7BB72CAB6C7890607.tmp' to '../../../../../../Users/ericn/OneDrive/Documents/GitHub/Project/Project/Content/2DSideScroller/Sprites/Astronaut_idle2.uasset'
[2017.05.21-23.11.02:000][970]LogSavePackage: Total save time: 8.186467ms
[2017.05.21-23.11.02:000][970]LogSavePackage:Warning: Finished SavePackage ../../../../../../Users/ericn/OneDrive/Documents/GitHub/Project/Project/Content/2DSideScroller/Sprites/Astronaut_idle2.uasset
[2017.05.21-23.11.02:012][970]LogSavePackage: Save=1.780148ms
[2017.05.21-23.11.02:013][970]LogSavePackage: Moving '../../../../../../Users/ericn/OneDrive/Documents/GitHub/Project/Project/Saved/Astronaut_idle_Sprite_0774C9A73492A4F954841809A19E1CFF5.tmp' to '../../../../../../Users/ericn/OneDrive/Documents/GitHub/Project/Project/Content/2DSideScroller/Sprites/Astronaut_idle_Sprite_0.uasset'
[2017.05.21-23.11.02:016][970]LogSavePackage: Total save time: 5.189136ms
[2017.05.21-23.11.02:016][970]LogSavePackage:Warning: Finished SavePackage ../../../../../../Users/ericn/OneDrive/Documents/GitHub/Project/Project/Content/2DSideScroller/Sprites/Astronaut_idle_Sprite_0.uasset
[2017.05.21-23.11.02:028][970]LogSavePackage: Save=1.813728ms
[2017.05.21-23.11.02:028][970]LogSavePackage: Moving '../../../../../../Users/ericn/OneDrive/Documents/GitHub/Project/Project/Saved/Astronaut_idle_Sprite_24A83C4D84615BDF7E96C6B9F94FF511D.tmp' to '../../../../../../Users/ericn/OneDrive/Documents/GitHub/Project/Project/Content/2DSideScroller/Sprites/Astronaut_idle_Sprite_2.uasset'
[2017.05.21-23.11.02:031][970]LogSavePackage: Total save time: 5.154766ms
[2017.05.21-23.11.02:031][970]LogSavePackage:Warning: Finished SavePackage ../../../../../../Users/ericn/OneDrive/Documents/GitHub/Project/Project/Content/2DSideScroller/Sprites/Astronaut_idle_Sprite_2.uasset
[2017.05.21-23.11.02:043][970]LogSavePackage: Save=1.589333ms
[2017.05.21-23.11.02:043][970]LogSavePackage: Moving '../../../../../../Users/ericn/OneDrive/Documents/GitHub/Project/Project/Saved/Astronaut_idle_Sprite_38B8AA0594D1E59DF0C952E8360D1CD9E.tmp' to '../../../../../../Users/ericn/OneDrive/Documents/GitHub/Project/Project/Content/2DSideScroller/Sprites/Astronaut_idle_Sprite_3.uasset'
[2017.05.21-23.11.02:046][970]LogSavePackage: Total save time: 4.702814ms
[2017.05.21-23.11.02:046][970]LogSavePackage:Warning: Finished SavePackage ../../../../../../Users/ericn/OneDrive/Documents/GitHub/Project/Project/Content/2DSideScroller/Sprites/Astronaut_idle_Sprite_3.uasset
[2017.05.21-23.11.02:057][970]LogSavePackage: Save=2.936099ms
[2017.05.21-23.11.02:057][970]LogSavePackage: Moving '../../../../../../Users/ericn/OneDrive/Documents/GitHub/Project/Project/Saved/Astronaut_idle_Sprite_4C0F7ADCF40B492EF348B0C91CDC1546E.tmp' to '../../../../../../Users/ericn/OneDrive/Documents/GitHub/Project/Project/Content/2DSideScroller/Sprites/Astronaut_idle_Sprite_4.uasset'
[2017.05.21-23.11.02:061][970]LogSavePackage: Total save time: 7.003259ms
[2017.05.21-23.11.02:061][970]LogSavePackage:Warning: Finished SavePackage ../../../../../../Users/ericn/OneDrive/Documents/GitHub/Project/Project/Content/2DSideScroller/Sprites/Astronaut_idle_Sprite_4.uasset
[2017.05.21-23.11.02:088][970]LogSavePackage: Save=6.806519ms
[2017.05.21-23.11.02:088][970]LogSavePackage: Moving '../../../../../../Users/ericn/OneDrive/Documents/GitHub/Project/Project/Saved/Astronaut_Walk1AB2F36643CE8DFB447669BB3075AFF3.tmp' to '../../../../../../Users/ericn/OneDrive/Documents/GitHub/Project/Project/Content/2DSideScroller/Sprites/Astronaut_Walk.uasset'
[2017.05.21-23.11.02:092][970]LogSavePackage: Total save time: 13.509136ms
[2017.05.21-23.11.02:092][970]LogSavePackage:Warning: Finished SavePackage ../../../../../../Users/ericn/OneDrive/Documents/GitHub/Project/Project/Content/2DSideScroller/Sprites/Astronaut_Walk.uasset
[2017.05.21-23.11.02:102][970]LogSavePackage: Save=1.743012ms
[2017.05.21-23.11.02:102][970]LogSavePackage: Moving '../../../../../../Users/ericn/OneDrive/Documents/GitHub/Project/Project/Saved/Atronaut_Walk977F23024FF10577D8A580ADA2D77F59.tmp' to '../../../../../../Users/ericn/OneDrive/Documents/GitHub/Project/Project/Content/2DSideScroller/Sprites/Atronaut_Walk.uasset'
[2017.05.21-23.11.02:107][970]LogSavePackage: Total save time: 7.131256ms
[2017.05.21-23.11.02:107][970]LogSavePackage:Warning: Finished SavePackage ../../../../../../Users/ericn/OneDrive/Documents/GitHub/Project/Project/Content/2DSideScroller/Sprites/Atronaut_Walk.uasset
[2017.05.21-23.11.02:123][970]LogSavePackage: Save=3.413728ms
[2017.05.21-23.11.02:123][970]LogSavePackage: Moving '../../../../../../Users/ericn/OneDrive/Documents/GitHub/Project/Project/Saved/Astronaut_Walk51DAD9C243C6844F839FA7AFCB4F5B50.tmp' to '../../../../../../Users/ericn/OneDrive/Documents/GitHub/Project/Project/Content/2DSideScroller/Sprites/RunFrames/Astronaut_Walk.uasset'
[2017.05.21-23.11.02:126][970]LogSavePackage: Total save time: 10.462422ms
[2017.05.21-23.11.02:126][970]LogSavePackage:Warning: Finished SavePackage ../../../../../../Users/ericn/OneDrive/Documents/GitHub/Project/Project/Content/2DSideScroller/Sprites/RunFrames/Astronaut_Walk.uasset
[2017.05.21-23.11.02:152][970]LogSavePackage: Save=6.054321ms
[2017.05.21-23.11.02:152][970]LogSavePackage: Moving '../../../../../../Users/ericn/OneDrive/Documents/GitHub/Project/Project/Saved/Atronaut_Walk_Sprite_0E9A54CCC4D0F6A345479A78869150112.tmp' to '../../../../../../Users/ericn/OneDrive/Documents/GitHub/Project/Project/Content/2DSideScroller/Sprites/RunFrames/Atronaut_Walk_Sprite_0.uasset'
[2017.05.21-23.11.02:156][970]LogSavePackage: Total save time: 10.330863ms
[2017.05.21-23.11.02:156][970]LogSavePackage:Warning: Finished SavePackage ../../../../../../Users/ericn/OneDrive/Documents/GitHub/Project/Project/Content/2DSideScroller/Sprites/RunFrames/Atronaut_Walk_Sprite_0.uasset
[2017.05.21-23.11.02:185][970]LogSavePackage: Save=5.037432ms
[2017.05.21-23.11.02:185][970]LogSavePackage: Moving '../../../../../../Users/ericn/OneDrive/Documents/GitHub/Project/Project/Saved/Atronaut_Walk_Sprite_1B0B03C514AE425762E5EAE9CAE7AC4AB.tmp' to '../../../../../../Users/ericn/OneDrive/Documents/GitHub/Project/Project/Content/2DSideScroller/Sprites/RunFrames/Atronaut_Walk_Sprite_1.uasset'
[2017.05.21-23.11.02:188][970]LogSavePackage: Total save time: 9.062715ms
[2017.05.21-23.11.02:188][970]LogSavePackage:Warning: Finished SavePackage ../../../../../../Users/ericn/OneDrive/Documents/GitHub/Project/Project/Content/2DSideScroller/Sprites/RunFrames/Atronaut_Walk_Sprite_1.uasset
[2017.05.21-23.11.02:211][970]LogSavePackage: Save=4.844642ms
[2017.05.21-23.11.02:211][970]LogSavePackage: Moving '../../../../../../Users/ericn/OneDrive/Documents/GitHub/Project/Project/Saved/Atronaut_Walk_Sprite_2F59FA0384FDE33FE65049B86AA131DF1.tmp' to '../../../../../../Users/ericn/OneDrive/Documents/GitHub/Project/Project/Content/2DSideScroller/Sprites/RunFrames/Atronaut_Walk_Sprite_2.uasset'
[2017.05.21-23.11.02:215][970]LogSavePackage: Total save time: 8.739162ms
[2017.05.21-23.11.02:215][970]LogSavePackage:Warning: Finished SavePackage ../../../../../../Users/ericn/OneDrive/Documents/GitHub/Project/Project/Content/2DSideScroller/Sprites/RunFrames/Atronaut_Walk_Sprite_2.uasset
[2017.05.21-23.11.02:240][970]LogSavePackage: Save=5.675457ms
[2017.05.21-23.11.02:240][970]LogSavePackage: Moving '../../../../../../Users/ericn/OneDrive/Documents/GitHub/Project/Project/Saved/Atronaut_Walk_Sprite_300F76ACE4B368F8624A0098F491E6D1D.tmp' to '../../../../../../Users/ericn/OneDrive/Documents/GitHub/Project/Project/Content/2DSideScroller/Sprites/RunFrames/Atronaut_Walk_Sprite_3.uasset'
[2017.05.21-23.11.02:244][970]LogSavePackage: Total save time: 9.094715ms
[2017.05.21-23.11.02:244][970]LogSavePackage:Warning: Finished SavePackage ../../../../../../Users/ericn/OneDrive/Documents/GitHub/Project/Project/Content/2DSideScroller/Sprites/RunFrames/Atronaut_Walk_Sprite_3.uasset
[2017.05.21-23.11.02:268][970]LogSavePackage: Save=5.226666ms
[2017.05.21-23.11.02:268][970]LogSavePackage: Moving '../../../../../../Users/ericn/OneDrive/Documents/GitHub/Project/Project/Saved/Atronaut_Walk_Sprite_4234995F9409BD51B84B6E59D694EF4F0.tmp' to '../../../../../../Users/ericn/OneDrive/Documents/GitHub/Project/Project/Content/2DSideScroller/Sprites/RunFrames/Atronaut_Walk_Sprite_4.uasset'
[2017.05.21-23.11.02:271][970]LogSavePackage: Total save time: 8.911803ms
[2017.05.21-23.11.02:271][970]LogSavePackage:Warning: Finished SavePackage ../../../../../../Users/ericn/OneDrive/Documents/GitHub/Project/Project/Content/2DSideScroller/Sprites/RunFrames/Atronaut_Walk_Sprite_4.uasset
[2017.05.21-23.11.02:298][970]LogSavePackage: Save=5.004247ms
[2017.05.21-23.11.02:298][970]LogSavePackage: Moving '../../../../../../Users/ericn/OneDrive/Documents/GitHub/Project/Project/Saved/Atronaut_Walk_Sprite_5562B14EE418F1A7CCF65388273E848B0.tmp' to '../../../../../../Users/ericn/OneDrive/Documents/GitHub/Project/Project/Content/2DSideScroller/Sprites/RunFrames/Atronaut_Walk_Sprite_5.uasset'
[2017.05.21-23.11.02:301][970]LogSavePackage: Total save time: 8.362669ms
[2017.05.21-23.11.02:301][970]LogSavePackage:Warning: Finished SavePackage ../../../../../../Users/ericn/OneDrive/Documents/GitHub/Project/Project/Content/2DSideScroller/Sprites/RunFrames/Atronaut_Walk_Sprite_5.uasset
[2017.05.21-23.11.02:328][970]LogSavePackage: Save=4.981333ms
[2017.05.21-23.11.02:328][970]LogSavePackage: Moving '../../../../../../Users/ericn/OneDrive/Documents/GitHub/Project/Project/Saved/Atronaut_Walk_Sprite_69F45A92F414B0FB07FF673B23E003500.tmp' to '../../../../../../Users/ericn/OneDrive/Documents/GitHub/Project/Project/Content/2DSideScroller/Sprites/RunFrames/Atronaut_Walk_Sprite_6.uasset'
[2017.05.21-23.11.02:332][970]LogSavePackage: Total save time: 8.800790ms
[2017.05.21-23.11.02:332][970]LogSavePackage:Warning: Finished SavePackage ../../../../../../Users/ericn/OneDrive/Documents/GitHub/Project/Project/Content/2DSideScroller/Sprites/RunFrames/Atronaut_Walk_Sprite_6.uasset
[2017.05.21-23.11.02:360][970]LogSavePackage: Save=5.095111ms
[2017.05.21-23.11.02:360][970]LogSavePackage: Moving '../../../../../../Users/ericn/OneDrive/Documents/GitHub/Project/Project/Saved/Atronaut_Walk_Sprite_7EA46E738402C856E7FD65498C8A5E77A.tmp' to '../../../../../../Users/ericn/OneDrive/Documents/GitHub/Project/Project/Content/2DSideScroller/Sprites/RunFrames/Atronaut_Walk_Sprite_7.uasset'
[2017.05.21-23.11.02:363][970]LogSavePackage: Total save time: 8.520689ms
[2017.05.21-23.11.02:363][970]LogSavePackage:Warning: Finished SavePackage ../../../../../../Users/ericn/OneDrive/Documents/GitHub/Project/Project/Content/2DSideScroller/Sprites/RunFrames/Atronaut_Walk_Sprite_7.uasset
[2017.05.21-23.11.02:394][970]LogSavePackage: Save=7.607704ms
[2017.05.21-23.11.02:394][970]LogSavePackage: Moving '../../../../../../Users/ericn/OneDrive/Documents/GitHub/Project/Project/Saved/Atronaut_Walk_Sprite_8F9C300EB4D3D23B162475CBC33D5E8D1.tmp' to '../../../../../../Users/ericn/OneDrive/Documents/GitHub/Project/Project/Content/2DSideScroller/Sprites/RunFrames/Atronaut_Walk_Sprite_8.uasset'
[2017.05.21-23.11.02:397][970]LogSavePackage: Total save time: 11.367902ms
[2017.05.21-23.11.02:398][970]LogSavePackage:Warning: Finished SavePackage ../../../../../../Users/ericn/OneDrive/Documents/GitHub/Project/Project/Content/2DSideScroller/Sprites/RunFrames/Atronaut_Walk_Sprite_8.uasset
[2017.05.21-23.11.02:535][970]LogSavePackage: Save=53.526123ms
[2017.05.21-23.11.02:535][970]LogSavePackage: Moving '../../../../../../Users/ericn/OneDrive/Documents/GitHub/Project/Project/Saved/2DSideScrollerExampleMapBE09631B46379185EFF6B48388C6E12C.tmp' to '../../../../../../Users/ericn/OneDrive/Documents/GitHub/Project/Project/Content/2DSideScrollerCPP/Maps/2DSideScrollerExampleMap.umap'
[2017.05.21-23.11.02:539][970]LogSavePackage: Total save time: 59.113085ms
[2017.05.21-23.11.02:539][970]LogSavePackage:Warning: Finished SavePackage ../../../../../../Users/ericn/OneDrive/Documents/GitHub/Project/Project/Content/2DSideScrollerCPP/Maps/2DSideScrollerExampleMap.umap
[2017.05.21-23.11.02:576][970]LogFileHelpers: Saving map '2DSideScrollerExampleMap' took 0.175
[2017.05.21-23.11.02:782][970]LogWindowsTextInputMethodSystem:Display: IME system now deactivated.
[2017.05.21-23.11.03:094][971]Cmd: QUIT_EDITOR
[2017.05.21-23.11.03:360][971]LogExit: Preparing to exit.
[2017.05.21-23.11.03:945][971]LogParticles: Destroying 0 GPU particle simulations for FXSystem 0x00000260FAD35D00
[2017.05.21-23.11.03:947][971]LogExit: Editor shut down
[2017.05.21-23.11.03:948][971]LogExit: Transaction tracking system shut down
[2017.05.21-23.11.03:948][971]LogParticles: Destroying 0 GPU particle simulations for FXSystem 0x00000260FD22F100
[2017.05.21-23.11.03:949][971]LogParticles: Destroying 0 GPU particle simulations for FXSystem 0x00000260983B6D40
[2017.05.21-23.11.03:949][971]LogParticles: Destroying 0 GPU particle simulations for FXSystem 0x00000260A68AF920
[2017.05.21-23.11.04:083][971]LogExit: Object subsystem successfully closed.
[2017.05.21-23.11.04:102][971]LogD3D11RHI: Shutdown
[2017.05.21-23.11.04:102][971]LogD3D11RHI: CleanupD3DDevice
[2017.05.21-23.11.04:163][971]LogD3D11RHI: ~FD3D11DynamicRHI
[2017.05.21-23.11.04:187][971]LogModuleManager: Shutting down and abandoning module CrashTracker (198)
[2017.05.21-23.11.04:187][971]LogModuleManager: Shutting down and abandoning module SceneOutliner (197)
[2017.05.21-23.11.04:187][971]LogModuleManager: Shutting down and abandoning module SuperSearch (196)
[2017.05.21-23.11.04:187][971]LogModuleManager: Shutting down and abandoning module WidgetCarousel (195)
[2017.05.21-23.11.04:187][971]LogModuleManager: Shutting down and abandoning module AddContentDialog (194)
[2017.05.21-23.11.04:188][971]LogModuleManager: Shutting down and abandoning module EditorWidgets (193)
[2017.05.21-23.11.04:188][971]LogModuleManager: Shutting down and abandoning module CollectionManager (192)
[2017.05.21-23.11.04:188][971]LogModuleManager: Shutting down and abandoning module StatsViewer (191)
[2017.05.21-23.11.04:188][971]LogModuleManager: Shutting down and abandoning module FoliageEdit (190)
[2017.05.21-23.11.04:188][971]LogModuleManager: Shutting down and abandoning module LandscapeEditor (189)
[2017.05.21-23.11.04:188][971]LogModuleManager: Shutting down and abandoning module ActorPickerMode (188)
[2017.05.21-23.11.04:188][971]LogModuleManager: Shutting down and abandoning module GeometryMode (187)
[2017.05.21-23.11.04:188][971]LogModuleManager: Shutting down and abandoning module TextureAlignMode (186)
[2017.05.21-23.11.04:188][971]LogModuleManager: Shutting down and abandoning module BspMode (185)
[2017.05.21-23.11.04:188][971]LogModuleManager: Shutting down and abandoning module PlacementMode (184)
[2017.05.21-23.11.04:188][971]LogModuleManager: Shutting down and abandoning module AutomationWorker (183)
[2017.05.21-23.11.04:188][971]LogModuleManager: Shutting down and abandoning module CharacterAI (182)
[2017.05.21-23.11.04:188][971]LogModuleManager: Shutting down and abandoning module SmartSnapping (181)
[2017.05.21-23.11.04:188][971]LogModuleManager: Shutting down and abandoning module ViewportSnapping (180)
[2017.05.21-23.11.04:188][971]LogModuleManager: Shutting down and abandoning module LogVisualizer (179)
[2017.05.21-23.11.04:188][971]LogModuleManager: Shutting down and abandoning module GameProjectGeneration (178)
[2017.05.21-23.11.04:188][971]LogModuleManager: Shutting down and abandoning module IntroTutorials (177)
[2017.05.21-23.11.04:188][971]LogModuleManager: Shutting down and abandoning module EditorLiveStreaming (176)
[2017.05.21-23.11.04:188][971]LogModuleManager: Shutting down and abandoning module IOSPlatformEditor (175)
[2017.05.21-23.11.04:188][971]LogModuleManager: Shutting down and abandoning module HTML5PlatformEditor (174)
[2017.05.21-23.11.04:188][971]LogModuleManager: Shutting down and abandoning module AndroidDeviceDetection (173)
[2017.05.21-23.11.05:052][971]LogModuleManager: Shutting down and abandoning module AndroidPlatformEditor (172)
[2017.05.21-23.11.05:052][971]LogModuleManager: Shutting down and abandoning module IOSRuntimeSettings (171)
[2017.05.21-23.11.05:052][971]LogModuleManager: Shutting down and abandoning module AndroidRuntimeSettings (170)
[2017.05.21-23.11.05:052][971]LogModuleManager: Shutting down and abandoning module MergeActors (169)
[2017.05.21-23.11.05:052][971]LogModuleManager: Shutting down and abandoning module SizeMap (168)
[2017.05.21-23.11.05:052][971]LogModuleManager: Shutting down and abandoning module TreeMap (167)
[2017.05.21-23.11.05:052][971]LogModuleManager: Shutting down and abandoning module ReferenceViewer (166)
[2017.05.21-23.11.05:052][971]LogModuleManager: Shutting down and abandoning module LocalizationService (165)
[2017.05.21-23.11.05:052][971]LogModuleManager: Shutting down and abandoning module LocalizationDashboard (164)
[2017.05.21-23.11.05:052][971]LogModuleManager: Shutting down and abandoning module HardwareTargeting (163)
[2017.05.21-23.11.05:052][971]LogModuleManager: Shutting down and abandoning module DeviceProfileEditor (162)
[2017.05.21-23.11.05:052][971]LogModuleManager: Shutting down and abandoning module UndoHistory (161)
[2017.05.21-23.11.05:052][971]LogModuleManager: Shutting down and abandoning module GameplayTagsEditor (160)
[2017.05.21-23.11.05:052][971]LogModuleManager: Shutting down and abandoning module UserFeedback (159)
[2017.05.21-23.11.05:052][971]LogModuleManager: Shutting down and abandoning module XmlParser (158)
[2017.05.21-23.11.05:052][971]LogModuleManager: Shutting down and abandoning module Blutility (157)
[2017.05.21-23.11.05:052][971]LogModuleManager: Shutting down and abandoning module ProjectTargetPlatformEditor (156)
[2017.05.21-23.11.05:052][971]LogModuleManager: Shutting down and abandoning module ProjectSettingsViewer (155)
[2017.05.21-23.11.05:052][971]LogModuleManager: Shutting down and abandoning module InputBindingEditor (154)
[2017.05.21-23.11.05:052][971]LogModuleManager: Shutting down and abandoning module EditorSettingsViewer (153)
[2017.05.21-23.11.05:052][971]LogModuleManager: Shutting down and abandoning module SettingsEditor (152)
[2017.05.21-23.11.05:052][971]LogModuleManager: Shutting down and abandoning module ProjectLauncher (151)
[2017.05.21-23.11.05:053][971]LogModuleManager: Shutting down and abandoning module SessionFrontend (150)
[2017.05.21-23.11.05:053][971]LogModuleManager: Shutting down and abandoning module ProfilerClient (149)
[2017.05.21-23.11.05:053][971]LogModuleManager: Shutting down and abandoning module TargetDeviceServices (148)
[2017.05.21-23.11.05:053][971]LogModuleManager: Shutting down and abandoning module DeviceManager (147)
[2017.05.21-23.11.05:053][971]LogModuleManager: Shutting down and abandoning module AutomationController (146)
[2017.05.21-23.11.05:053][971]LogModuleManager: Shutting down and abandoning module AutomationWindow (145)
[2017.05.21-23.11.05:053][971]LogModuleManager: Shutting down and abandoning module Layers (144)
[2017.05.21-23.11.05:053][971]LogModuleManager: Shutting down and abandoning module ComponentVisualizers (143)
[2017.05.21-23.11.05:053][971]LogModuleManager: Shutting down and abandoning module DetailCustomizations (142)
[2017.05.21-23.11.05:053][971]LogModuleManager: Shutting down and abandoning module PackagesDialog (141)
[2017.05.21-23.11.05:053][971]LogModuleManager: Shutting down and abandoning module Persona (140)
[2017.05.21-23.11.05:053][971]LogModuleManager: Shutting down and abandoning module Kismet (139)
[2017.05.21-23.11.05:053][971]LogModuleManager: Shutting down and abandoning module GraphEditor (138)
[2017.05.21-23.11.05:053][971]LogModuleManager: Shutting down and abandoning module ClassViewer (137)
[2017.05.21-23.11.05:053][971]LogModuleManager: Shutting down and abandoning module Toolbox (136)
[2017.05.21-23.11.05:053][971]LogModuleManager: Shutting down and abandoning module ModuleUI (135)
[2017.05.21-23.11.05:053][971]LogModuleManager: Shutting down and abandoning module MovieSceneTools (134)
[2017.05.21-23.11.05:053][971]LogModuleManager: Shutting down and abandoning module OutputLog (133)
[2017.05.21-23.11.05:053][971]LogModuleManager: Shutting down and abandoning module GammaUI (132)
[2017.05.21-23.11.05:053][971]LogModuleManager: Shutting down and abandoning module Documentation (131)
[2017.05.21-23.11.05:053][971]LogModuleManager: Shutting down and abandoning module GameLiveStreaming (130)
[2017.05.21-23.11.05:053][971]LogModuleManager: Shutting down and abandoning module StreamingPauseRendering (129)
[2017.05.21-23.11.05:054][971]LogModuleManager: Shutting down and abandoning module AnalyticsET (128)
[2017.05.21-23.11.05:054][971]LogModuleManager: Shutting down and abandoning module Analytics (127)
[2017.05.21-23.11.05:054][971]LogModuleManager: Shutting down and abandoning module AITestSuite (126)
[2017.05.21-23.11.05:054][971]LogModuleManager: Shutting down and abandoning module GameplayDebugger (125)
[2017.05.21-23.11.05:054][971]LogModuleManager: Shutting down and abandoning module AIModule (124)
[2017.05.21-23.11.05:054][971]LogModuleManager: Shutting down and abandoning module ProfilerService (123)
[2017.05.21-23.11.05:273][971]LogModuleManager: Shutting down and abandoning module TaskGraph (122)
[2017.05.21-23.11.05:311][971]LogModuleManager: Shutting down and abandoning module SlateRemote (121)
[2017.05.21-23.11.05:312][971]LogModuleManager: Shutting down and abandoning module SteamVRController (120)
[2017.05.21-23.11.05:312][971]LogModuleManager: Shutting down and abandoning module SteamVR (119)
[2017.05.21-23.11.05:312][971]LogModuleManager: Shutting down and abandoning module ProceduralMeshComponent (118)
[2017.05.21-23.11.05:312][971]LogModuleManager: Shutting down and abandoning module OculusRift (117)
[2017.05.21-23.11.05:312][971]LogModuleManager: Shutting down and abandoning module OculusLibrary (116)
[2017.05.21-23.11.05:312][971]LogModuleManager: Shutting down and abandoning module LeapMotionController (115)
[2017.05.21-23.11.05:354][971]LogModuleManager: Shutting down and abandoning module CustomMeshComponent (114)
[2017.05.21-23.11.05:354][971]LogModuleManager: Shutting down and abandoning module CableComponent (113)
[2017.05.21-23.11.05:354][971]LogModuleManager: Shutting down and abandoning module ArchVisCharacter (112)
[2017.05.21-23.11.05:354][971]LogModuleManager: Shutting down and abandoning module MessagingDebugger (111)
[2017.05.21-23.11.05:354][971]LogModuleManager: Shutting down and abandoning module MediaPlayerEditor (110)
[2017.05.21-23.11.05:354][971]LogModuleManager: Shutting down and abandoning module HTML5Networking (109)
[2017.05.21-23.11.05:354][971]LogModuleManager: Shutting down and abandoning module SpeedTreeImporter (108)
[2017.05.21-23.11.05:354][971]LogModuleManager: Shutting down and abandoning module PluginBrowser (107)
[2017.05.21-23.11.05:354][971]LogModuleManager: Shutting down and abandoning module EpicSurvey (106)
[2017.05.21-23.11.05:354][971]LogModuleManager: Shutting down and abandoning module DesktopPlatform (105)
[2017.05.21-23.11.05:354][971]LogModuleManager: Shutting down and abandoning module VisualStudioSourceCodeAccess (104)
[2017.05.21-23.11.05:354][971]LogModuleManager: Shutting down and abandoning module UObjectPlugin (103)
[2017.05.21-23.11.05:354][971]LogModuleManager: Shutting down and abandoning module SubversionSourceControl (102)
[2017.05.21-23.11.05:354][971]LogModuleManager: Shutting down and abandoning module PerforceSourceControl (101)
[2017.05.21-23.11.05:354][971]LogModuleManager: Shutting down and abandoning module SourceControl (100)
[2017.05.21-23.11.05:355][971]LogModuleManager: Shutting down and abandoning module GitSourceControl (99)
[2017.05.21-23.11.05:355][971]LogModuleManager: Shutting down and abandoning module LightPropagationVolumeEditor (98)
[2017.05.21-23.11.05:355][971]LogModuleManager: Shutting down and abandoning module PaperTiledImporter (97)
[2017.05.21-23.11.05:355][971]LogModuleManager: Shutting down and abandoning module PaperSpriteSheetImporter (96)
[2017.05.21-23.11.05:355][971]LogModuleManager: Shutting down and abandoning module MeshPaint (95)
[2017.05.21-23.11.05:355][971]LogModuleManager: Shutting down and abandoning module SlateReflector (94)
[2017.05.21-23.11.05:355][971]LogModuleManager: Shutting down and abandoning module HotReload (93)
[2017.05.21-23.11.05:355][971]LogModuleManager: Shutting down and abandoning module MainFrame (92)
[2017.05.21-23.11.05:355][971]LogModuleManager: Shutting down and abandoning module LevelEditor (91)
[2017.05.21-23.11.05:356][971]LogModuleManager: Shutting down and abandoning module DirectoryWatcher (90)
[2017.05.21-23.11.05:357][971]LogModuleManager: Shutting down and abandoning module AssetRegistry (89)
[2017.05.21-23.11.05:459][971]LogModuleManager: Shutting down and abandoning module ContentBrowser (88)
[2017.05.21-23.11.05:459][971]LogModuleManager: Shutting down and abandoning module Paper2DEditor (87)
[2017.05.21-23.11.05:459][971]LogModuleManager: Shutting down and abandoning module Project (86)
[2017.05.21-23.11.05:459][971]LogModuleManager: Shutting down and abandoning module UdpMessaging (85)
[2017.05.21-23.11.05:560][971]LogModuleManager: Shutting down and abandoning module LightPropagationVolumeRuntime (84)
[2017.05.21-23.11.05:560][971]LogModuleManager: Shutting down and abandoning module Paper2D (83)
[2017.05.21-23.11.05:560][971]LogModuleManager: Shutting down and abandoning module WindowsMoviePlayer (82)
[2017.05.21-23.11.05:562][971]LogModuleManager: Shutting down and abandoning module Media (81)
[2017.05.21-23.11.05:562][971]LogModuleManager: Shutting down and abandoning module WmfMedia (80)
[2017.05.21-23.11.05:562][971]LogModuleManager: Shutting down and abandoning module OnlineBlueprintSupport (79)
[2017.05.21-23.11.05:562][971]LogModuleManager: Shutting down and abandoning module GameplayTasksEditor (78)
[2017.05.21-23.11.05:562][971]LogModuleManager: Shutting down and abandoning module PropertyEditor (77)
[2017.05.21-23.11.05:562][971]LogModuleManager: Shutting down and abandoning module BehaviorTreeEditor (76)
[2017.05.21-23.11.05:562][971]LogModuleManager: Shutting down and abandoning module FunctionalTesting (75)
[2017.05.21-23.11.05:562][971]LogModuleManager: Shutting down and abandoning module CollisionAnalyzer (74)
[2017.05.21-23.11.05:562][971]LogModuleManager: Shutting down and abandoning module WorkspaceMenuStructure (73)
[2017.05.21-23.11.05:562][971]LogModuleManager: Shutting down and abandoning module MessageLog (72)
[2017.05.21-23.11.05:562][971]LogModuleManager: Shutting down and abandoning module Sequencer (71)
[2017.05.21-23.11.05:562][971]LogModuleManager: Shutting down and abandoning module AssetTools (70)
[2017.05.21-23.11.05:562][971]LogModuleManager: Shutting down and abandoning module UMGEditor (69)
[2017.05.21-23.11.05:562][971]LogModuleManager: Shutting down and abandoning module UMG (68)
[2017.05.21-23.11.05:562][971]LogModuleManager: Shutting down and abandoning module Slate (67)
[2017.05.21-23.11.05:562][971]LogModuleManager: Shutting down and abandoning module EditorStyle (66)
[2017.05.21-23.11.05:564][971]LogModuleManager: Shutting down and abandoning module SessionServices (65)
[2017.05.21-23.11.05:564][971]LogModuleManager: Shutting down and abandoning module SourceCodeAccess (64)
[2017.05.21-23.11.05:564][971]LogModuleManager: Shutting down and abandoning module HeadMountedDisplay (63)
[2017.05.21-23.11.05:564][971]LogModuleManager: Shutting down and abandoning module XAudio2 (62)
[2017.05.21-23.11.05:564][971]LogModuleManager: Shutting down and abandoning module Networking (60)
[2017.05.21-23.11.05:564][971]LogModuleManager: Shutting down and abandoning module Core (59)
[2017.05.21-23.11.05:564][971]LogModuleManager: Shutting down and abandoning module KismetCompiler (58)
[2017.05.21-23.11.05:564][971]LogModuleManager: Shutting down and abandoning module PhysXFormats (57)
[2017.05.21-23.11.05:564][971]LogModuleManager: Shutting down and abandoning module MeshUtilities (56)
[2017.05.21-23.11.05:565][971]LogModuleManager: Shutting down and abandoning module CookingStats (55)
[2017.05.21-23.11.05:565][971]LogModuleManager: Shutting down and abandoning module DerivedDataCache (54)
[2017.05.21-23.11.05:612][971]LogDerivedDataCache: Shutdown
[2017.05.21-23.11.05:612][971]LogModuleManager: Shutting down and abandoning module ShaderFormatOpenGL (53)
[2017.05.21-23.11.05:612][971]LogModuleManager: Shutting down and abandoning module ShaderFormatD3D (52)
[2017.05.21-23.11.05:612][971]LogModuleManager: Shutting down and abandoning module MetalShaderFormat (51)
[2017.05.21-23.11.05:612][971]LogModuleManager: Shutting down and abandoning module TextureFormatUncompressed (50)
[2017.05.21-23.11.05:612][971]LogModuleManager: Shutting down and abandoning module TextureFormatPVR (49)
[2017.05.21-23.11.05:612][971]LogModuleManager: Shutting down and abandoning module TextureFormatIntelISPCTexComp (48)
[2017.05.21-23.11.05:612][971]LogModuleManager: Shutting down and abandoning module TextureFormatDXT (47)
[2017.05.21-23.11.05:612][971]LogModuleManager: Shutting down and abandoning module ImageWrapper (46)
[2017.05.21-23.11.05:612][971]LogModuleManager: Shutting down and abandoning module TextureFormatASTC (45)
[2017.05.21-23.11.05:612][971]LogModuleManager: Shutting down and abandoning module TextureFormatAndroid (44)
[2017.05.21-23.11.05:612][971]LogModuleManager: Shutting down and abandoning module AudioFormatOpus (43)
[2017.05.21-23.11.05:612][971]LogModuleManager: Shutting down and abandoning module AudioFormatOgg (42)
[2017.05.21-23.11.05:612][971]LogModuleManager: Shutting down and abandoning module AudioFormatADPCM (41)
[2017.05.21-23.11.05:612][971]LogModuleManager: Shutting down and abandoning module LinuxTargetPlatform (40)
[2017.05.21-23.11.05:612][971]LogModuleManager: Shutting down and abandoning module LinuxServerTargetPlatform (39)
[2017.05.21-23.11.05:612][971]LogModuleManager: Shutting down and abandoning module LinuxNoEditorTargetPlatform (38)
[2017.05.21-23.11.05:612][971]LogModuleManager: Shutting down and abandoning module Messaging (37)
[2017.05.21-23.11.05:612][971]LogModuleManager: Shutting down and abandoning module IOSTargetPlatform (36)
[2017.05.21-23.11.05:612][971]LogModuleManager: Shutting down and abandoning module HTML5TargetPlatform (35)
[2017.05.21-23.11.05:612][971]LogModuleManager: Shutting down and abandoning module Android_PVRTCTargetPlatform (34)
[2017.05.21-23.11.05:612][971]LogModuleManager: Shutting down and abandoning module Android_ETC2TargetPlatform (33)
[2017.05.21-23.11.05:612][971]LogModuleManager: Shutting down and abandoning module Android_ETC1TargetPlatform (32)
[2017.05.21-23.11.05:612][971]LogModuleManager: Shutting down and abandoning module Android_DXTTargetPlatform (31)
[2017.05.21-23.11.05:612][971]LogModuleManager: Shutting down and abandoning module Android_ATCTargetPlatform (30)
[2017.05.21-23.11.05:612][971]LogModuleManager: Shutting down and abandoning module Android_ASTCTargetPlatform (29)
[2017.05.21-23.11.05:612][971]LogModuleManager: Shutting down and abandoning module AndroidTargetPlatform (28)
[2017.05.21-23.11.05:612][971]LogModuleManager: Shutting down and abandoning module WindowsTargetPlatform (27)
[2017.05.21-23.11.05:612][971]LogModuleManager: Shutting down and abandoning module WindowsServerTargetPlatform (26)
[2017.05.21-23.11.05:612][971]LogModuleManager: Shutting down and abandoning module WindowsNoEditorTargetPlatform (25)
[2017.05.21-23.11.05:612][971]LogModuleManager: Shutting down and abandoning module WindowsClientTargetPlatform (24)
[2017.05.21-23.11.05:612][971]LogModuleManager: Shutting down and abandoning module AllDesktopTargetPlatform (23)
[2017.05.21-23.11.05:612][971]LogModuleManager: Shutting down and abandoning module TargetPlatform (22)
[2017.05.21-23.11.05:612][971]LogModuleManager: Shutting down and abandoning module InputCore (21)
[2017.05.21-23.11.05:612][971]LogModuleManager: Shutting down and abandoning module Settings (20)
[2017.05.21-23.11.05:612][971]LogModuleManager: Shutting down and abandoning module OnlineSubsystem (18)
[2017.05.21-23.11.05:612][971]LogModuleManager: Shutting down and abandoning module HTTP (17)
[2017.05.21-23.11.06:703][971]LogModuleManager: Shutting down and abandoning module XMPP (16)
[2017.05.21-23.11.06:703][971]LogModuleManager: Shutting down and abandoning module ExampleDeviceProfileSelector (15)
[2017.05.21-23.11.06:703][971]LogModuleManager: Shutting down and abandoning module TextureCompressor (14)
[2017.05.21-23.11.06:703][971]LogModuleManager: Shutting down and abandoning module ShaderCore (13)
[2017.05.21-23.11.06:703][971]LogModuleManager: Shutting down and abandoning module Landscape (12)
[2017.05.21-23.11.06:703][971]LogModuleManager: Shutting down and abandoning module SlateRHIRenderer (11)
[2017.05.21-23.11.06:704][971]LogModuleManager: Shutting down and abandoning module OpenGLDrv (10)
[2017.05.21-23.11.06:704][971]LogModuleManager: Shutting down and abandoning module D3D11RHI (9)
[2017.05.21-23.11.06:704][971]LogModuleManager: Shutting down and abandoning module AnimGraphRuntime (8)
[2017.05.21-23.11.06:704][971]LogModuleManager: Shutting down and abandoning module Renderer (7)
[2017.05.21-23.11.06:704][971]LogModuleManager: Shutting down and abandoning module Engine (6)
[2017.05.21-23.11.06:704][971]LogModuleManager: Shutting down and abandoning module CoreUObject (5)
[2017.05.21-23.11.06:704][971]LogModuleManager: Shutting down and abandoning module NetworkFile (4)
[2017.05.21-23.11.06:705][971]LogModuleManager: Shutting down and abandoning module StreamingFile (3)
[2017.05.21-23.11.06:705][971]LogModuleManager: Shutting down and abandoning module SandboxFile (2)
[2017.05.21-23.11.06:705][971]LogModuleManager: Shutting down and abandoning module PakFile (1)
[2017.05.21-23.11.06:705][971]LogExit: Exiting.
[2017.05.21-23.11.06:914][971]Log file closed, 05/21/17 17:11:06
