[2017.05.21-23.39.20:037][  0]Log file open, 05/21/17 17:39:20
[2017.05.21-23.39.20:037][  0]LogInit:Display: Running engine for game: Project
[2017.05.21-23.39.20:037][  0]LogInit:Display: RandInit(1894008685) SRandInit(1894008686).
[2017.05.21-23.39.20:037][  0]LogTaskGraph: Started task graph with 4 named threads and 5 total threads.
[2017.05.21-23.39.20:037][  0]LogStats: Stats thread started at 0.060416
[2017.05.21-23.39.20:037][  0]LogInit: Version: 4.9.2-2707645+++depot+UE4-Releases+4.9
[2017.05.21-23.39.20:037][  0]LogInit: API Version: 2672455
[2017.05.21-23.39.20:037][  0]LogInit: Compiled (64-bit): Sep 28 2015 10:25:44
[2017.05.21-23.39.20:037][  0]LogInit: Compiled with Visual C++: 18.00.21005.01
[2017.05.21-23.39.20:037][  0]LogInit: Build Configuration: Development
[2017.05.21-23.39.20:037][  0]LogInit: Branch Name: ++depot+UE4-Releases+4.9
[2017.05.21-23.39.20:037][  0]LogInit: Command line: -EpicPortal 
[2017.05.21-23.39.20:037][  0]LogInit: Base directory: C:/Program Files/Epic Games/UE_4.9/Engine/Binaries/Win64/
[2017.05.21-23.39.20:037][  0]LogInit: Rocket: 1
[2017.05.21-23.39.20:049][  0]LogInit: Using libcurl 7.41.0
[2017.05.21-23.39.20:049][  0]LogInit:  - built for x86_64-pc-win32
[2017.05.21-23.39.20:049][  0]LogInit:  - supports SSL with WinSSL
[2017.05.21-23.39.20:049][  0]LogInit:  - other features:
[2017.05.21-23.39.20:049][  0]LogInit:      CURL_VERSION_SSL
[2017.05.21-23.39.20:049][  0]LogInit:      CURL_VERSION_IPV6
[2017.05.21-23.39.20:049][  0]LogInit:      CURL_VERSION_ASYNCHDNS
[2017.05.21-23.39.20:049][  0]LogInit:      CURL_VERSION_LARGEFILE
[2017.05.21-23.39.20:049][  0]LogInit:      CURL_VERSION_IDN
[2017.05.21-23.39.20:049][  0]LogInit:  CurlRequestOptions (configurable via config and command line):
[2017.05.21-23.39.20:049][  0]LogInit:  - bVerifyPeer = true  - Libcurl will verify peer certificate
[2017.05.21-23.39.20:049][  0]LogInit:  - bUseHttpProxy = false  - Libcurl will NOT use HTTP proxy
[2017.05.21-23.39.20:049][  0]LogInit:  - bDontReuseConnections = false  - Libcurl will reuse connections
[2017.05.21-23.39.20:049][  0]LogInit:  - CertBundlePath = nullptr  - Libcurl will use whatever was configured at build time.
[2017.05.21-23.39.20:057][  0]LogInit: Presizing for 0 objects not considered by GC, pre-allocating 0 bytes.
[2017.05.21-23.39.20:064][  0]LogInit: Object subsystem initialized
[2017.05.21-23.39.20:065][  0]LogInit: Selected Device Profile: [Windows]
[2017.05.21-23.39.20:065][  0]LogInit: Applying CVar settings loaded from the selected device profile: [Windows]
[2017.05.21-23.39.20:074][  0]LogInit: Computer: LAPTOP-CAFDGQ8I
[2017.05.21-23.39.20:074][  0]LogInit: User: ericn
[2017.05.21-23.39.20:074][  0]LogInit: CPU Page size=4096, Cores=2
[2017.05.21-23.39.20:074][  0]LogInit: High frequency timer resolution =2.531250 MHz
[2017.05.21-23.39.20:074][  0]LogMemory: Memory total: Physical=7.9GB (8GB approx)
[2017.05.21-23.39.20:074][  0]LogMemory: Platform Memory Stats for Windows
[2017.05.21-23.39.20:074][  0]LogMemory: Process Physical Memory: 54.45 MB used, 54.45 MB peak
[2017.05.21-23.39.20:074][  0]LogMemory: Process Virtual Memory: 57.09 MB used, 57.09 MB peak
[2017.05.21-23.39.20:074][  0]LogMemory: Physical Memory: 4110.06 MB used, 8056.07 MB total
[2017.05.21-23.39.20:074][  0]LogMemory: Virtual Memory: 370.95 MB used, 134217728.00 MB total
[2017.05.21-23.39.20:110][  0]LogTextLocalizationManager: No specific translations for ('en-US') exist, so ('en') translations will be used.
[2017.05.21-23.39.20:930][  0]LogD3D11RHI: Found D3D11 adapter 0: NVIDIA GeForce GTX 960M (Feature Level 11_0)
[2017.05.21-23.39.20:930][  0]LogD3D11RHI: Adapter has 2018MB of dedicated video memory, 0MB of dedicated system memory, and 4028MB of shared system memory, 1 output[s]
[2017.05.21-23.39.20:937][  0]LogD3D11RHI: Found D3D11 adapter 1: Intel(R) HD Graphics 520 (Feature Level 11_0)
[2017.05.21-23.39.20:937][  0]LogD3D11RHI: Adapter has 128MB of dedicated video memory, 0MB of dedicated system memory, and 4028MB of shared system memory, 0 output[s]
[2017.05.21-23.39.20:938][  0]LogD3D11RHI: Found D3D11 adapter 2: Microsoft Basic Render Driver (Feature Level 11_0)
[2017.05.21-23.39.20:938][  0]LogD3D11RHI: Adapter has 0MB of dedicated video memory, 0MB of dedicated system memory, and 4028MB of shared system memory, 0 output[s]
[2017.05.21-23.39.20:938][  0]LogD3D11RHI: Chosen D3D11 Adapter Id = 0
[2017.05.21-23.39.20:946][  0]LogD3D11RHI: !Direct3DDevice
[2017.05.21-23.39.20:946][  0]LogRHI: Texture pool is 1361 MB (70% of 1945 MB)
[2017.05.21-23.39.20:962][  0]LogD3D11RHI: Async texture creation enabled
[2017.05.21-23.39.20:980][  0]LogShaderCompilers: Guid format shader working directory is 14 characters bigger than the processId version (../../../../../../Users/ericn/OneDrive/Documents/GitHub/Project/Project/Intermediate/Shaders/WorkingDirectory/12220/).
[2017.05.21-23.39.20:980][  0]LogShaderCompilers: Cleaned the shader compiler working directory '../../../../../../Users/ericn/OneDrive/Documents/GitHub/Project/Project/Intermediate/Shaders/tmp/18654D7348FE5EB19C8AE887898ADB5E/'.
[2017.05.21-23.39.20:980][  0]LogShaderCompilers:Display: Using Local Shader Compiler.
[2017.05.21-23.39.22:084][  0]LogTemp:Display: Loaded TP AllDesktopTargetPlatform
[2017.05.21-23.39.22:091][  0]LogTemp:Display: Loaded TP WindowsClientTargetPlatform
[2017.05.21-23.39.22:096][  0]LogTemp:Display: Loaded TP WindowsNoEditorTargetPlatform
[2017.05.21-23.39.22:101][  0]LogTemp:Display: Loaded TP WindowsServerTargetPlatform
[2017.05.21-23.39.22:106][  0]LogTemp:Display: Loaded TP WindowsTargetPlatform
[2017.05.21-23.39.22:110][  0]LogTemp:Display: Loaded TP AndroidTargetPlatform
[2017.05.21-23.39.22:114][  0]LogTemp:Display: Loaded TP Android_ASTCTargetPlatform
[2017.05.21-23.39.22:118][  0]LogTemp:Display: Loaded TP Android_ATCTargetPlatform
[2017.05.21-23.39.22:122][  0]LogTemp:Display: Loaded TP Android_DXTTargetPlatform
[2017.05.21-23.39.22:126][  0]LogTemp:Display: Loaded TP Android_ETC1TargetPlatform
[2017.05.21-23.39.22:130][  0]LogTemp:Display: Loaded TP Android_ETC2TargetPlatform
[2017.05.21-23.39.22:134][  0]LogTemp:Display: Loaded TP Android_PVRTCTargetPlatform
[2017.05.21-23.39.22:134][  0]LogTemp:Display: Loaded TP HTML5TargetPlatform
[2017.05.21-23.39.22:153][  0]LogTemp:Display: Loaded TP IOSTargetPlatform
[2017.05.21-23.39.22:158][  0]LogTemp:Display: Loaded TP LinuxNoEditorTargetPlatform
[2017.05.21-23.39.22:161][  0]LogTemp:Display: Loaded TP LinuxServerTargetPlatform
[2017.05.21-23.39.22:165][  0]LogTemp:Display: Loaded TP LinuxTargetPlatform
[2017.05.21-23.39.22:165][  0]LogTargetPlatformManager:Display: Building Assets For Windows
[2017.05.21-23.39.22:256][  0]LogDerivedDataCache:Display: Max Cache Size: 512 MB
[2017.05.21-23.39.22:307][  0]LogDerivedDataCache: Loaded boot cache 0.05s 42MB C:/Users/ericn/AppData/Local/UnrealEngine/4.9/DerivedDataCache/Boot.ddc.
[2017.05.21-23.39.22:307][  0]LogDerivedDataCache:Display: Loaded Boot cache: C:/Users/ericn/AppData/Local/UnrealEngine/4.9/DerivedDataCache/Boot.ddc
[2017.05.21-23.39.22:307][  0]LogDerivedDataCache: FDerivedDataBackendGraph:  Pak pak cache file ../../../../../../Users/ericn/OneDrive/Documents/GitHub/Project/Project/DerivedDataCache/DDC.ddp not found, will not use a pak cache.
[2017.05.21-23.39.22:307][  0]LogDerivedDataCache: Unable to find inner node Pak for hierarchical cache Hierarchy.
[2017.05.21-23.39.22:307][  0]LogDerivedDataCache: FDerivedDataBackendGraph:  CompressedPak pak cache file ../../../../../../Users/ericn/OneDrive/Documents/GitHub/Project/Project/DerivedDataCache/Compressed.ddp not found, will not use a pak cache.
[2017.05.21-23.39.22:307][  0]LogDerivedDataCache: Unable to find inner node CompressedPak for hierarchical cache Hierarchy.
[2017.05.21-23.39.22:448][  0]LogDerivedDataCache:Display: Pak cache opened for reading ../../../Engine/DerivedDataCache/Compressed.ddp.
[2017.05.21-23.39.22:462][  0]LogDerivedDataCache: Using Local data cache path C:/Users/ericn/AppData/Local/UnrealEngine/Common/DerivedDataCache: Writable
[2017.05.21-23.39.22:641][  0]LogInit: Selected Device Profile: [Windows]
[2017.05.21-23.39.22:644][  0]LogContentStreaming: Texture pool size is 0.000000MB
[2017.05.21-23.39.22:777][  0]LogMeshUtilities: No automatic mesh reduction module available
[2017.05.21-23.39.22:777][  0]LogMeshUtilities: No automatic mesh merging module available
[2017.05.21-23.39.23:045][  0]LogInit: WinSock: version 1.1 (2.2), MaxSocks=32767, MaxUdp=65467
[2017.05.21-23.39.23:768][  0]UdpMessaging: Initializing bridge on interface 0.0.0.0:0 to multicast group 230.0.0.1:6666.
[2017.05.21-23.39.23:905][  0]LogAssetRegistry: FAssetRegistry took 0.0107 seconds to start up
[2017.05.21-23.39.24:098][  0]SourceControl: Info Source control is disabled
[2017.05.21-23.39.24:099][  0]SourceControl: Info Source control is disabled
[2017.05.21-23.39.24:115][  0]SourceControl: Info Source control is disabled
[2017.05.21-23.39.24:131][  0]SourceControl: Info Source control is disabled
[2017.05.21-23.39.24:281][  0]LogLinker:Warning: Asset '../../../Engine/Plugins/Runtime/LeapMotionController/Content/LM_PassthroughMaterial.uasset' has been saved with empty engine version. The asset will be loaded but may be incompatible.
[2017.05.21-23.39.24:362][  0]LogObj: 28437 objects as part of root set at end of initial load.
[2017.05.21-23.39.24:362][  0]LogUObjectAllocator: 6072528 out of 0 bytes used by permanent object pool.
[2017.05.21-23.39.24:420][  0]LogEngine: Initializing Engine...
[2017.05.21-23.39.24:424][  0]LogHMD: Can't find Oculus library dev build: is proper Runtime installed? Version: 0.7.0.0
[2017.05.21-23.39.24:425][  0]LogHMD: SteamVR failed to initialize.  Err: 110
[2017.05.21-23.39.24:554][  0]LogAIModule: Creating AISystem for world NewWorld
[2017.05.21-23.39.24:558][  0]LogInit: XAudio2 using 'Speakers (Conexant SmartAudio HD)' : 2 channels at 48 kHz using 32 bits per sample (channel mask 0x3)
[2017.05.21-23.39.24:624][  0]LogInit: FAudioDevice initialized.
[2017.05.21-23.39.24:650][  0]LogDerivedDataCache: Saved boot cache 0.03s 42MB C:/Users/ericn/AppData/Local/UnrealEngine/4.9/DerivedDataCache/Boot.ddc.
[2017.05.21-23.39.24:656][  0]LogInit: Texture streaming: Enabled
[2017.05.21-23.39.24:662][  0]LogAnalytics: Creating configured Analytics provider AnalyticsET
[2017.05.21-23.39.24:662][  0]LogAnalytics: [UEEditor.Rocket.Release] APIServer = http://et2.epicgames.com/ET2/. AppVersion = 4.9.2-2707645+++depot+UE4-Releases+4.9
[2017.05.21-23.39.24:662][  0]LogAnalytics: [UEEditor.Rocket.Release] SetUserId cd6bfa6044883b0d06de64be863c488d|81db3aebfd8c43b0b13c2e2363feaee1|eb334693-2a2a-4861-9755-6aac685e70fb
[2017.05.21-23.39.24:662][  0]LogAnalytics: [UEEditor.Rocket.Release] AnalyticsET::StartSession
[2017.05.21-23.39.24:680][  0]LogWindowsTextInputMethodSystem:Display: IME system now deactivated.
[2017.05.21-23.39.24:707][  0]LogInit: Transaction tracking system initialized
[2017.05.21-23.39.24:742][  0]BlueprintLog: New page: Editor Load
[2017.05.21-23.39.24:837][  0]LocalizationService: Info Localization service is disabled
[2017.05.21-23.39.24:924][  0]LogConsoleResponse:Display: 
[2017.05.21-23.39.25:055][  0]LogCook:Display: Done creating registry. It took  0.00s.
[2017.05.21-23.39.25:123][  0]LogFileCache: Scanning file cache for directory 'C:/Users/ericn/OneDrive/Documents/GitHub/Project/Project/Content/' took 0.01s
[2017.05.21-23.39.25:123][  0]SourceControl: Info Source control is disabled
[2017.05.21-23.39.25:123][  0]Cmd: MAP LOAD FILE="../../../../../../Users/ericn/OneDrive/Documents/GitHub/Project/Project/Content/2DSideScrollerCPP/Maps/2DSideScrollerExampleMap.umap" TEMPLATE=0 SHOWPROGRESS=1 FEATURELEVEL=3
[2017.05.21-23.39.25:123][  0]LightingResults: New page: Lighting Build
[2017.05.21-23.39.25:127][  0]MapCheck: New page: Map Check
[2017.05.21-23.39.25:127][  0]LightingResults: New page: Lighting Build
[2017.05.21-23.39.25:146][  0]LogParticles: Destroying 0 GPU particle simulations for FXSystem 0x0000020A566FB6A0
[2017.05.21-23.39.25:180][  0]LogAIModule: Creating AISystem for world 2DSideScrollerExampleMap
[2017.05.21-23.39.25:184][  0]LogEditorServer: Finished looking for orphan Actors (0.000 secs)
[2017.05.21-23.39.25:184][  0]Cmd: MAP CHECKDEP NOCLEARLOG
[2017.05.21-23.39.25:243][  0]MapCheck: Info Map check complete: 0 Error(s), 0 Warning(s), took 58.472ms to complete.
[2017.05.21-23.39.25:243][  0]LogFileHelpers: Loading map '2DSideScrollerExampleMap' took 0.120
[2017.05.21-23.39.25:364][  0]LogCollectionManager: Loaded 0 collections in 0.002559 seconds
[2017.05.21-23.39.25:408][  0]LogFileCache: Scanning file cache for directory 'C:/Users/ericn/OneDrive/Documents/GitHub/Project/Project/Saved/Collections/' took 0.01s
[2017.05.21-23.39.25:408][  0]LogFileCache: Scanning file cache for directory 'C:/Users/ericn/OneDrive/Documents/GitHub/Project/Project/Content/Developers/ericn/Collections/' took 0.01s
[2017.05.21-23.39.25:408][  0]LogFileCache: Scanning file cache for directory 'C:/Users/ericn/OneDrive/Documents/GitHub/Project/Project/Content/Collections/' took 0.01s
[2017.05.21-23.39.25:408][  0]LogContentBrowser: Native class hierarchy populated in 0.0088 seconds. Added 1869 classes and 335 folders.
[2017.05.21-23.39.25:414][  0]LogCollectionManager: Rebuilt the GUID cache for 0 collections in 0.000002 seconds
[2017.05.21-23.39.25:422][  0]LogContentBrowser: Native class hierarchy updated for 'WidgetCarousel' in 0.0011 seconds. Added 0 classes and 0 folders.
[2017.05.21-23.39.25:472][  0]LogContentBrowser: Native class hierarchy updated for 'AddContentDialog' in 0.0011 seconds. Added 0 classes and 0 folders.
[2017.05.21-23.39.25:477][  0]LogContentBrowser: Native class hierarchy updated for 'SceneOutliner' in 0.0012 seconds. Added 1 classes and 2 folders.
[2017.05.21-23.39.25:502][  0]LogCrashTracker: Crashtracker disabled due to settings.
[2017.05.21-23.39.25:508][  0]LogUObjectGlobals:Warning: Failed to find object 'Class None.'
[2017.05.21-23.39.25:530][  0]LogLoad: Full Startup: 6.47 seconds (BP compile: 0.00 seconds)
[2017.05.21-23.39.25:593][  0]LogContentStreaming: Texture pool size now 1000 MB
[2017.05.21-23.39.25:721][  0]LogRenderer: Reallocating scene render targets to support 964x440 (Frame:2).
[2017.05.21-23.39.25:868][  2]LogAssetRegistry: Asset discovery search completed in 1.9735 seconds
[2017.05.21-23.39.25:868][  2]LogCollectionManager: Rebuilt the object cache for 0 collections in 0.000000 seconds (found 0 objects)
[2017.05.21-23.39.25:868][  2]LogCollectionManager: Fixed up redirectors for 0 collections in 0.000019 seconds (updated 0 objects)
[2017.05.21-23.39.31:639][231]LogBlueprintUserMessages: Early PlayInEditor Detection: Level '/Game/2DSideScrollerCPP/Maps/2DSideScrollerExampleMap.2DSideScrollerExampleMap:PersistentLevel' has LevelScriptBlueprint '/Game/2DSideScrollerCPP/Maps/2DSideScrollerExampleMap.2DSideScrollerExampleMap:PersistentLevel.2DSideScrollerExampleMap' with GeneratedClass '/Game/2DSideScrollerCPP/Maps/2DSideScrollerExampleMap.2DSideScrollerExampleMap_C' with ClassGeneratedBy '/Game/2DSideScrollerCPP/Maps/2DSideScrollerExampleMap.2DSideScrollerExampleMap:PersistentLevel.2DSideScrollerExampleMap'
[2017.05.21-23.39.31:639][231]LogPlayLevel: PlayLevel: No blueprints needed recompiling
[2017.05.21-23.39.31:640][231]PIE: New page: PIE session: 2DSideScrollerExampleMap (May 21, 2017, 11:39:31 AM)
[2017.05.21-23.39.31:640][231]LogPlayLevel: Creating play world package: /Game/2DSideScrollerCPP/Maps/UEDPIE_0_2DSideScrollerExampleMap
[2017.05.21-23.39.31:642][231]LogPlayLevel: PIE: StaticDuplicateObject took: (0.002494s)
[2017.05.21-23.39.31:643][231]LogAIModule: Creating AISystem for world 2DSideScrollerExampleMap
[2017.05.21-23.39.31:643][231]LogPlayLevel: PIE: World Init took: (0.000815s)
[2017.05.21-23.39.31:643][231]LogPlayLevel: PIE: Created PIE world by copying editor world from /Game/2DSideScrollerCPP/Maps/2DSideScrollerExampleMap.2DSideScrollerExampleMap to /Game/2DSideScrollerCPP/Maps/UEDPIE_0_2DSideScrollerExampleMap.2DSideScrollerExampleMap (0.003574s)
[2017.05.21-23.39.31:666][231]LogInit: XAudio2 using 'Speakers (Conexant SmartAudio HD)' : 2 channels at 48 kHz using 32 bits per sample (channel mask 0x3)
[2017.05.21-23.39.31:687][231]LogInit: FAudioDevice initialized.
[2017.05.21-23.39.31:737][231]LogWorld: Game class is 'ProjectGameMode'
[2017.05.21-23.39.31:742][231]LogWorld: Bringing World /Game/2DSideScrollerCPP/Maps/UEDPIE_0_2DSideScrollerExampleMap.2DSideScrollerExampleMap up for play (max tick rate 60) at 2017.05.21-17.39.31
[2017.05.21-23.39.31:742][231]LogActor:Warning: GameSession /Game/2DSideScrollerCPP/Maps/UEDPIE_0_2DSideScrollerExampleMap.2DSideScrollerExampleMap:PersistentLevel.GameSession_0 has natively added scene component(s), but none of them were set as the actor's RootComponent - picking one arbitrarily
[2017.05.21-23.39.31:743][231]LogActor:Warning: GameNetworkManager /Game/2DSideScrollerCPP/Maps/UEDPIE_0_2DSideScrollerExampleMap.2DSideScrollerExampleMap:PersistentLevel.GameNetworkManager_0 has natively added scene component(s), but none of them were set as the actor's RootComponent - picking one arbitrarily
[2017.05.21-23.39.31:743][231]LogWorld: Bringing up level for play took: 0.004851
[2017.05.21-23.39.31:748][231]PIE: Info Play in editor start time for /Game/2DSideScrollerCPP/Maps/UEDPIE_0_2DSideScrollerExampleMap -0.324
[2017.05.21-23.39.31:748][231]LogBlueprintUserMessages: Late PlayInEditor Detection: Level '/Game/2DSideScrollerCPP/Maps/2DSideScrollerExampleMap.2DSideScrollerExampleMap:PersistentLevel' has LevelScriptBlueprint '/Game/2DSideScrollerCPP/Maps/2DSideScrollerExampleMap.2DSideScrollerExampleMap:PersistentLevel.2DSideScrollerExampleMap' with GeneratedClass '/Game/2DSideScrollerCPP/Maps/2DSideScrollerExampleMap.2DSideScrollerExampleMap_C' with ClassGeneratedBy '/Game/2DSideScrollerCPP/Maps/2DSideScrollerExampleMap.2DSideScrollerExampleMap:PersistentLevel.2DSideScrollerExampleMap'
[2017.05.21-23.39.43:129][903]LogLinker:Warning: Asset '../../../Engine/Content/ArtTools/RenderToTexture/Macros/RenderToTextureMacros.uasset' has been saved with empty engine version. The asset will be loaded but may be incompatible.
[2017.05.21-23.39.43:677][903]LogContentBrowser: Native class hierarchy updated for 'BlueprintGraph' in 0.0014 seconds. Added 107 classes and 0 folders.
[2017.05.21-23.39.49:008][184]LogBlueprintUserMessages: Early EndPlayMap Detection: Level '/Game/2DSideScrollerCPP/Maps/2DSideScrollerExampleMap.2DSideScrollerExampleMap:PersistentLevel' has LevelScriptBlueprint '/Game/2DSideScrollerCPP/Maps/2DSideScrollerExampleMap.2DSideScrollerExampleMap:PersistentLevel.2DSideScrollerExampleMap' with GeneratedClass '/Game/2DSideScrollerCPP/Maps/2DSideScrollerExampleMap.2DSideScrollerExampleMap_C' with ClassGeneratedBy '/Game/2DSideScrollerCPP/Maps/2DSideScrollerExampleMap.2DSideScrollerExampleMap:PersistentLevel.2DSideScrollerExampleMap'
[2017.05.21-23.39.49:050][184]LogBlueprintUserMessages: Late EndPlayMap Detection: Level '/Game/2DSideScrollerCPP/Maps/2DSideScrollerExampleMap.2DSideScrollerExampleMap:PersistentLevel' has LevelScriptBlueprint '/Game/2DSideScrollerCPP/Maps/2DSideScrollerExampleMap.2DSideScrollerExampleMap:PersistentLevel.2DSideScrollerExampleMap' with GeneratedClass '/Game/2DSideScrollerCPP/Maps/2DSideScrollerExampleMap.2DSideScrollerExampleMap_C' with ClassGeneratedBy '/Game/2DSideScrollerCPP/Maps/2DSideScrollerExampleMap.2DSideScrollerExampleMap:PersistentLevel.2DSideScrollerExampleMap'
[2017.05.21-23.39.49:082][184]LogParticles: Destroying 0 GPU particle simulations for FXSystem 0x0000020A49D222A0
[2017.05.21-23.39.49:084][184]LogParticles: Destroying 0 GPU particle simulations for FXSystem 0x0000020A6F1AC2C0
[2017.05.21-23.39.49:085][184]LogParticles: Destroying 0 GPU particle simulations for FXSystem 0x0000020A6F1AC0E0
[2017.05.21-23.40.54:639][117]LogVSAccessor:Warning: Couldn't access Visual Studio
[2017.05.21-23.40.54:643][117]Recompiling Project...
[2017.05.21-23.40.54:644][117]Launching UnrealBuildTool... [C:/Program Files/Epic Games/UE_4.9/Engine/Binaries/DotNET/UnrealBuildTool.exe Project -ModuleWithSuffix Project 6014 Win64 Development -editorrecompile -canskiplink "C:/Users/ericn/OneDrive/Documents/GitHub/Project/Project/Project.uproject" -rocket  -rocket]
[2017.05.21-23.40.54:649][117]Warning: Starting HotReload took  0.0s.
[2017.05.21-23.41.24:488][878]CompilerResultsLog: New page: Compilation - May 21, 2017, 11:41:24 AM
[2017.05.21-23.41.24:488][878]CompilerResultsLog: Info Compiling game modules for hot reload
[2017.05.21-23.41.24:488][878]CompilerResultsLog: Info Parsing headers for ProjectEditor
[2017.05.21-23.41.24:488][878]CompilerResultsLog: Info   Running UnrealHeaderTool "C:/Users/ericn/OneDrive/Documents/GitHub/Project/Project/Project.uproject" "C:\Users\ericn\OneDrive\Documents\GitHub\Project\Project\Intermediate\Build\Win64\ProjectEditor\Development\UnrealHeaderTool.manifest" -LogCmds="loginit warning, logexit warning, logdatabase error" -rocket -installed
[2017.05.21-23.41.24:488][878]CompilerResultsLog: Info Reflection code generated for ProjectEditor in 11.1363674 seconds
[2017.05.21-23.41.24:488][878]CompilerResultsLog: Info Performing 6 actions (2 in parallel)
[2017.05.21-23.41.24:488][878]CompilerResultsLog: Info PCH.Project.h.cpp
[2017.05.21-23.41.24:488][878]CompilerResultsLog: Info ProjectCharacter.cpp
[2017.05.21-23.41.24:488][878]CompilerResultsLog: Info Project.cpp
[2017.05.21-23.41.24:488][878]CompilerResultsLog: Info ProjectGameMode.cpp
[2017.05.21-23.41.24:489][878]CompilerResultsLog: Info Project.generated.cpp
[2017.05.21-23.41.24:489][878]CompilerResultsLog: Info [6/6] Link UE4Editor-Project-6014.dll
[2017.05.21-23.41.24:489][878]CompilerResultsLog: Info    Creating library C:\Users\ericn\OneDrive\Documents\GitHub\Project\Project\Intermediate/Build/Win64\UE4Editor\Development\UE4Editor-Project-6014.lib and object C:\Users\ericn\OneDrive\Documents\GitHub\Project\Project\Intermediate/Build/Win64\UE4Editor\Development\UE4Editor-Project-6014.exp
[2017.05.21-23.41.24:489][878]CompilerResultsLog: Info -------- End Detailed Actions Stats -----------------------------------------------------------
[2017.05.21-23.41.24:489][878]CompilerResultsLog: Info Total build time: 29.78 seconds
[2017.05.21-23.41.24:489][878]LogMainFrame: MainFrame: Module compiling took 29.850 seconds
[2017.05.21-23.41.24:527][878]LogParticles: Destroying 0 GPU particle simulations for FXSystem 0x0000020A49D20F40
[2017.05.21-23.41.24:547][878]LogContentBrowser: Native class hierarchy updated for 'Project' in 0.0014 seconds. Added 2 classes and 2 folders.
[2017.05.21-23.41.24:550][878]Warning: HotReload successful (0 functions remapped  0 scriptstructs remapped)
[2017.05.21-23.41.24:977][878]LogContentBrowser: Native class hierarchy populated in 0.0079 seconds. Added 1870 classes and 337 folders.
[2017.05.21-23.41.32:843][346]LogBlueprintUserMessages: Early PlayInEditor Detection: Level '/Game/2DSideScrollerCPP/Maps/2DSideScrollerExampleMap.2DSideScrollerExampleMap:PersistentLevel' has LevelScriptBlueprint '/Game/2DSideScrollerCPP/Maps/2DSideScrollerExampleMap.2DSideScrollerExampleMap:PersistentLevel.2DSideScrollerExampleMap' with GeneratedClass '/Game/2DSideScrollerCPP/Maps/2DSideScrollerExampleMap.2DSideScrollerExampleMap_C' with ClassGeneratedBy '/Game/2DSideScrollerCPP/Maps/2DSideScrollerExampleMap.2DSideScrollerExampleMap:PersistentLevel.2DSideScrollerExampleMap'
[2017.05.21-23.41.32:843][346]LogPlayLevel: PlayLevel: No blueprints needed recompiling
[2017.05.21-23.41.32:843][346]PIE: New page: PIE session: 2DSideScrollerExampleMap (May 21, 2017, 11:41:32 AM)
[2017.05.21-23.41.32:843][346]LogPlayLevel: Creating play world package: /Game/2DSideScrollerCPP/Maps/UEDPIE_0_2DSideScrollerExampleMap
[2017.05.21-23.41.32:846][346]LogPlayLevel: PIE: StaticDuplicateObject took: (0.003100s)
[2017.05.21-23.41.32:847][346]LogAIModule: Creating AISystem for world 2DSideScrollerExampleMap
[2017.05.21-23.41.32:847][346]LogPlayLevel: PIE: World Init took: (0.000619s)
[2017.05.21-23.41.32:847][346]LogPlayLevel: PIE: Created PIE world by copying editor world from /Game/2DSideScrollerCPP/Maps/2DSideScrollerExampleMap.2DSideScrollerExampleMap to /Game/2DSideScrollerCPP/Maps/UEDPIE_0_2DSideScrollerExampleMap.2DSideScrollerExampleMap (0.003889s)
[2017.05.21-23.41.32:917][346]LogInit: XAudio2 using 'Speakers (Conexant SmartAudio HD)' : 2 channels at 48 kHz using 32 bits per sample (channel mask 0x3)
[2017.05.21-23.41.32:936][346]LogInit: FAudioDevice initialized.
[2017.05.21-23.41.32:979][346]LogWorld: Game class is 'ProjectGameMode'
[2017.05.21-23.41.32:985][346]LogWorld: Bringing World /Game/2DSideScrollerCPP/Maps/UEDPIE_0_2DSideScrollerExampleMap.2DSideScrollerExampleMap up for play (max tick rate 60) at 2017.05.21-17.41.32
[2017.05.21-23.41.32:985][346]LogActor:Warning: GameSession /Game/2DSideScrollerCPP/Maps/UEDPIE_0_2DSideScrollerExampleMap.2DSideScrollerExampleMap:PersistentLevel.GameSession_1 has natively added scene component(s), but none of them were set as the actor's RootComponent - picking one arbitrarily
[2017.05.21-23.41.32:985][346]LogActor:Warning: GameNetworkManager /Game/2DSideScrollerCPP/Maps/UEDPIE_0_2DSideScrollerExampleMap.2DSideScrollerExampleMap:PersistentLevel.GameNetworkManager_1 has natively added scene component(s), but none of them were set as the actor's RootComponent - picking one arbitrarily
[2017.05.21-23.41.32:986][346]LogWorld: Bringing up level for play took: 0.006101
[2017.05.21-23.41.32:987][346]PIE: Info Play in editor start time for /Game/2DSideScrollerCPP/Maps/UEDPIE_0_2DSideScrollerExampleMap 0.915
[2017.05.21-23.41.32:987][346]LogBlueprintUserMessages: Late PlayInEditor Detection: Level '/Game/2DSideScrollerCPP/Maps/2DSideScrollerExampleMap.2DSideScrollerExampleMap:PersistentLevel' has LevelScriptBlueprint '/Game/2DSideScrollerCPP/Maps/2DSideScrollerExampleMap.2DSideScrollerExampleMap:PersistentLevel.2DSideScrollerExampleMap' with GeneratedClass '/Game/2DSideScrollerCPP/Maps/2DSideScrollerExampleMap.2DSideScrollerExampleMap_C' with ClassGeneratedBy '/Game/2DSideScrollerCPP/Maps/2DSideScrollerExampleMap.2DSideScrollerExampleMap:PersistentLevel.2DSideScrollerExampleMap'
[2017.05.21-23.41.35:347][488]LogBlueprintUserMessages: Early EndPlayMap Detection: Level '/Game/2DSideScrollerCPP/Maps/2DSideScrollerExampleMap.2DSideScrollerExampleMap:PersistentLevel' has LevelScriptBlueprint '/Game/2DSideScrollerCPP/Maps/2DSideScrollerExampleMap.2DSideScrollerExampleMap:PersistentLevel.2DSideScrollerExampleMap' with GeneratedClass '/Game/2DSideScrollerCPP/Maps/2DSideScrollerExampleMap.2DSideScrollerExampleMap_C' with ClassGeneratedBy '/Game/2DSideScrollerCPP/Maps/2DSideScrollerExampleMap.2DSideScrollerExampleMap:PersistentLevel.2DSideScrollerExampleMap'
[2017.05.21-23.41.35:381][488]LogBlueprintUserMessages: Late EndPlayMap Detection: Level '/Game/2DSideScrollerCPP/Maps/2DSideScrollerExampleMap.2DSideScrollerExampleMap:PersistentLevel' has LevelScriptBlueprint '/Game/2DSideScrollerCPP/Maps/2DSideScrollerExampleMap.2DSideScrollerExampleMap:PersistentLevel.2DSideScrollerExampleMap' with GeneratedClass '/Game/2DSideScrollerCPP/Maps/2DSideScrollerExampleMap.2DSideScrollerExampleMap_C' with ClassGeneratedBy '/Game/2DSideScrollerCPP/Maps/2DSideScrollerExampleMap.2DSideScrollerExampleMap:PersistentLevel.2DSideScrollerExampleMap'
[2017.05.21-23.41.35:427][488]LogParticles: Destroying 0 GPU particle simulations for FXSystem 0x0000020A05146C00
[2017.05.21-23.41.49:863][333]BlueprintLog: New page: Compile 2DSideScrollerExampleMap
[2017.05.21-23.41.49:933][333]BlueprintEditorCompileResults: Info [0150.87] Compile of 2DSideScrollerExampleMap successful! [in 68 ms]
[2017.05.21-23.41.50:781][384]BlueprintLog: New page: Compile 2DSideScrollerExampleMap
[2017.05.21-23.41.50:851][384]BlueprintEditorCompileResults: Info [0151.79] Compile of 2DSideScrollerExampleMap successful! [in 68 ms]
[2017.05.21-23.42.14:019][753]BlueprintLog: New page: Compile MainMenu
[2017.05.21-23.42.14:102][753]LogParticles: Destroying 0 GPU particle simulations for FXSystem 0x0000020A3A6E1300
[2017.05.21-23.42.14:102][753]BlueprintEditorCompileResults: Info [0175.04] Compile of MainMenu successful! [in 82 ms]
[2017.05.21-23.43.56:591][895]LogParticles: Destroying 0 GPU particle simulations for FXSystem 0x0000020A7F97C220
[2017.05.21-23.43.56:592][895]LogParticles: Destroying 0 GPU particle simulations for FXSystem 0x0000020A7F97F4C0
[2017.05.21-23.43.59:500][895]LogSavePackage: Save=66.479805ms
[2017.05.21-23.43.59:500][895]LogSavePackage: Moving '../../../../../../Users/ericn/OneDrive/Documents/GitHub/Project/Project/Saved/2DSideScrollerExampleMap17D9216342226871B2C71694826D6238.tmp' to '../../../../../../Users/ericn/OneDrive/Documents/GitHub/Project/Project/Content/2DSideScrollerCPP/Maps/2DSideScrollerExampleMap.umap'
[2017.05.21-23.43.59:505][895]LogSavePackage: Total save time: 76.747455ms
[2017.05.21-23.43.59:505][895]LogSavePackage:Warning: Finished SavePackage ../../../../../../Users/ericn/OneDrive/Documents/GitHub/Project/Project/Content/2DSideScrollerCPP/Maps/2DSideScrollerExampleMap.umap
[2017.05.21-23.43.59:547][895]LogFileHelpers: Saving map '2DSideScrollerExampleMap' took 0.226
[2017.05.21-23.43.59:649][895]LogWindowsTextInputMethodSystem:Display: IME system now deactivated.
[2017.05.21-23.43.59:937][896]Cmd: QUIT_EDITOR
[2017.05.21-23.44.00:587][896]LogExit: Preparing to exit.
[2017.05.21-23.44.01:022][896]LogParticles: Destroying 0 GPU particle simulations for FXSystem 0x0000020A56EFA160
[2017.05.21-23.44.01:024][896]LogExit: Editor shut down
[2017.05.21-23.44.01:025][896]LogExit: Transaction tracking system shut down
[2017.05.21-23.44.01:026][896]LogParticles: Destroying 0 GPU particle simulations for FXSystem 0x0000020A49F360C0
[2017.05.21-23.44.01:026][896]LogParticles: Destroying 0 GPU particle simulations for FXSystem 0x0000020A6EE9CEA0
[2017.05.21-23.44.01:192][896]LogExit: Object subsystem successfully closed.
[2017.05.21-23.44.01:201][896]LogD3D11RHI: Shutdown
[2017.05.21-23.44.01:201][896]LogD3D11RHI: CleanupD3DDevice
[2017.05.21-23.44.01:285][896]LogD3D11RHI: ~FD3D11DynamicRHI
[2017.05.21-23.44.01:314][896]LogModuleManager: Shutting down and abandoning module SequencerWidgets (200)
[2017.05.21-23.44.01:314][896]LogModuleManager: Shutting down and abandoning module BlueprintGraph (199)
[2017.05.21-23.44.01:314][896]LogModuleManager: Shutting down and abandoning module CrashTracker (198)
[2017.05.21-23.44.01:314][896]LogModuleManager: Shutting down and abandoning module SceneOutliner (197)
[2017.05.21-23.44.01:314][896]LogModuleManager: Shutting down and abandoning module SuperSearch (196)
[2017.05.21-23.44.01:314][896]LogModuleManager: Shutting down and abandoning module WidgetCarousel (195)
[2017.05.21-23.44.01:314][896]LogModuleManager: Shutting down and abandoning module AddContentDialog (194)
[2017.05.21-23.44.01:315][896]LogModuleManager: Shutting down and abandoning module EditorWidgets (193)
[2017.05.21-23.44.01:315][896]LogModuleManager: Shutting down and abandoning module CollectionManager (192)
[2017.05.21-23.44.01:316][896]LogModuleManager: Shutting down and abandoning module StatsViewer (191)
[2017.05.21-23.44.01:316][896]LogModuleManager: Shutting down and abandoning module FoliageEdit (190)
[2017.05.21-23.44.01:316][896]LogModuleManager: Shutting down and abandoning module LandscapeEditor (189)
[2017.05.21-23.44.01:316][896]LogModuleManager: Shutting down and abandoning module ActorPickerMode (188)
[2017.05.21-23.44.01:316][896]LogModuleManager: Shutting down and abandoning module GeometryMode (187)
[2017.05.21-23.44.01:316][896]LogModuleManager: Shutting down and abandoning module TextureAlignMode (186)
[2017.05.21-23.44.01:316][896]LogModuleManager: Shutting down and abandoning module BspMode (185)
[2017.05.21-23.44.01:316][896]LogModuleManager: Shutting down and abandoning module PlacementMode (184)
[2017.05.21-23.44.01:316][896]LogModuleManager: Shutting down and abandoning module AutomationWorker (183)
[2017.05.21-23.44.01:316][896]LogModuleManager: Shutting down and abandoning module CharacterAI (182)
[2017.05.21-23.44.01:316][896]LogModuleManager: Shutting down and abandoning module SmartSnapping (181)
[2017.05.21-23.44.01:316][896]LogModuleManager: Shutting down and abandoning module ViewportSnapping (180)
[2017.05.21-23.44.01:316][896]LogModuleManager: Shutting down and abandoning module LogVisualizer (179)
[2017.05.21-23.44.01:316][896]LogModuleManager: Shutting down and abandoning module GameProjectGeneration (178)
[2017.05.21-23.44.01:316][896]LogModuleManager: Shutting down and abandoning module IntroTutorials (177)
[2017.05.21-23.44.01:316][896]LogModuleManager: Shutting down and abandoning module EditorLiveStreaming (176)
[2017.05.21-23.44.01:316][896]LogModuleManager: Shutting down and abandoning module IOSPlatformEditor (175)
[2017.05.21-23.44.01:316][896]LogModuleManager: Shutting down and abandoning module HTML5PlatformEditor (174)
[2017.05.21-23.44.01:316][896]LogModuleManager: Shutting down and abandoning module AndroidDeviceDetection (173)
[2017.05.21-23.44.01:685][896]LogModuleManager: Shutting down and abandoning module AndroidPlatformEditor (172)
[2017.05.21-23.44.01:685][896]LogModuleManager: Shutting down and abandoning module IOSRuntimeSettings (171)
[2017.05.21-23.44.01:685][896]LogModuleManager: Shutting down and abandoning module AndroidRuntimeSettings (170)
[2017.05.21-23.44.01:685][896]LogModuleManager: Shutting down and abandoning module MergeActors (169)
[2017.05.21-23.44.01:685][896]LogModuleManager: Shutting down and abandoning module SizeMap (168)
[2017.05.21-23.44.01:686][896]LogModuleManager: Shutting down and abandoning module TreeMap (167)
[2017.05.21-23.44.01:686][896]LogModuleManager: Shutting down and abandoning module ReferenceViewer (166)
[2017.05.21-23.44.01:686][896]LogModuleManager: Shutting down and abandoning module LocalizationService (165)
[2017.05.21-23.44.01:686][896]LogModuleManager: Shutting down and abandoning module LocalizationDashboard (164)
[2017.05.21-23.44.01:686][896]LogModuleManager: Shutting down and abandoning module HardwareTargeting (163)
[2017.05.21-23.44.01:686][896]LogModuleManager: Shutting down and abandoning module DeviceProfileEditor (162)
[2017.05.21-23.44.01:686][896]LogModuleManager: Shutting down and abandoning module UndoHistory (161)
[2017.05.21-23.44.01:686][896]LogModuleManager: Shutting down and abandoning module GameplayTagsEditor (160)
[2017.05.21-23.44.01:686][896]LogModuleManager: Shutting down and abandoning module UserFeedback (159)
[2017.05.21-23.44.01:686][896]LogModuleManager: Shutting down and abandoning module XmlParser (158)
[2017.05.21-23.44.01:686][896]LogModuleManager: Shutting down and abandoning module Blutility (157)
[2017.05.21-23.44.01:686][896]LogModuleManager: Shutting down and abandoning module ProjectTargetPlatformEditor (156)
[2017.05.21-23.44.01:686][896]LogModuleManager: Shutting down and abandoning module ProjectSettingsViewer (155)
[2017.05.21-23.44.01:686][896]LogModuleManager: Shutting down and abandoning module InputBindingEditor (154)
[2017.05.21-23.44.01:687][896]LogModuleManager: Shutting down and abandoning module EditorSettingsViewer (153)
[2017.05.21-23.44.01:687][896]LogModuleManager: Shutting down and abandoning module SettingsEditor (152)
[2017.05.21-23.44.01:687][896]LogModuleManager: Shutting down and abandoning module ProjectLauncher (151)
[2017.05.21-23.44.01:687][896]LogModuleManager: Shutting down and abandoning module SessionFrontend (150)
[2017.05.21-23.44.01:687][896]LogModuleManager: Shutting down and abandoning module ProfilerClient (149)
[2017.05.21-23.44.01:687][896]LogModuleManager: Shutting down and abandoning module TargetDeviceServices (148)
[2017.05.21-23.44.01:687][896]LogModuleManager: Shutting down and abandoning module DeviceManager (147)
[2017.05.21-23.44.01:688][896]LogModuleManager: Shutting down and abandoning module AutomationController (146)
[2017.05.21-23.44.01:688][896]LogModuleManager: Shutting down and abandoning module AutomationWindow (145)
[2017.05.21-23.44.01:688][896]LogModuleManager: Shutting down and abandoning module Layers (144)
[2017.05.21-23.44.01:688][896]LogModuleManager: Shutting down and abandoning module ComponentVisualizers (143)
[2017.05.21-23.44.01:688][896]LogModuleManager: Shutting down and abandoning module DetailCustomizations (142)
[2017.05.21-23.44.01:688][896]LogModuleManager: Shutting down and abandoning module PackagesDialog (141)
[2017.05.21-23.44.01:688][896]LogModuleManager: Shutting down and abandoning module Persona (140)
[2017.05.21-23.44.01:689][896]LogModuleManager: Shutting down and abandoning module Kismet (139)
[2017.05.21-23.44.01:689][896]LogModuleManager: Shutting down and abandoning module GraphEditor (138)
[2017.05.21-23.44.01:689][896]LogModuleManager: Shutting down and abandoning module ClassViewer (137)
[2017.05.21-23.44.01:689][896]LogModuleManager: Shutting down and abandoning module Toolbox (136)
[2017.05.21-23.44.01:689][896]LogModuleManager: Shutting down and abandoning module ModuleUI (135)
[2017.05.21-23.44.01:689][896]LogModuleManager: Shutting down and abandoning module MovieSceneTools (134)
[2017.05.21-23.44.01:689][896]LogModuleManager: Shutting down and abandoning module OutputLog (133)
[2017.05.21-23.44.01:689][896]LogModuleManager: Shutting down and abandoning module GammaUI (132)
[2017.05.21-23.44.01:689][896]LogModuleManager: Shutting down and abandoning module Documentation (131)
[2017.05.21-23.44.01:689][896]LogModuleManager: Shutting down and abandoning module GameLiveStreaming (130)
[2017.05.21-23.44.01:689][896]LogModuleManager: Shutting down and abandoning module StreamingPauseRendering (129)
[2017.05.21-23.44.01:689][896]LogModuleManager: Shutting down and abandoning module AnalyticsET (128)
[2017.05.21-23.44.01:689][896]LogModuleManager: Shutting down and abandoning module Analytics (127)
[2017.05.21-23.44.01:690][896]LogModuleManager: Shutting down and abandoning module AITestSuite (126)
[2017.05.21-23.44.01:690][896]LogModuleManager: Shutting down and abandoning module GameplayDebugger (125)
[2017.05.21-23.44.01:690][896]LogModuleManager: Shutting down and abandoning module AIModule (124)
[2017.05.21-23.44.01:690][896]LogModuleManager: Shutting down and abandoning module ProfilerService (123)
[2017.05.21-23.44.01:741][896]LogModuleManager: Shutting down and abandoning module TaskGraph (122)
[2017.05.21-23.44.01:742][896]LogModuleManager: Shutting down and abandoning module SlateRemote (121)
[2017.05.21-23.44.01:742][896]LogModuleManager: Shutting down and abandoning module SteamVRController (120)
[2017.05.21-23.44.01:742][896]LogModuleManager: Shutting down and abandoning module SteamVR (119)
[2017.05.21-23.44.01:742][896]LogModuleManager: Shutting down and abandoning module ProceduralMeshComponent (118)
[2017.05.21-23.44.01:742][896]LogModuleManager: Shutting down and abandoning module OculusRift (117)
[2017.05.21-23.44.01:742][896]LogModuleManager: Shutting down and abandoning module OculusLibrary (116)
[2017.05.21-23.44.01:742][896]LogModuleManager: Shutting down and abandoning module LeapMotionController (115)
[2017.05.21-23.44.01:791][896]LogModuleManager: Shutting down and abandoning module CustomMeshComponent (114)
[2017.05.21-23.44.01:791][896]LogModuleManager: Shutting down and abandoning module CableComponent (113)
[2017.05.21-23.44.01:791][896]LogModuleManager: Shutting down and abandoning module ArchVisCharacter (112)
[2017.05.21-23.44.01:791][896]LogModuleManager: Shutting down and abandoning module MessagingDebugger (111)
[2017.05.21-23.44.01:792][896]LogModuleManager: Shutting down and abandoning module MediaPlayerEditor (110)
[2017.05.21-23.44.01:792][896]LogModuleManager: Shutting down and abandoning module HTML5Networking (109)
[2017.05.21-23.44.01:792][896]LogModuleManager: Shutting down and abandoning module SpeedTreeImporter (108)
[2017.05.21-23.44.01:792][896]LogModuleManager: Shutting down and abandoning module PluginBrowser (107)
[2017.05.21-23.44.01:792][896]LogModuleManager: Shutting down and abandoning module EpicSurvey (106)
[2017.05.21-23.44.01:792][896]LogModuleManager: Shutting down and abandoning module DesktopPlatform (105)
[2017.05.21-23.44.01:792][896]LogModuleManager: Shutting down and abandoning module VisualStudioSourceCodeAccess (104)
[2017.05.21-23.44.01:792][896]LogModuleManager: Shutting down and abandoning module UObjectPlugin (103)
[2017.05.21-23.44.01:792][896]LogModuleManager: Shutting down and abandoning module SubversionSourceControl (102)
[2017.05.21-23.44.01:792][896]LogModuleManager: Shutting down and abandoning module PerforceSourceControl (101)
[2017.05.21-23.44.01:792][896]LogModuleManager: Shutting down and abandoning module SourceControl (100)
[2017.05.21-23.44.01:792][896]LogModuleManager: Shutting down and abandoning module GitSourceControl (99)
[2017.05.21-23.44.01:792][896]LogModuleManager: Shutting down and abandoning module LightPropagationVolumeEditor (98)
[2017.05.21-23.44.01:792][896]LogModuleManager: Shutting down and abandoning module PaperTiledImporter (97)
[2017.05.21-23.44.01:792][896]LogModuleManager: Shutting down and abandoning module PaperSpriteSheetImporter (96)
[2017.05.21-23.44.01:792][896]LogModuleManager: Shutting down and abandoning module MeshPaint (95)
[2017.05.21-23.44.01:792][896]LogModuleManager: Shutting down and abandoning module SlateReflector (94)
[2017.05.21-23.44.01:792][896]LogModuleManager: Shutting down and abandoning module HotReload (93)
[2017.05.21-23.44.01:792][896]LogModuleManager: Shutting down and abandoning module MainFrame (92)
[2017.05.21-23.44.01:792][896]LogModuleManager: Shutting down and abandoning module LevelEditor (91)
[2017.05.21-23.44.01:793][896]LogModuleManager: Shutting down and abandoning module DirectoryWatcher (90)
[2017.05.21-23.44.01:794][896]LogModuleManager: Shutting down and abandoning module AssetRegistry (89)
[2017.05.21-23.44.01:869][896]LogModuleManager: Shutting down and abandoning module ContentBrowser (88)
[2017.05.21-23.44.01:870][896]LogModuleManager: Shutting down and abandoning module Paper2DEditor (87)
[2017.05.21-23.44.01:870][896]LogModuleManager: Shutting down and abandoning module Project (86)
[2017.05.21-23.44.01:870][896]LogModuleManager: Shutting down and abandoning module UdpMessaging (85)
[2017.05.21-23.44.01:972][896]LogModuleManager: Shutting down and abandoning module LightPropagationVolumeRuntime (84)
[2017.05.21-23.44.01:972][896]LogModuleManager: Shutting down and abandoning module Paper2D (83)
[2017.05.21-23.44.01:972][896]LogModuleManager: Shutting down and abandoning module WindowsMoviePlayer (82)
[2017.05.21-23.44.01:985][896]LogModuleManager: Shutting down and abandoning module Media (81)
[2017.05.21-23.44.01:985][896]LogModuleManager: Shutting down and abandoning module WmfMedia (80)
[2017.05.21-23.44.01:985][896]LogModuleManager: Shutting down and abandoning module OnlineBlueprintSupport (79)
[2017.05.21-23.44.01:985][896]LogModuleManager: Shutting down and abandoning module GameplayTasksEditor (78)
[2017.05.21-23.44.01:985][896]LogModuleManager: Shutting down and abandoning module PropertyEditor (77)
[2017.05.21-23.44.01:985][896]LogModuleManager: Shutting down and abandoning module BehaviorTreeEditor (76)
[2017.05.21-23.44.01:985][896]LogModuleManager: Shutting down and abandoning module FunctionalTesting (75)
[2017.05.21-23.44.01:985][896]LogModuleManager: Shutting down and abandoning module CollisionAnalyzer (74)
[2017.05.21-23.44.01:985][896]LogModuleManager: Shutting down and abandoning module WorkspaceMenuStructure (73)
[2017.05.21-23.44.01:985][896]LogModuleManager: Shutting down and abandoning module MessageLog (72)
[2017.05.21-23.44.01:986][896]LogModuleManager: Shutting down and abandoning module Sequencer (71)
[2017.05.21-23.44.01:986][896]LogModuleManager: Shutting down and abandoning module AssetTools (70)
[2017.05.21-23.44.01:986][896]LogModuleManager: Shutting down and abandoning module UMGEditor (69)
[2017.05.21-23.44.01:986][896]LogModuleManager: Shutting down and abandoning module UMG (68)
[2017.05.21-23.44.01:986][896]LogModuleManager: Shutting down and abandoning module Slate (67)
[2017.05.21-23.44.01:986][896]LogModuleManager: Shutting down and abandoning module EditorStyle (66)
[2017.05.21-23.44.01:995][896]LogModuleManager: Shutting down and abandoning module SessionServices (65)
[2017.05.21-23.44.01:996][896]LogModuleManager: Shutting down and abandoning module SourceCodeAccess (64)
[2017.05.21-23.44.01:996][896]LogModuleManager: Shutting down and abandoning module HeadMountedDisplay (63)
[2017.05.21-23.44.01:996][896]LogModuleManager: Shutting down and abandoning module XAudio2 (62)
[2017.05.21-23.44.01:996][896]LogModuleManager: Shutting down and abandoning module Networking (60)
[2017.05.21-23.44.01:996][896]LogModuleManager: Shutting down and abandoning module Core (59)
[2017.05.21-23.44.01:996][896]LogModuleManager: Shutting down and abandoning module KismetCompiler (58)
[2017.05.21-23.44.01:996][896]LogModuleManager: Shutting down and abandoning module PhysXFormats (57)
[2017.05.21-23.44.01:996][896]LogModuleManager: Shutting down and abandoning module MeshUtilities (56)
[2017.05.21-23.44.01:996][896]LogModuleManager: Shutting down and abandoning module CookingStats (55)
[2017.05.21-23.44.01:997][896]LogModuleManager: Shutting down and abandoning module DerivedDataCache (54)
[2017.05.21-23.44.02:003][896]LogDerivedDataCache: Shutdown
[2017.05.21-23.44.02:003][896]LogModuleManager: Shutting down and abandoning module ShaderFormatOpenGL (53)
[2017.05.21-23.44.02:003][896]LogModuleManager: Shutting down and abandoning module ShaderFormatD3D (52)
[2017.05.21-23.44.02:003][896]LogModuleManager: Shutting down and abandoning module MetalShaderFormat (51)
[2017.05.21-23.44.02:003][896]LogModuleManager: Shutting down and abandoning module TextureFormatUncompressed (50)
[2017.05.21-23.44.02:004][896]LogModuleManager: Shutting down and abandoning module TextureFormatPVR (49)
[2017.05.21-23.44.02:004][896]LogModuleManager: Shutting down and abandoning module TextureFormatIntelISPCTexComp (48)
[2017.05.21-23.44.02:004][896]LogModuleManager: Shutting down and abandoning module TextureFormatDXT (47)
[2017.05.21-23.44.02:004][896]LogModuleManager: Shutting down and abandoning module ImageWrapper (46)
[2017.05.21-23.44.02:004][896]LogModuleManager: Shutting down and abandoning module TextureFormatASTC (45)
[2017.05.21-23.44.02:004][896]LogModuleManager: Shutting down and abandoning module TextureFormatAndroid (44)
[2017.05.21-23.44.02:004][896]LogModuleManager: Shutting down and abandoning module AudioFormatOpus (43)
[2017.05.21-23.44.02:004][896]LogModuleManager: Shutting down and abandoning module AudioFormatOgg (42)
[2017.05.21-23.44.02:004][896]LogModuleManager: Shutting down and abandoning module AudioFormatADPCM (41)
[2017.05.21-23.44.02:004][896]LogModuleManager: Shutting down and abandoning module LinuxTargetPlatform (40)
[2017.05.21-23.44.02:004][896]LogModuleManager: Shutting down and abandoning module LinuxServerTargetPlatform (39)
[2017.05.21-23.44.02:004][896]LogModuleManager: Shutting down and abandoning module LinuxNoEditorTargetPlatform (38)
[2017.05.21-23.44.02:004][896]LogModuleManager: Shutting down and abandoning module Messaging (37)
[2017.05.21-23.44.02:004][896]LogModuleManager: Shutting down and abandoning module IOSTargetPlatform (36)
[2017.05.21-23.44.02:004][896]LogModuleManager: Shutting down and abandoning module HTML5TargetPlatform (35)
[2017.05.21-23.44.02:004][896]LogModuleManager: Shutting down and abandoning module Android_PVRTCTargetPlatform (34)
[2017.05.21-23.44.02:004][896]LogModuleManager: Shutting down and abandoning module Android_ETC2TargetPlatform (33)
[2017.05.21-23.44.02:004][896]LogModuleManager: Shutting down and abandoning module Android_ETC1TargetPlatform (32)
[2017.05.21-23.44.02:004][896]LogModuleManager: Shutting down and abandoning module Android_DXTTargetPlatform (31)
[2017.05.21-23.44.02:004][896]LogModuleManager: Shutting down and abandoning module Android_ATCTargetPlatform (30)
[2017.05.21-23.44.02:004][896]LogModuleManager: Shutting down and abandoning module Android_ASTCTargetPlatform (29)
[2017.05.21-23.44.02:004][896]LogModuleManager: Shutting down and abandoning module AndroidTargetPlatform (28)
[2017.05.21-23.44.02:004][896]LogModuleManager: Shutting down and abandoning module WindowsTargetPlatform (27)
[2017.05.21-23.44.02:004][896]LogModuleManager: Shutting down and abandoning module WindowsServerTargetPlatform (26)
[2017.05.21-23.44.02:005][896]LogModuleManager: Shutting down and abandoning module WindowsNoEditorTargetPlatform (25)
[2017.05.21-23.44.02:005][896]LogModuleManager: Shutting down and abandoning module WindowsClientTargetPlatform (24)
[2017.05.21-23.44.02:005][896]LogModuleManager: Shutting down and abandoning module AllDesktopTargetPlatform (23)
[2017.05.21-23.44.02:005][896]LogModuleManager: Shutting down and abandoning module TargetPlatform (22)
[2017.05.21-23.44.02:005][896]LogModuleManager: Shutting down and abandoning module InputCore (21)
[2017.05.21-23.44.02:005][896]LogModuleManager: Shutting down and abandoning module Settings (20)
[2017.05.21-23.44.02:005][896]LogModuleManager: Shutting down and abandoning module OnlineSubsystem (18)
[2017.05.21-23.44.02:005][896]LogModuleManager: Shutting down and abandoning module HTTP (17)
[2017.05.21-23.44.04:011][896]LogModuleManager: Shutting down and abandoning module XMPP (16)
[2017.05.21-23.44.04:011][896]LogModuleManager: Shutting down and abandoning module ExampleDeviceProfileSelector (15)
[2017.05.21-23.44.04:011][896]LogModuleManager: Shutting down and abandoning module TextureCompressor (14)
[2017.05.21-23.44.04:011][896]LogModuleManager: Shutting down and abandoning module ShaderCore (13)
[2017.05.21-23.44.04:011][896]LogModuleManager: Shutting down and abandoning module Landscape (12)
[2017.05.21-23.44.04:011][896]LogModuleManager: Shutting down and abandoning module SlateRHIRenderer (11)
[2017.05.21-23.44.04:012][896]LogModuleManager: Shutting down and abandoning module OpenGLDrv (10)
[2017.05.21-23.44.04:012][896]LogModuleManager: Shutting down and abandoning module D3D11RHI (9)
[2017.05.21-23.44.04:012][896]LogModuleManager: Shutting down and abandoning module AnimGraphRuntime (8)
[2017.05.21-23.44.04:012][896]LogModuleManager: Shutting down and abandoning module Renderer (7)
[2017.05.21-23.44.04:012][896]LogModuleManager: Shutting down and abandoning module Engine (6)
[2017.05.21-23.44.04:012][896]LogModuleManager: Shutting down and abandoning module CoreUObject (5)
[2017.05.21-23.44.04:012][896]LogModuleManager: Shutting down and abandoning module NetworkFile (4)
[2017.05.21-23.44.04:012][896]LogModuleManager: Shutting down and abandoning module StreamingFile (3)
[2017.05.21-23.44.04:012][896]LogModuleManager: Shutting down and abandoning module SandboxFile (2)
[2017.05.21-23.44.04:012][896]LogModuleManager: Shutting down and abandoning module PakFile (1)
[2017.05.21-23.44.04:013][896]LogExit: Exiting.
[2017.05.21-23.44.04:025][896]Log file closed, 05/21/17 17:44:04
